2 1
29264 1-7-11-19
27355.7 1-7-4-9-8
29218.1 1-7-4-9-6
33862.8 1-7-4-9-17
36987.1 1-7-4-9-20
29409 1-7-4-8-9
31974.4 1-7-4-6-9
37281.1 1-7-4-17-9
41650.2 1-7-4-20-9
32156.5 1-7-4-19-2
45739.7 1-7-4-19-12
47312.5 1-7-4-19-20
47467.9 1-7-4-19-17
48362.4 1-7-4-19-5
50978.5 1-7-4-19-16
54268.8 1-7-4-19-6
55506.6 1-7-4-19-8
58824.3 1-7-4-19-9
30807.5 1-7-4-2
9279.22 1-7-11
45948.9 1-7-17-6-8-19
58408.7 1-7-17-6-9-19
21171.9 1-7-17-6-8
35776.7 1-7-17-6-3
41133.2 1-7-17-6-20
67428.2 1-7-17-6-19-8
30314 1-7-17-6-9
44152.7 1-7-17-6-16
28679.1 1-7-17-14-19
70745.9 1-7-17-6-19-9
20455.8 1-7-17-14
58232.3 1-7-17-8-9-19
46397.1 1-7-17-8-6-19
30137.5 1-7-17-8-9
39027.8 1-7-17-8-3
42643.4 1-7-17-8-20
73669.7 1-7-17-8-19-9
22857.9 1-7-17-8-6
38118.4 1-7-17-3-6
39683.6 1-7-17-3-8
39872.2 1-7-17-3-20
45045.1 1-7-17-3-9
30882.8 1-7-17-4-9
45423.4 1-7-17-13-19
35549.2 1-7-17-9-4
61903.7 1-7-17-9-8-19
62528.3 1-7-17-9-6-19
37126.7 1-7-17-9-8
63341 1-7-17-9-20-19
38989.1 1-7-17-9-6
48129.6 1-7-17-9-16
51378.5 1-7-17-9-3
79421.1 1-7-17-9-19-6
80658.8 1-7-17-9-19-8
46758.1 1-7-17-9-20
26448 1-7-17-13
72464.8 1-7-17-9-19-20
30105.6 1-7-17-19-2
33564.8 1-7-17-19-15
36747.1 1-7-17-19-3
36902 1-7-17-19-14
43688.8 1-7-17-19-12
45261.6 1-7-17-19-20
46311.5 1-7-17-19-5
47654.1 1-7-17-19-13
48927.6 1-7-17-19-16
49154.2 1-7-17-19-4
54277.9 1-7-17-19-6-8
62795.2 1-7-17-19-8-9
63419.9 1-7-17-19-6-9
53455.7 1-7-17-19-8
66113 1-7-17-19-9-8
75744.4 1-7-17-19-9-20
