63427.5 36 1-20-19-18-9
86136.4 61 1-20-19-17-16-9
90410.6 18 1-20-19-17-16-8
90834.6 25 1-20-19-17-16-6
63971.5 103 1-20-19-17-15
51404 87 1-20-19-17-14
57396.3 104 1-20-19-17-13
47625.4 302 1-20-19-17-12
68074.9 121 1-20-19-17-9-8
70090.4 27 1-20-19-17-9-7
69937.3 128 1-20-19-17-9-6
76060.1 19 1-20-19-17-9-5
66497.4 36 1-20-19-17-9-4
82326.7 82 1-20-19-17-9-3
65793.9 368 1-20-19-17-16
76362.9 18 1-20-19-17-8-16
53806.1 85 1-20-19-17-8-6
69976 39 1-20-19-17-8-3
79077.8 61 1-20-19-17-9-16
107363 1433 1-20-19-17-12-26-25-24-1
106053 1140 1-20-19-17-12-26-25-23-1
109832 1131 1-20-19-17-12-26-25-22-1
112005 1132 1-20-19-17-12-26-25-21-1
92098.2 1045 1-20-19-17-12-26-24-1
85763 1301 1-20-19-17-12-26-23-22-1
91399.1 1302 1-20-19-17-12-26-23-21-1
37056.4 47 1-18-16-9
41330.6 4 1-18-16-8
41754.6 11 1-18-16-6
29578.7 89 1-18-15
27091.9 73 1-18-14
21854.4 90 1-18-13
42790.4 107 1-18-9-8
44805.9 13 1-18-9-7
44652.8 114 1-18-9-6
50775.6 5 1-18-9-5
41212.9 22 1-18-9-4
57042.1 68 1-18-9-3
16713.9 354 1-18-16
60237.3 4 1-18-8-16
37680.6 71 1-18-8-6
53850.4 25 1-18-8-3
53793.3 47 1-18-9-16
69703.7 1239 1-18-16-25-24-1
58858.6 1401 1-18-16-24-21-1
56454.5 1401 1-18-16-21-24-1
66707.5 1239 1-18-16-24-25-1
30413.7 184 1-15-14
41433.8 201 1-15-13
42579.5 65 1-15-10
60053.8 218 1-15-9-8
62069.3 124 1-15-9-7
61916.2 225 1-15-9-6
68039 116 1-15-9-5
58476.3 133 1-15-9-4
74305.6 179 1-15-9-3
78785.3 85 1-15-9-2
55938.9 81 1-15-8-7
49201.4 182 1-15-8-6
67782.1 73 1-15-8-5
56956.8 90 1-15-8-4
65371.3 136 1-15-8-3
71433 42 1-15-8-2
58393.8 388 1-15-14-25-1-1
23121.9 66 1-13-10
27899.3 219 1-13-9-8
29914.8 125 1-13-9-7
29761.7 226 1-13-9-6
35884.5 117 1-13-9-5
26321.8 134 1-13-9-4
42151.1 180 1-13-9-3
46630.8 86 1-13-9-2
30663.6 82 1-13-8-7
23926.1 183 1-13-8-6
42506.7 74 1-13-8-5
31681.4 91 1-13-8-4
40095.9 137 1-13-8-3
46157.6 43 1-13-8-2
15373.3 241 1-11-9
16326.2 198 1-11-8
11155.1 104 1-11-7
16893.7 205 1-11-6
18866.8 96 1-11-5
8313.85 113 1-11-4
23267.3 159 1-11-3
27253 65 1-11-2
41980.6 106 1-9-8-7-6
38366.9 14 1-9-8-7-4
45784.5 60 1-9-8-7-3
47699.6 98 1-9-8-6-5
37272.9 115 1-9-8-6-4
43419.2 161 1-9-8-6-3
49718.9 67 1-9-8-6-2
41980.6 106 1-9-8-7-6
45784.5 60 1-9-8-7-3
47699.6 98 1-9-8-6-5
43419.2 161 1-9-8-6-3
49718.9 67 1-9-8-6-2
36665.1 171 1-7-5-2
13020.9 1550 1-2
