27439.6 12 1-7-11-4-9-8
29302 19 1-7-11-4-9-6
33946.7 11 1-7-11-4-9-17
29492.9 12 1-7-11-4-8-9
32058.3 19 1-7-11-4-6-9
37365 11 1-7-11-4-17-9
32240.3 127 1-7-11-4-19-2
45823.6 134 1-7-11-4-19-12
47396.4 248 1-7-11-4-19-20
47551.8 259 1-7-11-4-19-17
48446.3 158 1-7-11-4-19-5
51062.3 200 1-7-11-4-19-16
54352.7 267 1-7-11-4-19-6
55590.5 260 1-7-11-4-19-8
58908.2 303 1-7-11-4-19-9
30891.4 186 1-7-11-4-2
39175.4 9 1-7-11-13-20-19
24842.4 20 1-7-11-13-16
22592.5 68 1-7-11-13-20
46374.4 20 1-7-11-13-17-19
54820.6 21 1-7-11-13-8-19
29636 79 1-7-11-13-17
54109.5 28 1-7-11-13-6-19
30043.6 80 1-7-11-13-8
32583.2 41 1-7-11-13-3
50686.7 9 1-7-11-13-19-20
50842.1 20 1-7-11-13-19-17
58880.8 21 1-7-11-13-19-8
62198.6 64 1-7-11-13-19-9
30570.3 87 1-7-11-13-6
38881.9 221 1-7-11-4-19-3
27162.6 280 1-7-11-4-3
57643 28 1-7-11-13-19-6
34974.8 12 1-7-11-9-4-8
35677.9 19 1-7-11-9-4-6
78079.8 2239 1-7-11-13-20-22-26-23-21-25-1
75269.2 2540 1-7-11-13-20-22-26-23-24-25-1
62642.2 2152 1-7-11-13-20-22-26-23-24-1
79984.4 2540 1-7-11-13-20-22-26-23-25-24-1
50714.2 14 1-4-9-8-6-17-14-19
42490.9 73 1-4-9-8-6-17-14
55599.9 30 1-4-9-8-6-17-19-15
58782.3 316 1-4-9-8-6-17-19-3
58937.2 14 1-4-9-8-6-17-19-14
65723.9 229 1-4-9-8-6-17-19-12
68346.7 253 1-4-9-8-6-17-19-5
70962.7 295 1-4-9-8-6-17-19-16
52627.9 312 1-4-9-8-6-17-5
55058.4 89 1-4-9-8-6-17-15
56880.8 354 1-4-9-8-6-17-16
61145.3 191 1-4-9-8-6-12-19-3
69815.2 229 1-4-9-8-6-12-19-17
70709.7 128 1-4-9-8-6-12-19-5
73325.7 170 1-4-9-8-6-12-19-16
59502.5 187 1-4-9-8-6-12-5
63660.6 229 1-4-9-8-6-12-16
52140.7 222 1-4-9-8-6-17-19-2
50005 281 1-4-9-8-6-17-2
54503.7 97 1-4-9-8-6-12-19-2
52050.5 156 1-4-9-8-6-12-2
44995.6 35 1-4-9-8-6-14-3
67155.1 14 1-4-9-8-6-14-19-17
50708.9 73 1-4-9-8-6-14-17
62047.8 14 1-4-9-8-6-14-16
46270.7 35 1-4-9-8-6-3-14
66547.1 191 1-4-9-8-6-3-19-12
68275.4 316 1-4-9-8-6-3-19-17
69169.9 215 1-4-9-8-6-3-19-5
71785.9 257 1-4-9-8-6-3-19-16
52963.9 184 1-4-9-8-6-3-19-2
