38775.5 21 1-38-13-56-83-75-35-61-78-79-94-87-48-81-49-17-26-18-19
27869.7 17 1-38-13-56-83-75-35-61-78-79-94-87-48-81-49-17-26-71
30667.8 109 1-38-13-56-83-75-35-61-78-79-94-87-48-81-49-17-26-100
32576.4 42 1-38-13-56-83-75-35-61-78-79-94-87-48-81-49-17-26-15
43520.7 66 1-38-13-56-83-75-35-61-78-79-94-87-48-81-49-17-26-8-19
83252.2 8455 1-38-13-56-83-75-35-61-78-79-94-87-48-81-49-17-26-71-150-148-137-121-101-151-114-104-105-108-149-144-134-140-129-118-132-143-103-120-1
105886 8396 1-38-13-56-83-75-35-61-78-79-94-87-48-81-49-17-26-71-150-148-137-121-101-151-114-104-105-108-149-144-134-140-129-118-132-143-103-146-1
82789.2 8475 1-38-13-56-83-75-35-61-78-79-94-87-48-81-49-17-26-71-150-148-137-121-101-151-114-104-105-108-149-144-134-140-129-118-132-143-107-120-1
105224 8416 1-38-13-56-83-75-35-61-78-79-94-87-48-81-49-17-26-71-150-148-137-121-101-151-114-104-105-108-149-144-134-140-129-118-132-143-107-146-1
82312.7 8249 1-38-13-56-83-75-35-61-78-79-94-87-48-81-49-17-26-71-150-148-137-121-101-151-114-104-105-108-149-144-134-140-129-118-132-143-103-1
93718.7 8455 1-38-13-56-83-75-35-61-78-79-94-87-48-81-49-17-26-71-150-148-137-121-101-151-114-104-105-108-149-144-134-140-129-118-132-143-120-103-1
90585.8 8471 1-38-13-56-83-75-35-61-78-79-94-87-48-81-49-17-26-71-150-148-137-121-101-151-114-104-105-108-149-144-134-140-129-118-132-143-120-113-1
93724 8432 1-38-13-56-83-75-35-61-78-79-94-87-48-81-49-17-26-71-150-148-137-121-101-151-114-104-105-108-149-144-134-140-129-118-132-143-120-125-1
96948 8498 1-38-13-56-83-75-35-61-78-79-94-87-48-81-49-17-26-71-150-148-137-121-101-151-114-104-105-108-149-144-134-140-129-118-132-143-120-147-1
102277 8498 1-38-13-56-83-75-35-61-78-79-94-87-48-81-49-17-26-71-150-148-137-121-101-151-114-104-105-108-149-144-134-140-129-118-132-143-120-131-1
105154 8428 1-38-13-56-83-75-35-61-78-79-94-87-48-81-49-17-26-71-150-148-137-121-101-151-114-104-105-108-149-144-134-140-129-118-132-143-120-130-1
87162.3 8475 1-38-13-56-83-75-35-61-78-79-94-87-48-81-49-17-26-71-150-148-137-121-101-151-114-104-105-108-149-144-134-140-129-118-132-143-120-107-1
103292 8499 1-38-13-56-83-75-35-61-78-79-94-87-48-81-49-17-26-71-150-148-137-121-101-151-114-104-105-108-149-144-134-140-129-118-132-143-120-115-1
107596 8454 1-38-13-56-83-75-35-61-78-79-94-87-48-81-49-17-26-71-150-148-137-121-101-151-114-104-105-108-149-144-134-140-129-118-132-143-120-141-1
107427 8432 1-38-13-56-83-75-35-61-78-79-94-87-48-81-49-17-26-71-150-148-137-121-101-151-114-104-105-108-149-144-134-140-129-118-132-143-120-136-1
35724.2 41 1-6-86-62-5-60-59-52-45-63-22-99-72-66-19
43407.7 18 1-6-86-62-5-60-59-52-45-63-22-99-72-66-84
41905.5 42 1-6-86-62-5-60-59-52-45-63-22-99-72-28-19
44375.2 19 1-6-86-62-5-60-59-52-45-63-22-99-72-28-84
26288.8 150 1-6-86-62-5-60-59-52-45-63-22-99-72-66
39795.3 34 1-6-86-62-5-60-59-52-45-63-22-99-72-69-8
43148.5 97 1-6-86-62-5-60-59-52-45-63-22-99-72-69-84
27176.9 151 1-6-86-62-5-60-59-52-45-63-22-99-72-28
102705 8428 1-6-86-62-5-60-59-52-45-63-22-99-72-66-138-119-127-147-117-130-146-141-122-110-102-115-131-124-142-145-113-125-133-136-1
98569 8471 1-6-86-62-5-60-59-52-45-63-22-99-72-66-138-119-127-147-117-130-146-141-122-110-102-115-131-124-142-145-113-125-133-107-1
97601.3 8366 1-6-86-62-5-60-59-52-45-63-22-99-72-66-138-119-127-147-117-130-146-141-122-110-102-115-131-124-142-145-113-125-133-120-1
90738.7 8397 1-6-86-62-5-60-59-52-45-63-22-99-72-66-138-119-127-147-117-130-146-141-122-110-102-115-131-124-142-145-113-125-135-1
90497.6 8402 1-6-86-62-5-60-59-52-45-63-22-99-72-66-138-119-127-147-117-130-146-141-122-110-102-115-131-124-142-145-113-125-111-1
97187 8414 1-6-86-62-5-60-59-52-45-63-22-99-72-66-138-119-127-147-117-130-146-141-122-110-102-115-131-124-142-145-113-125-123-1
112325 8387 1-6-86-62-5-60-59-52-45-63-22-99-72-66-138-119-127-147-117-130-146-141-122-110-102-115-131-124-142-145-113-125-136-107-1
101663 8428 1-6-86-62-5-60-59-52-45-63-22-99-72-66-138-119-127-147-117-130-146-141-122-110-102-115-131-124-142-145-113-125-136-133-1
116285 8472 1-6-86-62-5-60-59-52-45-63-22-99-72-66-138-119-127-147-117-130-146-141-122-110-102-115-131-124-142-145-113-125-136-126-1
125531 8470 1-6-86-62-5-60-59-52-45-63-22-99-72-66-138-119-127-147-117-130-146-141-122-110-102-115-131-124-142-145-113-125-136-116-1
87715.6 8160 1-6-86-62-5-60-59-52-45-63-22-99-72-66-138-119-127-147-117-130-146-141-122-110-102-115-131-124-142-145-113-125-133-1
100132 8325 1-6-86-62-5-60-59-52-45-63-22-99-72-66-138-119-127-147-117-130-146-141-122-110-102-115-131-124-142-145-113-125-107-120-1
106380 8471 1-6-86-62-5-60-59-52-45-63-22-99-72-66-138-119-127-147-117-130-146-141-122-110-102-115-131-124-142-145-113-125-107-133-1
102084 8410 1-6-86-62-5-60-59-52-45-63-22-99-72-66-138-119-127-147-117-130-146-141-122-110-102-115-131-124-142-145-113-125-120-126-1
112284 8408 1-6-86-62-5-60-59-52-45-63-22-99-72-66-138-119-127-147-117-130-146-141-122-110-102-115-131-124-142-145-113-125-120-116-1
107270 8366 1-6-86-62-5-60-59-52-45-63-22-99-72-66-138-119-127-147-117-130-146-141-122-110-102-115-131-124-142-145-113-125-120-133-1
122253 8282 1-6-86-62-5-60-59-52-45-63-22-99-72-66-138-119-127-147-117-130-146-141-122-110-102-115-131-124-142-145-113-125-120-136-1
121178 8387 1-6-86-62-5-60-59-52-45-63-22-99-72-66-138-119-127-147-117-130-146-141-122-110-102-115-131-124-142-145-113-125-107-136-1
55231.1 79 1-8-32-31-89-41-19-4-36-37-39-88-57-73-96-92-84
54874.7 108 1-8-32-31-89-41-19-4-36-37-39-88-57-73-96-76-84
37077 211 1-8-32-31-89-41-19-4-36-37-39-88-57-73-96-92
47757.5 2 1-8-32-31-89-41-19-4-36-37-39-88-57-73-96-18-44-100
53662 14 1-8-32-31-89-41-19-4-36-37-39-88-57-73-96-18-44-50
58685.5 13 1-8-32-31-89-41-19-4-36-37-39-88-57-73-96-18-44-11
65601.8 131 1-8-32-31-89-41-19-4-36-37-39-88-57-73-96-18-44-84
51500.4 108 1-8-32-31-89-41-19-4-36-37-39-88-57-73-96-18-91-50
53085.1 107 1-8-32-31-89-41-19-4-36-37-39-88-57-73-96-18-91-11
53614.4 17 1-8-32-31-89-41-19-4-36-37-39-88-57-73-96-18-91-14
