110398 106 1-20-19-18-17-16-12
105147 275 1-20-19-18-17-16-9
109421 232 1-20-19-18-17-16-8
101847 138 1-20-19-18-17-16-7
109845 239 1-20-19-18-17-16-6
89060.8 130 1-20-19-18-17-16-5
99664.3 147 1-20-19-18-17-16-4
107279 193 1-20-19-18-17-16-3
106068 99 1-20-19-18-17-16-2
115962 10 1-20-19-18-17-15-9
82982.1 317 1-20-19-18-17-15
70414.6 301 1-20-19-18-17-14
88015.7 11 1-20-19-18-17-13-9
76406.9 318 1-20-19-18-17-13
87219.6 209 1-20-19-18-17-12-9
79803.9 166 1-20-19-18-17-12-8
77351.8 72 1-20-19-18-17-12-7
77898.9 173 1-20-19-18-17-12-6
88071.8 64 1-20-19-18-17-12-5
82185.8 81 1-20-19-18-17-12-4
73608.5 127 1-20-19-18-17-12-3
80619.8 33 1-20-19-18-17-12-2
139031 2540 1-20-19-18-17-14-26-25-24-23-22-1
144667 2541 1-20-19-18-17-14-26-25-24-23-21-1
164702 2532 1-20-19-18-17-14-26-25-24-22-21-1
99824.7 8 1-16-15-13-12-9
82010.6 134 1-16-15-13-9-8
84026.1 40 1-16-15-13-9-7
83873 141 1-16-15-13-9-6
89995.8 32 1-16-15-13-9-5
80433.1 49 1-16-15-13-9-4
96262.4 95 1-16-15-13-9-3
100742 1 1-16-15-13-9-2
79241.2 315 1-16-15-13-12
78037.3 98 1-16-15-13-8-6
85792.7 6 1-16-15-13-8-4
94207.2 52 1-16-15-13-8-3
93254.5 8 1-16-15-13-9-12
98951.7 550 1-16-15-13-8-6-21-1
98951.7 550 1-16-15-13-8-6-21-1
37615.8 262 1-12-11-10
46214.3 321 1-12-11-9-7
52184 313 1-12-11-9-5
42621.3 330 1-12-11-9-4
58450.6 376 1-12-11-9-3
62930.3 282 1-12-11-9-2
43463.4 176 1-12-11-7-5
35515.8 193 1-12-11-7-4
42933.4 239 1-12-11-7-3
47537.9 145 1-12-11-7-2
70347.3 109 1-10-9-5-3-2
10512.9 2550 1-3
