41213.5 139 1-7-11-4-13-5-20-19-2
47855.1 233 1-7-11-4-13-5-20-19-3
54796.7 146 1-7-11-4-13-5-20-19-12
56524.9 271 1-7-11-4-13-5-20-19-17
63325.9 279 1-7-11-4-13-5-20-19-6
64563.6 272 1-7-11-4-13-5-20-19-8
60035.5 212 1-7-11-4-13-5-20-19-16
40710.2 198 1-7-11-4-13-5-20-2
41622.1 292 1-7-11-4-13-5-20-3
51514.3 24 1-7-11-4-13-5-20-9-8
53376.7 31 1-7-11-4-13-5-20-9-6
58021.4 23 1-7-11-4-13-5-20-9-17
103049 3090 1-7-11-4-13-5-20-2-22-26-23-21-24-25-1
85059.6 274 1-14-3-12-17-10-6-8-19-9
77213.7 171 1-14-3-12-17-10-6-8-19-16
56804.6 230 1-14-3-12-17-10-6-8-16
89673.6 214 1-14-3-12-17-10-6-9-19-16
74309.7 8 1-14-3-12-17-10-6-9-15
58553.3 256 1-14-3-12-17-10-6-19-15
68631.5 145 1-14-3-12-17-10-6-19-18
98532.7 171 1-14-3-12-17-10-6-19-16-8
87783.7 274 1-14-3-12-17-10-6-19-8-9
94258.5 214 1-14-3-12-17-10-6-19-16-9
