10671.7 66 1-3-8-6-5
24147.2 5 1-3-8-6-13-14
27102.4 131 1-3-8-6-13-20
28649.1 21 1-3-8-6-13-15
29428.3 53 1-3-8-6-13-7
30663.3 83 1-3-8-6-13-16
50135.2 64 1-3-8-6-13-11-12
33637.1 215 1-3-8-6-13-12
12584 109 1-3-8-6-10
18806.1 85 1-3-8-6-4
27983.8 30 1-3-8-6-19-12
39102.5 108 1-3-8-6-19-11
19118.5 259 1-3-8-6-19
30549.6 16 1-3-8-6-17-11
49948 65 1-3-8-6-15-12-11
37347.6 21 1-3-8-6-15-13
42503.5 54 1-3-8-6-15-7
44462 132 1-3-8-6-15-20
45340.3 84 1-3-8-6-15-16
33304.8 216 1-3-8-6-15-12
49169.4 6 1-3-8-6-15-14
20353.6 167 1-3-8-6-17
23902.3 21 1-3-8-6-18-20
38302.1 105 1-3-8-6-18-12
62342.8 65 1-3-8-6-15-11-12
44166.3 58 1-3-8-6-9-11
26585.5 21 1-3-8-6-20-18
31847.6 43 1-3-8-6-20-16-11
33133 13 1-3-8-6-20-7-11
27984.5 194 1-3-8-6-20-16
35632.5 43 1-3-8-6-20-11-16
48412.7 175 1-3-8-6-20-11-12
29046.6 164 1-3-8-6-20-7
38544.9 131 1-3-8-6-20-13
39480.8 116 1-3-8-6-20-14
35855.8 13 1-3-8-6-20-11-7
59983.6 1512 1-3-8-6-5-26-22-31-24-1
37815.7 1483 1-3-8-6-5-26-22-24-1
62229.1 1348 1-3-8-6-5-26-24-31-25-1
66968.4 1594 1-3-8-6-5-26-24-31-27-1
70792.6 1561 1-3-8-6-5-26-24-31-30-1
54579.4 1565 1-3-8-6-5-26-24-27-1
58604.2 1532 1-3-8-6-5-26-24-30-1
61478.3 1448 1-3-8-6-5-26-22-31-25-1
45745.7 1419 1-3-8-6-5-26-22-25-1
63567.4 1591 1-3-8-6-5-26-28-25-1
68798.7 1530 1-3-8-6-5-26-25-31-27-1
62564.7 1348 1-3-8-6-5-26-25-31-24-1
72622.9 1497 1-3-8-6-5-26-25-31-30-1
60818.5 1501 1-3-8-6-5-26-25-27-1
65022.2 1468 1-3-8-6-5-26-25-30-1
72008.5 1591 1-3-8-6-5-26-25-28-1
66237.6 1594 1-3-8-6-5-26-27-31-24-1
53848.6 1565 1-3-8-6-5-26-27-24-1
59752.1 1501 1-3-8-6-5-26-27-25-1
60132.9 1448 1-3-8-6-5-26-25-31-22-1
44400.2 1419 1-3-8-6-5-26-25-22-1
69135.2 1561 1-3-8-6-5-26-30-31-24-1
56946.8 1532 1-3-8-6-5-26-30-24-1
63029.2 1468 1-3-8-6-5-26-30-25-1
70630 1497 1-3-8-6-5-26-30-31-25-1
67707.8 1483 1-3-8-6-5-26-31-21-1
61880.1 1348 1-3-8-6-5-26-31-25-24-1
63019 1448 1-3-8-6-5-26-31-25-22-1
79437.3 1530 1-3-8-6-5-26-31-25-27-1
57446.2 1288 1-3-8-6-5-26-31-29-1
72298.5 1594 1-3-8-6-5-26-31-27-24-1
83640.9 1497 1-3-8-6-5-26-31-25-30-1
66130.1 1181 1-3-8-6-5-26-31-27-1
64031.7 1512 1-3-8-6-5-26-31-22-24-1
62184.7 1512 1-3-8-6-5-26-31-24-22-1
80629.4 1594 1-3-8-6-5-26-31-24-27-1
84654.2 1561 1-3-8-6-5-26-31-24-30-1
28037.6 57 1-4-19-11
41938.2 14 1-4-15-12-11
34493.7 3 1-4-15-7
36452.2 81 1-4-15-20
37330.5 33 1-4-15-16
25295 165 1-4-15-12
8053.65 208 1-4-19
34381.7 46 1-4-12-7-11
52356.4 14 1-4-12-15-11
30295.3 197 1-4-12-7
35633.6 76 1-4-12-11-16
35857 46 1-4-12-11-7
39908.4 124 1-4-12-11-20
53073.4 13 1-4-12-11-13
27544.5 165 1-4-12-15
32481.1 54 1-4-12-18
33268.6 227 1-4-12-16
34693.7 275 1-4-12-20
36575.3 164 1-4-12-13
46037.9 149 1-4-12-14
18747.6 58 1-4-10
36018.1 80 1-4-13-20
38344 2 1-4-13-7
39579 32 1-4-13-16
42552.8 164 1-4-13-12
30876.9 132 1-4-18-11
39295.4 54 1-4-18-12
59050.9 13 1-4-13-11-12
21941.6 283 1-4-18
22341.8 116 1-4-17
25451.6 65 1-4-7-16
43151.3 46 1-4-7-11-12
27836.7 113 1-4-7-20
37589.6 197 1-4-7-12
39660.9 2 1-4-7-13
44037.6 3 1-4-7-15
25742.9 33 1-4-2-11
29152.7 143 1-4-20-16
30214.8 113 1-4-20-7
49580.8 124 1-4-20-11-12
39713 80 1-4-20-13
40648.9 65 1-4-20-14
52173.7 1326 1-4-19-29-31-27-1
55998 1293 1-4-19-29-31-30-1
64656.5 1554 1-4-19-29-31-23-1
66760 1416 1-4-19-29-31-28-1
43603.2 1264 1-4-19-29-30-1
52498.8 1599 1-4-19-29-21-1
49786.9 1387 1-4-19-29-28-1
52316.8 1525 1-4-19-29-23-1
54401.7 1275 1-4-19-25-31-21-1
57044.5 1535 1-4-19-25-31-27-30-1
13072.6 52 1-18-17-20
16662.7 4 1-18-17-16
28105.3 136 1-18-17-12
18767.7 1 1-18-20-16-7
36244.1 12 1-18-20-16-11-12
33879.1 163 1-18-20-16-12
14665.8 52 1-18-20-17
19829.8 1 1-18-20-7-16
31967.8 133 1-18-20-7-12
18708.4 120 1-18-20-2
41527 12 1-18-20-11-16-12
23609 211 1-18-20-11-7
23385.7 241 1-18-20-11-16
40825.4 178 1-18-20-11-13
43507.9 163 1-18-20-11-14
44334.5 179 1-18-20-11-15
24309.1 94 1-18-20-9
47746.1 100 1-18-20-13-12
54307.2 12 1-18-20-11-12-16
26298.1 329 1-18-20-13
58144.6 85 1-18-20-14-12
27234 314 1-18-20-14
43368.3 101 1-18-20-12-15
46119.1 133 1-18-20-12-7
49092.5 163 1-18-20-12-16
52399.1 100 1-18-20-12-13
61861.8 85 1-18-20-12-14
47376.3 101 1-18-20-15-12
51457.5 12 1-18-20-12-11-16
16608 42 1-18-7-2
20984.8 1 1-18-7-16-20
34773.2 85 1-18-7-16-12
25826.1 211 1-18-7-11-20
21551.3 163 1-18-7-11-16
38991.1 100 1-18-7-11-13
41673.6 85 1-18-7-11-14
42500.2 101 1-18-7-11-15
16631.8 314 1-18-7-16
23369.9 1 1-18-7-20-16
38583.3 133 1-18-7-20-12
41187 23 1-18-7-12-15
46911.2 85 1-18-7-12-16
48336.2 133 1-18-7-12-20
50217.8 22 1-18-7-12-13
59680.5 7 1-18-7-12-14
52143.9 100 1-18-7-13-11
31555.3 16 1-18-7-9
58372.7 85 1-18-7-14-11
65298 7 1-18-7-14-12
52289.1 22 1-18-7-13-12
34387.4 236 1-18-7-14
47635 23 1-18-7-15-12
60029.7 101 1-18-7-15-11
30841.1 251 1-18-7-13
17449.6 72 1-18-16-2
45793.2 12 1-18-16-11-20-12
22175.3 163 1-18-16-11-7
26226.8 241 1-18-16-11-20
39391.8 130 1-18-16-11-13
42074.2 115 1-18-16-11-14
42900.9 131 1-18-16-11-15
22670.9 1 1-18-16-7-20
32423.8 85 1-18-16-7-12
54298.6 12 1-18-16-11-12-20
17255.9 314 1-18-16-7
23994 1 1-18-16-20-7
38145.3 163 1-18-16-20-12
21097 4 1-18-16-17
31470.5 46 1-18-16-9
44784.4 53 1-18-16-12-15
47535.2 85 1-18-16-12-7
51933.6 163 1-18-16-12-20
53815.2 52 1-18-16-12-13
63277.8 37 1-18-16-12-14
54002.9 130 1-18-16-13-11
58395 115 1-18-16-14-11
65320.3 37 1-18-16-14-12
54148.1 52 1-18-16-13-12
34409.7 266 1-18-16-14
51095.8 53 1-18-16-15-12
63490.6 131 1-18-16-15-11
32700.1 281 1-18-16-13
35217.8 252 1-18-7-15
38678.6 282 1-18-16-15
54754.9 1521 1-18-17-20-27-31-21-1
65660 1447 1-18-17-20-27-31-23-1
67763.5 1309 1-18-17-20-27-31-28-1
48922.5 1492 1-18-17-20-27-21-1
17973.2 64 1-7-2-11-16
30753.4 196 1-7-2-11-12
35413 1 1-7-2-11-13
38922.1 2 1-7-2-11-15
16252.4 215 1-7-2-16
69744.5 1201 1-7-2-16-31-25-23-1
62279.7 1537 1-7-2-16-31-23-28-1
68399 1537 1-7-2-16-31-28-23-1
73998.5 1201 1-7-2-16-25-31-23-1
88116.6 1537 1-7-2-16-23-31-28-1
53494.4 37 1-13-10-12-11
36851.1 188 1-13-10-12
24848.2 78 1-13-9-14
59578.5 137 1-13-9-11-12
49078.6 94 1-13-9-15
58625.8 349 1-13-9-14-25-1
58625.8 349 1-13-9-14-25-1
52321.9 38 1-10-15-12-11
35678.7 189 1-10-15-12
43987.2 189 1-10-12-15
60893.8 267 1-10-11-15
23261.5 418 1-10-15
35727 189 1-12-15-10
43446.1 189 1-12-10-15
44776.4 189 1-15-12-10
44186.9 189 1-15-10-12
61683 267 1-15-11-10
24050.7 418 1-15-10
50272.1 267 1-11-10-15
50435.9 267 1-11-15-10
