33771.4 78 1-3-8-6-5-10-12
52568 52 1-3-8-6-5-13-14-11
29305.8 108 1-3-8-6-5-13-18
31313.4 33 1-3-8-6-5-13-19
51104.3 100 1-3-8-6-5-13-20-12
28582.7 203 1-3-8-6-5-13-14
57896.5 68 1-3-8-6-5-13-15-11
33084.6 219 1-3-8-6-5-13-15
37950.2 100 1-3-8-6-5-13-7-11
49031.8 22 1-3-8-6-5-13-7-12
38961.9 130 1-3-8-6-5-13-16-11
53240.2 52 1-3-8-6-5-13-16-12
33863.9 251 1-3-8-6-5-13-7
36856.3 9 1-3-8-6-5-13-2
42013.9 100 1-3-8-6-5-13-11-7
46065.3 178 1-3-8-6-5-13-11-20
41790.5 130 1-3-8-6-5-13-11-16
61912.8 52 1-3-8-6-5-13-11-14
62739.4 68 1-3-8-6-5-13-11-15
35098.9 281 1-3-8-6-5-13-16
53240.6 22 1-3-8-6-5-13-12-7
56214 52 1-3-8-6-5-13-12-16
57639 100 1-3-8-6-5-13-12-20
72185.6 2358 1-3-8-6-5-13-14-23-30-27-31-25-1
70690.9 2422 1-3-8-6-5-13-14-23-30-27-31-24-1
92160.8 2566 1-3-8-6-5-13-14-23-30-27-31-26-1
58302 2393 1-3-8-6-5-13-14-23-30-27-24-1
64205.5 2329 1-3-8-6-5-13-14-23-30-27-25-1
73710.9 2537 1-3-8-6-5-13-14-23-30-27-26-1
64438.8 2583 1-3-8-6-5-13-14-23-30-28-22-1
88696.3 2512 1-3-8-6-5-13-14-23-30-28-31-24-1
70845.1 2483 1-3-8-6-5-13-14-23-30-28-24-1
68259.1 2522 1-3-8-6-5-13-14-23-30-27-31-22-1
52195.4 2493 1-3-8-6-5-13-14-23-30-27-22-1
90191 2448 1-3-8-6-5-13-14-23-30-28-31-25-1
78814.5 2419 1-3-8-6-5-13-14-23-30-28-25-1
82071.8 2276 1-3-8-6-5-13-14-23-30-22-31-25-1
80577.1 2340 1-3-8-6-5-13-14-23-30-22-31-24-1
102047 2484 1-3-8-6-5-13-14-23-30-22-31-26-1
75831 2455 1-3-8-6-5-13-14-23-30-22-26-1
79571.7 2583 1-3-8-6-5-13-14-23-30-22-28-1
80415.4 2529 1-3-8-6-5-13-14-23-30-29-31-24-1
58429.6 2500 1-3-8-6-5-13-14-23-30-29-24-1
86811.1 2522 1-3-8-6-5-13-14-23-30-22-31-27-1
70747.4 2493 1-3-8-6-5-13-14-23-30-22-27-1
81910.1 2465 1-3-8-6-5-13-14-23-30-29-31-25-1
65003.6 2436 1-3-8-6-5-13-14-23-30-29-25-1
72225.6 2465 1-3-8-6-5-13-14-23-30-31-25-29-1
73417.5 2276 1-3-8-6-5-13-14-23-30-31-25-22-1
89835.8 2358 1-3-8-6-5-13-14-23-30-31-25-27-1
94433.2 2320 1-3-8-6-5-13-14-23-30-31-25-26-1
101026 2448 1-3-8-6-5-13-14-23-30-31-25-28-1
78106.4 2311 1-3-8-6-5-13-14-23-30-31-21-1
70824.4 2529 1-3-8-6-5-13-14-23-30-31-29-24-1
76590.5 2522 1-3-8-6-5-13-14-23-30-31-27-22-1
82697.1 2422 1-3-8-6-5-13-14-23-30-31-27-24-1
88600.6 2358 1-3-8-6-5-13-14-23-30-31-27-25-1
98106 2566 1-3-8-6-5-13-14-23-30-31-27-26-1
74430.3 2340 1-3-8-6-5-13-14-23-30-31-22-24-1
82360.3 2276 1-3-8-6-5-13-14-23-30-31-22-25-1
91852.1 2484 1-3-8-6-5-13-14-23-30-31-22-26-1
72747.2 2529 1-3-8-6-5-13-14-23-30-31-24-29-1
72583.2 2340 1-3-8-6-5-13-14-23-30-31-24-22-1
91028 2422 1-3-8-6-5-13-14-23-30-31-24-27-1
92602.8 2384 1-3-8-6-5-13-14-23-30-31-24-26-1
100152 2512 1-3-8-6-5-13-14-23-30-31-24-28-1
86768.5 2522 1-3-8-6-5-13-14-23-30-31-22-27-1
98377.5 2512 1-3-8-6-5-13-14-23-30-31-28-24-1
106347 2448 1-3-8-6-5-13-14-23-30-31-28-25-1
97026.8 2384 1-3-8-6-5-13-14-23-30-31-26-24-1
105953 2320 1-3-8-6-5-13-14-23-30-31-26-25-1
110861 2566 1-3-8-6-5-13-14-23-30-31-26-27-1
24714.6 26 1-4-19-15-10
44558.5 14 1-4-19-15-12-7-11
45810.4 44 1-4-19-15-12-11-16
50085.2 92 1-4-19-15-12-11-20
40472.1 165 1-4-19-15-12-7
42657.9 22 1-4-19-15-12-18
43445.4 195 1-4-19-15-12-16
44870.5 243 1-4-19-15-12-20
42466.3 100 1-4-19-15-18-11
46033.8 14 1-4-19-15-12-11-7
33531 251 1-4-19-15-18
33727 84 1-4-19-15-17
37532.8 33 1-4-19-15-7-16
39917.9 81 1-4-19-15-7-20
49670.8 165 1-4-19-15-7-12
40814.3 111 1-4-19-15-20-16
61242.5 92 1-4-19-15-20-11-12
41876.4 81 1-4-19-15-20-7
82919 2598 1-4-19-15-10-26-24-29-31-21-1
95927.6 2386 1-4-19-15-10-26-24-29-31-28-1
81666.4 2569 1-4-19-15-10-26-24-29-21-1
78954.5 2357 1-4-19-15-10-26-24-29-28-1
84373.3 2245 1-4-19-15-10-26-24-25-31-21-1
83339.6 2598 1-4-19-15-10-26-24-31-21-29-1
102244 2581 1-4-19-15-10-26-24-31-21-28-1
103450 2245 1-4-19-15-10-26-24-31-25-21-1
103652 2598 1-4-19-15-10-26-24-31-29-21-1
100940 2386 1-4-19-15-10-26-24-31-29-28-1
101089 2386 1-4-19-15-10-26-24-31-28-29-1
122704 2581 1-4-19-15-10-26-24-31-28-21-1
83237.4 2357 1-4-19-15-10-26-24-28-29-1
110472 2581 1-4-19-15-10-26-24-28-31-21-1
100211 2386 1-4-19-15-10-26-24-28-31-29-1
24541.9 149 1-18-17-20-16-7-11
35623.5 71 1-18-17-20-16-7-12
20649.3 58 1-18-17-20-16-2
25375 149 1-18-17-20-16-11-7
20455.5 300 1-18-17-20-16-7
34670.1 32 1-18-17-20-16-9
50734.8 71 1-18-17-20-16-12-7
55667.7 1275 1-18-17-20-16-7-31-21-25-1
17520.6 2600 1-9
