58283.7 34 1-3-8-6-5-10-13-9-14-11
63814.3 82 1-3-8-6-5-10-13-9-20-12
34298.4 185 1-3-8-6-5-10-13-9-14
44320 90 1-3-8-6-5-10-13-9-18
52431.2 112 1-3-8-6-5-10-13-9-16-11
66709.5 34 1-3-8-6-5-10-13-9-16-12
48568.1 263 1-3-8-6-5-10-13-9-16
53363.3 82 1-3-8-6-5-10-13-9-7-11
64444.9 4 1-3-8-6-5-10-13-9-7-12
56248.5 112 1-3-8-6-5-10-13-9-11-16
60523.3 160 1-3-8-6-5-10-13-9-11-20
56471.8 82 1-3-8-6-5-10-13-9-11-7
76370.7 34 1-3-8-6-5-10-13-9-11-14
77197.3 50 1-3-8-6-5-10-13-9-11-15
49277 233 1-3-8-6-5-10-13-9-7
55698.5 15 1-3-8-6-5-10-13-9-19
58528.8 201 1-3-8-6-5-10-13-9-15
75270.2 4 1-3-8-6-5-10-13-9-12-7
78243.5 34 1-3-8-6-5-10-13-9-12-16
79668.6 82 1-3-8-6-5-10-13-9-12-20
91892.3 3986 1-3-8-6-5-10-13-9-14-23-30-27-22-29-24-25-31-1
74953.1 3957 1-3-8-6-5-10-13-9-14-23-30-27-22-29-24-25-1
72936.7 3957 1-3-8-6-5-10-13-9-14-23-30-27-22-29-25-24-1
87859.3 3637 1-3-8-6-5-10-13-9-14-23-30-27-22-29-31-24-1
108680 3909 1-3-8-6-5-10-13-9-14-23-30-27-22-29-31-28-1
109329 3781 1-3-8-6-5-10-13-9-14-23-30-27-22-29-31-26-1
86956.4 3752 1-3-8-6-5-10-13-9-14-23-30-27-22-29-26-1
91706.4 3880 1-3-8-6-5-10-13-9-14-23-30-27-22-29-28-1
114171 3969 1-3-8-6-5-10-13-9-14-23-30-27-22-24-25-31-28-1
114821 3841 1-3-8-6-5-10-13-9-14-23-30-27-22-24-25-31-26-1
73994.3 3957 1-3-8-6-5-10-13-9-14-23-30-27-22-24-25-29-1
96201.9 3812 1-3-8-6-5-10-13-9-14-23-30-27-22-24-25-26-1
102794 3940 1-3-8-6-5-10-13-9-14-23-30-27-22-24-25-28-1
76484.6 3957 1-3-8-6-5-10-13-9-14-23-30-27-22-24-29-25-1
99178.4 3832 1-3-8-6-5-10-13-9-14-23-30-27-22-24-31-21-1
115505 3841 1-3-8-6-5-10-13-9-14-23-30-27-22-24-31-25-26-1
122098 3969 1-3-8-6-5-10-13-9-14-23-30-27-22-24-31-25-28-1
88916.9 3637 1-3-8-6-5-10-13-9-14-23-30-27-22-24-31-29-1
112187 3620 1-3-8-6-5-10-13-9-14-23-30-27-22-24-31-28-1
93297.6 3986 1-3-8-6-5-10-13-9-14-23-30-27-22-24-31-25-29-1
100975 3812 1-3-8-6-5-10-13-9-14-23-30-27-22-24-26-25-1
120606 3969 1-3-8-6-5-10-13-9-14-23-30-27-22-25-24-31-28-1
121256 3841 1-3-8-6-5-10-13-9-14-23-30-27-22-25-24-31-26-1
75350.3 3957 1-3-8-6-5-10-13-9-14-23-30-27-22-25-24-29-1
95205.9 3812 1-3-8-6-5-10-13-9-14-23-30-27-22-25-24-26-1
102755 3940 1-3-8-6-5-10-13-9-14-23-30-27-22-25-24-28-1
75824.2 3957 1-3-8-6-5-10-13-9-14-23-30-27-22-25-29-24-1
100013 3768 1-3-8-6-5-10-13-9-14-23-30-27-22-25-31-21-1
114509 3841 1-3-8-6-5-10-13-9-14-23-30-27-22-25-31-24-26-1
122058 3969 1-3-8-6-5-10-13-9-14-23-30-27-22-25-31-24-28-1
89751.2 3573 1-3-8-6-5-10-13-9-14-23-30-27-22-25-31-29-1
113021 3556 1-3-8-6-5-10-13-9-14-23-30-27-22-25-31-28-1
94653.6 3986 1-3-8-6-5-10-13-9-14-23-30-27-22-25-31-24-29-1
52775.6 107 1-4-19-15-12-7-2-11-16-20
119819 2168 1-4-19-15-12-7-2-11-16-20-31-21-28-26-1
