13585.4 163 1-7-9-19-18
14110.7 54 1-7-9-19-3
22677.6 51 1-7-9-19-10-5
34171.4 26 1-7-9-19-10-15
35275.6 60 1-7-9-19-10-6
17248.9 64 1-7-9-19-2
18601 273 1-7-9-19-12
33080 86 1-7-9-19-5-15
33939.3 120 1-7-9-19-5-6
37067.6 46 1-7-9-19-5-16
15632.4 338 1-7-9-19-10
30262.6 21 1-7-9-19-16-15
31150.3 55 1-7-9-19-16-6
26817.1 51 1-7-9-19-5-10
21665.9 333 1-7-9-19-16
21671 176 1-7-9-19-13
23714.1 91 1-7-9-19-17
26150.7 95 1-7-9-19-15-6
33430.7 21 1-7-9-19-15-16
43372.9 26 1-7-9-19-15-10
32377 1771 1-7-9-19-18-27-30-41-1
41243.7 1762 1-7-9-19-18-27-30-33-1
37164.8 1737 1-7-9-19-18-27-30-28-1
42277.7 1762 1-7-9-19-18-27-30-22-1
45955.7 1720 1-7-9-19-18-27-30-39-1
51302.9 1770 1-7-9-19-18-27-30-34-1
44560.9 1769 1-7-9-19-18-27-30-32-1
54871.6 1749 1-7-9-19-18-27-30-29-1
59826.6 1725 1-7-9-19-18-27-30-40-1
33622.1 1771 1-7-9-19-18-27-41-30-1
40921.2 1728 1-7-9-19-18-27-41-33-1
36751.8 1703 1-7-9-19-18-27-41-28-1
45669.9 1686 1-7-9-19-18-27-41-39-1
42822.7 1728 1-7-9-19-18-27-41-22-1
51093.9 1736 1-7-9-19-18-27-41-34-1
44739.4 1735 1-7-9-19-18-27-41-32-1
48951.9 1769 1-7-9-19-18-27-41-25-1
54498.1 1715 1-7-9-19-18-27-41-29-1
54097.6 1771 1-7-9-19-18-27-41-26-1
59535.7 1691 1-7-9-19-18-27-41-40-1
46959.1 1783 1-7-9-19-18-27-23-39-1
65188.7 1788 1-7-9-19-18-27-23-40-1
44995.8 1529 1-7-9-19-18-27-21-30-1
45114.3 1495 1-7-9-19-18-27-21-41-1
52348.1 1486 1-7-9-19-18-27-21-33-1
52746.2 1486 1-7-9-19-18-27-21-22-1
49606.1 1461 1-7-9-19-18-27-21-28-1
48471.2 1687 1-7-9-19-18-27-21-36-1
56523.3 1444 1-7-9-19-18-27-21-39-1
50781.6 1596 1-7-9-19-18-27-21-31-1
61019.8 1494 1-7-9-19-18-27-21-34-1
56338.8 1493 1-7-9-19-18-27-21-32-1
59558.9 1688 1-7-9-19-18-27-21-35-1
62081.8 1527 1-7-9-19-18-27-21-25-1
66311.8 1529 1-7-9-19-18-27-21-26-1
67590.2 1473 1-7-9-19-18-27-21-29-1
70643.7 1587 1-7-9-19-18-27-21-24-1
72668.6 1449 1-7-9-19-18-27-21-40-1
38907.9 1412 1-7-9-19-18-27-23-1
42681.8 1726 1-7-9-19-18-27-22-32-1
50674.2 1762 1-7-9-19-18-27-22-30-1
49974.1 1728 1-7-9-19-18-27-22-41-1
53051.4 1762 1-7-9-19-18-27-22-26-1
48950.4 1694 1-7-9-19-18-27-22-28-1
53731.6 1760 1-7-9-19-18-27-22-25-1
56369.6 1719 1-7-9-19-18-27-22-33-1
61142.4 1677 1-7-9-19-18-27-22-39-1
61475.7 1706 1-7-9-19-18-27-22-29-1
63549.5 1682 1-7-9-19-18-27-22-40-1
67078.3 1727 1-7-9-19-18-27-22-34-1
48495.5 1592 1-7-9-19-18-27-21-23-1
23677.1 36 1-2-13-5-10
29940 71 1-2-13-5-15
30799.3 105 1-2-13-5-6
33927.7 31 1-2-13-5-16
18625.9 80 1-2-13-15-6
25905.8 6 1-2-13-15-16
35848.1 11 1-2-13-15-10
68545.7 1773 1-2-13-15-6-34-39-33-28-21-1
40875.2 1728 1-2-13-15-6-34-39-33-31-1
47648.7 1724 1-2-13-15-6-34-39-33-23-1
70188 1798 1-2-13-15-6-34-39-33-21-22-1
85032 1785 1-2-13-15-6-34-39-33-21-29-1
90110.4 1761 1-2-13-15-6-34-39-33-21-40-1
40246.5 1593 1-2-13-15-6-34-39-33-28-1
53732.9 1659 1-2-13-15-6-34-39-33-25-1
57173.9 1605 1-2-13-15-6-34-39-33-29-1
56247.5 1618 1-2-13-15-6-34-39-33-22-1
55359.4 1625 1-2-13-15-6-34-39-33-32-1
60892 1719 1-2-13-15-6-34-39-33-24-1
63794.5 1581 1-2-13-15-6-34-39-33-40-1
62644.5 1661 1-2-13-15-6-34-39-33-26-1
40583.1 1703 1-2-13-15-6-34-39-28-31-1
39434.4 1794 1-2-13-15-6-34-39-28-36-1
54026.2 1699 1-2-13-15-6-34-39-28-23-1
53213.5 1634 1-2-13-15-6-34-39-28-25-1
92057.2 1760 1-2-13-15-6-34-39-28-29-21-1
70677.7 1773 1-2-13-15-6-34-39-28-33-21-1
57549 1580 1-2-13-15-6-34-39-28-29-1
86815.3 1780 1-2-13-15-6-34-39-28-32-21-1
48316.9 1593 1-2-13-15-6-34-39-28-33-1
81888.4 1773 1-2-13-15-6-34-39-28-22-21-1
54919.4 1600 1-2-13-15-6-34-39-28-32-1
60937 1694 1-2-13-15-6-34-39-28-24-1
57688.2 1795 1-2-13-15-6-34-39-28-35-1
99361.9 1736 1-2-13-15-6-34-39-28-40-21-1
56898.7 1593 1-2-13-15-6-34-39-28-22-1
75118.3 1773 1-2-13-15-6-34-39-28-21-33-1
75516.4 1773 1-2-13-15-6-34-39-28-21-22-1
79109 1780 1-2-13-15-6-34-39-28-21-32-1
90360.4 1760 1-2-13-15-6-34-39-28-21-29-1
63526.5 1556 1-2-13-15-6-34-39-28-40-1
61821.3 1636 1-2-13-15-6-34-39-28-26-1
95438.8 1736 1-2-13-15-6-34-39-28-21-40-1
48978.3 1728 1-2-13-15-6-34-39-31-33-1
52560.7 1769 1-2-13-15-6-34-39-31-25-1
56660.7 1715 1-2-13-15-6-34-39-31-29-1
55177.3 1735 1-2-13-15-6-34-39-31-32-1
57611.6 1728 1-2-13-15-6-34-39-31-22-1
62780.9 1691 1-2-13-15-6-34-39-31-40-1
61663 1771 1-2-13-15-6-34-39-31-26-1
40615.7 1703 1-2-13-15-6-34-39-31-28-1
50838.1 1724 1-2-13-15-6-34-39-23-33-1
49145.3 1699 1-2-13-15-6-34-39-23-28-1
59913.8 1724 1-2-13-15-6-34-39-23-22-1
61054.1 1731 1-2-13-15-6-34-39-23-32-1
62789.7 1765 1-2-13-15-6-34-39-23-25-1
67227.7 1711 1-2-13-15-6-34-39-23-29-1
69741.2 1767 1-2-13-15-6-34-39-23-26-1
73214.9 1687 1-2-13-15-6-34-39-23-40-1
42629.4 1794 1-2-13-15-6-34-39-36-28-1
64084.4 1782 1-2-13-15-6-34-39-36-40-1
58569.4 1706 1-2-13-15-6-34-39-29-24-1
56076.1 1646 1-2-13-15-6-34-39-29-25-1
98031.7 1748 1-2-13-15-6-34-39-29-40-21-1
59919.7 1715 1-2-13-15-6-34-39-29-31-1
89139.8 1760 1-2-13-15-6-34-39-29-28-21-1
62196.3 1568 1-2-13-15-6-34-39-29-40-1
68205.8 1648 1-2-13-15-6-34-39-29-26-1
90896.8 1785 1-2-13-15-6-34-39-29-33-21-1
60840.6 1580 1-2-13-15-6-34-39-29-28-1
98492.1 1792 1-2-13-15-6-34-39-29-32-21-1
68535.9 1605 1-2-13-15-6-34-39-29-33-1
75400.2 1711 1-2-13-15-6-34-39-29-23-1
97705.3 1785 1-2-13-15-6-34-39-29-22-21-1
66596.2 1612 1-2-13-15-6-34-39-29-32-1
96394 1785 1-2-13-15-6-34-39-29-21-33-1
93652 1760 1-2-13-15-6-34-39-29-21-28-1
100385 1792 1-2-13-15-6-34-39-29-21-32-1
116714 1748 1-2-13-15-6-34-39-29-21-40-1
72715.6 1605 1-2-13-15-6-34-39-29-22-1
61150.6 1760 1-2-13-15-6-34-39-25-24-1
62467 1622 1-2-13-15-6-34-39-25-40-1
64190.7 1702 1-2-13-15-6-34-39-25-26-1
60008.2 1769 1-2-13-15-6-34-39-25-31-1
60693.5 1634 1-2-13-15-6-34-39-25-28-1
62541.5 1666 1-2-13-15-6-34-39-25-32-1
69283.4 1659 1-2-13-15-6-34-39-25-33-1
69160 1659 1-2-13-15-6-34-39-25-22-1
75150.7 1765 1-2-13-15-6-34-39-25-23-1
60264.6 1646 1-2-13-15-6-34-39-25-29-1
96792.1 1785 1-2-13-15-6-34-39-29-21-22-1
65250.7 1491 1-2-13-15-6-34-39-21-23-1
69335.5 1773 1-2-13-15-6-34-39-21-33-28-1
85336.5 1798 1-2-13-15-6-34-39-21-33-22-1
92883.5 1761 1-2-13-15-6-34-39-21-33-40-1
80546.2 1773 1-2-13-15-6-34-39-21-22-28-1
93071.5 1785 1-2-13-15-6-34-39-21-22-29-1
95145.3 1761 1-2-13-15-6-34-39-21-22-40-1
86262.9 1785 1-2-13-15-6-34-39-21-33-29-1
11159.4 269 1-20-14
18543.6 3 1-20-8-12
26149.5 63 1-20-8-16
28328.3 68 1-20-8-10
31234.4 128 1-20-8-5
22770.8 119 1-20-3-16
23808.8 59 1-20-3-12
29417.5 124 1-20-3-10
29862.3 184 1-20-3-5
12556.7 415 1-20-8
41551.1 116 1-20-10-5-16
47710.2 56 1-20-10-5-12
26170.5 161 1-20-10-17
31688.8 124 1-20-10-3
32981.7 68 1-20-10-8
63615.7 1628 1-20-14-22-32-35-21-1
38072.6 1719 1-20-14-22-32-37-1
45224.9 1743 1-20-14-22-32-26-25-1
52027.2 1665 1-20-14-22-32-26-40-1
53428.4 1689 1-20-14-22-32-26-29-1
59229.1 1702 1-20-14-22-32-26-33-1
31247.2 1448 1-20-14-22-32-35-1
78492.3 1765 1-20-14-22-32-38-21-1
48923.8 1687 1-20-14-22-32-25-29-1
51126.2 1663 1-20-14-22-32-25-40-1
52849.9 1743 1-20-14-22-32-25-26-1
57942.6 1700 1-20-14-22-32-25-33-1
42912 1585 1-20-14-22-32-38-1
49956.3 1769 1-20-14-22-32-31-33-1
57638.8 1756 1-20-14-22-32-31-29-1
63759 1732 1-20-14-22-32-31-40-1
51831.4 1723 1-20-14-22-32-40-24-1
49680.2 1663 1-20-14-22-32-40-25-1
88106.1 1789 1-20-14-22-32-40-29-21-1
58206.2 1665 1-20-14-22-32-40-26-1
57441.5 1732 1-20-14-22-32-40-31-1
66558.2 1622 1-20-14-22-32-40-33-1
72789.1 1728 1-20-14-22-32-40-23-1
53597.9 1609 1-20-14-22-32-40-29-1
51476.8 1747 1-20-14-22-32-24-29-1
65161.4 1760 1-20-14-22-32-24-33-1
53337.2 1723 1-20-14-22-32-24-40-1
108116 1789 1-20-14-22-32-40-21-29-1
52880.7 1747 1-20-14-22-32-29-24-1
50387.4 1687 1-20-14-22-32-29-25-1
54230.9 1756 1-20-14-22-32-29-31-1
62517 1689 1-20-14-22-32-29-26-1
62847.2 1646 1-20-14-22-32-29-33-1
69711.5 1752 1-20-14-22-32-29-23-1
56507.5 1609 1-20-14-22-32-29-40-1
49768.4 1769 1-20-14-22-32-33-31-1
56541.9 1765 1-20-14-22-32-33-23-1
62626.1 1700 1-20-14-22-32-33-25-1
66067.1 1646 1-20-14-22-32-33-29-1
69785.2 1760 1-20-14-22-32-33-24-1
72687.7 1622 1-20-14-22-32-33-40-1
71537.7 1702 1-20-14-22-32-33-26-1
111026 1789 1-20-14-22-32-29-21-40-1
55316.7 1765 1-20-14-22-32-23-33-1
71706.2 1752 1-20-14-22-32-23-29-1
77693.5 1728 1-20-14-22-32-23-40-1
67328.7 1426 1-20-14-22-32-21-33-1
65762.2 1536 1-20-14-22-32-21-31-1
74539.5 1628 1-20-14-22-32-21-35-1
77062.4 1467 1-20-14-22-32-21-25-1
81292.4 1469 1-20-14-22-32-21-26-1
90296 1789 1-20-14-22-32-21-29-40-1
63476.1 1532 1-20-14-22-32-21-23-1
84721.6 1765 1-20-14-22-32-21-38-1
85624.2 1527 1-20-14-22-32-21-24-1
82570.8 1413 1-20-14-22-32-21-29-1
51412.7 1352 1-20-14-22-32-23-1
72959.2 1664 1-20-14-22-35-26-21-1
63345.9 1628 1-20-14-22-35-32-21-1
38446.4 1484 1-20-14-22-35-26-1
43247.3 1780 1-20-14-22-35-38-1
77873 1662 1-20-14-22-35-25-21-1
31450 1448 1-20-14-22-35-32-1
42093.6 1482 1-20-14-22-35-25-1
72768.3 1731 1-20-14-22-35-31-21-1
86273.6 1722 1-20-14-22-35-24-21-1
43500.9 1551 1-20-14-22-35-31-1
50956.5 1542 1-20-14-22-35-24-1
74359.7 1621 1-20-14-22-35-33-21-1
69529.9 1727 1-20-14-22-35-23-21-1
51998.8 1441 1-20-14-22-35-33-1
70751.7 1621 1-20-14-22-35-21-33-1
69185.2 1731 1-20-14-22-35-21-31-1
74742.3 1628 1-20-14-22-35-21-32-1
80485.4 1662 1-20-14-22-35-21-25-1
84715.4 1664 1-20-14-22-35-21-26-1
85993.8 1608 1-20-14-22-35-21-29-1
89047.2 1722 1-20-14-22-35-21-24-1
91072.1 1584 1-20-14-22-35-21-40-1
54752.1 1547 1-20-14-22-35-23-1
91623.2 1789 1-20-14-22-32-21-40-29-1
66899.1 1727 1-20-14-22-35-21-23-1
35628.1 1719 1-20-14-22-37-32-1
41177 1755 1-20-14-22-37-26-1
46628.4 1753 1-20-14-22-37-25-1
54560.7 1675 1-20-14-22-37-40-1
55012.8 1699 1-20-14-22-37-29-1
56506.8 1712 1-20-14-22-37-33-1
43504 1621 1-20-14-22-26-38-1
53945.2 1743 1-20-14-22-26-32-25-1
63029.9 1665 1-20-14-22-26-32-40-1
62188.4 1689 1-20-14-22-26-32-29-1
62313.6 1702 1-20-14-22-26-32-33-1
73625.5 1664 1-20-14-22-26-35-21-1
46635 1755 1-20-14-22-26-37-1
53586.5 1723 1-20-14-22-26-25-29-1
55788.9 1699 1-20-14-22-26-25-40-1
55863.4 1743 1-20-14-22-26-25-32-1
62605.3 1736 1-20-14-22-26-25-33-1
41257 1484 1-20-14-22-26-35-1
54211.7 1759 1-20-14-22-26-40-24-1
55978.2 1645 1-20-14-22-26-40-29-1
61219.7 1665 1-20-14-22-26-40-32-1
59821.8 1768 1-20-14-22-26-40-31-1
68938.5 1658 1-20-14-22-26-40-33-1
75169.4 1764 1-20-14-22-26-40-23-1
52060.5 1699 1-20-14-22-26-40-25-1
54925.9 1783 1-20-14-22-26-24-29-1
68610.5 1796 1-20-14-22-26-24-33-1
56786.3 1759 1-20-14-22-26-24-40-1
55010.4 1723 1-20-14-22-26-29-25-1
61130.6 1645 1-20-14-22-26-29-40-1
58854 1792 1-20-14-22-26-29-31-1
67470.2 1682 1-20-14-22-26-29-33-1
65530.5 1689 1-20-14-22-26-29-32-1
74334.5 1788 1-20-14-22-26-29-23-1
57503.7 1783 1-20-14-22-26-29-24-1
73258.1 1768 1-20-14-22-26-31-40-1
67137.9 1792 1-20-14-22-26-31-29-1
72924.7 1736 1-20-14-22-26-33-25-1
76365.7 1682 1-20-14-22-26-33-29-1
74551.1 1702 1-20-14-22-26-33-32-1
80083.7 1796 1-20-14-22-26-33-24-1
82986.3 1658 1-20-14-22-26-33-40-1
83406.8 1788 1-20-14-22-26-23-29-1
89394 1764 1-20-14-22-26-23-40-1
80315.2 1462 1-20-14-22-26-21-33-1
78748.7 1572 1-20-14-22-26-21-31-1
84305.9 1469 1-20-14-22-26-21-32-1
87526 1664 1-20-14-22-26-21-35-1
90048.9 1503 1-20-14-22-26-21-25-1
95557.3 1449 1-20-14-22-26-21-29-1
98610.8 1563 1-20-14-22-26-21-24-1
100636 1425 1-20-14-22-26-21-40-1
76462.6 1568 1-20-14-22-26-21-23-1
63113.3 1388 1-20-14-22-26-23-1
61460.4 1749 1-20-14-22-31-33-29-1
59645.9 1769 1-20-14-22-31-33-32-1
68081 1725 1-20-14-22-31-33-40-1
65241.6 1635 1-20-14-22-31-23-21-1
50463.8 1455 1-20-14-22-31-23-1
56267.9 1790 1-20-14-22-31-25-29-1
58470.3 1766 1-20-14-22-31-25-40-1
59708.4 1712 1-20-14-22-31-29-40-1
65717.9 1792 1-20-14-22-31-29-26-1
66048.1 1749 1-20-14-22-31-29-33-1
64108.4 1756 1-20-14-22-31-29-32-1
53588.3 1790 1-20-14-22-31-29-25-1
90747.4 1630 1-20-14-22-31-24-21-1
55430.3 1450 1-20-14-22-31-24-1
72105.6 1732 1-20-14-22-31-32-40-1
71389.3 1769 1-20-14-22-31-32-33-1
71264.1 1756 1-20-14-22-31-32-29-1
85544 1731 1-20-14-22-31-35-21-1
53175.5 1551 1-20-14-22-31-35-1
58159.8 1766 1-20-14-22-31-40-25-1
62077.5 1712 1-20-14-22-31-40-29-1
66685.8 1768 1-20-14-22-31-40-26-1
75037.7 1725 1-20-14-22-31-40-33-1
67319 1732 1-20-14-22-31-40-32-1
72003.3 1792 1-20-14-22-31-26-29-1
70602 1768 1-20-14-22-31-26-40-1
58282.9 1688 1-20-14-22-31-38-1
67796.4 1635 1-20-14-22-31-21-23-1
71649 1529 1-20-14-22-31-21-33-1
75639.7 1536 1-20-14-22-31-21-32-1
78859.8 1731 1-20-14-22-31-21-35-1
81382.7 1570 1-20-14-22-31-21-25-1
86891.1 1516 1-20-14-22-31-21-29-1
89944.6 1630 1-20-14-22-31-21-24-1
91969.5 1492 1-20-14-22-31-21-40-1
85612.7 1572 1-20-14-22-31-21-26-1
56985.5 1392 1-20-14-22-31-26-1
59805.1 1799 1-20-14-22-23-33-25-1
63246.1 1745 1-20-14-22-23-33-29-1
61431.6 1765 1-20-14-22-23-33-32-1
69866.7 1721 1-20-14-22-23-33-40-1
62808.7 1635 1-20-14-22-23-21-31-1
68365.8 1532 1-20-14-22-23-21-32-1
71585.9 1727 1-20-14-22-23-21-35-1
74108.9 1566 1-20-14-22-23-21-25-1
78338.9 1568 1-20-14-22-23-21-26-1
79617.3 1512 1-20-14-22-23-21-29-1
82670.7 1626 1-20-14-22-23-21-24-1
84695.6 1488 1-20-14-22-23-21-40-1
16469.1 44 1-3-4-16
29766 109 1-3-4-5
30342.8 49 1-3-4-10
19116 70 1-3-8-12
26721.9 130 1-3-8-16
28900.7 135 1-3-8-10
31806.8 195 1-3-8-5
11482.3 396 1-3-4
19671 44 1-3-16-4
49540.7 58 1-3-16-12-10
51520.2 118 1-3-16-12-5
28277.1 130 1-3-16-8
39025.2 183 1-3-16-5-10
28065.4 405 1-3-16-12
55884.1 58 1-3-16-10-12
55434.9 118 1-3-16-5-12
59818 1635 1-3-4-23-33-31-21-1
69199 1566 1-3-4-23-33-21-25-1
73429 1568 1-3-4-23-33-21-26-1
74707.4 1512 1-3-4-23-33-21-29-1
77760.9 1626 1-3-4-23-33-21-24-1
79785.7 1488 1-3-4-23-33-21-40-1
30550.6 1455 1-3-4-23-33-31-1
51792.9 1786 1-3-4-23-33-25-29-1
53995.4 1762 1-3-4-23-33-25-40-1
57898.8 1635 1-3-4-23-33-21-31-1
43408.3 1386 1-3-4-23-33-25-1
48454.3 1786 1-3-4-23-33-29-25-1
54574.5 1708 1-3-4-23-33-29-40-1
60584 1788 1-3-4-23-33-29-26-1
42109 220 1-10-5-17-16
48103.9 160 1-10-5-17-12
45463.2 402 1-10-5-16-12
45674.9 127 1-10-5-16-8
32979.9 324 1-10-5-11
39450.9 67 1-10-5-8-12
54337 220 1-10-5-16-17
33464 479 1-10-5-8
44228.1 67 1-10-5-12-8
66490.9 160 1-10-5-12-17
94652.7 1522 1-10-5-11-21-37-26-1
100104 1520 1-10-5-11-21-37-25-1
108036 1442 1-10-5-11-21-37-40-1
108718 1580 1-10-5-11-21-37-24-1
108488 1466 1-10-5-11-21-37-29-1
99099.7 1524 1-10-5-11-21-25-24-40-1
97239.3 1548 1-10-5-11-21-25-24-29-1
106542 1604 1-10-5-11-21-25-24-26-1
98597.8 1548 1-10-5-11-21-25-29-24-1
106895 1786 1-10-5-11-21-25-29-38-1
108234 1490 1-10-5-11-21-25-29-26-1
100676 1410 1-10-5-11-21-25-40-29-1
102951 1762 1-10-5-11-21-25-40-38-1
105284 1466 1-10-5-11-21-25-40-26-1
29250.2 349 1-8-12-16
44118.8 107 1-8-12-17
45729.8 167 1-8-16-17
73020.9 1744 1-8-12-16-25-24-40-29-1
13467.9 1206 1-17
34082.3 752 1-17-38-1
34082.3 752 1-17-38-1
