13101 100 1-7-9-19-20-8
13774.3 265 1-7-9-19-20-18
15483.1 156 1-7-9-19-20-3
24799.6 153 1-7-9-19-20-10-5
36293.3 128 1-7-9-19-20-10-15
37397.6 162 1-7-9-19-20-10-6
37478.9 88 1-7-9-19-20-10-16
39229.7 28 1-7-9-19-20-10-12
32466.8 23 1-7-9-19-20-12-16
40239.3 63 1-7-9-19-20-12-15
41378 97 1-7-9-19-20-12-6
42540.5 88 1-7-9-19-20-12-5
19085.7 375 1-7-9-19-20-12
19365.5 166 1-7-9-19-20-2
19867.9 14 1-7-9-19-20-4
35344.5 188 1-7-9-19-20-5-15
36203.8 222 1-7-9-19-20-5-6
39332.1 148 1-7-9-19-20-5-16
45491.2 88 1-7-9-19-20-5-12
51961.9 2470 1-7-9-19-20-8-27-30-41-23-21-1
53696.5 2364 1-7-9-19-20-8-27-30-41-21-33-1
54094.6 2364 1-7-9-19-20-8-27-30-41-21-22-1
50954.5 2339 1-7-9-19-20-8-27-30-41-21-28-1
49819.6 2565 1-7-9-19-20-8-27-30-41-21-36-1
57871.7 2322 1-7-9-19-20-8-27-30-41-21-39-1
52130 2474 1-7-9-19-20-8-27-30-41-21-31-1
62368.2 2372 1-7-9-19-20-8-27-30-41-21-34-1
57687.2 2371 1-7-9-19-20-8-27-30-41-21-32-1
60907.3 2566 1-7-9-19-20-8-27-30-41-21-35-1
63430.2 2405 1-7-9-19-20-8-27-30-41-21-25-1
67660.2 2407 1-7-9-19-20-8-27-30-41-21-26-1
68938.6 2351 1-7-9-19-20-8-27-30-41-21-29-1
71992.1 2465 1-7-9-19-20-8-27-30-41-21-24-1
74017 2327 1-7-9-19-20-8-27-30-41-21-40-1
37184.1 2290 1-7-9-19-20-8-27-30-41-23-1
43952.7 2555 1-7-9-19-20-8-27-30-41-33-39-1
39323.1 2572 1-7-9-19-20-8-27-30-41-33-28-1
56250.6 2584 1-7-9-19-20-8-27-30-41-33-29-1
55324.2 2597 1-7-9-19-20-8-27-30-41-33-22-1
62871.2 2560 1-7-9-19-20-8-27-30-41-33-40-1
49843.9 2470 1-7-9-19-20-8-27-30-41-21-23-1
30660.1 242 1-2-13-5-17-10
39081 277 1-2-13-5-17-15
43954.6 237 1-2-13-5-17-16
46397.5 67 1-2-13-5-17-18
49949.4 177 1-2-13-5-17-12
35405.6 3 1-2-13-5-10-14
38155.8 205 1-2-13-5-10-3
62328.5 2 1-2-13-5-10-18-15
63605.5 36 1-2-13-5-10-18-6
32637.5 242 1-2-13-5-10-17
43532.8 246 1-2-13-5-10-15-6
50812.7 172 1-2-13-5-10-15-16
63369.6 112 1-2-13-5-10-15-12
40538.9 314 1-2-13-5-10-18
42537.7 63 1-2-13-5-10-4
52804.7 206 1-2-13-5-10-6-16
65612.6 146 1-2-13-5-10-6-12
66386.9 36 1-2-13-5-10-6-18
64005.6 2 1-2-13-5-10-15-18
64563.1 2498 1-2-13-5-17-10-26-38-40-24-29-1
62955.8 2552 1-2-13-5-17-10-26-38-40-24-25-1
70222.2 2486 1-2-13-5-17-10-26-38-40-24-28-1
73430.6 2518 1-2-13-5-17-10-26-38-40-24-32-1
78247.7 2511 1-2-13-5-17-10-26-38-40-24-33-1
80607.1 2469 1-2-13-5-17-10-26-38-40-24-39-1
85469.4 2519 1-2-13-5-17-10-26-38-40-24-34-1
80233.4 2511 1-2-13-5-17-10-26-38-40-24-22-1
68942.7 2438 1-2-13-5-17-10-26-38-40-25-29-1
68686.3 2561 1-2-13-5-17-10-26-38-40-25-31-1
69371.6 2426 1-2-13-5-17-10-26-38-40-25-28-1
71219.6 2458 1-2-13-5-17-10-26-38-40-25-32-1
77961.5 2451 1-2-13-5-17-10-26-38-40-25-33-1
103259 2589 1-2-13-5-17-10-26-38-40-25-39-21-1
69828.7 2552 1-2-13-5-17-10-26-38-40-25-24-1
77838.1 2451 1-2-13-5-17-10-26-38-40-25-22-1
86339 2459 1-2-13-5-17-10-26-38-40-25-34-1
80970.3 2409 1-2-13-5-17-10-26-38-40-25-39-1
68574.1 2498 1-2-13-5-17-10-26-38-40-29-24-1
69924.4 2507 1-2-13-5-17-10-26-38-40-29-31-1
68646.9 2598 1-2-13-5-17-10-26-38-40-29-36-1
99144.5 2552 1-2-13-5-17-10-26-38-40-29-28-21-1
66080.8 2438 1-2-13-5-17-10-26-38-40-29-25-1
100901 2577 1-2-13-5-17-10-26-38-40-29-33-21-1
70845.3 2372 1-2-13-5-17-10-26-38-40-29-28-1
102989 2535 1-2-13-5-17-10-26-38-40-29-39-21-1
78540.6 2397 1-2-13-5-17-10-26-38-40-29-33-1
108497 2584 1-2-13-5-17-10-26-38-40-29-32-21-1
80699.6 2355 1-2-13-5-17-10-26-38-40-29-39-1
78066.9 2599 1-2-13-5-17-10-26-38-40-29-35-1
106272 2585 1-2-13-5-17-10-26-38-40-29-34-21-1
76600.9 2404 1-2-13-5-17-10-26-38-40-29-32-1
107710 2577 1-2-13-5-17-10-26-38-40-29-22-21-1
85450.7 2405 1-2-13-5-17-10-26-38-40-29-34-1
106399 2577 1-2-13-5-17-10-26-38-40-29-21-33-1
103657 2552 1-2-13-5-17-10-26-38-40-29-21-28-1
110574 2535 1-2-13-5-17-10-26-38-40-29-21-39-1
115070 2585 1-2-13-5-17-10-26-38-40-29-21-34-1
110389 2584 1-2-13-5-17-10-26-38-40-29-21-32-1
82720.3 2397 1-2-13-5-17-10-26-38-40-29-22-1
107927 2589 1-2-13-5-17-10-26-38-40-25-21-39-1
106797 2577 1-2-13-5-17-10-26-38-40-29-21-22-1
82921.2 2587 1-2-13-5-17-10-26-38-40-35-28-1
95850.4 2570 1-2-13-5-17-10-26-38-40-35-39-1
90003.6 2599 1-2-13-5-17-10-26-38-40-35-29-1
69663.4 2586 1-2-13-5-17-10-26-38-40-36-28-1
82587.6 2569 1-2-13-5-17-10-26-38-40-36-39-1
85579.6 2598 1-2-13-5-17-10-26-38-40-36-29-1
102797 2597 1-2-13-5-17-10-26-38-40-32-22-21-1
82238.4 2458 1-2-13-5-17-10-26-38-40-32-25-1
110396 2572 1-2-13-5-17-10-26-38-40-32-28-21-1
77807.1 2417 1-2-13-5-17-10-26-38-40-32-22-1
82321.6 2527 1-2-13-5-17-10-26-38-40-32-31-1
91322.3 2518 1-2-13-5-17-10-26-38-40-32-24-1
124990 2584 1-2-13-5-17-10-26-38-40-32-29-21-1
82096.3 2392 1-2-13-5-17-10-26-38-40-32-28-1
112968 2597 1-2-13-5-17-10-26-38-40-32-33-21-1
90481.6 2404 1-2-13-5-17-10-26-38-40-32-29-1
117286 2555 1-2-13-5-17-10-26-38-40-32-39-21-1
90606.7 2417 1-2-13-5-17-10-26-38-40-32-33-1
109028 2597 1-2-13-5-17-10-26-38-40-32-21-33-1
109426 2597 1-2-13-5-17-10-26-38-40-32-21-22-1
106286 2572 1-2-13-5-17-10-26-38-40-32-21-28-1
124270 2584 1-2-13-5-17-10-26-38-40-32-21-29-1
94996.6 2375 1-2-13-5-17-10-26-38-40-32-39-1
100977 2425 1-2-13-5-17-10-26-38-40-32-34-1
69290.8 2495 1-2-13-5-17-10-26-38-40-31-28-1
77653.3 2520 1-2-13-5-17-10-26-38-40-31-33-1
81284.2 2478 1-2-13-5-17-10-26-38-40-31-39-1
87152.1 2528 1-2-13-5-17-10-26-38-40-31-34-1
81235.8 2561 1-2-13-5-17-10-26-38-40-31-25-1
85335.8 2507 1-2-13-5-17-10-26-38-40-31-29-1
86286.7 2520 1-2-13-5-17-10-26-38-40-31-22-1
83852.4 2527 1-2-13-5-17-10-26-38-40-31-32-1
113203 2555 1-2-13-5-17-10-26-38-40-32-21-39-1
70276.4 2495 1-2-13-5-17-10-26-38-40-28-31-1
69127.7 2586 1-2-13-5-17-10-26-38-40-28-36-1
100371 2565 1-2-13-5-17-10-26-38-40-28-33-21-1
104319 2523 1-2-13-5-17-10-26-38-40-28-39-21-1
78010.1 2385 1-2-13-5-17-10-26-38-40-28-33-1
108810 2573 1-2-13-5-17-10-26-38-40-28-34-21-1
82029.8 2343 1-2-13-5-17-10-26-38-40-28-39-1
82906.7 2426 1-2-13-5-17-10-26-38-40-28-25-1
121750 2552 1-2-13-5-17-10-26-38-40-28-29-21-1
87988.8 2393 1-2-13-5-17-10-26-38-40-28-34-1
116509 2572 1-2-13-5-17-10-26-38-40-28-32-21-1
87242.3 2372 1-2-13-5-17-10-26-38-40-28-29-1
111582 2565 1-2-13-5-17-10-26-38-40-28-22-21-1
84612.7 2392 1-2-13-5-17-10-26-38-40-28-32-1
90630.2 2486 1-2-13-5-17-10-26-38-40-28-24-1
87381.5 2587 1-2-13-5-17-10-26-38-40-28-35-1
104812 2565 1-2-13-5-17-10-26-38-40-28-21-33-1
108987 2523 1-2-13-5-17-10-26-38-40-28-21-39-1
113483 2573 1-2-13-5-17-10-26-38-40-28-21-34-1
108802 2572 1-2-13-5-17-10-26-38-40-28-21-32-1
120054 2552 1-2-13-5-17-10-26-38-40-28-21-29-1
86592 2385 1-2-13-5-17-10-26-38-40-28-22-1
77098.6 2470 1-2-13-5-17-10-26-38-40-37-1
104587 2548 1-2-13-5-17-10-26-38-40-33-39-21-1
105967 2565 1-2-13-5-17-10-26-38-40-33-28-21-1
82297.8 2368 1-2-13-5-17-10-26-38-40-33-39-1
78296.9 2520 1-2-13-5-17-10-26-38-40-33-31-1
108970 2598 1-2-13-5-17-10-26-38-40-33-34-21-1
77668.2 2385 1-2-13-5-17-10-26-38-40-33-28-1
107610 2590 1-2-13-5-17-10-26-38-40-33-21-22-1
104470 2565 1-2-13-5-17-10-26-38-40-33-21-28-1
111387 2548 1-2-13-5-17-10-26-38-40-33-21-39-1
111202 2597 1-2-13-5-17-10-26-38-40-33-21-32-1
122454 2577 1-2-13-5-17-10-26-38-40-33-21-29-1
88147.9 2418 1-2-13-5-17-10-26-38-40-33-34-1
91154.6 2451 1-2-13-5-17-10-26-38-40-33-25-1
94595.7 2397 1-2-13-5-17-10-26-38-40-33-29-1
93669.3 2410 1-2-13-5-17-10-26-38-40-33-22-1
92781.1 2417 1-2-13-5-17-10-26-38-40-33-32-1
98313.7 2511 1-2-13-5-17-10-26-38-40-33-24-1
105210 2565 1-2-13-5-17-10-26-38-40-28-21-22-1
115883 2598 1-2-13-5-17-10-26-38-40-33-21-34-1
106875 2556 1-2-13-5-17-10-26-38-40-39-34-21-1
103034 2548 1-2-13-5-17-10-26-38-40-39-33-21-1
86053.6 2376 1-2-13-5-17-10-26-38-40-39-34-1
108362 2523 1-2-13-5-17-10-26-38-40-39-28-21-1
80673.1 2368 1-2-13-5-17-10-26-38-40-39-33-1
80303.1 2478 1-2-13-5-17-10-26-38-40-39-31-1
80085.3 2569 1-2-13-5-17-10-26-38-40-39-36-1
129638 2535 1-2-13-5-17-10-26-38-40-39-29-21-1
80063.1 2343 1-2-13-5-17-10-26-38-40-39-28-1
128318 2589 1-2-13-5-17-10-26-38-40-39-25-21-1
95129.9 2355 1-2-13-5-17-10-26-38-40-39-29-1
109762 2548 1-2-13-5-17-10-26-38-40-39-21-33-1
110160 2548 1-2-13-5-17-10-26-38-40-39-21-22-1
107020 2523 1-2-13-5-17-10-26-38-40-39-21-28-1
118434 2556 1-2-13-5-17-10-26-38-40-39-21-34-1
113753 2555 1-2-13-5-17-10-26-38-40-39-21-32-1
125004 2535 1-2-13-5-17-10-26-38-40-39-21-29-1
92538.8 2409 1-2-13-5-17-10-26-38-40-39-25-1
99048.5 2469 1-2-13-5-17-10-26-38-40-39-24-1
96817.5 2368 1-2-13-5-17-10-26-38-40-39-22-1
95546.4 2375 1-2-13-5-17-10-26-38-40-39-32-1
98344 2570 1-2-13-5-17-10-26-38-40-39-35-1
113741 2597 1-2-13-5-17-10-26-38-40-22-32-21-1
116413 2565 1-2-13-5-17-10-26-38-40-22-28-21-1
81845.3 2417 1-2-13-5-17-10-26-38-40-22-32-1
88794.1 2520 1-2-13-5-17-10-26-38-40-22-31-1
109473 2590 1-2-13-5-17-10-26-38-40-22-21-33-1
113649 2548 1-2-13-5-17-10-26-38-40-22-21-39-1
118145 2598 1-2-13-5-17-10-26-38-40-22-21-34-1
113464 2597 1-2-13-5-17-10-26-38-40-22-21-32-1
124716 2577 1-2-13-5-17-10-26-38-40-22-21-29-1
88113.8 2385 1-2-13-5-17-10-26-38-40-22-28-1
92895 2451 1-2-13-5-17-10-26-38-40-22-25-1
95533 2410 1-2-13-5-17-10-26-38-40-22-33-1
100306 2368 1-2-13-5-17-10-26-38-40-22-39-1
100639 2397 1-2-13-5-17-10-26-38-40-22-29-1
102163 2511 1-2-13-5-17-10-26-38-40-22-24-1
106242 2418 1-2-13-5-17-10-26-38-40-22-34-1
119496 2589 1-2-13-5-17-10-26-38-40-39-21-25-1
106731 2565 1-2-13-5-17-10-26-38-40-22-21-28-1
107416 2556 1-2-13-5-17-10-26-38-40-34-39-21-1
107958 2598 1-2-13-5-17-10-26-38-40-34-33-21-1
85127.3 2376 1-2-13-5-17-10-26-38-40-34-39-1
113395 2573 1-2-13-5-17-10-26-38-40-34-28-21-1
85596.9 2418 1-2-13-5-17-10-26-38-40-34-33-1
85244.8 2528 1-2-13-5-17-10-26-38-40-34-31-1
133463 2585 1-2-13-5-17-10-26-38-40-34-29-21-1
85095.8 2393 1-2-13-5-17-10-26-38-40-34-28-1
113332 2598 1-2-13-5-17-10-26-38-40-34-21-33-1
113730 2598 1-2-13-5-17-10-26-38-40-34-21-22-1
110590 2573 1-2-13-5-17-10-26-38-40-34-21-28-1
117507 2556 1-2-13-5-17-10-26-38-40-34-21-39-1
98954.7 2405 1-2-13-5-17-10-26-38-40-34-29-1
96981.2 2459 1-2-13-5-17-10-26-38-40-34-25-1
102984 2519 1-2-13-5-17-10-26-38-40-34-24-1
101827 2418 1-2-13-5-17-10-26-38-40-34-22-1
100601 2425 1-2-13-5-17-10-26-38-40-34-32-1
108614 2548 1-2-13-5-17-10-26-38-40-21-33-39-1
103984 2565 1-2-13-5-17-10-26-38-40-21-33-28-1
120912 2577 1-2-13-5-17-10-26-38-40-21-33-29-1
119985 2590 1-2-13-5-17-10-26-38-40-21-33-22-1
119097 2597 1-2-13-5-17-10-26-38-40-21-33-32-1
108926 2597 1-2-13-5-17-10-26-38-40-21-22-32-1
115195 2565 1-2-13-5-17-10-26-38-40-21-22-28-1
127387 2548 1-2-13-5-17-10-26-38-40-21-22-39-1
127720 2577 1-2-13-5-17-10-26-38-40-21-22-29-1
133323 2598 1-2-13-5-17-10-26-38-40-21-22-34-1
114464 2598 1-2-13-5-17-10-26-38-40-21-33-34-1
22209.4 2 1-3-4-16-11
26382.5 254 1-3-4-16-15-6
46219.3 120 1-3-4-16-15-12
46855.3 10 1-3-4-16-15-18
48245.8 154 1-3-4-16-6-12
49020.1 44 1-3-4-16-6-18
57615.7 2516 1-3-4-16-11-34-39-33-28-31-29-1
56132.3 2536 1-3-4-16-11-34-39-33-28-31-32-1
58566.6 2529 1-3-4-16-11-34-39-33-28-31-22-1
63013.8 2516 1-3-4-16-11-34-39-33-28-29-31-1
101586 2593 1-3-4-16-11-34-39-33-28-29-32-21-1
100799 2586 1-3-4-16-11-34-39-33-28-29-22-21-1
69690.3 2413 1-3-4-16-11-34-39-33-28-29-32-1
103479 2593 1-3-4-16-11-34-39-33-28-29-21-32-1
75809.7 2406 1-3-4-16-11-34-39-33-28-29-22-1
63025.4 2426 1-3-4-16-11-34-39-33-28-32-22-1
67539.9 2536 1-3-4-16-11-34-39-33-28-32-31-1
75699.9 2413 1-3-4-16-11-34-39-33-28-32-29-1
99886.2 2586 1-3-4-16-11-34-39-33-28-29-21-22-1
61691.2 2426 1-3-4-16-11-34-39-33-28-22-32-1
68640 2529 1-3-4-16-11-34-39-33-28-22-31-1
80485 2406 1-3-4-16-11-34-39-33-28-22-29-1
104562 2586 1-3-4-16-11-34-39-33-28-22-21-29-1
71257.6 2387 1-3-4-16-11-34-39-33-28-21-36-1
73568 2296 1-3-4-16-11-34-39-33-28-21-31-1
99889.5 2593 1-3-4-16-11-34-39-33-28-21-32-29-1
99102.7 2586 1-3-4-16-11-34-39-33-28-21-22-29-1
79125.2 2193 1-3-4-16-11-34-39-33-28-21-32-1
82345.3 2388 1-3-4-16-11-34-39-33-28-21-35-1
102502 2593 1-3-4-16-11-34-39-33-28-21-29-32-1
47293.9 243 1-14-18-12-15-6
102438 2515 1-14-18-12-15-6-36-29-35-37-1
132798 2493 1-14-18-12-15-6-36-29-37-22-21-1
102354 2515 1-14-18-12-15-6-36-29-37-35-1
107808 2313 1-14-18-12-15-6-36-29-37-22-1
142553 2493 1-14-18-12-15-6-36-29-22-37-21-1
139223 2222 1-14-18-12-15-6-36-29-22-21-35-1
111980 2313 1-14-18-12-15-6-36-29-22-37-1
136056 2493 1-14-18-12-15-6-36-29-21-22-37-1
9142.91 2600 1-35
51568.2 593 1-35-22-21-1
