40606.9 8 1-7-9-19-20-14-18-8-5
42771.5 17 1-7-9-19-20-14-18-8-6
39283 218 1-7-9-19-20-14-18-12-16
47055.5 258 1-7-9-19-20-14-18-12-15
47377.2 223 1-7-9-19-20-14-18-12-10
48056.5 61 1-7-9-19-20-14-18-12-13
62361.6 5 1-7-9-19-20-14-18-12-6-5
49356.7 283 1-7-9-19-20-14-18-12-5
21929.2 295 1-7-9-19-20-14-18-8
41521.4 39 1-7-9-19-20-14-18-3-15
42683.2 4 1-7-9-19-20-14-18-3-10
42786.9 73 1-7-9-19-20-14-18-3-6
43128 64 1-7-9-19-20-14-18-3-5
28204.5 351 1-7-9-19-20-14-18-3
30747.5 209 1-7-9-19-20-14-18-4
45320.5 40 1-7-9-19-20-14-18-16-15-6
57311.9 31 1-7-9-19-20-14-18-16-15-5
59059 65 1-7-9-19-20-14-18-16-6-5
64534.8 5 1-7-9-19-20-14-18-16-6-10
89072.6 4063 1-7-9-19-20-14-18-8-27-30-41-23-33-39-34-28-21-1
60922.3 4018 1-7-9-19-20-14-18-8-27-30-41-23-33-39-34-31-1
60783.5 4109 1-7-9-19-20-14-18-8-27-30-41-23-33-39-34-36-1
109140 4075 1-7-9-19-20-14-18-8-27-30-41-23-33-39-34-29-21-1
60773.4 3883 1-7-9-19-20-14-18-8-27-30-41-23-33-39-34-28-1
89407.9 4088 1-7-9-19-20-14-18-8-27-30-41-23-33-39-34-21-22-1
86267.9 4063 1-7-9-19-20-14-18-8-27-30-41-23-33-39-34-21-28-1
93000.5 4095 1-7-9-19-20-14-18-8-27-30-41-23-33-39-34-21-32-1
98743.6 4129 1-7-9-19-20-14-18-8-27-30-41-23-33-39-34-21-25-1
102974 4131 1-7-9-19-20-14-18-8-27-30-41-23-33-39-34-21-26-1
109330 4051 1-7-9-19-20-14-18-8-27-30-41-23-33-39-34-21-40-1
74632.3 3895 1-7-9-19-20-14-18-8-27-30-41-23-33-39-34-29-1
72658.7 3949 1-7-9-19-20-14-18-8-27-30-41-23-33-39-34-25-1
78662 4009 1-7-9-19-20-14-18-8-27-30-41-23-33-39-34-24-1
82002.6 3871 1-7-9-19-20-14-18-8-27-30-41-23-33-39-34-40-1
77504.6 3908 1-7-9-19-20-14-18-8-27-30-41-23-33-39-34-22-1
76278.2 3915 1-7-9-19-20-14-18-8-27-30-41-23-33-39-34-32-1
79055.7 4110 1-7-9-19-20-14-18-8-27-30-41-23-33-39-34-35-1
82874.3 3951 1-7-9-19-20-14-18-8-27-30-41-23-33-39-34-26-1
55961.7 3985 1-7-9-19-20-14-18-8-27-30-41-23-33-39-28-31-1
54813 4076 1-7-9-19-20-14-18-8-27-30-41-23-33-39-28-36-1
104371 4096 1-7-9-19-20-14-18-8-27-30-41-23-33-39-28-25-21-1
94495.8 4063 1-7-9-19-20-14-18-8-27-30-41-23-33-39-28-34-21-1
68592.1 3916 1-7-9-19-20-14-18-8-27-30-41-23-33-39-28-25-1
107436 4042 1-7-9-19-20-14-18-8-27-30-41-23-33-39-28-29-21-1
73674.1 3883 1-7-9-19-20-14-18-8-27-30-41-23-33-39-28-34-1
102194 4062 1-7-9-19-20-14-18-8-27-30-41-23-33-39-28-32-21-1
72927.6 3862 1-7-9-19-20-14-18-8-27-30-41-23-33-39-28-29-1
97267 4055 1-7-9-19-20-14-18-8-27-30-41-23-33-39-28-22-21-1
70298 3882 1-7-9-19-20-14-18-8-27-30-41-23-33-39-28-32-1
76315.5 3976 1-7-9-19-20-14-18-8-27-30-41-23-33-39-28-24-1
73066.8 4077 1-7-9-19-20-14-18-8-27-30-41-23-33-39-28-35-1
114740 4018 1-7-9-19-20-14-18-8-27-30-41-23-33-39-28-40-21-1
72277.3 3875 1-7-9-19-20-14-18-8-27-30-41-23-33-39-28-22-1
90895 4055 1-7-9-19-20-14-18-8-27-30-41-23-33-39-28-21-22-1
99168.6 4063 1-7-9-19-20-14-18-8-27-30-41-23-33-39-28-21-34-1
94487.6 4062 1-7-9-19-20-14-18-8-27-30-41-23-33-39-28-21-32-1
100231 4096 1-7-9-19-20-14-18-8-27-30-41-23-33-39-28-21-25-1
104461 4098 1-7-9-19-20-14-18-8-27-30-41-23-33-39-28-21-26-1
105739 4042 1-7-9-19-20-14-18-8-27-30-41-23-33-39-28-21-29-1
78905.1 3838 1-7-9-19-20-14-18-8-27-30-41-23-33-39-28-40-1
77199.9 3918 1-7-9-19-20-14-18-8-27-30-41-23-33-39-28-26-1
104252 4075 1-7-9-19-20-14-18-8-27-30-41-23-33-39-34-21-29-1
110817 4018 1-7-9-19-20-14-18-8-27-30-41-23-33-39-28-21-40-1
73855.6 4018 1-7-9-19-20-14-18-8-27-30-41-23-33-39-31-34-1
67939.3 4051 1-7-9-19-20-14-18-8-27-30-41-23-33-39-31-25-1
72039.3 3997 1-7-9-19-20-14-18-8-27-30-41-23-33-39-31-29-1
75486.4 4111 1-7-9-19-20-14-18-8-27-30-41-23-33-39-31-24-1
70555.9 4017 1-7-9-19-20-14-18-8-27-30-41-23-33-39-31-32-1
72990.2 4010 1-7-9-19-20-14-18-8-27-30-41-23-33-39-31-22-1
78159.5 3973 1-7-9-19-20-14-18-8-27-30-41-23-33-39-31-40-1
77041.5 4053 1-7-9-19-20-14-18-8-27-30-41-23-33-39-31-26-1
55994.3 3985 1-7-9-19-20-14-18-8-27-30-41-23-33-39-31-28-1
58008 4076 1-7-9-19-20-14-18-8-27-30-41-23-33-39-36-28-1
69019.2 4142 1-7-9-19-20-14-18-8-27-30-41-23-33-39-36-25-1
76879.1 4109 1-7-9-19-20-14-18-8-27-30-41-23-33-39-36-34-1
73924.2 4088 1-7-9-19-20-14-18-8-27-30-41-23-33-39-36-29-1
70338.5 4108 1-7-9-19-20-14-18-8-27-30-41-23-33-39-36-32-1
72680.2 4101 1-7-9-19-20-14-18-8-27-30-41-23-33-39-36-22-1
79463 4064 1-7-9-19-20-14-18-8-27-30-41-23-33-39-36-40-1
77212.5 4144 1-7-9-19-20-14-18-8-27-30-41-23-33-39-36-26-1
73948 3988 1-7-9-19-20-14-18-8-27-30-41-23-33-39-29-24-1
107234 4108 1-7-9-19-20-14-18-8-27-30-41-23-33-39-29-25-21-1
113410 4030 1-7-9-19-20-14-18-8-27-30-41-23-33-39-29-40-21-1
71454.7 3928 1-7-9-19-20-14-18-8-27-30-41-23-33-39-29-25-1
75298.3 3997 1-7-9-19-20-14-18-8-27-30-41-23-33-39-29-31-1
74020.7 4088 1-7-9-19-20-14-18-8-27-30-41-23-33-39-29-36-1
104518 4042 1-7-9-19-20-14-18-8-27-30-41-23-33-39-29-28-21-1
77574.9 3850 1-7-9-19-20-14-18-8-27-30-41-23-33-39-29-40-1
118097 4110 1-7-9-19-20-14-18-8-27-30-41-23-33-39-29-26-21-1
76219.2 3862 1-7-9-19-20-14-18-8-27-30-41-23-33-39-29-28-1
113871 4074 1-7-9-19-20-14-18-8-27-30-41-23-33-39-29-32-21-1
83584.4 3930 1-7-9-19-20-14-18-8-27-30-41-23-33-39-29-26-1
83440.8 4089 1-7-9-19-20-14-18-8-27-30-41-23-33-39-29-35-1
111646 4075 1-7-9-19-20-14-18-8-27-30-41-23-33-39-29-34-21-1
81974.8 3894 1-7-9-19-20-14-18-8-27-30-41-23-33-39-29-32-1
113084 4067 1-7-9-19-20-14-18-8-27-30-41-23-33-39-29-22-21-1
90824.5 3895 1-7-9-19-20-14-18-8-27-30-41-23-33-39-29-34-1
109031 4042 1-7-9-19-20-14-18-8-27-30-41-23-33-39-29-21-28-1
120444 4075 1-7-9-19-20-14-18-8-27-30-41-23-33-39-29-21-34-1
115763 4074 1-7-9-19-20-14-18-8-27-30-41-23-33-39-29-21-32-1
121506 4108 1-7-9-19-20-14-18-8-27-30-41-23-33-39-29-21-25-1
125736 4110 1-7-9-19-20-14-18-8-27-30-41-23-33-39-29-21-26-1
132093 4030 1-7-9-19-20-14-18-8-27-30-41-23-33-39-29-21-40-1
88094.2 3887 1-7-9-19-20-14-18-8-27-30-41-23-33-39-29-22-1
76529.2 4042 1-7-9-19-20-14-18-8-27-30-41-23-33-39-25-24-1
113681 4084 1-7-9-19-20-14-18-8-27-30-41-23-33-39-25-40-21-1
110151 4108 1-7-9-19-20-14-18-8-27-30-41-23-33-39-25-29-21-1
77845.6 3904 1-7-9-19-20-14-18-8-27-30-41-23-33-39-25-40-1
79569.3 3984 1-7-9-19-20-14-18-8-27-30-41-23-33-39-25-26-1
73304.2 4142 1-7-9-19-20-14-18-8-27-30-41-23-33-39-25-36-1
75386.7 4051 1-7-9-19-20-14-18-8-27-30-41-23-33-39-25-31-1
104371 4096 1-7-9-19-20-14-18-8-27-30-41-23-33-39-25-28-21-1
75643.2 3928 1-7-9-19-20-14-18-8-27-30-41-23-33-39-25-29-1
79271.7 4143 1-7-9-19-20-14-18-8-27-30-41-23-33-39-25-35-1
109816 4128 1-7-9-19-20-14-18-8-27-30-41-23-33-39-25-32-21-1
76072.1 3916 1-7-9-19-20-14-18-8-27-30-41-23-33-39-25-28-1
109528 4121 1-7-9-19-20-14-18-8-27-30-41-23-33-39-25-22-21-1
77920.1 3948 1-7-9-19-20-14-18-8-27-30-41-23-33-39-25-32-1
113861 4129 1-7-9-19-20-14-18-8-27-30-41-23-33-39-25-34-21-1
84538.6 3941 1-7-9-19-20-14-18-8-27-30-41-23-33-39-25-22-1
110851 4121 1-7-9-19-20-14-18-8-27-30-41-23-33-39-25-21-22-1
107711 4096 1-7-9-19-20-14-18-8-27-30-41-23-33-39-25-21-28-1
114443 4128 1-7-9-19-20-14-18-8-27-30-41-23-33-39-25-21-32-1
125695 4108 1-7-9-19-20-14-18-8-27-30-41-23-33-39-25-21-29-1
130773 4084 1-7-9-19-20-14-18-8-27-30-41-23-33-39-25-21-40-1
93039.5 3949 1-7-9-19-20-14-18-8-27-30-41-23-33-39-25-34-1
112171 4067 1-7-9-19-20-14-18-8-27-30-41-23-33-39-29-21-22-1
119124 4129 1-7-9-19-20-14-18-8-27-30-41-23-33-39-25-21-34-1
89656.2 4087 1-7-9-19-20-14-18-8-27-30-41-23-33-39-21-22-32-1
100026 4123 1-7-9-19-20-14-18-8-27-30-41-23-33-39-21-22-26-1
95924.8 4055 1-7-9-19-20-14-18-8-27-30-41-23-33-39-21-22-28-1
108450 4067 1-7-9-19-20-14-18-8-27-30-41-23-33-39-21-22-29-1
110524 4043 1-7-9-19-20-14-18-8-27-30-41-23-33-39-21-22-40-1
114053 4088 1-7-9-19-20-14-18-8-27-30-41-23-33-39-21-22-34-1
100631 4063 1-7-9-19-20-14-18-8-27-30-41-23-33-39-21-28-34-1
95549 4096 1-7-9-19-20-14-18-8-27-30-41-23-33-39-21-28-25-1
99884.6 4042 1-7-9-19-20-14-18-8-27-30-41-23-33-39-21-28-29-1
97255 4062 1-7-9-19-20-14-18-8-27-30-41-23-33-39-21-28-32-1
105862 4018 1-7-9-19-20-14-18-8-27-30-41-23-33-39-21-28-40-1
104157 4098 1-7-9-19-20-14-18-8-27-30-41-23-33-39-21-28-26-1
100706 4121 1-7-9-19-20-14-18-8-27-30-41-23-33-39-21-22-25-1
54755.6 36 1-2-13-5-17-10-3-4-16
62673 76 1-2-13-5-17-10-3-4-15
63746.2 110 1-2-13-5-17-10-3-4-6
62884.2 219 1-2-13-5-17-10-3-16-15-6
82721 85 1-2-13-5-17-10-3-16-15-12
57957.6 36 1-2-13-5-17-10-3-16-4
84747.5 119 1-2-13-5-17-10-3-16-6-12
156130 4076 1-2-13-5-17-10-3-4-16-34-31-25-24-40-29-38-26-21-1
124171 4055 1-2-13-5-17-10-3-4-16-34-31-25-24-40-29-38-35-1
155934 4040 1-2-13-5-17-10-3-4-16-34-31-25-24-40-29-38-32-21-1
121617 3896 1-2-13-5-17-10-3-4-16-34-31-25-24-40-29-38-26-1
157080 4033 1-2-13-5-17-10-3-4-16-34-31-25-24-40-29-38-22-21-1
124038 3860 1-2-13-5-17-10-3-4-16-34-31-25-24-40-29-38-32-1
165848 4040 1-2-13-5-17-10-3-4-16-34-31-25-24-40-29-38-21-32-1
175821 4076 1-2-13-5-17-10-3-4-16-34-31-25-24-40-29-38-21-26-1
132090 3853 1-2-13-5-17-10-3-4-16-34-31-25-24-40-29-38-22-1
160898 4076 1-2-13-5-17-10-3-4-16-34-31-25-24-40-29-26-38-21-1
131328 3977 1-2-13-5-17-10-3-4-16-34-31-25-24-40-29-26-32-22-1
125318 3896 1-2-13-5-17-10-3-4-16-34-31-25-24-40-29-26-38-1
128449 4030 1-2-13-5-17-10-3-4-16-34-31-25-24-40-29-26-37-1
136081 3977 1-2-13-5-17-10-3-4-16-34-31-25-24-40-29-26-22-32-1
166120 3744 1-2-13-5-17-10-3-4-16-34-31-25-24-40-29-26-21-32-1
169340 3939 1-2-13-5-17-10-3-4-16-34-31-25-24-40-29-26-21-35-1
179522 4076 1-2-13-5-17-10-3-4-16-34-31-25-24-40-29-26-21-38-1
85844.8 2514 1-15-6-11-12-21-22-32-35-37-1
inf 4150 1-101570000
