9664.21 94 1-8-30-14
10783.6 146 1-8-30-7
25689.4 41 1-8-30-5-26
13034.4 25 1-8-30-23
16808.4 144 1-8-30-4
17271.9 100 1-8-30-2
17285.5 19 1-8-30-20
22554.3 21 1-8-30-13-10
30350.2 17 1-8-30-13-16
31733.6 79 1-8-30-13-17
36314 218 1-8-30-13-26
36638.8 85 1-8-30-13-21
36967.4 43 1-8-30-13-3
41035.2 129 1-8-30-13-28
76079.3 1689 1-8-30-14-33-31-38-32-1
64643.6 1520 1-8-30-14-33-31-36-1
63039.8 1527 1-8-30-14-33-31-34-1
48535.4 1454 1-8-30-14-33-31-38-1
56012.8 1621 1-8-30-14-33-38-35-1
81352.4 1552 1-8-30-14-33-38-36-32-1
63008 1577 1-8-30-14-33-38-39-1
93270.1 1689 1-8-30-14-33-38-31-32-1
61120.1 1317 1-8-30-14-33-38-36-1
72872.3 1559 1-8-30-14-33-38-34-32-1
62089.6 1454 1-8-30-14-33-38-31-1
64651.1 1690 1-8-30-14-33-38-37-1
91101.9 1552 1-8-30-14-33-38-32-36-1
96409.7 1689 1-8-30-14-33-38-32-31-1
62825.9 1324 1-8-30-14-33-38-34-1
74466.6 1559 1-8-30-14-33-38-32-34-1
61702.8 1687 1-8-30-14-33-35-36-1
65803 1694 1-8-30-14-33-35-34-1
75835.4 1494 1-8-30-14-33-35-32-1
55202.7 1259 1-8-30-14-33-35-1
84330.9 1625 1-8-30-14-33-34-32-36-1
65320.4 1650 1-8-30-14-33-34-39-1
66453.4 1694 1-8-30-14-33-34-35-1
72414.3 1390 1-8-30-14-33-34-36-1
28752.8 134 1-26-18-3-13
9432.82 283 1-26-18-3
33383.3 43 1-26-18-28-5
13845.3 1 1-26-18-12
34160.3 17 1-26-18-9-13
34999 42 1-26-18-2-13
15267.7 166 1-26-18-9
36851.4 86 1-26-18-4-13
16380.2 191 1-26-18-2
20098.2 72 1-26-18-11
20965.9 116 1-26-18-23
33851 88 1-26-18-7-13
18295.2 235 1-26-18-4
42364.1 43 1-26-18-5-28
21164.7 237 1-26-18-7
37434.7 24 1-26-18-22-13
22913.7 173 1-26-18-22
23036.5 104 1-26-18-27
32905.1 59 1-26-18-29-13
31662.4 45 1-26-18-15-13
25106.1 208 1-26-18-29
39168.8 108 1-26-18-16-13
25936.1 194 1-26-18-15
31643.2 64 1-26-18-13-19
32375.2 112 1-26-18-13-10
33194.6 45 1-26-18-13-15
33628.4 272 1-26-18-13-5
34148.6 73 1-26-18-13-25
35267.3 59 1-26-18-13-29
40154.6 88 1-26-18-13-7
41554.5 170 1-26-18-13-17
41989.4 24 1-26-18-13-22
46024.5 86 1-26-18-13-4
46087.1 42 1-26-18-13-2
46360.9 17 1-26-18-13-9
46459.7 176 1-26-18-13-21
46788.3 134 1-26-18-13-3
50856.1 220 1-26-18-13-28
26466 257 1-26-18-16
29877.8 213 1-26-18-19
30341.9 110 1-26-18-20
30569.5 261 1-26-18-10
30759.8 222 1-26-18-25
32440.6 319 1-26-18-17
18164 13 1-26-3-21-4
19522.1 147 1-26-3-21-28
21841.1 15 1-26-3-21-7
30909.5 50 1-26-3-21-5-13
24749.4 199 1-26-3-21-5
31034.5 35 1-26-3-21-16
32563.2 39 1-26-3-21-10
36791 97 1-26-3-21-17
29763.2 134 1-26-3-18-13
36213.8 50 1-26-3-21-13-5
10471 283 1-26-3-18
28063 40 1-26-3-9-5
29474.6 13 1-26-3-28-2
31425.9 57 1-26-3-28-4
34500.6 59 1-26-3-28-7
35164.7 79 1-26-3-28-16
35251.6 30 1-26-3-28-29
41591.5 94 1-26-3-28-5-13
24349.8 147 1-26-3-28-21
36580.9 16 1-26-3-28-15
35431.5 243 1-26-3-28-5
40998.3 35 1-26-3-28-19
41310.3 141 1-26-3-28-17
41369.9 44 1-26-3-28-25
42935.5 83 1-26-3-28-10
38784.9 52 1-26-3-12-13
45438 94 1-26-3-28-13-5
15989.7 201 1-26-3-12
28811.8 65 1-26-3-2-5
29806.7 13 1-26-3-2-28
25255.3 13 1-26-3-4-21
30568.7 109 1-26-3-4-5
33689.4 57 1-26-3-4-28
46899.5 7 1-26-3-4-17
28031.8 111 1-26-3-7-5
32188.8 15 1-26-3-7-21
40020.6 59 1-26-3-7-28
46041.9 9 1-26-3-7-17
40745.6 123 1-26-3-11-13
22303.5 272 1-26-3-11
43845.7 44 1-26-3-5-13-17
48750.9 50 1-26-3-5-13-21
53147.3 94 1-26-3-5-13-28
30221.3 111 1-26-3-5-7
31417.2 135 1-26-3-5-10
32755.7 68 1-26-3-5-15
33697.5 87 1-26-3-5-19
33991.3 82 1-26-3-5-29
35873.6 96 1-26-3-5-25
36014.5 109 1-26-3-5-4
36189.1 65 1-26-3-5-2
36572.7 40 1-26-3-5-9
37286.5 199 1-26-3-5-21
38707.3 131 1-26-3-5-16
38753.2 47 1-26-3-5-22
42029.4 193 1-26-3-5-17
43140.8 243 1-26-3-5-28
40057.4 47 1-26-3-22-5
37068.1 82 1-26-3-29-5
46037.7 30 1-26-3-29-28
36528.3 68 1-26-3-15-5
48062.9 16 1-26-3-15-28
34463.6 29 1-26-3-16-17
43424.5 131 1-26-3-16-5
47591.3 79 1-26-3-16-28
48288.9 35 1-26-3-16-21
32709.1 264 1-26-3-13-19
55955 1595 1-26-18-3-35-36-34-1
61389.8 1655 1-26-18-3-35-39-32-1
50618.3 1533 1-26-18-3-35-37-1
66504.5 1595 1-26-18-3-35-34-36-1
46835.4 1420 1-26-18-3-35-39-1
70876.8 1655 1-26-18-3-35-32-39-1
78407.1 1395 1-26-18-3-35-32-36-1
20494.3 166 1-5-13-19-25
22571.7 138 1-5-13-19-15
24570.3 152 1-5-13-19-29
25559.5 205 1-5-13-19-10
28242.4 54 1-5-13-19-20
28453.6 263 1-5-13-19-17
28662.6 201 1-5-13-19-16
31599.6 117 1-5-13-19-22
34555.7 48 1-5-13-19-27
34561.8 181 1-5-13-19-7
36299.3 16 1-5-13-19-11
36826 60 1-5-13-19-23
39736.8 269 1-5-13-19-21
40028.3 135 1-5-13-19-2
40158.9 179 1-5-13-19-4
40171 110 1-5-13-19-9
42959.7 313 1-5-13-19-28
21438.1 102 1-5-13-10-20
28896.3 214 1-5-13-10-25
29177.8 186 1-5-13-10-15
31279.6 200 1-5-13-10-29
31522.4 229 1-5-13-10-7
33690.8 108 1-5-13-10-23
36141.6 249 1-5-13-10-16
36881.2 311 1-5-13-10-17
37984.1 165 1-5-13-10-22
38009.4 227 1-5-13-10-4
38553.9 183 1-5-13-10-2
39096.1 158 1-5-13-10-9
40084.4 317 1-5-13-10-21
40890 96 1-5-13-10-27
41709.2 64 1-5-13-10-11
45628.9 361 1-5-13-10-28
46131.1 1471 1-5-13-19-25-37-34-32-1
52837.2 1664 1-5-13-19-25-37-34-36-1
63601.1 1464 1-5-13-19-25-37-32-36-1
13606.1 141 1-21-9-2
15554.8 185 1-21-9-4
19480.1 66 1-21-9-23
20716.1 187 1-21-9-7
24827.4 319 1-21-9-28
30554.1 22 1-21-9-11
31818.8 60 1-21-9-20
31859.5 158 1-21-9-29
31912 144 1-21-9-15
32051.7 123 1-21-9-22
32927.6 211 1-21-9-10
32969.9 54 1-21-9-27
34700.4 207 1-21-9-16
40087.6 269 1-21-9-17
15505.4 210 1-21-2-4
19593.4 91 1-21-2-23
21019.1 212 1-21-2-7
27136.2 344 1-21-2-28
32277.9 85 1-21-2-20
32546.5 47 1-21-2-11
33126.4 169 1-21-2-15
33204.6 183 1-21-2-29
33522 236 1-21-2-10
33795.5 148 1-21-2-22
34848.2 79 1-21-2-27
36265.3 232 1-21-2-16
41512.5 294 1-21-2-17
53330.9 428 1-21-9-2-36-1
53330.9 428 1-21-9-2-36-1
16406.8 47 1-7-23-4
26792.5 73 1-7-23-10
29247.4 6 1-7-23-15
29981.5 20 1-7-23-29
30139.4 181 1-7-23-28
34040.3 69 1-7-23-16
38367.9 131 1-7-23-17
31501.2 300 1-7-4-28
33904.9 41 1-7-4-20
35391.1 192 1-7-4-10
36042.8 125 1-7-4-15
36321.8 139 1-7-4-29
36570.3 3 1-7-4-11
37487.1 104 1-7-4-22
38717.8 35 1-7-4-27
39692.2 188 1-7-4-16
44711.2 250 1-7-4-17
11685.3 559 1-7-23
23641.4 67 1-7-20-10
35493.6 14 1-7-20-29
40454.3 63 1-7-20-16
41691.3 125 1-7-20-17
47948.3 175 1-7-20-28
20686.9 47 1-7-4-23
20786.9 553 1-7-20
25199.5 67 1-7-10-20
32939.2 151 1-7-10-15
35040.9 165 1-7-10-29
37452.2 73 1-7-10-23
39903 214 1-7-10-16
40642.6 276 1-7-10-17
41745.5 130 1-7-10-22
44651.4 61 1-7-10-27
45470.6 29 1-7-10-11
49390.3 326 1-7-10-28
18751.7 118 1-29-15-16
20967 34 1-29-15-22
21048.9 180 1-29-15-17
22369.4 122 1-29-15-10
31852.6 96 1-29-15-4
32466 230 1-29-15-28
14574.7 161 1-29-24
18967 97 1-29-16-22
20747.5 243 1-29-16-17
21365.5 28 1-29-16-27
32158.6 185 1-29-16-10
33875.1 293 1-29-16-28
34268 34 1-29-16-20
38327.4 159 1-29-16-4
21343.2 83 1-15-16-22
23123.7 229 1-15-16-17
23741.8 14 1-15-16-27
34534.8 171 1-15-16-10
36251.4 279 1-15-16-28
36644.2 20 1-15-16-20
40703.6 145 1-15-16-4
29610.4 145 1-15-22-17
34273.4 195 1-15-22-28
38592.6 87 1-15-22-10
40713.8 61 1-15-22-4
19192.1 573 1-15-22
29692.2 145 1-15-17-22
31617.2 76 1-15-17-27
34822.4 44 1-15-17-11
37571.6 233 1-15-17-10
40178.4 82 1-15-17-20
44694.1 341 1-15-17-28
48019.9 207 1-15-17-4
28405 4 1-11-27-28
26641.8 107 1-11-16-17
38052.9 49 1-11-16-10
39769.5 157 1-11-16-28
44221.7 23 1-11-16-4
14332 382 1-11-27
20602.7 279 1-11-12
35558.1 4 1-11-28-27
37020.9 135 1-11-28-4
46905.3 219 1-11-28-17
48530.5 161 1-11-28-10
48646.5 10 1-11-28-20
27719.9 64 1-4-28-12
46110.9 320 1-4-28-16
52256.5 382 1-4-28-17
53881.6 324 1-4-28-10
53997.7 173 1-4-28-20
51568.1 14 1-4-12-17
27004.9 442 1-4-12
32094.5 65 1-4-20-10
48907.4 61 1-4-20-16
50144.4 123 1-4-20-17
29240 551 1-4-20
33580.8 65 1-4-10-20
48284.3 212 1-4-10-16
49023.9 274 1-4-10-17
37554.3 18 1-28-16-6
37669 404 1-28-16-17
49080.1 346 1-28-16-10
51189.5 195 1-28-16-20
40046.4 80 1-28-6-17
57881.1 22 1-28-6-10
36858.8 508 1-28-6
40855.2 80 1-28-17-6
55965.2 408 1-28-17-10
58572 257 1-28-17-20
36894 296 1-16-17-10
39500.8 145 1-16-17-20
32862 87 1-16-10-20
17751.1 1272 1-17
