13240.8 3 1-8-30-14-7-23
17520.9 122 1-8-30-14-7-4
31735.8 19 1-8-30-14-7-5-26
18429.2 78 1-8-30-14-7-2
19262.7 53 1-8-30-14-7-9
40731.8 63 1-8-30-14-7-21-13
21740.4 212 1-8-30-14-7-21
42477.4 21 1-8-30-14-7-3-13
29808.1 159 1-8-30-14-7-13-5
37734.1 57 1-8-30-14-7-13-17
42314.6 196 1-8-30-14-7-13-26
42639.4 63 1-8-30-14-7-13-21
47035.8 107 1-8-30-14-7-13-28
23157.5 170 1-8-30-14-7-3
37936.3 19 1-8-30-14-7-26-5
42967.9 21 1-8-30-14-7-13-3
68521.5 2614 1-8-30-14-7-23-33-31-38-35-36-1
72621.7 2621 1-8-30-14-7-23-33-31-38-35-34-1
73248.1 2570 1-8-30-14-7-23-33-31-38-36-39-1
77979.1 2683 1-8-30-14-7-23-33-31-38-36-37-1
87478.2 2552 1-8-30-14-7-23-33-31-38-36-34-32-1
67370.7 2614 1-8-30-14-7-23-33-31-38-36-35-1
77431.9 2317 1-8-30-14-7-23-33-31-38-36-34-1
74078.3 2577 1-8-30-14-7-23-33-31-38-39-34-1
76988.4 2570 1-8-30-14-7-23-33-31-38-39-36-1
89348.4 2552 1-8-30-14-7-23-33-31-38-36-32-34-1
72177.5 2690 1-8-30-14-7-23-33-31-38-34-37-1
78493.1 2577 1-8-30-14-7-23-33-31-38-34-39-1
79626 2621 1-8-30-14-7-23-33-31-38-34-35-1
28281.5 4 1-26-18-3-21-9-5
29034.5 29 1-26-18-3-21-2-5
30797.6 73 1-26-18-3-21-4-5
33918.3 21 1-26-18-3-21-4-28
39015.2 43 1-26-18-3-21-28-16
45442 58 1-26-18-3-21-28-5-13
35276.4 21 1-26-18-3-21-28-4
39281.9 207 1-26-18-3-21-28-5
45160.8 105 1-26-18-3-21-28-17
45220.4 8 1-26-18-3-21-28-25
46786 47 1-26-18-3-21-28-10
42679.1 16 1-26-18-3-21-12-13
49288.4 58 1-26-18-3-21-28-13-5
19884 165 1-26-18-3-21-12
45214.1 8 1-26-18-3-21-5-13-17
32785.6 99 1-26-18-3-21-5-10
34124.1 32 1-26-18-3-21-5-15
35065.9 51 1-26-18-3-21-5-19
35359.7 46 1-26-18-3-21-5-29
37242.1 60 1-26-18-3-21-5-25
37383 73 1-26-18-3-21-5-4
37557.5 29 1-26-18-3-21-5-2
37941.2 4 1-26-18-3-21-5-9
40075.8 95 1-26-18-3-21-5-16
40121.6 11 1-26-18-3-21-5-22
43397.9 157 1-26-18-3-21-5-17
44509.3 207 1-26-18-3-21-5-28
44334 87 1-26-18-3-21-11-13
43244.4 11 1-26-18-3-21-22-5
25892 236 1-26-18-3-21-11
46043.3 119 1-26-18-3-21-27-13
28598 268 1-26-18-3-21-27
39574.8 46 1-26-18-3-21-29-5
38825 32 1-26-18-3-21-15-5
34447.1 228 1-26-18-3-21-13-19
35179.2 276 1-26-18-3-21-13-10
54862.3 8 1-26-18-3-21-13-5-17
55973.7 58 1-26-18-3-21-13-5-28
35998.6 209 1-26-18-3-21-13-15
36952.6 237 1-26-18-3-21-13-25
37292.8 125 1-26-18-3-21-13-20
38071.3 223 1-26-18-3-21-13-29
42975.1 272 1-26-18-3-21-13-16
44358.4 334 1-26-18-3-21-13-17
44793.3 188 1-26-18-3-21-13-22
47717.5 119 1-26-18-3-21-13-27
48714.3 87 1-26-18-3-21-13-11
48828.4 250 1-26-18-3-21-13-4
48891 206 1-26-18-3-21-13-2
49164.9 181 1-26-18-3-21-13-9
53067.4 16 1-26-18-3-21-13-12
71357.6 2159 1-26-18-3-21-12-39-37-34-32-1
27493.6 124 1-5-13-19-25-15-29
32310.7 173 1-5-13-19-25-15-16
34526.1 89 1-5-13-19-25-15-22
34607.9 235 1-5-13-19-25-15-17
35928.4 177 1-5-13-19-25-15-10
37494.6 20 1-5-13-19-25-15-27
38042.4 26 1-5-13-19-25-15-20
44831.1 82 1-5-13-19-25-15-9
44909 107 1-5-13-19-25-15-2
45411.6 151 1-5-13-19-25-15-4
46025 285 1-5-13-19-25-15-28
31716.2 187 1-5-13-19-25-29-16
33792.5 103 1-5-13-19-25-29-22
35155 249 1-5-13-19-25-29-17
36759.9 34 1-5-13-19-25-29-27
38497.3 2 1-5-13-19-25-29-11
39427.4 191 1-5-13-19-25-29-10
41438.2 40 1-5-13-19-25-29-20
46092.9 299 1-5-13-19-25-29-28
46175.9 96 1-5-13-19-25-29-9
46384.5 121 1-5-13-19-25-29-2
47087.9 165 1-5-13-19-25-29-4
39230.8 48 1-9-2-4-28-11
42677.9 80 1-9-2-4-28-27
43686.2 149 1-9-2-4-28-22
47879.5 233 1-9-2-4-28-16
54025 295 1-9-2-4-28-17
55650.2 237 1-9-2-4-28-10
55766.2 86 1-9-2-4-28-20
51913 36 1-9-2-4-20-17
31008.6 464 1-9-2-4-20
50052.9 125 1-9-2-4-10-16
50792.4 187 1-9-2-4-10-17
51895.3 41 1-9-2-4-10-22
26470.3 368 1-22-27-11-16
52880.7 52 1-22-27-11-28-17
31083.1 44 1-22-27-11-6
40015.6 22 1-24-6-17-10
47138.2 130 1-24-6-17-28
66598.2 72 1-24-6-10-28
39552.8 450 1-24-6-10
70187.3 72 1-24-6-28-10
