38534.8 111 1-8-30-14-7-23-4-2-13
39994.6 86 1-8-30-14-7-23-4-9-13
19916.1 260 1-8-30-14-7-23-4-2
28537 105 1-8-30-14-7-23-4-21-26
33523.7 16 1-8-30-14-7-23-4-21-28
38751 68 1-8-30-14-7-23-4-21-5
21102 235 1-8-30-14-7-23-4-9
28711.9 63 1-8-30-14-7-23-4-3-26
41286.9 26 1-8-30-14-7-23-4-3-5
47373.7 3 1-8-30-14-7-23-4-18-13
30127.3 63 1-8-30-14-7-23-4-26-3
31790.1 105 1-8-30-14-7-23-4-26-21
34108.9 149 1-8-30-14-7-23-4-26-28
48629.5 52 1-8-30-14-7-23-4-26-5-13
45837.2 37 1-8-30-14-7-23-4-26-16
42469.4 201 1-8-30-14-7-23-4-26-5
50173.1 2 1-8-30-14-7-23-4-26-25
50178.2 41 1-8-30-14-7-23-4-26-10
51809.6 99 1-8-30-14-7-23-4-26-17
28081.5 152 1-8-30-14-7-23-4-18
38195.1 4 1-8-30-14-7-23-4-5-10
44064.4 68 1-8-30-14-7-23-4-5-21
44529.7 201 1-8-30-14-7-23-4-5-26
44762.6 26 1-8-30-14-7-23-4-5-3
48807.4 62 1-8-30-14-7-23-4-5-17
49918.8 112 1-8-30-14-7-23-4-5-28
39290 149 1-8-30-14-7-23-4-28-26
41957.9 16 1-8-30-14-7-23-4-28-21
53039.5 112 1-8-30-14-7-23-4-28-5
58918.3 10 1-8-30-14-7-23-4-28-17
33666.8 70 1-8-30-14-7-23-4-12
42922.4 30 1-8-30-14-7-23-4-20-13
35901.9 179 1-8-30-14-7-23-4-20
40693.3 133 1-8-30-14-7-23-4-13-19
41425.4 181 1-8-30-14-7-23-4-13-10
42244.8 114 1-8-30-14-7-23-4-13-15
56830.9 52 1-8-30-14-7-23-4-13-5-26
43198.8 142 1-8-30-14-7-23-4-13-25
43539.1 30 1-8-30-14-7-23-4-13-20
44317.5 128 1-8-30-14-7-23-4-13-29
49221.3 177 1-8-30-14-7-23-4-13-16
50604.6 239 1-8-30-14-7-23-4-13-17
51039.6 93 1-8-30-14-7-23-4-13-22
53963.8 24 1-8-30-14-7-23-4-13-27
55137.3 111 1-8-30-14-7-23-4-13-2
90469.4 3972 1-8-30-14-7-23-4-2-33-31-38-35-36-39-34-32-1
80423 3737 1-8-30-14-7-23-4-2-33-31-38-35-36-39-34-1
80648.9 3850 1-8-30-14-7-23-4-2-33-31-38-35-36-37-34-1
91903.1 3972 1-8-30-14-7-23-4-2-33-31-38-35-36-39-32-34-1
82888.1 3850 1-8-30-14-7-23-4-2-33-31-38-35-36-34-37-1
89203.7 3737 1-8-30-14-7-23-4-2-33-31-38-35-36-34-39-1
93652 3650 1-8-30-14-7-23-4-2-33-31-38-35-36-32-37-1
84992.4 3910 1-8-30-14-7-23-4-2-33-31-38-35-39-37-32-1
98746.8 3972 1-8-30-14-7-23-4-2-33-31-38-35-39-36-34-32-1
88700.4 3737 1-8-30-14-7-23-4-2-33-31-38-35-39-36-34-1
75542.2 3675 1-8-30-14-7-23-4-2-33-31-38-35-39-37-1
92239.7 3737 1-8-30-14-7-23-4-2-33-31-38-35-39-34-36-1
89157.6 3910 1-8-30-14-7-23-4-2-33-31-38-35-39-32-37-1
47023.4 41 1-26-18-3-21-9-28-12-16
53879 56 1-26-18-3-21-9-28-12-5-13
47718.9 205 1-26-18-3-21-9-28-12-5
53167.3 103 1-26-18-3-21-9-28-12-17
53340.2 6 1-26-18-3-21-9-28-12-25
55146.5 45 1-26-18-3-21-9-28-12-10
43641.7 28 1-26-18-3-21-9-28-11-22
47982.3 112 1-26-18-3-21-9-28-11-16
50112.4 63 1-26-18-3-21-9-28-11-29
52086.2 49 1-26-18-3-21-9-28-11-15
67981.1 25 1-26-18-3-21-9-28-11-17-13
61983.6 127 1-26-18-3-21-9-28-11-5-13
53895 174 1-26-18-3-21-9-28-11-17
56198.2 77 1-26-18-3-21-9-28-11-25
70874.7 25 1-26-18-3-21-9-28-11-13-17
55823.5 276 1-26-18-3-21-9-28-11-5
56794.3 68 1-26-18-3-21-9-28-11-19
61472.1 116 1-26-18-3-21-9-28-11-10
57559.3 56 1-26-18-3-21-9-28-12-13-5
62948.6 127 1-26-18-3-21-9-28-11-13-5
44762.2 60 1-26-18-3-21-9-28-27-22
48558.5 144 1-26-18-3-21-9-28-27-16
51822 95 1-26-18-3-21-9-28-27-29
53954 81 1-26-18-3-21-9-28-27-15
68222.9 57 1-26-18-3-21-9-28-27-17-13
57480.7 109 1-26-18-3-21-9-28-27-25
58497.7 100 1-26-18-3-21-9-28-27-19
65398.9 159 1-26-18-3-21-9-28-27-13-5
54136.8 206 1-26-18-3-21-9-28-27-17
59468.1 308 1-26-18-3-21-9-28-27-5
64100 148 1-26-18-3-21-9-28-27-10
59871.2 64 1-26-18-3-21-9-28-22-16-13
45770.5 60 1-26-18-3-21-9-28-22-27
48097.1 28 1-26-18-3-21-9-28-22-11
57661.9 15 1-26-18-3-21-9-28-22-29-13
47168.3 213 1-26-18-3-21-9-28-22-16
57720 1 1-26-18-3-21-9-28-22-15-13
49862.9 164 1-26-18-3-21-9-28-22-29
67306.3 126 1-26-18-3-21-9-28-22-17-13
51993.7 150 1-26-18-3-21-9-28-22-15
62300.2 29 1-26-18-3-21-9-28-22-25-13
53220.1 275 1-26-18-3-21-9-28-22-17
60724.7 20 1-26-18-3-21-9-28-22-19-13
55619.9 178 1-26-18-3-21-9-28-22-25
62229.8 68 1-26-18-3-21-9-28-22-13-10
63049.2 1 1-26-18-3-21-9-28-22-13-15
63483 228 1-26-18-3-21-9-28-22-13-5
64003.2 29 1-26-18-3-21-9-28-22-13-25
65121.9 15 1-26-18-3-21-9-28-22-13-29
70025.8 64 1-26-18-3-21-9-28-22-13-16
71409.1 126 1-26-18-3-21-9-28-22-13-17
56549.9 169 1-26-18-3-21-9-28-22-19
61497.8 20 1-26-18-3-21-9-28-22-13-19
83643.7 1098 1-26-18-3-21-9-28-11-22-36-34-32-1
39151.9 21 1-5-13-19-25-15-29-24-17
38510.6 145 1-5-13-19-25-15-29-16-6
56922.9 45 1-5-13-19-25-15-29-16-17-10
39243.3 316 1-5-13-19-25-15-29-16-27
50036.4 473 1-5-13-19-25-15-29-16-10
50897.6 213 1-5-13-19-25-15-29-16-12
52145.8 322 1-5-13-19-25-15-29-16-20
32452.5 449 1-5-13-19-25-15-29-24
39104.7 207 1-5-13-19-25-15-29-17-6
42616.6 21 1-5-13-19-25-15-29-17-24
48260.4 378 1-5-13-19-25-15-29-17-27
59212.2 468 1-12-27-16-6-17-10
61819 317 1-12-27-16-6-17-20
61603.9 259 1-12-27-16-6-10-20
15093.5 3438 1-20
