30878 8 1-30-14-20-19-29-11
19996.5 31 1-30-14-20-19-7-23-10
28718.8 9 1-30-14-20-19-7-23-4
29891.8 3 1-30-14-20-19-7-23-21
32817.9 68 1-30-14-20-19-7-23-15
34467.9 32 1-30-14-20-19-7-10-17
35050.9 49 1-30-14-20-19-7-10-21
37863.7 55 1-30-14-20-19-7-10-4
24717.6 31 1-30-14-20-19-7-10-23
42934.3 9 1-30-14-20-19-7-10-2
43033.8 114 1-30-14-20-19-7-10-15
41989.7 9 1-30-14-20-19-7-18-11
22705 147 1-30-14-20-19-7-18
35509 92 1-30-14-20-19-7-4-15
38355 9 1-30-14-20-19-7-4-23
44682.9 10 1-30-14-20-19-7-4-17
51824.4 27 1-30-14-20-19-7-4-21
42778.8 55 1-30-14-20-19-7-4-10
33999.2 4 1-30-14-20-19-7-17-21
40488.9 32 1-30-14-20-19-7-17-10
42426 69 1-30-14-20-19-7-17-15
45788.7 10 1-30-14-20-19-7-17-4
26704.8 62 1-30-14-20-19-7-12
37423.2 46 1-30-14-20-19-7-15-2
40543.7 92 1-30-14-20-19-7-15-4
47488.8 68 1-30-14-20-19-7-15-23
52983.6 114 1-30-14-20-19-7-15-10
46354.8 69 1-30-14-20-19-7-15-17
55059.9 86 1-30-14-20-19-7-15-21
38429.7 4 1-30-14-20-19-7-21-17
45064.4 3 1-30-14-20-19-7-21-23
45502.4 49 1-30-14-20-19-7-21-10
55561.6 86 1-30-14-20-19-7-21-15
57360.7 27 1-30-14-20-19-7-21-4
38609.4 46 1-30-14-20-19-7-2-15
48795.9 119 1-30-14-20-19-7-2-11
54070.3 9 1-30-14-20-19-7-2-10
38985 159 1-30-14-20-19-7-11-21
41921.3 142 1-30-14-20-19-7-11-17
52197.8 141 1-30-14-20-19-7-11-23
52347.1 9 1-30-14-20-19-7-11-18
53852.3 187 1-30-14-20-19-7-11-10
51511.6 119 1-30-14-20-19-7-11-2
62471.1 165 1-30-14-20-19-7-11-4
30346.7 257 1-30-14-20-19-7-2
11358.7 146 1-30-14-20-19-29
38677.6 67 1-30-14-20-19-23-10-11
26695.6 9 1-30-14-20-19-23-7-4
31730.2 68 1-30-14-20-19-23-7-15
32231.9 3 1-30-14-20-19-23-7-21
21780.4 31 1-30-14-20-19-23-7-10
17887.7 205 1-30-14-20-19-23-10
23761.5 27 1-30-14-20-19-23-18
33056.1 22 1-30-14-20-19-23-17-11
24197.1 160 1-30-14-20-19-23-17
56018.7 45 1-30-14-20-19-23-4-11
33705.7 39 1-30-14-20-19-23-21-11
45294.9 3 1-30-14-20-19-23-21-7
38585.4 9 1-30-14-20-19-23-4-7
27783.1 177 1-30-14-20-19-23-21
47719.2 68 1-30-14-20-19-23-15-7
55921.3 104 1-30-14-20-19-23-15-11
26610 183 1-30-14-20-19-23-4
30897.1 137 1-30-14-20-19-23-2
37438.9 39 1-30-14-20-19-23-11-21
40375.2 22 1-30-14-20-19-23-11-17
52306.2 67 1-30-14-20-19-23-11-10
52428.2 141 1-30-14-20-19-23-11-7
60925 45 1-30-14-20-19-23-11-4
51195.3 2627 1-30-14-20-19-29-46-32-45-35-43-37-44-1
44465 2471 1-30-14-20-19-29-46-32-45-35-43-31-1
43161 2516 1-30-14-20-19-29-46-32-45-35-43-40-1
56398.6 2561 1-30-14-20-19-29-46-32-45-35-43-34-1
74164.1 2557 1-30-14-20-19-29-46-32-45-35-43-44-36-1
37985.5 2429 1-30-14-20-19-29-46-32-45-35-43-37-1
58125.5 2359 1-30-14-20-19-29-46-32-45-35-43-36-1
58795.5 2580 1-30-14-20-19-29-46-32-45-35-43-42-1
59691.2 2569 1-30-14-20-19-29-46-32-45-35-43-41-1
72790.5 2551 1-30-14-20-19-29-46-32-45-35-43-33-1
54454.2 2569 1-30-14-20-19-29-46-32-45-35-37-31-44-1
53629.3 2627 1-30-14-20-19-29-46-32-45-35-37-43-44-1
43764 2371 1-30-14-20-19-29-46-32-45-35-37-31-1
52671.6 2614 1-30-14-20-19-29-46-32-45-35-37-40-44-1
39968.8 2429 1-30-14-20-19-29-46-32-45-35-37-43-1
55732.6 2461 1-30-14-20-19-29-46-32-45-35-37-34-1
55802.2 2594 1-30-14-20-19-29-46-32-45-35-37-38-1
73424.6 2649 1-30-14-20-19-29-46-32-45-35-37-44-33-1
64336.1 2569 1-30-14-20-19-29-46-32-45-35-37-44-31-1
66723.4 2627 1-30-14-20-19-29-46-32-45-35-37-44-43-1
74706 2457 1-30-14-20-19-29-46-32-45-35-37-44-36-1
42699.2 2416 1-30-14-20-19-29-46-32-45-35-37-40-1
59563.4 2614 1-30-14-20-19-29-46-32-45-35-37-44-40-1
24347 17 1-17-5-22-13-15
30488.6 54 1-17-5-22-13-7
35200.5 90 1-17-5-22-13-11
26958.5 94 1-17-5-22-2-18
38544.2 39 1-17-5-22-2-15-4
44171.2 135 1-17-5-22-2-15-7
45489.4 15 1-17-5-22-2-15-23
50984.2 61 1-17-5-22-2-15-10
53060.4 33 1-17-5-22-2-15-21
29001.9 9 1-17-5-22-2-12
48673.7 76 1-17-5-22-2-4-7
55351.1 2 1-17-5-22-2-4-10
66106.9 112 1-17-5-22-2-4-11
36698.2 250 1-17-5-22-2-4
39433.9 52 1-17-5-22-2-7-23
44155 98 1-17-5-22-2-7-10
49070.1 76 1-17-5-22-2-7-4
54606.5 70 1-17-5-22-2-7-21
54104.8 135 1-17-5-22-2-7-15
43270.3 106 1-17-5-22-2-11-21
56483 88 1-17-5-22-2-11-23
58137.5 134 1-17-5-22-2-11-10
62559.8 171 1-17-5-22-2-11-15
66756.3 112 1-17-5-22-2-11-4
63604.6 2483 1-17-5-22-13-15-39-33-44-40-31-1
75328.1 2573 1-17-5-22-13-15-39-33-44-40-34-1
83903.7 2581 1-17-5-22-13-15-39-33-44-40-41-1
84322.7 2592 1-17-5-22-13-15-39-33-44-40-42-1
86301.2 2371 1-17-5-22-13-15-39-33-44-40-36-1
70616.3 2645 1-17-5-22-13-15-39-33-44-41-42-1
77596.5 2424 1-17-5-22-13-15-39-33-44-41-36-1
84641.4 2536 1-17-5-22-13-15-39-33-44-41-31-1
96832.3 2626 1-17-5-22-13-15-39-33-44-41-34-1
32825.2 29 1-9-7-23-10-25-21
36431.8 35 1-9-7-23-10-25-4
44252.6 23 1-9-7-23-10-16-21-11
73660.6 29 1-9-7-23-10-16-11-4
38329.9 161 1-9-7-23-10-16-21
49756.2 11 1-9-7-23-10-16-18
54146.4 167 1-9-7-23-10-16-4
54743.4 121 1-9-7-23-10-16-2
34579.9 91 1-9-7-23-10-3-4
46866.3 45 1-9-7-23-10-3-2
54380.7 85 1-9-7-23-10-3-21
50174.6 23 1-9-7-23-10-16-11-21
33502.8 76 1-9-7-23-10-8-18
69677.8 94 1-9-7-23-10-8-4-11
59960.3 48 1-9-7-23-10-8-2-11
40269.1 232 1-9-7-23-10-8-4
56778 88 1-9-7-23-10-8-21-11
41511.1 186 1-9-7-23-10-8-2
70240.9 48 1-9-7-23-10-8-11-2
81200.4 94 1-9-7-23-10-8-11-4
50855.4 226 1-9-7-23-10-8-21
57714.4 88 1-9-7-23-10-8-11-21
73658.5 88 1-9-7-23-10-21-11-2-4
55867.7 23 1-9-7-23-10-21-11-16
56694.2 248 1-9-7-23-10-21-11-18
58006.3 88 1-9-7-23-10-21-11-8
62770.2 163 1-9-7-23-10-21-11-12
90992.8 2558 1-9-7-23-10-25-21-34-38-41-42-36-1
83978.5 2240 1-9-7-23-10-25-21-34-38-41-42-1
84724.3 2240 1-9-7-23-10-25-21-34-38-42-41-1
15562.7 42 1-18-26-8-28
24653.7 6 1-18-26-8-12-4
41639.9 138 1-18-26-8-12-11
16315.2 60 1-18-26-8-3
18020.2 12 1-18-26-8-6
55293.6 63 1-18-26-8-4-2-11
27419.1 6 1-18-26-8-4-12
36844.4 201 1-18-26-8-4-2
16279.1 276 1-18-26-8-12
38086.5 201 1-18-26-8-2-4
23418.3 23 1-18-26-8-24
27264.6 81 1-18-26-8-27
55928 138 1-18-26-8-11-12
44393.3 318 1-18-26-8-28-36-1
44393.3 318 1-18-26-8-28-36-1
44657.7 204 1-27-11-2-6-12
73937 64 1-27-11-2-6-16
79911.3 58 1-27-11-2-12-4-16
45295 204 1-27-11-2-12-6
51765.8 252 1-27-11-2-12-3
56264.4 215 1-27-11-2-12-24
72871.2 328 1-27-11-2-12-16
57968.2 252 1-27-11-2-3-12
73816.9 112 1-27-11-2-3-16
55662 456 1-27-11-2-4-24
88942 58 1-27-11-2-4-12-16
61050.6 445 1-27-11-2-4-6
68731.5 215 1-27-11-2-24-12
85362.2 75 1-27-11-2-24-16
86460.7 112 1-27-11-2-16-3
98757.6 58 1-27-11-2-16-4-12
91717.4 328 1-27-11-2-16-12
91741.3 75 1-27-11-2-16-24
93420.6 64 1-27-11-2-16-6
61539.5 158 1-27-11-16-3-4
66224 121 1-27-11-16-4-24
79920.4 58 1-27-11-16-4-12-2
65461.8 158 1-27-11-16-4-3
71612.6 110 1-27-11-16-4-6
69816.9 374 1-27-11-16-4-12
73825.9 112 1-27-11-16-3-2
89345.7 58 1-27-11-16-4-2-12
57520 428 1-27-11-16-3
71505.5 64 1-27-11-16-2-6
72142.9 328 1-27-11-16-2-12
78345.3 112 1-27-11-16-2-3
84610 75 1-27-11-16-2-24
49987.1 238 1-3-4-24-16
17237.9 2650 1-16
