21146.5 52 1-30-14-20-19-9-7-23-10-25
48632.7 46 1-30-14-20-19-9-7-23-10-16-11
43864.3 23 1-30-14-20-19-9-7-23-10-29-15
51967.2 96 1-30-14-20-19-9-7-23-10-29-11
30174.4 184 1-30-14-20-19-9-7-23-10-16
34941.1 108 1-30-14-20-19-9-7-23-10-3
49974.7 128 1-30-14-20-19-9-7-23-10-17-21-11
69951.3 55 1-30-14-20-19-9-7-23-10-17-21-15
62592.6 88 1-30-14-20-19-9-7-23-10-17-11-2
69355.6 193 1-30-14-20-19-9-7-23-10-17-11-15
73552.1 134 1-30-14-20-19-9-7-23-10-17-11-4
44052 266 1-30-14-20-19-9-7-23-10-17-21
45891.7 116 1-30-14-20-19-9-7-23-10-17-18
55590.9 15 1-30-14-20-19-9-7-23-10-17-2-15
50066.1 128 1-30-14-20-19-9-7-23-10-17-11-21
47328.2 226 1-30-14-20-19-9-7-23-10-17-2
52157.9 31 1-30-14-20-19-9-7-23-10-17-12
60741.5 15 1-30-14-20-19-9-7-23-10-17-15-2
63862 61 1-30-14-20-19-9-7-23-10-17-15-4
78378.2 55 1-30-14-20-19-9-7-23-10-17-15-21
74554.6 4185 1-30-14-20-19-9-7-23-10-25-46-32-45-35-43-37-31-40-38-44-1
97300.2 4172 1-30-14-20-19-9-7-23-10-25-46-32-45-35-43-37-31-40-34-36-1
67681.2 3987 1-30-14-20-19-9-7-23-10-25-46-32-45-35-43-37-31-40-38-1
86594.4 4042 1-30-14-20-19-9-7-23-10-25-46-32-45-35-43-37-31-40-44-33-1
81536.3 4060 1-30-14-20-19-9-7-23-10-25-46-32-45-35-43-37-31-40-44-41-1
83159.2 4185 1-30-14-20-19-9-7-23-10-25-46-32-45-35-43-37-31-40-44-38-1
83217.1 4071 1-30-14-20-19-9-7-23-10-25-46-32-45-35-43-37-31-40-44-42-1
88248 4052 1-30-14-20-19-9-7-23-10-25-46-32-45-35-43-37-31-40-44-34-1
70176.9 3854 1-30-14-20-19-9-7-23-10-25-46-32-45-35-43-37-31-40-34-1
88717.9 4180 1-30-14-20-19-9-7-23-10-25-46-32-45-35-43-37-31-40-41-36-1
78752.5 3862 1-30-14-20-19-9-7-23-10-25-46-32-45-35-43-37-31-40-41-1
86185.8 4191 1-30-14-20-19-9-7-23-10-25-46-32-45-35-43-37-31-40-42-36-1
88745.8 4180 1-30-14-20-19-9-7-23-10-25-46-32-45-35-43-37-31-40-36-41-1
85987.1 4191 1-30-14-20-19-9-7-23-10-25-46-32-45-35-43-37-31-40-36-42-1
109556 4162 1-30-14-20-19-9-7-23-10-25-46-32-45-35-43-37-31-40-36-33-1
110012 4172 1-30-14-20-19-9-7-23-10-25-46-32-45-35-43-37-31-40-36-34-1
105733 4162 1-30-14-20-19-9-7-23-10-25-46-32-45-35-43-37-31-40-33-36-1
86375.1 4204 1-30-14-20-19-9-7-23-10-25-46-32-45-35-43-37-31-40-39-1
76279.8 4230 1-30-14-20-19-9-7-23-10-25-46-32-45-35-43-37-31-34-38-44-1
93156.3 4172 1-30-14-20-19-9-7-23-10-25-46-32-45-35-43-37-31-34-40-36-1
69406.4 4032 1-30-14-20-19-9-7-23-10-25-46-32-45-35-43-37-31-34-38-1
97615.4 4087 1-30-14-20-19-9-7-23-10-25-46-32-45-35-43-37-31-34-44-33-1
92557.3 4105 1-30-14-20-19-9-7-23-10-25-46-32-45-35-43-37-31-34-44-41-1
94180.2 4230 1-30-14-20-19-9-7-23-10-25-46-32-45-35-43-37-31-34-44-38-1
94238.1 4116 1-30-14-20-19-9-7-23-10-25-46-32-45-35-43-37-31-34-44-42-1
83754.2 4052 1-30-14-20-19-9-7-23-10-25-46-32-45-35-43-37-31-34-44-40-1
65683.1 3854 1-30-14-20-19-9-7-23-10-25-46-32-45-35-43-37-31-34-40-1
115455 4207 1-30-14-20-19-9-7-23-10-25-46-32-45-35-43-37-31-34-33-36-1
95897.6 3889 1-30-14-20-19-9-7-23-10-25-46-32-45-35-43-37-31-34-33-1
100703 4225 1-30-14-20-19-9-7-23-10-25-46-32-45-35-43-37-31-34-41-36-1
98179.7 4236 1-30-14-20-19-9-7-23-10-25-46-32-45-35-43-37-31-34-42-36-1
99075.5 4116 1-30-14-20-19-9-7-23-10-25-46-32-45-35-43-37-31-34-42-44-1
97159.7 4105 1-30-14-20-19-9-7-23-10-25-46-32-45-35-43-37-31-34-41-44-1
91165.4 3918 1-30-14-20-19-9-7-23-10-25-46-32-45-35-43-37-31-34-42-1
96607.3 4249 1-30-14-20-19-9-7-23-10-25-46-32-45-35-43-37-31-34-39-1
97605.5 4236 1-30-14-20-19-9-7-23-10-25-46-32-45-35-43-37-31-34-36-42-1
100364 4225 1-30-14-20-19-9-7-23-10-25-46-32-45-35-43-37-31-34-36-41-1
105518 4172 1-30-14-20-19-9-7-23-10-25-46-32-45-35-43-37-31-34-36-40-1
121174 4207 1-30-14-20-19-9-7-23-10-25-46-32-45-35-43-37-31-34-36-33-1
90738 3907 1-30-14-20-19-9-7-23-10-25-46-32-45-35-43-37-31-34-41-1
75454.5 4185 1-30-14-20-19-9-7-23-10-25-46-32-45-35-43-37-31-38-40-44-1
80726.1 4230 1-30-14-20-19-9-7-23-10-25-46-32-45-35-43-37-31-38-34-44-1
65482 3987 1-30-14-20-19-9-7-23-10-25-46-32-45-35-43-37-31-38-40-1
80960 4185 1-30-14-20-19-9-7-23-10-25-46-32-45-35-43-37-31-38-44-40-1
94821.2 4220 1-30-14-20-19-9-7-23-10-25-46-32-45-35-43-37-31-38-44-33-1
89763.1 4238 1-30-14-20-19-9-7-23-10-25-46-32-45-35-43-37-31-38-44-41-1
91443.9 4249 1-30-14-20-19-9-7-23-10-25-46-32-45-35-43-37-31-38-44-42-1
96102.7 4028 1-30-14-20-19-9-7-23-10-25-46-32-45-35-43-37-31-38-44-36-1
71701 4032 1-30-14-20-19-9-7-23-10-25-46-32-45-35-43-37-31-38-34-1
91999 4022 1-30-14-20-19-9-7-23-10-25-46-32-45-35-43-37-31-38-33-1
89072.6 4040 1-30-14-20-19-9-7-23-10-25-46-32-45-35-43-37-31-38-41-1
90010.9 4051 1-30-14-20-19-9-7-23-10-25-46-32-45-35-43-37-31-38-42-1
96474.8 4230 1-30-14-20-19-9-7-23-10-25-46-32-45-35-43-37-31-38-44-34-1
25554.4 2 1-29-8-26-18-13-22-17
25627.6 84 1-29-8-26-18-13-22-15
32684.9 25 1-29-8-26-18-13-22-4
34304.4 19 1-29-8-26-18-13-22-21
31549.7 31 1-29-8-26-18-13-2-5-17
39760.1 113 1-29-8-26-18-13-2-5-15
40115.2 48 1-29-8-26-18-13-2-5-21
45451.8 54 1-29-8-26-18-13-2-5-4
56200.1 52 1-29-8-26-18-13-2-15-12-11
59697.3 138 1-29-8-26-18-13-2-15-4-17
72761.4 17 1-29-8-26-18-13-2-15-4-21-11
66838.8 155 1-29-8-26-18-13-2-15-4-21
30839.3 190 1-29-8-26-18-13-2-15-12
40875.3 113 1-29-8-26-18-13-2-15-5
53719 132 1-29-8-26-18-13-2-15-17-21
65508.5 138 1-29-8-26-18-13-2-15-17-4
74471.7 17 1-29-8-26-18-13-2-15-4-11-21
61828.3 270 1-29-8-26-18-13-2-15-11-17
78330.1 52 1-29-8-26-18-13-2-15-11-12
113071 3483 1-29-8-26-18-13-22-17-44-33-39-41-42-36-34-1
69065.3 19 1-5-2-15-6-12-28-3-4-11
65380.1 13 1-5-2-15-6-12-28-3-21-11
39656.6 157 1-5-2-15-6-12-28-3-4
90884.8 19 1-5-2-15-6-12-28-3-11-4
59457.4 151 1-5-2-15-6-12-28-3-21
40690.4 120 1-5-2-15-6-12-28-4-24
65406.9 40 1-5-2-15-6-12-28-4-27-11
65767.3 19 1-5-2-15-6-12-28-4-3-11
62070.3 178 1-5-2-15-6-12-28-4-27
39928.2 157 1-5-2-15-6-12-28-4-3
82719.7 95 1-5-2-15-6-12-28-4-16-11
68653.9 40 1-5-2-15-6-12-28-4-11-27
83775.6 95 1-5-2-15-6-12-28-4-11-16
91156.4 19 1-5-2-15-6-12-28-4-11-3
64261.4 233 1-5-2-15-6-12-28-4-16
67398.8 13 1-5-2-15-6-12-28-3-11-21
45450.5 120 1-5-2-15-6-12-28-24-4
71526.2 114 1-5-2-15-6-12-28-24-21
57141.4 34 1-5-2-15-6-12-28-27-11-21
80627.4 40 1-5-2-15-6-12-28-27-11-4
54162.1 172 1-5-2-15-6-12-28-27-21
74043.9 178 1-5-2-15-6-12-28-27-4
69671.1 89 1-5-2-15-6-12-28-11-21-16
80955.3 13 1-5-2-15-6-12-28-11-21-3
63414.8 34 1-5-2-15-6-12-28-11-21-27
80710.5 40 1-5-2-15-6-12-28-11-27-4
54548.8 310 1-5-2-15-6-12-28-11-27
98023.3 95 1-5-2-15-6-12-28-11-16-4
81070.9 19 1-5-2-15-6-12-28-11-3-4
100872 13 1-5-2-15-6-12-28-11-3-21
82206.8 89 1-5-2-15-6-12-28-11-16-21
77051.3 289 1-5-2-15-6-12-28-11-3
84640.5 19 1-5-2-15-6-12-28-11-4-3
106783 40 1-5-2-15-6-12-28-11-4-27
108974 95 1-5-2-15-6-12-28-11-4-16
69670.5 365 1-5-2-15-6-12-28-11-16
84385 252 1-5-2-15-6-12-28-11-24
47882.2 448 1-5-2-15-6-12-28-27
57538.4 172 1-5-2-15-6-12-28-21-27
63794.7 227 1-5-2-15-6-12-28-21-16
75078.8 151 1-5-2-15-6-12-28-21-3
60517.7 34 1-5-2-15-6-12-28-21-11-27
75639.4 89 1-5-2-15-6-12-28-21-11-16
83020.2 13 1-5-2-15-6-12-28-21-11-3
