43102.9 50 1-30-14-20-19-9-7-23-10-25-16-21
48131 33 1-30-14-20-19-9-7-23-10-25-16-17
58919.4 56 1-30-14-20-19-9-7-23-10-25-16-4
59516.5 10 1-30-14-20-19-9-7-23-10-25-16-2
61992.8 115 1-30-14-20-19-9-7-23-10-25-16-15
44673.1 106 1-30-14-20-19-9-7-23-10-25-29-4
45413.5 83 1-30-14-20-19-9-7-23-10-25-29-17
71312.6 27 1-30-14-20-19-9-7-23-10-25-29-15-11
47215 60 1-30-14-20-19-9-7-23-10-25-29-2
52448.3 100 1-30-14-20-19-9-7-23-10-25-29-21
46100.4 165 1-30-14-20-19-9-7-23-10-25-29-15
79415.5 27 1-30-14-20-19-9-7-23-10-25-29-11-15
48719.5 39 1-30-14-20-19-9-7-23-10-25-3-15
62950.5 112 1-30-14-20-19-9-7-23-10-25-3-11
37111.5 250 1-30-14-20-19-9-7-23-10-25-3
42081.9 96 1-30-14-20-19-9-7-23-10-25-17-5
77076.6 59 1-30-14-20-19-9-7-23-10-25-17-21-11-15
66515.7 92 1-30-14-20-19-9-7-23-10-25-17-21-2
71841 197 1-30-14-20-19-9-7-23-10-25-17-21-15
73640.2 138 1-30-14-20-19-9-7-23-10-25-17-21-4
72745 19 1-30-14-20-19-9-7-23-10-25-17-11-2-15
77855.2 59 1-30-14-20-19-9-7-23-10-25-17-11-21-15
64482.3 230 1-30-14-20-19-9-7-23-10-25-17-11-2
65317.9 120 1-30-14-20-19-9-7-23-10-25-17-11-18
79508 19 1-30-14-20-19-9-7-23-10-25-17-11-15-2
82628.5 65 1-30-14-20-19-9-7-23-10-25-17-11-15-4
51955.8 270 1-30-14-20-19-9-7-23-10-25-17-11-21
71393.9 35 1-30-14-20-19-9-7-23-10-25-17-11-12
97144.7 59 1-30-14-20-19-9-7-23-10-25-17-11-15-21
103955 5095 1-30-14-20-19-9-7-23-10-25-3-42-41-36-46-32-45-35-43-37-31-38-44-1
104809 4917 1-30-14-20-19-9-7-23-10-25-3-42-41-36-46-32-45-35-43-37-31-44-40-1
118670 4952 1-30-14-20-19-9-7-23-10-25-3-42-41-36-46-32-45-35-43-37-31-44-33-1
120323 4962 1-30-14-20-19-9-7-23-10-25-3-42-41-36-46-32-45-35-43-37-31-44-34-1
97081.8 4897 1-30-14-20-19-9-7-23-10-25-3-42-41-36-46-32-45-35-43-37-31-38-1
118223 4754 1-30-14-20-19-9-7-23-10-25-3-42-41-36-46-32-45-35-43-37-31-33-1
118451 5114 1-30-14-20-19-9-7-23-10-25-3-42-41-36-46-32-45-35-43-37-31-39-1
104847 5140 1-30-14-20-19-9-7-23-10-25-3-42-41-36-46-32-45-35-43-37-40-38-44-1
97974 4942 1-30-14-20-19-9-7-23-10-25-3-42-41-36-46-32-45-35-43-37-40-38-1
116887 4997 1-30-14-20-19-9-7-23-10-25-3-42-41-36-46-32-45-35-43-37-40-44-33-1
107799 4917 1-30-14-20-19-9-7-23-10-25-3-42-41-36-46-32-45-35-43-37-40-44-31-1
113452 5140 1-30-14-20-19-9-7-23-10-25-3-42-41-36-46-32-45-35-43-37-40-44-38-1
116468 4799 1-30-14-20-19-9-7-23-10-25-3-42-41-36-46-32-45-35-43-37-40-33-1
116668 5159 1-30-14-20-19-9-7-23-10-25-3-42-41-36-46-32-45-35-43-37-40-39-1
115235 5095 1-30-14-20-19-9-7-23-10-25-3-42-41-36-46-32-45-35-43-37-31-44-38-1
118541 5007 1-30-14-20-19-9-7-23-10-25-3-42-41-36-46-32-45-35-43-37-40-44-34-1
100470 4809 1-30-14-20-19-9-7-23-10-25-3-42-41-36-46-32-45-35-43-37-40-34-1
107638 5185 1-30-14-20-19-9-7-23-10-25-3-42-41-36-46-32-45-35-43-37-34-38-44-1
100764 4987 1-30-14-20-19-9-7-23-10-25-3-42-41-36-46-32-45-35-43-37-34-38-1
128973 5042 1-30-14-20-19-9-7-23-10-25-3-42-41-36-46-32-45-35-43-37-34-44-33-1
119885 4962 1-30-14-20-19-9-7-23-10-25-3-42-41-36-46-32-45-35-43-37-34-44-31-1
125538 5185 1-30-14-20-19-9-7-23-10-25-3-42-41-36-46-32-45-35-43-37-34-44-38-1
127256 4844 1-30-14-20-19-9-7-23-10-25-3-42-41-36-46-32-45-35-43-37-34-33-1
127965 5204 1-30-14-20-19-9-7-23-10-25-3-42-41-36-46-32-45-35-43-37-34-39-1
107524 5140 1-30-14-20-19-9-7-23-10-25-3-42-41-36-46-32-45-35-43-37-38-40-44-1
112796 5185 1-30-14-20-19-9-7-23-10-25-3-42-41-36-46-32-45-35-43-37-38-34-44-1
97552 4942 1-30-14-20-19-9-7-23-10-25-3-42-41-36-46-32-45-35-43-37-38-40-1
110340 5095 1-30-14-20-19-9-7-23-10-25-3-42-41-36-46-32-45-35-43-37-38-31-44-1
103771 4987 1-30-14-20-19-9-7-23-10-25-3-42-41-36-46-32-45-35-43-37-38-34-1
113030 5140 1-30-14-20-19-9-7-23-10-25-3-42-41-36-46-32-45-35-43-37-38-44-40-1
126891 5175 1-30-14-20-19-9-7-23-10-25-3-42-41-36-46-32-45-35-43-37-38-44-33-1
128545 5185 1-30-14-20-19-9-7-23-10-25-3-42-41-36-46-32-45-35-43-37-38-44-34-1
99650 4897 1-30-14-20-19-9-7-23-10-25-3-42-41-36-46-32-45-35-43-37-38-31-1
124069 4977 1-30-14-20-19-9-7-23-10-25-3-42-41-36-46-32-45-35-43-37-38-33-1
115112 5007 1-30-14-20-19-9-7-23-10-25-3-42-41-36-46-32-45-35-43-37-34-44-40-1
97041 4809 1-30-14-20-19-9-7-23-10-25-3-42-41-36-46-32-45-35-43-37-34-40-1
117803 5095 1-30-14-20-19-9-7-23-10-25-3-42-41-36-46-32-45-35-43-37-38-44-31-1
105610 4917 1-30-14-20-19-9-7-23-10-25-3-42-41-36-46-32-45-35-43-37-44-40-31-1
117334 5007 1-30-14-20-19-9-7-23-10-25-3-42-41-36-46-32-45-35-43-37-44-40-34-1
133332 4997 1-30-14-20-19-9-7-23-10-25-3-42-41-36-46-32-45-35-43-37-44-40-33-1
131645 5175 1-30-14-20-19-9-7-23-10-25-3-42-41-36-46-32-45-35-43-37-44-33-38-1
128368 4952 1-30-14-20-19-9-7-23-10-25-3-42-41-36-46-32-45-35-43-37-44-33-31-1
137838 5042 1-30-14-20-19-9-7-23-10-25-3-42-41-36-46-32-45-35-43-37-44-33-34-1
114838 5140 1-30-14-20-19-9-7-23-10-25-3-42-41-36-46-32-45-35-43-37-44-40-38-1
32739.5 23 1-29-8-26-18-13-22-2-5-17
40949.9 105 1-29-8-26-18-13-22-2-5-15
41305 40 1-29-8-26-18-13-22-2-5-21
46641.6 46 1-29-8-26-18-13-22-2-5-4
57389.9 44 1-29-8-26-18-13-22-2-15-12-11
60887 130 1-29-8-26-18-13-22-2-15-4-17
73951.2 9 1-29-8-26-18-13-22-2-15-4-21-11
68028.6 147 1-29-8-26-18-13-22-2-15-4-21
32029.1 182 1-29-8-26-18-13-22-2-15-12
42065.1 105 1-29-8-26-18-13-22-2-15-5
54908.8 124 1-29-8-26-18-13-22-2-15-17-21
66698.2 130 1-29-8-26-18-13-22-2-15-17-4
75661.4 9 1-29-8-26-18-13-22-2-15-4-11-21
63018.1 262 1-29-8-26-18-13-22-2-15-11-17
79519.9 44 1-29-8-26-18-13-22-2-15-11-12
86310.9 2661 1-29-8-26-18-13-22-2-15-12-39-33-44-31-38-1
90644 19 1-17-5-27-11-21-16-4-24-28-6
20000 5225 1--104729808
