33504 75 1-26-18-27-11-7-23-13
33542.1 15 1-26-18-27-11-7-23-6
40789.5 19 1-26-18-27-11-7-23-4-14
33673 120 1-26-18-27-11-7-23-4
41264.3 101 1-26-18-27-11-7-23-25
42614.8 29 1-26-18-27-11-7-28-14
46608.2 19 1-26-18-27-11-7-23-14-4
24439.2 130 1-26-18-27-11-7-28
28519.9 28 1-26-18-27-11-7-10
43024.2 20 1-26-18-27-11-7-13-16
52231.7 99 1-26-18-27-11-7-13-4-14
53075.7 23 1-26-18-27-11-7-13-4-25
43725.2 75 1-26-18-27-11-7-13-23
48426 80 1-26-18-27-11-7-13-14-25
68784.1 2933 1-26-18-27-11-7-28-60-33-51-32-55-43-1
63925.3 2961 1-26-18-27-11-7-28-60-33-51-32-55-58-1
63979.1 2912 1-26-18-27-11-7-28-60-33-51-32-40-58-1
74980 2884 1-26-18-27-11-7-28-60-33-51-32-40-43-1
50227 2813 1-26-18-27-11-7-28-60-33-51-32-55-1
72956.8 2932 1-26-18-27-11-7-28-60-33-51-32-41-43-1
70571.9 2960 1-26-18-27-11-7-28-60-33-51-32-41-58-1
45669.3 2764 1-26-18-27-11-7-28-60-33-51-32-40-1
68354 2946 1-26-18-27-11-7-28-60-33-51-32-53-58-1
77752.3 2918 1-26-18-27-11-7-28-60-33-51-32-53-43-1
50966.5 2812 1-26-18-27-11-7-28-60-33-51-32-41-1
53529.3 2886 1-26-18-27-11-7-28-60-33-51-32-44-1
61221.5 2912 1-26-18-27-11-7-28-60-33-51-32-58-40-1
66487.2 2936 1-26-18-27-11-7-28-60-33-51-32-58-57-1
71562.8 2961 1-26-18-27-11-7-28-60-33-51-32-58-55-1
70160.7 2960 1-26-18-27-11-7-28-60-33-51-32-58-41-1
65904.2 2946 1-26-18-27-11-7-28-60-33-51-32-58-53-1
50410.3 2798 1-26-18-27-11-7-28-60-33-51-32-53-1
66997.9 2932 1-26-18-27-11-7-28-60-33-51-32-43-41-1
70873.9 2933 1-26-18-27-11-7-28-60-33-51-32-43-55-1
66674.6 2884 1-26-18-27-11-7-28-60-33-51-32-43-40-1
69754.7 2918 1-26-18-27-11-7-28-60-33-51-32-43-53-1
75703.6 2908 1-26-18-27-11-7-28-60-33-51-32-43-57-1
34181.4 107 1-2-4-29-15-25-14-6
35140 167 1-2-4-29-15-25-14-13
37946.9 32 1-2-4-29-15-25-14-16
39268.8 87 1-2-4-29-15-25-14-23
53688.4 5 1-2-4-29-15-25-6-13
31123.9 208 1-2-4-29-15-25-6
57669.5 5 1-2-4-29-15-25-13-6
56557 2954 1-2-4-29-15-25-6-50-46-54-41-59-53-1
62503.5 2944 1-2-4-29-15-25-6-50-46-54-41-59-57-1
98074.1 2889 1-2-4-29-15-25-6-50-46-54-41-59-43-58-1
23578.4 87 1-8-17-30-14-3-21
25217.5 73 1-8-17-30-14-3-20
41381.1 108 1-8-17-30-14-3-24
55320.3 20 1-8-17-30-14-3-16-13
42344.4 143 1-8-17-30-14-3-22
58308.7 75 1-8-17-30-14-3-13-23
41434.9 223 1-8-17-30-14-3-16
46643 28 1-8-17-30-14-3-10
50006 278 1-8-17-30-14-3-23
26431.8 115 1-8-17-30-14-21-20
44246.6 150 1-8-17-30-14-21-24
58181.9 62 1-8-17-30-14-21-16-13
24617 87 1-8-17-30-14-21-3
45250.5 185 1-8-17-30-14-21-22
61053.3 117 1-8-17-30-14-21-13-23
44296.5 265 1-8-17-30-14-21-16
47704.3 19 1-8-17-30-14-21-19
48116.3 70 1-8-17-30-14-21-10
48821.6 4 1-8-17-30-14-21-12
60352.3 62 1-8-17-30-14-21-13-16
82110.7 2891 1-8-17-30-14-3-21-36-31-44-45-58-39-43-1
53305.9 2951 1-8-17-30-14-3-21-36-31-44-45-58-38-1
50078.7 2885 1-8-17-30-14-3-21-36-31-44-45-58-37-1
81409.1 2943 1-8-17-30-14-3-21-36-31-44-45-58-34-43-1
50735.5 2771 1-8-17-30-14-3-21-36-31-44-45-58-39-1
62273.5 2883 1-8-17-30-14-3-21-36-31-44-45-58-49-1
83082.5 2945 1-8-17-30-14-3-21-36-31-44-45-58-57-55-1
54630.9 2823 1-8-17-30-14-3-21-36-31-44-45-58-34-1
81986.3 2945 1-8-17-30-14-3-21-36-31-44-45-58-55-57-1
87428.2 2955 1-8-17-30-14-3-21-36-31-44-45-58-56-43-1
74672.8 2835 1-8-17-30-14-3-21-36-31-44-45-58-56-1
81139.2 2941 1-8-17-30-14-3-21-36-31-44-45-58-35-43-1
86394.7 2955 1-8-17-30-14-3-21-36-31-44-45-58-43-56-1
89298 2742 1-8-17-30-14-3-21-36-31-44-45-58-43-55-1
89284.8 2943 1-8-17-30-14-3-21-36-31-44-45-58-43-34-1
94127.7 2717 1-8-17-30-14-3-21-36-31-44-45-58-43-57-1
100769 2891 1-8-17-30-14-3-21-36-31-44-45-58-43-39-1
77946 2821 1-8-17-30-14-3-21-36-31-44-45-58-35-1
61241.5 2946 1-8-17-30-14-3-21-36-31-44-45-39-57-1
67151.2 2971 1-8-17-30-14-3-21-36-31-44-45-39-55-1
30329.1 82 1-5-12-13-19-22-16
50969.3 137 1-5-12-13-19-22-23
28694.1 207 1-5-12-13-19-9
30335.3 47 1-5-12-13-19-24-16
58016.2 102 1-5-12-13-19-24-23
30132.1 385 1-5-12-13-19-24
30525.3 47 1-5-12-13-19-16-24
50144.2 12 1-5-12-13-19-16-20
58408.9 217 1-5-12-13-19-16-23
85846.7 2999 1-5-12-13-19-9-38-39-34-49-35-43-1
94607.9 2800 1-5-12-13-19-9-38-39-34-49-43-55-1
99437.7 2775 1-5-12-13-19-9-38-39-34-49-43-57-1
82653.5 2879 1-5-12-13-19-9-38-39-34-49-35-1
84962.7 2893 1-5-12-13-19-9-38-39-34-49-56-1
86920.9 2999 1-5-12-13-19-9-38-39-34-49-43-35-1
132661 2877 1-23-10-20-24-16-22-55-52-61-43-56-57-1
124343 2896 1-23-10-20-24-16-22-55-52-61-43-48-1
124277 2961 1-23-10-20-24-16-22-55-52-61-43-42-1
126282 2790 1-23-10-20-24-16-22-55-52-61-43-47-1
122396 2554 1-23-10-20-24-16-22-55-52-61-43-56-1
128392 2757 1-23-10-20-24-16-22-55-52-61-56-57-1
140452 2896 1-23-10-20-24-16-22-55-52-61-48-43-1
144687 2877 1-23-10-20-24-16-22-55-52-61-56-43-57-1
115813 2776 1-23-10-20-24-16-22-55-52-61-48-1
143518 2961 1-23-10-20-24-16-22-55-52-61-42-43-1
113228 2841 1-23-10-20-24-16-22-55-52-61-42-1
120279 2993 1-23-10-20-24-16-22-55-52-61-47-57-1
119932 2993 1-23-10-20-24-16-22-55-52-61-57-47-1
125909 2685 1-23-10-20-24-16-22-55-52-43-56-48-1
127642 2750 1-23-10-20-24-16-22-55-52-43-56-42-1
134897 2902 1-23-10-20-24-16-22-55-52-43-56-47-57-1
150927 2877 1-23-10-20-24-16-22-55-52-43-56-61-57-1
129630 2579 1-23-10-20-24-16-22-55-52-43-56-47-1
132667 2902 1-23-10-20-24-16-22-55-52-43-56-57-47-1
134983 2554 1-23-10-20-24-16-22-55-52-43-56-61-1
132472 2896 1-23-10-20-24-16-22-55-52-43-61-48-1
129887 2961 1-23-10-20-24-16-22-55-52-43-61-42-1
131671 2790 1-23-10-20-24-16-22-55-52-43-61-47-1
134787 2554 1-23-10-20-24-16-22-55-52-43-61-56-1
128440 2921 1-23-10-20-24-16-22-55-52-43-48-47-1
137793 2685 1-23-10-20-24-16-22-55-52-43-48-56-1
144552 2896 1-23-10-20-24-16-22-55-52-43-48-61-1
126091 2986 1-23-10-20-24-16-22-55-52-43-42-47-1
145176 2750 1-23-10-20-24-16-22-55-52-43-42-56-1
147618 2961 1-23-10-20-24-16-22-55-52-43-42-61-1
150668 2902 1-23-10-20-24-16-22-55-52-43-47-57-56-1
126558 2986 1-23-10-20-24-16-22-55-52-43-47-42-1
134557 2921 1-23-10-20-24-16-22-55-52-43-47-48-1
147632 2579 1-23-10-20-24-16-22-55-52-43-47-56-1
149869 2790 1-23-10-20-24-16-22-55-52-43-47-61-1
129920 2512 1-23-10-20-24-16-22-55-52-43-57-42-1
151700 2902 1-23-10-20-24-16-22-55-52-43-57-47-56-1
162051 2877 1-23-10-20-24-16-22-55-52-43-57-56-61-1
156698 2902 1-23-10-20-24-16-22-55-52-43-57-56-47-1
108543 2866 1-23-10-20-24-16-22-55-52-42-47-1
132438 2953 1-23-10-20-24-16-22-55-52-42-57-56-1
114757 2972 1-23-10-20-24-16-22-55-52-42-48-1
137893 2953 1-23-10-20-24-16-22-55-52-42-56-57-1
142629 2961 1-23-10-20-24-16-22-55-52-42-61-43-1
142874 2750 1-23-10-20-24-16-22-55-52-42-43-56-1
146760 2986 1-23-10-20-24-16-22-55-52-42-43-47-1
141119 2961 1-23-10-20-24-16-22-55-52-42-43-61-1
130070 2841 1-23-10-20-24-16-22-55-52-42-61-1
145380 2902 1-23-10-20-24-16-22-55-52-47-57-56-43-1
136746 2993 1-23-10-20-24-16-22-55-52-47-57-61-1
132625 2782 1-23-10-20-24-16-22-55-52-47-57-56-1
138804 2986 1-23-10-20-24-16-22-55-52-47-42-43-1
148919 2902 1-23-10-20-24-16-22-55-52-47-57-43-56-1
108515 2866 1-23-10-20-24-16-22-55-52-47-42-1
141153 2921 1-23-10-20-24-16-22-55-52-47-48-43-1
116514 2801 1-23-10-20-24-16-22-55-52-47-48-1
139853 2782 1-23-10-20-24-16-22-55-52-47-56-57-1
147770 2993 1-23-10-20-24-16-22-55-52-47-61-57-1
156148 2902 1-23-10-20-24-16-22-55-52-47-56-43-57-1
143096 2790 1-23-10-20-24-16-22-55-52-47-43-61-1
146798 2921 1-23-10-20-24-16-22-55-52-47-43-48-1
146731 2986 1-23-10-20-24-16-22-55-52-47-43-42-1
144851 2579 1-23-10-20-24-16-22-55-52-47-43-56-1
129589 2459 1-23-10-20-24-16-22-55-52-47-56-1
171919 2902 1-23-10-20-24-16-22-55-52-47-43-57-56-1
113355 2972 1-23-10-20-24-16-22-55-52-48-42-1
136730 2888 1-23-10-20-24-16-22-55-52-48-57-56-1
145897 2921 1-23-10-20-24-16-22-55-52-48-47-43-1
134758 2888 1-23-10-20-24-16-22-55-52-48-56-57-1
115140 2801 1-23-10-20-24-16-22-55-52-48-47-1
143812 2896 1-23-10-20-24-16-22-55-52-48-61-43-1
131253 2776 1-23-10-20-24-16-22-55-52-48-61-1
139783 2896 1-23-10-20-24-16-22-55-52-48-43-61-1
145424 2921 1-23-10-20-24-16-22-55-52-48-43-47-1
141538 2685 1-23-10-20-24-16-22-55-52-48-43-56-1
124493 2565 1-23-10-20-24-16-22-55-52-48-56-1
148875 2877 1-23-10-20-24-16-22-55-52-56-43-61-57-1
136633 2685 1-23-10-20-24-16-22-55-52-56-43-48-1
136567 2750 1-23-10-20-24-16-22-55-52-56-43-42-1
143839 2902 1-23-10-20-24-16-22-55-52-56-43-47-57-1
132931 2554 1-23-10-20-24-16-22-55-52-56-43-61-1
165875 2877 1-23-10-20-24-16-22-55-52-56-43-57-61-1
138572 2579 1-23-10-20-24-16-22-55-52-56-43-47-1
126155 2888 1-23-10-20-24-16-22-55-52-56-48-57-1
142640 2902 1-23-10-20-24-16-22-55-52-56-43-57-47-1
119588 2565 1-23-10-20-24-16-22-55-52-56-48-1
127911 2953 1-23-10-20-24-16-22-55-52-56-42-57-1
121321 2630 1-23-10-20-24-16-22-55-52-56-42-1
144606 2757 1-23-10-20-24-16-22-55-52-56-61-57-1
158135 2902 1-23-10-20-24-16-22-55-52-56-47-57-43-1
128576 2782 1-23-10-20-24-16-22-55-52-56-47-57-1
155025 2877 1-23-10-20-24-16-22-55-52-56-61-43-57-1
167870 2902 1-23-10-20-24-16-22-55-52-56-47-43-57-1
126131 2953 1-23-10-20-24-16-22-55-52-56-57-42-1
131825 2888 1-23-10-20-24-16-22-55-52-56-57-48-1
157103 2902 1-23-10-20-24-16-22-55-52-56-57-47-43-1
159999 2877 1-23-10-20-24-16-22-55-52-56-57-43-61-1
126346 2782 1-23-10-20-24-16-22-55-52-56-57-47-1
137124 2993 1-23-10-20-24-16-22-55-52-57-47-61-1
134887 2782 1-23-10-20-24-16-22-55-52-57-47-56-1
134221 2953 1-23-10-20-24-16-22-55-52-57-42-56-1
150149 2902 1-23-10-20-24-16-22-55-52-57-47-43-56-1
132465 2888 1-23-10-20-24-16-22-55-52-57-48-56-1
136163 2888 1-23-10-20-24-16-22-55-52-57-56-48-1
149507 2877 1-23-10-20-24-16-22-55-52-57-56-43-61-1
137897 2953 1-23-10-20-24-16-22-55-52-57-56-42-1
145238 2757 1-23-10-20-24-16-22-55-52-57-56-61-1
139885 2782 1-23-10-20-24-16-22-55-52-57-56-47-1
150917 2757 1-23-10-20-24-16-22-55-52-57-61-56-1
147801 2993 1-23-10-20-24-16-22-55-52-57-61-47-1
155147 2902 1-23-10-20-24-16-22-55-52-57-56-43-47-1
156179 2902 1-23-10-20-24-16-22-55-52-57-43-56-47-1
161532 2877 1-23-10-20-24-16-22-55-52-57-43-56-61-1
150610 2512 1-23-10-20-24-16-22-55-52-57-43-42-1
124998 2704 1-23-10-20-24-16-22-55-61-43-56-48-1
126732 2769 1-23-10-20-24-16-22-55-61-43-56-42-1
133987 2921 1-23-10-20-24-16-22-55-61-43-56-47-57-1
151690 2877 1-23-10-20-24-16-22-55-61-43-56-57-52-1
128720 2598 1-23-10-20-24-16-22-55-61-43-56-47-1
135114 2554 1-23-10-20-24-16-22-55-61-43-56-52-1
132498 2961 1-23-10-20-24-16-22-55-61-43-52-42-1
134008 2790 1-23-10-20-24-16-22-55-61-43-52-47-1
136813 2896 1-23-10-20-24-16-22-55-61-43-52-48-1
141845 2554 1-23-10-20-24-16-22-55-61-43-52-56-1
131756 2921 1-23-10-20-24-16-22-55-61-43-56-57-47-1
127529 2940 1-23-10-20-24-16-22-55-61-43-48-47-1
136882 2704 1-23-10-20-24-16-22-55-61-43-48-56-1
141966 2896 1-23-10-20-24-16-22-55-61-43-48-52-1
144266 2769 1-23-10-20-24-16-22-55-61-43-42-56-1
143302 2961 1-23-10-20-24-16-22-55-61-43-42-52-1
149758 2921 1-23-10-20-24-16-22-55-61-43-47-57-56-1
133647 2940 1-23-10-20-24-16-22-55-61-43-47-48-1
146722 2598 1-23-10-20-24-16-22-55-61-43-47-56-1
145279 2790 1-23-10-20-24-16-22-55-61-43-47-52-1
129009 2531 1-23-10-20-24-16-22-55-61-43-57-42-1
134703 2466 1-23-10-20-24-16-22-55-61-43-57-48-1
162182 2877 1-23-10-20-24-16-22-55-61-43-57-56-52-1
155788 2921 1-23-10-20-24-16-22-55-61-43-57-56-47-1
115839 2841 1-23-10-20-24-16-22-55-61-52-42-1
122616 2993 1-23-10-20-24-16-22-55-61-52-47-57-1
141771 2877 1-23-10-20-24-16-22-55-61-52-43-56-57-1
133453 2896 1-23-10-20-24-16-22-55-61-52-43-48-1
133387 2961 1-23-10-20-24-16-22-55-61-52-43-42-1
135392 2790 1-23-10-20-24-16-22-55-61-52-43-47-1
131506 2554 1-23-10-20-24-16-22-55-61-52-43-56-1
117349 2670 1-23-10-20-24-16-22-55-61-52-47-1
120154 2776 1-23-10-20-24-16-22-55-61-52-48-1
135451 2757 1-23-10-20-24-16-22-55-61-52-56-57-1
122647 2993 1-23-10-20-24-16-22-55-61-52-57-47-1
141761 2757 1-23-10-20-24-16-22-55-61-52-57-56-1
127296 2907 1-23-10-20-24-16-22-55-61-56-48-57-1
153642 2877 1-23-10-20-24-16-22-55-61-56-43-52-57-1
137774 2704 1-23-10-20-24-16-22-55-61-56-43-48-1
137708 2769 1-23-10-20-24-16-22-55-61-56-43-42-1
144980 2921 1-23-10-20-24-16-22-55-61-56-43-47-57-1
137166 2554 1-23-10-20-24-16-22-55-61-56-43-52-1
163715 2877 1-23-10-20-24-16-22-55-61-56-43-57-52-1
139713 2598 1-23-10-20-24-16-22-55-61-56-43-47-1
129052 2972 1-23-10-20-24-16-22-55-61-56-42-57-1
143782 2921 1-23-10-20-24-16-22-55-61-56-43-57-47-1
122463 2649 1-23-10-20-24-16-22-55-61-56-42-1
129718 2801 1-23-10-20-24-16-22-55-61-56-47-57-1
124451 2478 1-23-10-20-24-16-22-55-61-56-47-1
127487 2801 1-23-10-20-24-16-22-55-61-56-57-47-1
127272 2972 1-23-10-20-24-16-22-55-61-56-57-42-1
132966 2907 1-23-10-20-24-16-22-55-61-56-57-48-1
147421 2757 1-23-10-20-24-16-22-55-61-56-57-52-1
147322 2757 1-23-10-20-24-16-22-55-61-56-52-57-1
166781 2921 1-23-10-20-24-16-22-55-61-56-57-43-47-1
117214 2991 1-23-10-20-24-16-22-55-61-48-42-1
140588 2907 1-23-10-20-24-16-22-55-61-48-57-56-1
149756 2940 1-23-10-20-24-16-22-55-61-48-47-43-1
118999 2820 1-23-10-20-24-16-22-55-61-48-47-1
138617 2907 1-23-10-20-24-16-22-55-61-48-56-57-1
146735 2896 1-23-10-20-24-16-22-55-61-48-43-52-1
149283 2940 1-23-10-20-24-16-22-55-61-48-43-47-1
145397 2704 1-23-10-20-24-16-22-55-61-48-43-56-1
128352 2584 1-23-10-20-24-16-22-55-61-48-56-1
133436 2776 1-23-10-20-24-16-22-55-61-48-52-1
114131 2885 1-23-10-20-24-16-22-55-61-42-47-1
138026 2972 1-23-10-20-24-16-22-55-61-42-57-56-1
120345 2991 1-23-10-20-24-16-22-55-61-42-48-1
143481 2972 1-23-10-20-24-16-22-55-61-42-56-57-1
151739 2961 1-23-10-20-24-16-22-55-61-42-52-43-1
132253 2841 1-23-10-20-24-16-22-55-61-42-52-1
149801 2961 1-23-10-20-24-16-22-55-61-42-43-52-1
148462 2769 1-23-10-20-24-16-22-55-61-42-43-56-1
133217 2649 1-23-10-20-24-16-22-55-61-42-56-1
151243 2921 1-23-10-20-24-16-22-55-61-47-57-56-43-1
139307 2993 1-23-10-20-24-16-22-55-61-47-57-52-1
138487 2801 1-23-10-20-24-16-22-55-61-47-57-56-1
114377 2885 1-23-10-20-24-16-22-55-61-47-42-1
147016 2940 1-23-10-20-24-16-22-55-61-47-48-43-1
154782 2921 1-23-10-20-24-16-22-55-61-47-57-43-56-1
122377 2820 1-23-10-20-24-16-22-55-61-47-48-1
145716 2801 1-23-10-20-24-16-22-55-61-47-56-57-1
150485 2993 1-23-10-20-24-16-22-55-61-47-52-57-1
160978 2921 1-23-10-20-24-16-22-55-61-47-43-56-57-1
152052 2790 1-23-10-20-24-16-22-55-61-47-43-52-1
152660 2940 1-23-10-20-24-16-22-55-61-47-43-48-1
150713 2598 1-23-10-20-24-16-22-55-61-47-43-56-1
134009 2670 1-23-10-20-24-16-22-55-61-47-52-1
139705 2972 1-23-10-20-24-16-22-55-61-57-42-56-1
4.6495e+12 3000 1-1013103072
