57278.4 9 1-26-18-27-11-7-23-5-28-13-4-14
50161.8 110 1-26-18-27-11-7-23-5-28-13-4
53437.7 91 1-26-18-27-11-7-23-5-28-13-25
56749.9 5 1-26-18-27-11-7-23-5-28-13-6
44332.6 53 1-26-18-27-11-7-23-5-28-22
54475.5 35 1-26-18-27-11-7-23-5-28-4-14-25
52477.4 136 1-26-18-27-11-7-23-5-28-4-25
53395.1 50 1-26-18-27-11-7-23-5-28-4-6
60493.3 110 1-26-18-27-11-7-23-5-28-4-13
70248.9 9 1-26-18-27-11-7-23-5-28-14-4-13
76942.4 4398 1-26-18-27-11-7-23-5-28-22-49-52-55-61-60-33-51-1
84145.6 4305 1-26-18-27-11-7-23-5-28-22-49-52-55-61-60-33-32-40-1
89442.8 4353 1-26-18-27-11-7-23-5-28-22-49-52-55-61-60-33-32-41-1
88886.6 4339 1-26-18-27-11-7-23-5-28-22-49-52-55-61-60-33-32-53-1
93322.4 4329 1-26-18-27-11-7-23-5-28-22-49-52-55-61-60-33-32-57-1
109035 4272 1-26-18-27-11-7-23-5-28-22-49-52-55-61-60-33-35-43-58-1
93125.6 4351 1-26-18-27-11-7-23-5-28-22-49-52-55-61-60-33-35-41-1
92165.8 4303 1-26-18-27-11-7-23-5-28-22-49-52-55-61-60-33-35-40-1
95563.3 4337 1-26-18-27-11-7-23-5-28-22-49-52-55-61-60-33-35-53-1
101388 4327 1-26-18-27-11-7-23-5-28-22-49-52-55-61-60-33-35-57-1
36512.1 106 1-2-4-29-15-25-14-30-17-3
51455 81 1-2-4-29-15-25-14-30-17-13-16
60134 156 1-2-4-29-15-25-14-30-17-13-6
38158 148 1-2-4-29-15-25-14-30-17-21
39060.6 134 1-2-4-29-15-25-14-30-17-20
39415.3 38 1-2-4-29-15-25-14-30-17-19
39995.7 23 1-2-4-29-15-25-14-30-17-12
40005.4 169 1-2-4-29-15-25-14-30-17-24
72256.8 21 1-2-4-29-15-25-14-30-17-16-6
40152.5 284 1-2-4-29-15-25-14-30-17-16
76578.2 21 1-2-4-29-15-25-14-30-17-6-16
78920.1 4296 1-2-4-29-15-25-14-30-17-3-36-31-44-45-58-39-38-34-40-1
83991.2 4330 1-2-4-29-15-25-14-30-17-3-36-31-44-45-58-39-38-34-53-1
86047.2 4344 1-2-4-29-15-25-14-30-17-3-36-31-44-45-58-39-38-34-41-1
87049.2 4320 1-2-4-29-15-25-14-30-17-3-36-31-44-45-58-39-38-34-57-1
76188 4358 1-2-4-29-15-25-14-30-17-3-36-31-44-45-58-39-38-37-40-1
82254.7 4382 1-2-4-29-15-25-14-30-17-3-36-31-44-45-58-39-38-37-57-1
80885.3 4392 1-2-4-29-15-25-14-30-17-3-36-31-44-45-58-39-38-37-53-1
81775.5 4296 1-2-4-29-15-25-14-30-17-3-36-31-44-45-58-39-38-32-40-1
87072.7 4344 1-2-4-29-15-25-14-30-17-3-36-31-44-45-58-39-38-32-41-1
86516.5 4330 1-2-4-29-15-25-14-30-17-3-36-31-44-45-58-39-38-32-53-1
90952.3 4320 1-2-4-29-15-25-14-30-17-3-36-31-44-45-58-39-38-32-57-1
107830 4365 1-2-4-29-15-25-14-30-17-3-36-31-44-45-58-39-38-47-43-1
77072.5 4245 1-2-4-29-15-25-14-30-17-3-36-31-44-45-58-39-38-47-1
83156.2 4365 1-2-4-29-15-25-14-30-17-3-36-31-44-45-58-39-38-40-59-1
84302.7 4353 1-2-4-29-15-25-14-30-17-3-36-31-44-45-58-39-38-40-54-1
81496.7 4358 1-2-4-29-15-25-14-30-17-3-36-31-44-45-58-39-38-40-37-1
92545.8 4381 1-2-4-29-15-25-14-30-17-3-36-31-44-45-58-39-38-40-50-1
86245.7 4296 1-2-4-29-15-25-14-30-17-3-36-31-44-45-58-39-38-40-32-1
113867 4283 1-2-4-29-15-25-14-30-17-3-36-31-44-45-58-39-38-40-46-43-1
90026.1 4296 1-2-4-29-15-25-14-30-17-3-36-31-44-45-58-39-38-40-34-1
96028 4308 1-2-4-29-15-25-14-30-17-3-36-31-44-45-58-39-38-40-56-1
103528 4294 1-2-4-29-15-25-14-30-17-3-36-31-44-45-58-39-38-40-35-1
110052 4214 1-2-4-29-15-25-14-30-17-3-36-31-44-45-58-39-38-40-43-41-1
112809 4200 1-2-4-29-15-25-14-30-17-3-36-31-44-45-58-39-38-40-43-53-1
118758 4190 1-2-4-29-15-25-14-30-17-3-36-31-44-45-58-39-38-40-43-57-1
95639.1 4163 1-2-4-29-15-25-14-30-17-3-36-31-44-45-58-39-38-40-46-1
87869.7 4389 1-2-4-29-15-25-14-30-17-3-36-31-44-45-58-39-38-57-59-1
85315.6 4382 1-2-4-29-15-25-14-30-17-3-36-31-44-45-58-39-38-57-37-1
89362.1 4377 1-2-4-29-15-25-14-30-17-3-36-31-44-45-58-39-38-57-54-1
117228 4307 1-2-4-29-15-25-14-30-17-3-36-31-44-45-58-39-38-57-46-43-1
93174.8 4320 1-2-4-29-15-25-14-30-17-3-36-31-44-45-58-39-38-57-32-1
95907.4 4320 1-2-4-29-15-25-14-30-17-3-36-31-44-45-58-39-38-57-34-1
101512 4332 1-2-4-29-15-25-14-30-17-3-36-31-44-45-58-39-38-57-56-1
110502 4318 1-2-4-29-15-25-14-30-17-3-36-31-44-45-58-39-38-57-35-1
116833 4238 1-2-4-29-15-25-14-30-17-3-36-31-44-45-58-39-38-57-43-41-1
116510 4190 1-2-4-29-15-25-14-30-17-3-36-31-44-45-58-39-38-57-43-40-1
119590 4224 1-2-4-29-15-25-14-30-17-3-36-31-44-45-58-39-38-57-43-53-1
98999.9 4187 1-2-4-29-15-25-14-30-17-3-36-31-44-45-58-39-38-57-46-1
117720 4283 1-2-4-29-15-25-14-30-17-3-36-31-44-45-58-39-38-40-43-46-1
124502 4307 1-2-4-29-15-25-14-30-17-3-36-31-44-45-58-39-38-57-43-46-1
84095.6 4399 1-2-4-29-15-25-14-30-17-3-36-31-44-45-58-39-38-53-59-1
85562.7 4387 1-2-4-29-15-25-14-30-17-3-36-31-44-45-58-39-38-53-54-1
86118.6 4392 1-2-4-29-15-25-14-30-17-3-36-31-44-45-58-39-38-53-37-1
114348 4317 1-2-4-29-15-25-14-30-17-3-36-31-44-45-58-39-38-53-46-43-1
97735.8 4342 1-2-4-29-15-25-14-30-17-3-36-31-44-45-58-39-38-53-56-1
90911.4 4330 1-2-4-29-15-25-14-30-17-3-36-31-44-45-58-39-38-53-32-1
95021.8 4330 1-2-4-29-15-25-14-30-17-3-36-31-44-45-58-39-38-53-34-1
106850 4328 1-2-4-29-15-25-14-30-17-3-36-31-44-45-58-39-38-53-35-1
113057 4248 1-2-4-29-15-25-14-30-17-3-36-31-44-45-58-39-38-53-43-41-1
112734 4200 1-2-4-29-15-25-14-30-17-3-36-31-44-45-58-39-38-53-43-40-1
121763 4224 1-2-4-29-15-25-14-30-17-3-36-31-44-45-58-39-38-53-43-57-1
96120.4 4197 1-2-4-29-15-25-14-30-17-3-36-31-44-45-58-39-38-53-46-1
83709.9 4365 1-2-4-29-15-25-14-30-17-3-36-31-44-45-58-39-38-59-40-1
90671.1 4389 1-2-4-29-15-25-14-30-17-3-36-31-44-45-58-39-38-59-57-1
84724.6 4399 1-2-4-29-15-25-14-30-17-3-36-31-44-45-58-39-38-59-53-1
120725 4317 1-2-4-29-15-25-14-30-17-3-36-31-44-45-58-39-38-53-43-46-1
83959.1 4351 1-2-4-29-15-25-14-30-17-3-36-31-44-45-58-39-38-48-1
84976.4 4353 1-2-4-29-15-25-14-30-17-3-36-31-44-45-58-39-38-54-40-1
92283.6 4377 1-2-4-29-15-25-14-30-17-3-36-31-44-45-58-39-38-54-57-1
86311.8 4387 1-2-4-29-15-25-14-30-17-3-36-31-44-45-58-39-38-54-53-1
113742 4331 1-2-4-29-15-25-14-30-17-3-36-31-44-45-58-39-38-41-46-43-1
95364.6 4356 1-2-4-29-15-25-14-30-17-3-36-31-44-45-58-39-38-41-56-1
95514.1 4211 1-2-4-29-15-25-14-30-17-3-36-31-44-45-58-39-38-41-46-1
92251.1 4344 1-2-4-29-15-25-14-30-17-3-36-31-44-45-58-39-38-41-32-1
118752 4331 1-2-4-29-15-25-14-30-17-3-36-31-44-45-58-39-38-41-43-46-1
110760 4214 1-2-4-29-15-25-14-30-17-3-36-31-44-45-58-39-38-41-43-40-1
113840 4248 1-2-4-29-15-25-14-30-17-3-36-31-44-45-58-39-38-41-43-53-1
105196 4342 1-2-4-29-15-25-14-30-17-3-36-31-44-45-58-39-38-41-35-1
97861.3 4344 1-2-4-29-15-25-14-30-17-3-36-31-44-45-58-39-38-41-34-1
119789 4238 1-2-4-29-15-25-14-30-17-3-36-31-44-45-58-39-38-41-43-57-1
93192.3 4118 1-2-4-29-15-25-14-30-17-3-36-31-44-45-58-39-38-41-57-1
101551 4342 1-2-4-29-15-25-14-30-17-3-36-31-44-45-58-39-38-35-41-1
100591 4294 1-2-4-29-15-25-14-30-17-3-36-31-44-45-58-39-38-35-40-1
103988 4328 1-2-4-29-15-25-14-30-17-3-36-31-44-45-58-39-38-35-53-1
109813 4318 1-2-4-29-15-25-14-30-17-3-36-31-44-45-58-39-38-35-57-1
92769.9 4381 1-2-4-29-15-25-14-30-17-3-36-31-44-45-58-39-38-50-40-1
95004.4 4356 1-2-4-29-15-25-14-30-17-3-36-31-44-45-58-39-38-56-41-1
98159.1 4342 1-2-4-29-15-25-14-30-17-3-36-31-44-45-58-39-38-56-53-1
96375.9 4308 1-2-4-29-15-25-14-30-17-3-36-31-44-45-58-39-38-56-40-1
104108 4332 1-2-4-29-15-25-14-30-17-3-36-31-44-45-58-39-38-56-57-1
99245.9 4115 1-2-4-29-15-25-14-30-17-3-36-31-44-45-58-39-38-43-35-1
100256 4117 1-2-4-29-15-25-14-30-17-3-36-31-44-45-58-39-38-43-32-1
106242 4248 1-2-4-29-15-25-14-30-17-3-36-31-44-45-58-39-38-43-41-53-1
104597 4214 1-2-4-29-15-25-14-30-17-3-36-31-44-45-58-39-38-43-41-40-1
114575 4331 1-2-4-29-15-25-14-30-17-3-36-31-44-45-58-39-38-43-41-46-1
112254 4238 1-2-4-29-15-25-14-30-17-3-36-31-44-45-58-39-38-43-41-57-1
104030 4129 1-2-4-29-15-25-14-30-17-3-36-31-44-45-58-39-38-43-56-1
103864 4174 1-2-4-29-15-25-14-30-17-3-36-31-44-45-58-39-38-43-54-1
104537 4186 1-2-4-29-15-25-14-30-17-3-36-31-44-45-58-39-38-43-59-1
112203 4317 1-2-4-29-15-25-14-30-17-3-36-31-44-45-58-39-38-43-46-53-1
111646 4283 1-2-4-29-15-25-14-30-17-3-36-31-44-45-58-39-38-43-46-40-1
117255 4307 1-2-4-29-15-25-14-30-17-3-36-31-44-45-58-39-38-43-46-57-1
110725 3984 1-2-4-29-15-25-14-30-17-3-36-31-44-45-58-39-38-43-46-1
107816 4200 1-2-4-29-15-25-14-30-17-3-36-31-44-45-58-39-38-43-40-53-1
112149 4190 1-2-4-29-15-25-14-30-17-3-36-31-44-45-58-39-38-43-40-57-1
122729 4283 1-2-4-29-15-25-14-30-17-3-36-31-44-45-58-39-38-43-40-46-1
86866.7 167 1-8-13-12-19-9-24-16-20-6
85297.4 181 1-8-13-12-19-9-24-16-21-6
61157.8 430 1-8-13-12-19-9-24-16-20
77633.4 122 1-8-13-12-19-9-24-16-6-10
99149 167 1-8-13-12-19-9-24-16-6-20
73645.1 385 1-8-13-12-19-9-24-16-10
87033.3 31 1-8-13-12-19-9-24-20-21-6
112863 167 1-8-13-12-19-9-24-20-16-6
64620 294 1-8-13-12-19-9-24-20-21
109059 31 1-8-13-12-19-9-24-20-6-21
116983 4345 1-8-13-12-19-9-24-16-20-47-42-53-48-59-54-43-1
106477 4382 1-8-13-12-19-9-24-16-20-47-42-53-48-59-41-46-1
104155 4289 1-8-13-12-19-9-24-16-20-47-42-53-48-59-41-57-1
94049 4225 1-8-13-12-19-9-24-16-20-47-42-53-48-59-54-1
125031 4373 1-8-13-12-19-9-24-16-20-47-42-53-48-59-50-43-1
105133 4382 1-8-13-12-19-9-24-16-20-47-42-53-48-59-46-41-1
111575 4358 1-8-13-12-19-9-24-16-20-47-42-53-48-59-46-57-1
102621 4253 1-8-13-12-19-9-24-16-20-47-42-53-48-59-50-1
108308 4289 1-8-13-12-19-9-24-16-20-47-42-53-48-59-57-41-1
117071 4358 1-8-13-12-19-9-24-16-20-47-42-53-48-59-57-46-1
118966 4300 1-8-13-12-19-9-24-16-20-47-42-53-48-59-56-43-1
106210 4180 1-8-13-12-19-9-24-16-20-47-42-53-48-59-56-1
125264 4288 1-8-13-12-19-9-24-16-20-47-42-53-48-59-32-43-1
133600 4288 1-8-13-12-19-9-24-16-20-47-42-53-48-59-34-43-1
101802 4168 1-8-13-12-19-9-24-16-20-47-42-53-48-59-32-1
118175 4286 1-8-13-12-19-9-24-16-20-47-42-53-48-59-43-35-1
122959 4300 1-8-13-12-19-9-24-16-20-47-42-53-48-59-43-56-1
119185 4288 1-8-13-12-19-9-24-16-20-47-42-53-48-59-43-32-1
121986 4086 1-8-13-12-19-9-24-16-20-47-42-53-48-59-43-41-1
122794 4345 1-8-13-12-19-9-24-16-20-47-42-53-48-59-43-54-1
129654 4155 1-8-13-12-19-9-24-16-20-47-42-53-48-59-43-46-1
131417 4373 1-8-13-12-19-9-24-16-20-47-42-53-48-59-43-50-1
125849 4288 1-8-13-12-19-9-24-16-20-47-42-53-48-59-43-34-1
106822 4168 1-8-13-12-19-9-24-16-20-47-42-53-48-59-34-1
116002 4166 1-8-13-12-19-9-24-16-20-47-42-53-48-59-35-1
106334 4370 1-8-13-12-19-9-24-16-20-47-42-53-48-54-41-46-1
133571 4397 1-8-13-12-19-9-24-16-20-47-42-53-48-54-41-57-43-1
104012 4277 1-8-13-12-19-9-24-16-20-47-42-53-48-54-41-57-1
118971 4345 1-8-13-12-19-9-24-16-20-47-42-53-48-54-59-43-1
130609 4397 1-8-13-12-19-9-24-16-20-47-42-53-48-54-41-43-57-1
94637.9 4225 1-8-13-12-19-9-24-16-20-47-42-53-48-54-59-1
126219 4361 1-8-13-12-19-9-24-16-20-47-42-53-48-54-50-43-1
103809 4241 1-8-13-12-19-9-24-16-20-47-42-53-48-54-50-1
111969 4346 1-8-13-12-19-9-24-16-20-47-42-53-48-54-46-57-1
105528 4370 1-8-13-12-19-9-24-16-20-47-42-53-48-54-46-41-1
118800 4288 1-8-13-12-19-9-24-16-20-47-42-53-48-54-56-43-1
106045 4168 1-8-13-12-19-9-24-16-20-47-42-53-48-54-56-1
132379 4397 1-8-13-12-19-9-24-16-20-47-42-53-48-54-57-41-43-1
119152 4346 1-8-13-12-19-9-24-16-20-47-42-53-48-54-57-46-1
110389 4277 1-8-13-12-19-9-24-16-20-47-42-53-48-54-57-41-1
136986 4397 1-8-13-12-19-9-24-16-20-47-42-53-48-54-57-43-41-1
118091 4274 1-8-13-12-19-9-24-16-20-47-42-53-48-54-43-35-1
122875 4288 1-8-13-12-19-9-24-16-20-47-42-53-48-54-43-56-1
119101 4276 1-8-13-12-19-9-24-16-20-47-42-53-48-54-43-32-1
121902 4074 1-8-13-12-19-9-24-16-20-47-42-53-48-54-43-41-1
123383 4345 1-8-13-12-19-9-24-16-20-47-42-53-48-54-43-59-1
129570 4143 1-8-13-12-19-9-24-16-20-47-42-53-48-54-43-46-1
125765 4276 1-8-13-12-19-9-24-16-20-47-42-53-48-54-43-34-1
131333 4361 1-8-13-12-19-9-24-16-20-47-42-53-48-54-43-50-1
115722 4046 1-10-6-21-57-50-46-41-56-43-35-32-34-1
7207.52 4400 1-34
