57723.8 84 1-26-18-27-11-7-23-5-28-12-13-19-14
58623.5 27 1-26-18-27-11-7-23-5-28-12-13-19-4
60562.1 8 1-26-18-27-11-7-23-5-28-12-13-19-25
48368.3 13 1-26-18-27-11-7-23-5-28-12-13-22-16
65824.1 73 1-26-18-27-11-7-23-5-28-12-13-22-14-25
70098.5 92 1-26-18-27-11-7-23-5-28-12-13-22-14-4
73583.1 16 1-26-18-27-11-7-23-5-28-12-13-22-25-4
65622.6 174 1-26-18-27-11-7-23-5-28-12-13-22-25
74081.3 16 1-26-18-27-11-7-23-5-28-12-13-22-4-25
104245 5478 1-26-18-27-11-7-23-5-28-12-13-22-16-38-58-39-45-44-31-36-37-47-57-40-1
104882 5488 1-26-18-27-11-7-23-5-28-12-13-22-16-38-58-39-45-44-31-36-37-47-40-53-1
109216 5478 1-26-18-27-11-7-23-5-28-12-13-22-16-38-58-39-45-44-31-36-37-47-40-57-1
103102 5488 1-26-18-27-11-7-23-5-28-12-13-22-16-38-58-39-45-44-31-36-37-47-53-40-1
106454 5474 1-26-18-27-11-7-23-5-28-12-13-22-16-38-58-39-45-44-31-36-37-47-59-1
107843 5462 1-26-18-27-11-7-23-5-28-12-13-22-16-38-58-39-45-44-31-36-37-47-54-1
114490 5490 1-26-18-27-11-7-23-5-28-12-13-22-16-38-58-39-45-44-31-36-37-47-50-1
109409 5405 1-26-18-27-11-7-23-5-28-12-13-22-16-38-58-39-45-44-31-36-37-47-32-1
111858 5405 1-26-18-27-11-7-23-5-28-12-13-22-16-38-58-39-45-44-31-36-37-47-34-1
136760 5392 1-26-18-27-11-7-23-5-28-12-13-22-16-38-58-39-45-44-31-36-37-47-46-43-1
115172 5397 1-26-18-27-11-7-23-5-28-12-13-22-16-38-58-39-45-44-31-36-37-47-33-1
119909 5417 1-26-18-27-11-7-23-5-28-12-13-22-16-38-58-39-45-44-31-36-37-47-56-1
130331 5410 1-26-18-27-11-7-23-5-28-12-13-22-16-38-58-39-45-44-31-36-37-47-60-43-1
118532 5272 1-26-18-27-11-7-23-5-28-12-13-22-16-38-58-39-45-44-31-36-37-47-46-1
118641 5465 1-26-18-27-11-7-23-5-28-12-13-22-16-38-58-39-45-44-31-36-37-47-49-1
116653 5290 1-26-18-27-11-7-23-5-28-12-13-22-16-38-58-39-45-44-31-36-37-47-60-1
127621 5403 1-26-18-27-11-7-23-5-28-12-13-22-16-38-58-39-45-44-31-36-37-47-35-1
129580 5410 1-26-18-27-11-7-23-5-28-12-13-22-16-38-58-39-45-44-31-36-37-47-43-60-1
134199 5323 1-26-18-27-11-7-23-5-28-12-13-22-16-38-58-39-45-44-31-36-37-47-43-41-1
141867 5392 1-26-18-27-11-7-23-5-28-12-13-22-16-38-58-39-45-44-31-36-37-47-43-46-1
133876 5275 1-26-18-27-11-7-23-5-28-12-13-22-16-38-58-39-45-44-31-36-37-47-43-40-1
136956 5309 1-26-18-27-11-7-23-5-28-12-13-22-16-38-58-39-45-44-31-36-37-47-43-53-1
142905 5299 1-26-18-27-11-7-23-5-28-12-13-22-16-38-58-39-45-44-31-36-37-47-43-57-1
103611 5179 1-26-18-27-11-7-23-5-28-12-13-22-16-38-58-39-45-44-31-36-37-47-57-1
128126 5446 1-26-18-27-11-7-23-5-28-12-13-22-16-38-58-39-45-44-31-36-37-42-40-43-1
129678 5480 1-26-18-27-11-7-23-5-28-12-13-22-16-38-58-39-45-44-31-36-37-42-53-43-1
98815.4 5326 1-26-18-27-11-7-23-5-28-12-13-22-16-38-58-39-45-44-31-36-37-42-40-1
133984 5470 1-26-18-27-11-7-23-5-28-12-13-22-16-38-58-39-45-44-31-36-37-42-57-43-1
102336 5360 1-26-18-27-11-7-23-5-28-12-13-22-16-38-58-39-45-44-31-36-37-42-53-1
129608 5494 1-26-18-27-11-7-23-5-28-12-13-22-16-38-58-39-45-44-31-36-37-42-41-43-1
104426 5350 1-26-18-27-11-7-23-5-28-12-13-22-16-38-58-39-45-44-31-36-37-42-57-1
117837 5443 1-26-18-27-11-7-23-5-28-12-13-22-16-38-58-39-45-44-31-36-37-42-46-1
115774 5461 1-26-18-27-11-7-23-5-28-12-13-22-16-38-58-39-45-44-31-36-37-42-60-1
139040 5495 1-26-18-27-11-7-23-5-28-12-13-22-16-38-58-39-45-44-31-36-37-42-55-43-1
107618 5374 1-26-18-27-11-7-23-5-28-12-13-22-16-38-58-39-45-44-31-36-37-42-41-1
133224 5494 1-26-18-27-11-7-23-5-28-12-13-22-16-38-58-39-45-44-31-36-37-42-43-41-1
132900 5446 1-26-18-27-11-7-23-5-28-12-13-22-16-38-58-39-45-44-31-36-37-42-43-40-1
135981 5480 1-26-18-27-11-7-23-5-28-12-13-22-16-38-58-39-45-44-31-36-37-42-43-53-1
141929 5470 1-26-18-27-11-7-23-5-28-12-13-22-16-38-58-39-45-44-31-36-37-42-43-57-1
120483 5375 1-26-18-27-11-7-23-5-28-12-13-22-16-38-58-39-45-44-31-36-37-42-55-1
138075 5324 1-26-18-27-11-7-23-5-28-12-13-22-16-38-58-39-45-44-31-36-37-47-43-55-1
120951 5204 1-26-18-27-11-7-23-5-28-12-13-22-16-38-58-39-45-44-31-36-37-47-55-1
137100 5495 1-26-18-27-11-7-23-5-28-12-13-22-16-38-58-39-45-44-31-36-37-42-43-55-1
130345 5429 1-26-18-27-11-7-23-5-28-12-13-22-16-38-58-39-45-44-31-36-37-40-53-59-43-1
130412 5417 1-26-18-27-11-7-23-5-28-12-13-22-16-38-58-39-45-44-31-36-37-40-53-54-43-1
106011 5309 1-26-18-27-11-7-23-5-28-12-13-22-16-38-58-39-45-44-31-36-37-40-53-59-1
105944 5488 1-26-18-27-11-7-23-5-28-12-13-22-16-38-58-39-45-44-31-36-37-40-53-47-1
138620 5481 1-26-18-27-11-7-23-5-28-12-13-22-16-38-58-39-45-44-31-36-37-40-53-57-41-43-1
125393 5430 1-26-18-27-11-7-23-5-28-12-13-22-16-38-58-39-45-44-31-36-37-40-53-57-46-1
126218 5448 1-26-18-27-11-7-23-5-28-12-13-22-16-38-58-39-45-44-31-36-37-40-53-57-60-1
149776 5482 1-26-18-27-11-7-23-5-28-12-13-22-16-38-58-39-45-44-31-36-37-40-53-57-55-43-1
116630 5361 1-26-18-27-11-7-23-5-28-12-13-22-16-38-58-39-45-44-31-36-37-40-53-57-41-1
143227 5481 1-26-18-27-11-7-23-5-28-12-13-22-16-38-58-39-45-44-31-36-37-40-53-57-43-41-1
131219 5362 1-26-18-27-11-7-23-5-28-12-13-22-16-38-58-39-45-44-31-36-37-40-53-57-55-1
107479 5297 1-26-18-27-11-7-23-5-28-12-13-22-16-38-58-39-45-44-31-36-37-40-53-54-1
119832 5454 1-26-18-27-11-7-23-5-28-12-13-22-16-38-58-39-45-44-31-36-37-40-53-41-46-1
119980 5472 1-26-18-27-11-7-23-5-28-12-13-22-16-38-58-39-45-44-31-36-37-40-53-41-60-1
117510 5361 1-26-18-27-11-7-23-5-28-12-13-22-16-38-58-39-45-44-31-36-37-40-53-41-57-1
128016 5386 1-26-18-27-11-7-23-5-28-12-13-22-16-38-58-39-45-44-31-36-37-40-53-41-55-1
147103 5482 1-26-18-27-11-7-23-5-28-12-13-22-16-38-58-39-45-44-31-36-37-40-53-57-43-55-1
136854 5445 1-26-18-27-11-7-23-5-28-12-13-22-16-38-58-39-45-44-31-36-37-40-53-50-43-1
118125 5454 1-26-18-27-11-7-23-5-28-12-13-22-16-38-58-39-45-44-31-36-37-40-53-46-41-1
124566 5430 1-26-18-27-11-7-23-5-28-12-13-22-16-38-58-39-45-44-31-36-37-40-53-46-57-1
137360 5455 1-26-18-27-11-7-23-5-28-12-13-22-16-38-58-39-45-44-31-36-37-40-53-46-55-1
114444 5325 1-26-18-27-11-7-23-5-28-12-13-22-16-38-58-39-45-44-31-36-37-40-53-50-1
128374 5473 1-26-18-27-11-7-23-5-28-12-13-22-16-38-58-39-45-44-31-36-37-40-53-60-55-1
126358 5472 1-26-18-27-11-7-23-5-28-12-13-22-16-38-58-39-45-44-31-36-37-40-53-60-41-1
133477 5448 1-26-18-27-11-7-23-5-28-12-13-22-16-38-58-39-45-44-31-36-37-40-53-60-57-1
122116 5444 1-26-18-27-11-7-23-5-28-12-13-22-16-38-58-39-45-44-31-36-37-40-53-52-1
124540 5463 1-26-18-27-11-7-23-5-28-12-13-22-16-38-58-39-45-44-31-36-37-40-53-61-1
144114 5420 1-26-18-27-11-7-23-5-28-12-13-22-16-38-58-39-45-44-31-36-37-40-53-49-43-1
130988 5473 1-26-18-27-11-7-23-5-28-12-13-22-16-38-58-39-45-44-31-36-37-40-53-55-60-1
156976 5482 1-26-18-27-11-7-23-5-28-12-13-22-16-38-58-39-45-44-31-36-37-40-53-55-43-57-1
137008 5386 1-26-18-27-11-7-23-5-28-12-13-22-16-38-58-39-45-44-31-36-37-40-53-55-41-1
141092 5362 1-26-18-27-11-7-23-5-28-12-13-22-16-38-58-39-45-44-31-36-37-40-53-55-57-1
148060 5455 1-26-18-27-11-7-23-5-28-12-13-22-16-38-58-39-45-44-31-36-37-40-53-55-46-1
122798 5300 1-26-18-27-11-7-23-5-28-12-13-22-16-38-58-39-45-44-31-36-37-40-53-49-1
131162 5358 1-26-18-27-11-7-23-5-28-12-13-22-16-38-58-39-45-44-31-36-37-40-53-43-35-1
130354 5245 1-26-18-27-11-7-23-5-28-12-13-22-16-38-58-39-45-44-31-36-37-40-53-43-60-1
67170.4 154 1-2-4-29-15-25-14-30-17-8-9-6
39634.6 58 1-2-4-29-15-25-14-30-17-8-3-21
41273.7 44 1-2-4-29-15-25-14-30-17-8-3-20
57437.4 79 1-2-4-29-15-25-14-30-17-8-3-24
37731.6 417 1-2-4-29-15-25-14-30-17-8-9
49744.2 11 1-2-4-29-15-25-14-30-17-8-19-24
66353.7 201 1-2-4-29-15-25-14-30-17-8-19-6
41311.4 58 1-2-4-29-15-25-14-30-17-8-21-3
43126.3 86 1-2-4-29-15-25-14-30-17-8-21-20
60941.1 121 1-2-4-29-15-25-14-30-17-8-21-24
64810.7 41 1-2-4-29-15-25-14-30-17-8-21-10
50453.3 11 1-2-4-29-15-25-14-30-17-8-24-19
59806.6 79 1-2-4-29-15-25-14-30-17-8-24-3
59938.7 107 1-2-4-29-15-25-14-30-17-8-24-20
61633.4 121 1-2-4-29-15-25-14-30-17-8-24-21
72258.7 62 1-2-4-29-15-25-14-30-17-8-24-10
43720.6 44 1-2-4-29-15-25-14-30-17-8-20-3
43896.4 86 1-2-4-29-15-25-14-30-17-8-20-21
60016.5 107 1-2-4-29-15-25-14-30-17-8-20-24
68652.9 27 1-2-4-29-15-25-14-30-17-8-20-10
49771.7 252 1-2-4-29-15-25-14-30-17-8-6-10
67797.1 269 1-2-4-29-15-25-14-30-17-8-6-3
67991.7 311 1-2-4-29-15-25-14-30-17-8-6-21
72506.3 201 1-2-4-29-15-25-14-30-17-8-6-19
75017.2 154 1-2-4-29-15-25-14-30-17-8-6-9
77509.5 332 1-2-4-29-15-25-14-30-17-8-6-24
71862.1 41 1-2-4-29-15-25-14-30-17-8-10-21
74934.2 27 1-2-4-29-15-25-14-30-17-8-10-20
78617.7 62 1-2-4-29-15-25-14-30-17-8-10-24
71287.4 297 1-2-4-29-15-25-14-30-17-8-6-20
42064.6 244 1-2-4-29-15-25-14-30-17-3-21-20
58296.9 101 1-2-4-29-15-25-14-30-17-3-21-9
91810.4 16 1-2-4-29-15-25-14-30-17-3-21-24-6
51131.6 58 1-2-4-29-15-25-14-30-17-3-21-8
59879.4 279 1-2-4-29-15-25-14-30-17-3-21-24
63337 148 1-2-4-29-15-25-14-30-17-3-21-19
63749 199 1-2-4-29-15-25-14-30-17-3-21-10
53540.8 44 1-2-4-29-15-25-14-30-17-3-20-8
58588 87 1-2-4-29-15-25-14-30-17-3-20-9
91754.8 2 1-2-4-29-15-25-14-30-17-3-20-24-6
43703.7 244 1-2-4-29-15-25-14-30-17-3-20-21
64759 134 1-2-4-29-15-25-14-30-17-3-20-19
59823.8 265 1-2-4-29-15-25-14-30-17-3-20-24
68460.2 185 1-2-4-29-15-25-14-30-17-3-20-10
92725.2 16 1-2-4-29-15-25-14-30-17-3-21-6-24
97660 2 1-2-4-29-15-25-14-30-17-3-20-6-24
60336.6 58 1-2-4-29-15-25-14-30-17-3-8-21
61029 79 1-2-4-29-15-25-14-30-17-3-8-24
61106.7 44 1-2-4-29-15-25-14-30-17-3-8-20
57069.1 122 1-2-4-29-15-25-14-30-17-3-9-24
73139.6 87 1-2-4-29-15-25-14-30-17-3-9-20
74487.6 101 1-2-4-29-15-25-14-30-17-3-9-21
84204.3 42 1-2-4-29-15-25-14-30-17-3-9-10
66502.1 169 1-2-4-29-15-25-14-30-17-3-24-19
69626.8 79 1-2-4-29-15-25-14-30-17-3-24-8
101696 2 1-2-4-29-15-25-14-30-17-3-24-20-6
58681.1 122 1-2-4-29-15-25-14-30-17-3-24-9
100095 16 1-2-4-29-15-25-14-30-17-3-24-21-6
75987.5 265 1-2-4-29-15-25-14-30-17-3-24-20
113824 2 1-2-4-29-15-25-14-30-17-3-24-6-20
77682.2 279 1-2-4-29-15-25-14-30-17-3-24-21
88307.4 220 1-2-4-29-15-25-14-30-17-3-24-10
62924 410 1-2-4-29-15-25-14-30-17-3-6-10
77617.3 269 1-2-4-29-15-25-14-30-17-3-6-8
104243 2 1-2-4-29-15-25-14-30-17-3-6-20-24
85658.6 359 1-2-4-29-15-25-14-30-17-3-6-19
88169.6 312 1-2-4-29-15-25-14-30-17-3-6-9
112160 16 1-2-4-29-15-25-14-30-17-3-6-24-21
84386.9 134 1-2-4-29-15-25-14-30-17-3-19-20
84604.1 148 1-2-4-29-15-25-14-30-17-3-19-21
85528.9 89 1-2-4-29-15-25-14-30-17-3-19-10
69966.4 169 1-2-4-29-15-25-14-30-17-3-19-24
110528 16 1-2-4-29-15-25-14-30-17-3-24-6-21
86813.6 199 1-2-4-29-15-25-14-30-17-3-10-21
87326.5 89 1-2-4-29-15-25-14-30-17-3-10-19
89885.8 185 1-2-4-29-15-25-14-30-17-3-10-20
91078.2 42 1-2-4-29-15-25-14-30-17-3-10-9
93569.2 220 1-2-4-29-15-25-14-30-17-3-10-24
110466 2 1-2-4-29-15-25-14-30-17-3-6-24-20
50440.3 54 1-2-4-29-15-25-14-30-17-9-24-19
59925.7 150 1-2-4-29-15-25-14-30-17-9-24-20
61620.4 164 1-2-4-29-15-25-14-30-17-9-24-21
59793.6 122 1-2-4-29-15-25-14-30-17-9-24-3
72245.7 105 1-2-4-29-15-25-14-30-17-9-24-10
71243.9 19 1-2-4-29-15-25-14-30-17-9-19-20
71461.1 33 1-2-4-29-15-25-14-30-17-9-19-21
73432.8 244 1-2-4-29-15-25-14-30-17-9-19-6
67550.8 154 1-2-4-29-15-25-14-30-17-9-8-6
57552.9 101 1-2-4-29-15-25-14-30-17-9-3-21
59192 87 1-2-4-29-15-25-14-30-17-9-3-20
75355.7 122 1-2-4-29-15-25-14-30-17-9-3-24
80617.5 42 1-2-4-29-15-25-14-30-17-9-3-10
48664.2 417 1-2-4-29-15-25-14-30-17-9-8
59876.1 129 1-2-4-29-15-25-14-30-17-9-20-21
75996.2 150 1-2-4-29-15-25-14-30-17-9-20-24
80931.4 19 1-2-4-29-15-25-14-30-17-9-20-19
59700.4 87 1-2-4-29-15-25-14-30-17-9-20-3
84632.7 70 1-2-4-29-15-25-14-30-17-9-20-10
59409.3 101 1-2-4-29-15-25-14-30-17-9-21-3
79039 164 1-2-4-29-15-25-14-30-17-9-21-24
61224.2 129 1-2-4-29-15-25-14-30-17-9-21-20
82496.7 33 1-2-4-29-15-25-14-30-17-9-21-19
82908.6 84 1-2-4-29-15-25-14-30-17-9-21-10
71256.6 295 1-2-4-29-15-25-14-30-17-9-6-10
85949.9 154 1-2-4-29-15-25-14-30-17-9-6-8
89282 312 1-2-4-29-15-25-14-30-17-9-6-3
92772.2 340 1-2-4-29-15-25-14-30-17-9-6-20
93991.2 244 1-2-4-29-15-25-14-30-17-9-6-19
98994.3 375 1-2-4-29-15-25-14-30-17-9-6-24
76153.3 5496 1-2-4-29-15-25-14-30-17-8-9-34-49-52-55-61-60-33-51-32-1
95131.9 5494 1-2-4-29-15-25-14-30-17-8-9-34-49-52-55-61-60-33-51-35-1
109754 5414 1-2-4-29-15-25-14-30-17-8-9-34-49-52-55-61-60-33-51-41-43-1
114941 5400 1-2-4-29-15-25-14-30-17-8-9-34-49-52-55-61-60-33-51-53-43-1
87763.6 5294 1-2-4-29-15-25-14-30-17-8-9-34-49-52-55-61-60-33-51-41-1
102758 5414 1-2-4-29-15-25-14-30-17-8-9-34-49-52-55-61-60-33-51-43-41-1
110426 5483 1-2-4-29-15-25-14-30-17-8-9-34-49-52-55-61-60-33-51-43-46-1
111464 5390 1-2-4-29-15-25-14-30-17-8-9-34-49-52-55-61-60-33-51-43-57-1
87598.8 5280 1-2-4-29-15-25-14-30-17-8-9-34-49-52-55-61-60-33-51-53-1
92242.8 5270 1-2-4-29-15-25-14-30-17-8-9-34-49-52-55-61-60-33-51-57-1
98965.7 5363 1-2-4-29-15-25-14-30-17-8-9-34-49-52-55-61-60-33-51-46-1
118186 5438 1-2-4-29-15-25-14-30-17-8-9-34-49-52-55-61-60-33-32-41-46-43-1
99808.7 5463 1-2-4-29-15-25-14-30-17-8-9-34-49-52-55-61-60-33-32-41-56-1
99958.1 5318 1-2-4-29-15-25-14-30-17-8-9-34-49-52-55-61-60-33-32-41-46-1
123196 5438 1-2-4-29-15-25-14-30-17-8-9-34-49-52-55-61-60-33-32-41-43-46-1
118284 5355 1-2-4-29-15-25-14-30-17-8-9-34-49-52-55-61-60-33-32-41-43-53-1
109640 5449 1-2-4-29-15-25-14-30-17-8-9-34-49-52-55-61-60-33-32-41-35-1
77737.2 5496 1-2-4-29-15-25-14-30-17-8-9-34-49-52-55-61-60-33-32-51-1
91238.9 5494 1-2-4-29-15-25-14-30-17-8-9-34-49-52-55-61-60-33-32-54-53-1
97210.7 5484 1-2-4-29-15-25-14-30-17-8-9-34-49-52-55-61-60-33-32-54-57-1
124233 5345 1-2-4-29-15-25-14-30-17-8-9-34-49-52-55-61-60-33-32-41-43-57-1
97636.3 5225 1-2-4-29-15-25-14-30-17-8-9-34-49-52-55-61-60-33-32-41-57-1
96261.4 5496 1-2-4-29-15-25-14-30-17-8-9-34-49-52-55-61-60-33-32-59-57-1
92828.9 5494 1-2-4-29-15-25-14-30-17-8-9-34-49-52-55-61-60-33-32-53-54-1
121615 5424 1-2-4-29-15-25-14-30-17-8-9-34-49-52-55-61-60-33-32-53-46-43-1
105002 5449 1-2-4-29-15-25-14-30-17-8-9-34-49-52-55-61-60-33-32-53-56-1
114116 5435 1-2-4-29-15-25-14-30-17-8-9-34-49-52-55-61-60-33-32-53-35-1
120323 5355 1-2-4-29-15-25-14-30-17-8-9-34-49-52-55-61-60-33-32-53-43-41-1
129029 5331 1-2-4-29-15-25-14-30-17-8-9-34-49-52-55-61-60-33-32-53-43-57-1
103387 5304 1-2-4-29-15-25-14-30-17-8-9-34-49-52-55-61-60-33-32-53-46-1
118098 5472 1-2-4-29-15-25-14-30-17-8-9-34-49-52-55-61-60-33-32-47-43-1
127991 5424 1-2-4-29-15-25-14-30-17-8-9-34-49-52-55-61-60-33-32-53-43-46-1
87340.7 5352 1-2-4-29-15-25-14-30-17-8-9-34-49-52-55-61-60-33-32-47-1
103106 5449 1-2-4-29-15-25-14-30-17-8-9-34-49-52-55-61-60-33-32-35-41-1
105544 5435 1-2-4-29-15-25-14-30-17-8-9-34-49-52-55-61-60-33-32-35-53-1
111368 5425 1-2-4-29-15-25-14-30-17-8-9-34-49-52-55-61-60-33-32-35-57-1
89974 5458 1-2-4-29-15-25-14-30-17-8-9-34-49-52-55-61-60-33-32-48-1
105444 5236 1-2-4-29-15-25-14-30-17-8-9-34-49-52-55-61-60-33-32-43-56-1
107656 5355 1-2-4-29-15-25-14-30-17-8-9-34-49-52-55-61-60-33-32-43-41-53-1
115989 5438 1-2-4-29-15-25-14-30-17-8-9-34-49-52-55-61-60-33-32-43-41-46-1
113668 5345 1-2-4-29-15-25-14-30-17-8-9-34-49-52-55-61-60-33-32-43-41-57-1
100660 5222 1-2-4-29-15-25-14-30-17-8-9-34-49-52-55-61-60-33-32-43-35-1
105278 5281 1-2-4-29-15-25-14-30-17-8-9-34-49-52-55-61-60-33-32-43-54-1
105951 5293 1-2-4-29-15-25-14-30-17-8-9-34-49-52-55-61-60-33-32-43-59-1
113617 5424 1-2-4-29-15-25-14-30-17-8-9-34-49-52-55-61-60-33-32-43-46-53-1
118669 5414 1-2-4-29-15-25-14-30-17-8-9-34-49-52-55-61-60-33-32-43-46-57-1
112139 5091 1-2-4-29-15-25-14-30-17-8-9-34-49-52-55-61-60-33-32-43-46-1
113265 5331 1-2-4-29-15-25-14-30-17-8-9-34-49-52-55-61-60-33-32-43-53-57-1
122731 5424 1-2-4-29-15-25-14-30-17-8-9-34-49-52-55-61-60-33-32-43-53-46-1
143614 5335 1-19-24-3-21-20-6-10-50-46-54-41-59-48-53-47-43-56-1
138830 5321 1-19-24-3-21-20-6-10-50-46-54-41-59-48-53-47-43-35-1
136063 5201 1-19-24-3-21-20-6-10-50-46-54-41-59-48-53-47-35-1
142789 5408 1-19-24-3-21-20-6-10-50-46-54-41-59-48-53-57-56-43-35-1
141647 5288 1-19-24-3-21-20-6-10-50-46-54-41-59-48-53-57-56-35-1
145858 5288 1-19-24-3-21-20-6-10-50-46-54-41-59-48-53-57-35-56-1
inf 5500 1--502185648
