73558.8 141 1-45-44-43-42-40-38
74247.6 120 1-45-44-43-42-40-35-13
59205.7 104 1-45-44-43-42-40-34
60793.1 44 1-45-44-43-42-40-30
69729.8 90 1-45-44-43-42-40-28
84099 30 1-45-44-43-42-40-26-13
65762.8 176 1-45-44-43-42-40-26
66971.2 49 1-45-44-43-42-40-21
59555.5 40 1-45-44-43-42-40-17
72361.4 30 1-45-44-43-42-40-13-26
72523.7 13 1-45-44-43-42-40-13-4
159596 2675 1-45-44-43-42-40-34-58-57-56-55-54-1
157874 2498 1-45-44-43-42-40-34-58-57-56-55-53-1
173906 2618 1-45-44-43-42-40-34-58-57-56-55-52-1
181338 2504 1-45-44-43-42-40-34-58-57-56-55-51-1
167206 2496 1-45-44-43-42-40-34-58-57-56-55-50-1
164338 2570 1-45-44-43-42-40-34-58-57-56-55-49-1
171749 2573 1-45-44-43-42-40-34-58-57-56-55-48-1
166981 2558 1-45-44-43-42-40-34-58-57-56-55-47-1
161651 2606 1-45-44-43-42-40-34-58-57-56-55-46-1
196354 2641 1-45-44-43-42-40-34-58-57-56-54-53-51-1
182577 2633 1-45-44-43-42-40-34-58-57-56-54-53-50-1
182397 2695 1-45-44-43-42-40-34-58-57-56-54-53-47-1
167820 2675 1-45-44-43-42-40-34-58-57-56-54-55-1
188052 2384 1-45-44-43-42-40-34-58-57-56-54-52-1
196039 2639 1-45-44-43-42-40-34-58-57-56-54-51-50-1
64645.2 43 1-41-39-38-37-35
72968 99 1-41-39-38-37-13
59971.3 129 1-41-39-38-35-30
60187.6 14 1-41-39-38-35-29
82078.6 29 1-41-39-38-35-28-13
57023.1 43 1-41-39-38-35-37
72968.6 115 1-41-39-38-35-26-13
58857.2 175 1-41-39-38-35-28
65928.7 30 1-41-39-38-35-25
56768.2 134 1-41-39-38-35-21
65168.9 21 1-41-39-38-35-19
67769.7 125 1-41-39-38-35-17
61541.3 66 1-41-39-38-35-16
60717.5 5 1-41-39-38-35-15
86233 29 1-41-39-38-35-13-28
69100.3 85 1-41-39-38-35-13-5
81510.1 98 1-41-39-38-35-13-4
54632.3 261 1-41-39-38-35-26
66904.4 69 1-41-39-38-35-10
61122.6 36 1-41-39-38-35-7
59459.8 231 1-41-39-38-35-5
61492.1 244 1-41-39-38-35-4
56335.6 84 1-41-39-38-35-3
56944.9 245 1-41-39-38-37
38015.4 86 1-41-39-38-33
57807.4 42 1-41-39-38-32-13
81347.8 115 1-41-39-38-35-13-26
46417.7 188 1-41-39-38-32
70293.7 42 1-41-39-38-31-13
47347.6 188 1-41-39-38-31
58882.2 39 1-41-39-38-30-26
56646.5 129 1-41-39-38-30-35
49534.5 9 1-41-39-38-30-5
55298.5 22 1-41-39-38-30-4
68718.3 14 1-41-39-38-29-35
65596.3 70 1-41-39-38-29-13
57853.6 216 1-41-39-38-29
74188.9 29 1-41-39-38-28-35-13
57003.3 85 1-41-39-38-28-26
60500.2 175 1-41-39-38-28-35
70247.6 55 1-41-39-38-28-5
66454.9 68 1-41-39-38-28-4
59824 108 1-41-39-38-27
65418 115 1-41-39-38-26-35-13
59303.9 39 1-41-39-38-26-30
52457.2 85 1-41-39-38-26-28
49892.7 44 1-41-39-38-26-21
69994.2 35 1-41-39-38-26-17
83254.5 8 1-41-39-38-26-13-4
108283 2674 1-41-39-38-33-54-52-51-50-49-48-1
104465 2659 1-41-39-38-33-54-52-51-50-49-47-1
120029 2662 1-41-39-38-33-54-52-51-50-48-47-1
60769.2 88 1-37-36-35-32-31
64359.4 85 1-37-36-35-32-30-13
60411.3 116 1-37-36-35-32-29
85139.4 131 1-37-36-35-32-28-13
54886.4 231 1-37-36-35-32-30
63552 8 1-37-36-35-32-27
69927.8 41 1-37-36-35-32-26-5
66326.8 54 1-37-36-35-32-26-4
61918 277 1-37-36-35-32-28
64969.5 132 1-37-36-35-32-25
56942.7 21 1-37-36-35-32-23
61970 88 1-37-36-35-32-22
74768.5 90 1-37-36-35-32-21-13
56124.3 236 1-37-36-35-32-21
63226.2 13 1-37-36-35-32-20
63584.3 123 1-37-36-35-32-19
83355.8 81 1-37-36-35-32-17-13
76097.4 22 1-37-36-35-32-16-13
68881.5 227 1-37-36-35-32-17
60207.3 107 1-37-36-35-32-15
54923.2 86 1-37-36-35-32-14
69727.2 85 1-37-36-35-32-13-30
83475.6 131 1-37-36-35-32-13-28
78590.4 217 1-37-36-35-32-13-26
78898.4 90 1-37-36-35-32-13-21
74728.5 81 1-37-36-35-32-13-17
64999.6 25 1-37-36-35-32-13-10
66342.9 187 1-37-36-35-32-13-5
78752.7 200 1-37-36-35-32-13-4
79574.1 40 1-37-36-35-32-13-3
63394.5 168 1-37-36-35-32-16
63274.5 171 1-37-36-35-32-10
56790.8 74 1-37-36-35-32-9
50171.6 32 1-37-36-35-32-8
55992.4 138 1-37-36-35-32-7
68911.3 41 1-37-36-35-32-5-26
67623.6 24 1-37-36-35-32-5-4
72957 22 1-37-36-35-32-13-16
72744.2 925 1-37-36-35-32-8-48-46-1
75720.8 145 1-31-30-29-28-27
71491 81 1-31-30-29-28-26-21
91592.5 72 1-31-30-29-28-26-17
85209.8 13 1-31-30-29-28-26-16
92442.9 32 1-31-30-29-28-26-13-5
104853 45 1-31-30-29-28-26-13-4
89737.5 16 1-31-30-29-28-26-10
81720.9 178 1-31-30-29-28-26-5
78119.9 191 1-31-30-29-28-26-4
70066.3 31 1-31-30-29-28-26-3
94440.1 123 1-31-30-29-28-25-13
87530.5 269 1-31-30-29-28-25
95169.2 12 1-31-30-29-28-23-13
91717.1 79 1-31-30-29-28-22-13
80312.3 158 1-31-30-29-28-23
74188.9 81 1-31-30-29-28-21-26
83975.3 51 1-31-30-29-28-21-5
77516.5 64 1-31-30-29-28-21-4
77062 225 1-31-30-29-28-22
96340.1 4 1-31-30-29-28-20-13
89333.3 150 1-31-30-29-28-20
91713.6 114 1-31-30-29-28-19-13
67908.7 135 1-31-30-29-28-18
110974 72 1-31-30-29-28-17-26
106039 42 1-31-30-29-28-17-5
116429 55 1-31-30-29-28-17-4
87088.8 260 1-31-30-29-28-19
98079.5 13 1-31-30-29-28-16-26
88339.5 98 1-31-30-29-28-15-13
91697.9 77 1-31-30-29-28-14-13
82333.3 244 1-31-30-29-28-15
117241 32 1-31-30-29-28-13-26-5
113640 45 1-31-30-29-28-13-26-4
92111.7 123 1-31-30-29-28-13-25
100059 12 1-31-30-29-28-13-23
99857.1 79 1-31-30-29-28-13-22
103846 227 1-31-30-29-28-13-21
92208.7 4 1-31-30-29-28-13-20
89826.9 114 1-31-30-29-28-13-19
99676.3 218 1-31-30-29-28-13-17
97904.8 159 1-31-30-29-28-13-16
91208.2 98 1-31-30-29-28-13-15
96816.9 77 1-31-30-29-28-13-14
89947.5 162 1-31-30-29-28-13-10
103743 65 1-31-30-29-28-13-9
97566.1 129 1-31-30-29-28-13-7
103706 15 1-31-30-29-28-13-5-4
70474.5 87 1-27-26-25-24-13
90586.2 37 1-27-26-25-23-22
97902.2 39 1-27-26-25-23-21-13
88751.8 72 1-27-26-25-23-19
110867 30 1-27-26-25-23-17-13
79257.9 185 1-27-26-25-23-21
91586.4 117 1-27-26-25-23-16
87024.8 56 1-27-26-25-23-15
72738 35 1-27-26-25-23-14
102963 39 1-27-26-25-23-13-21
90407.6 136 1-27-26-25-23-13-5
102817 149 1-27-26-25-23-13-4
96392.9 176 1-27-26-25-23-17
84920.4 120 1-27-26-25-23-10
76079.5 23 1-27-26-25-23-9
72001.2 87 1-27-26-25-23-7
78340.7 282 1-27-26-25-23-5
74183.5 295 1-27-26-25-23-4
81041 135 1-27-26-25-23-3
75233.7 48 1-27-26-25-23-2
57782.2 233 1-27-26-25-24
96810.9 106 1-27-26-25-22-21-13
82307 37 1-27-26-25-22-23
82519.5 29 1-27-26-25-22-20
74930.8 139 1-27-26-25-22-19
86074.3 97 1-27-26-25-22-17-13
78166.6 252 1-27-26-25-22-21
77972 38 1-27-26-25-22-16-13
71600 243 1-27-26-25-22-17
70190.2 123 1-27-26-25-22-15
79780.3 102 1-27-26-25-22-14
94482.1 106 1-27-26-25-22-13-21
90312.1 97 1-27-26-25-22-13-17
80583.3 41 1-27-26-25-22-13-10
88201.9 8 1-27-26-25-22-13-7
81926.6 203 1-27-26-25-22-13-5
94336.4 216 1-27-26-25-22-13-4
95157.8 56 1-27-26-25-22-13-3
65269.2 184 1-27-26-25-22-16
80583.3 187 1-27-26-25-22-10
81025.7 90 1-27-26-25-22-9
80918 154 1-27-26-25-22-7
88766.3 40 1-27-26-25-22-5-4
88540.7 38 1-27-26-25-22-13-16
90742.6 10 1-23-22-21-20-17
77638.7 116 1-23-22-21-20-5
87902.1 129 1-23-22-21-20-4
81151.8 120 1-23-22-21-19-17
81253.3 61 1-23-22-21-19-16
81263.5 80 1-23-22-21-19-13-5
93673.3 93 1-23-22-21-19-13-4
78258 64 1-23-22-21-19-10
87392.9 31 1-23-22-21-19-7
80965.3 226 1-23-22-21-19-5
93193.6 239 1-23-22-21-19-4
92806.3 79 1-23-22-21-19-3
95682.5 10 1-23-22-21-17-20
93735.7 19 1-23-22-21-17-16-13
85108.6 120 1-23-22-21-17-19
83991.8 104 1-23-22-21-17-15
98300.7 83 1-23-22-21-17-14
93726.5 22 1-23-22-21-17-13-10
95069.7 184 1-23-22-21-17-13-5
107480 197 1-23-22-21-17-13-4
108301 37 1-23-22-21-17-13-3
81032.8 165 1-23-22-21-17-16
92804.1 168 1-23-22-21-17-10
102323 71 1-23-22-21-17-9
99347 135 1-23-22-21-17-7
105561 21 1-23-22-21-17-5-4
101684 19 1-23-22-21-17-13-16
51932.7 136 1-19-17-16-15-14
48312.5 75 1-19-17-16-15-13-10
55931.1 42 1-19-17-16-15-13-7
62065.6 250 1-19-17-16-15-13-4
62887 90 1-19-17-16-15-13-3
61806.8 3 1-19-17-16-15-13-2
51107.6 33 1-19-17-16-15-11
48220.8 221 1-19-17-16-15-10
56825.6 124 1-19-17-16-15-9
52954.7 188 1-19-17-16-15-7
72132.6 48 1-14-13-12-11-7
72275.3 256 1-14-13-12-11-4
65019.5 96 1-14-13-12-11-3
70522.5 9 1-14-13-12-11-2
63802.1 139 1-14-13-12-9-7
61374.5 187 1-14-13-12-9-3
56428 100 1-14-13-12-9-2
81546 48 1-14-13-12-7-11
69644.5 139 1-14-13-12-7-9
73745.3 251 1-14-13-12-7-3
68927.1 164 1-14-13-12-7-2
96069.1 114 1-14-13-12-6-4
66296.5 423 1-14-13-12-6
78636.1 256 1-14-13-12-4-11
61088.6 347 1-14-13-12-4-9
88063 114 1-14-13-12-4-6
66950.3 459 1-14-13-12-4-3
60208.6 372 1-14-13-12-4-2
62721 96 1-14-13-12-3-11
55505 187 1-14-13-12-3-9
62033.5 251 1-14-13-12-3-7
56375.8 212 1-14-13-12-3-2
65245.8 411 1-14-13-12-4-7
85707.6 141 1-11-7-6-2
67724.3 388 1-11-7-4-6
67132 141 1-11-7-2-6
57083 349 1-11-6-4-2
59136 141 1-11-6-7-2
9465.54 2183 1-7
