27459.9 45 1-8-32-43-45-30-14-7-41-13
20686.2 114 1-8-32-43-45-30-14-7-23-4
24347.7 96 1-8-32-43-45-30-14-7-23-38
24843.4 101 1-8-32-43-45-30-14-7-23-5
25760.6 4 1-8-32-43-45-30-14-7-23-21
28355.3 131 1-8-32-43-45-30-14-7-23-26
42105.4 75 1-8-32-43-45-30-14-7-23-35-13
77405.1 4272 1-8-32-43-45-30-14-7-23-4-57-46-54-55-53-50-52-56-51-1
77306 3976 1-8-32-43-45-30-14-7-23-4-57-46-54-55-53-50-52-51-1
77848.2 4030 1-8-32-43-45-30-14-7-23-4-57-46-54-55-53-50-52-47-1
79967.3 4089 1-8-32-43-45-30-14-7-23-4-57-46-54-55-53-50-52-58-1
78067.5 4042 1-8-32-43-45-30-14-7-23-4-57-46-54-55-53-50-52-49-1
86859 4045 1-8-32-43-45-30-14-7-23-4-57-46-54-55-53-50-52-48-1
81303.8 4212 1-8-32-43-45-30-14-7-23-4-57-46-54-55-53-50-56-51-47-1
83284.2 4271 1-8-32-43-45-30-14-7-23-4-57-46-54-55-53-50-56-51-58-1
82663.5 4224 1-8-32-43-45-30-14-7-23-4-57-46-54-55-53-50-56-51-49-1
92551 4227 1-8-32-43-45-30-14-7-23-4-57-46-54-55-53-50-56-51-48-1
73348.5 3895 1-8-32-43-45-30-14-7-23-4-57-46-54-55-53-50-56-52-1
81115.7 4278 1-8-32-43-45-30-14-7-23-4-57-46-54-55-53-50-56-47-49-1
91617.5 4281 1-8-32-43-45-30-14-7-23-4-57-46-54-55-53-50-56-47-48-1
76350.8 4272 1-8-32-43-45-30-14-7-23-4-57-46-54-55-53-50-56-51-52-1
25336.5 128 1-35-26-18-3-21-9-2-33-38
32716.3 77 1-35-26-18-3-21-9-2-33-28
34241.6 133 1-35-26-18-3-21-9-2-33-5
40502.8 71 1-35-26-18-3-21-9-2-33-40
44835.9 91 1-35-26-18-3-21-9-2-33-34
49418.8 27 1-35-26-18-3-21-9-2-33-17
23682.4 31 1-35-26-18-3-21-9-2-36-38
34392.4 36 1-35-26-18-3-21-9-2-36-5
34078 61 1-35-26-18-3-21-9-2-42-31
40462.2 98 1-35-26-18-3-21-9-2-42-13-40
41483.8 118 1-35-26-18-3-21-9-2-42-13-34
41644.4 160 1-35-26-18-3-21-9-2-42-13-5
50030 54 1-35-26-18-3-21-9-2-42-13-17
58777.1 104 1-35-26-18-3-21-9-2-42-13-28
36066.5 244 1-35-26-18-3-21-9-2-42-40
36168.6 250 1-35-26-18-3-21-9-2-42-28
36622.1 80 1-35-26-18-3-21-9-2-42-15
37018.2 89 1-35-26-18-3-21-9-2-42-29
37280.2 118 1-35-26-18-3-21-9-2-42-37
37645.7 144 1-35-26-18-3-21-9-2-42-10
38737.2 61 1-35-26-18-3-21-9-2-42-22
39435.5 96 1-35-26-18-3-21-9-2-42-19
40202 141 1-35-26-18-3-21-9-2-42-16
40367.7 264 1-35-26-18-3-21-9-2-42-34
41073.9 105 1-35-26-18-3-21-9-2-42-25
45569.8 200 1-35-26-18-3-21-9-2-42-17
29410.6 45 1-35-26-18-3-21-9-2-39-38
40371.5 50 1-35-26-18-3-21-9-2-39-5
51026.9 8 1-35-26-18-3-21-9-2-39-34
58659.8 155 1-35-26-18-3-21-9-2-42-13-38
32788.7 301 1-35-26-18-3-21-9-2-42-38
27129.8 31 1-35-26-18-3-21-9-2-38-36
29358.1 128 1-35-26-18-3-21-9-2-38-33
30308.4 45 1-35-26-18-3-21-9-2-38-39
61636.4 84 1-35-26-18-3-21-9-2-38-31-13
38690.2 230 1-35-26-18-3-21-9-2-38-31
48929.5 91 1-35-26-18-3-21-9-2-38-5-40
51448.1 111 1-35-26-18-3-21-9-2-38-5-34
59343.5 47 1-35-26-18-3-21-9-2-38-5-17
59986.2 97 1-35-26-18-3-21-9-2-38-5-28
62919.7 35 1-35-26-18-3-21-9-2-38-28-40
61590.3 97 1-35-26-18-3-21-9-2-38-28-5
71392.5 55 1-35-26-18-3-21-9-2-38-28-34
42685.8 49 1-35-26-18-3-21-9-2-38-12
52648.5 9 1-35-26-18-3-21-9-2-38-20-13
51400.1 119 1-35-26-18-3-21-9-2-38-13-19
51520.7 167 1-35-26-18-3-21-9-2-38-13-10
51681.8 267 1-35-26-18-3-21-9-2-38-13-40
52703.4 287 1-35-26-18-3-21-9-2-38-13-34
52781.4 103 1-35-26-18-3-21-9-2-38-13-15
53684.9 128 1-35-26-18-3-21-9-2-38-13-25
53782 9 1-35-26-18-3-21-9-2-38-13-20
54518 112 1-35-26-18-3-21-9-2-38-13-29
59478.1 164 1-35-26-18-3-21-9-2-38-13-16
60191.1 155 1-35-26-18-3-21-9-2-38-13-42
61249.5 223 1-35-26-18-3-21-9-2-38-13-17
61430.4 84 1-35-26-18-3-21-9-2-38-13-22
62798.3 141 1-35-26-18-3-21-9-2-38-13-37
64477.7 4 1-35-26-18-3-21-9-2-38-13-27
69721.4 84 1-35-26-18-3-21-9-2-38-13-31
69996.7 273 1-35-26-18-3-21-9-2-38-13-28
45641.8 155 1-35-26-18-3-21-9-2-38-20
47492.2 313 1-35-26-18-3-21-9-2-38-10
56336.3 91 1-35-26-18-3-21-9-2-38-40-5
58198.3 49 1-35-26-18-3-21-9-2-38-40-34
68722.4 35 1-35-26-18-3-21-9-2-38-40-28
64310.6 141 1-35-26-18-3-21-9-2-38-37-13
48287.6 287 1-35-26-18-3-21-9-2-38-37
48549.8 125 1-35-26-18-3-21-9-2-38-11
54745.2 103 1-35-26-18-3-21-9-2-38-15-13
56939 112 1-35-26-18-3-21-9-2-38-29-13
48739 249 1-35-26-18-3-21-9-2-38-15
64978.4 84 1-35-26-18-3-21-9-2-38-22-13
49196.3 258 1-35-26-18-3-21-9-2-38-29
60556.3 49 1-35-26-18-3-21-9-2-38-34-40
61212.9 111 1-35-26-18-3-21-9-2-38-34-5
67750.1 5 1-35-26-18-3-21-9-2-38-34-17
79553.1 55 1-35-26-18-3-21-9-2-38-34-28
50323.3 230 1-35-26-18-3-21-9-2-38-22
55701 119 1-35-26-18-3-21-9-2-38-19-13
51076.1 265 1-35-26-18-3-21-9-2-38-19
68869.1 4 1-35-26-18-3-21-9-2-38-27-13
84609.6 2187 1-35-26-18-3-21-9-2-36-38-48-49-58-47-51-1
48948 119 1-42-41-5-13-19-25-15-40-34
49297.8 55 1-42-41-5-13-19-25-15-40-17
59472.1 105 1-42-41-5-13-19-25-15-40-28
39512.7 328 1-42-41-5-13-19-25-15-29
61852.6 16 1-42-41-5-13-19-25-15-16-34
63346.5 2 1-42-41-5-13-19-25-15-16-28
44439.4 380 1-42-41-5-13-19-25-15-16
46750 300 1-42-41-5-13-19-25-15-22
64508.5 75 1-42-41-5-13-19-25-15-17-34
72646.8 61 1-42-41-5-13-19-25-15-17-28
30620.8 28 1-37-11-27-22-24-16-40
40233.5 48 1-37-11-27-22-24-16-34
41727.4 34 1-37-11-27-22-24-16-28
29124.7 85 1-37-11-27-22-24-6
39783.2 87 1-37-11-27-22-24-17-40
46627.2 107 1-37-11-27-22-24-17-34
54765.6 93 1-37-11-27-22-24-17-28
22820.3 412 1-37-11-27-22-24-16
38204.2 28 1-37-11-27-22-24-40-16
39994.4 31 1-37-11-27-22-24-40-10
40490.8 151 1-37-11-27-22-24-40-34
51014.9 137 1-37-11-27-22-24-40-28
48797.8 375 1-40-10-44-20-34-17-6
71314.7 63 1-40-10-44-20-34-17-12-28
75071.7 244 1-40-10-44-20-34-17-28-31
83810.8 59 1-40-10-44-20-34-17-28-39
84354.9 142 1-40-10-44-20-34-17-28-33
70431.1 441 1-40-10-44-20-34-17-12
72171.6 63 1-40-10-44-20-34-17-28-12
