36064.8 46 1-8-32-43-45-30-14-7-41-23-4-35
42394.1 102 1-8-32-43-45-30-14-7-41-23-4-13
24068.6 61 1-8-32-43-45-30-14-7-41-23-42
24945.8 1 1-8-32-43-45-30-14-7-41-23-2
44551.6 28 1-8-32-43-45-30-14-7-41-23-38-35
50661.3 84 1-8-32-43-45-30-14-7-41-23-38-13
23895.6 248 1-8-32-43-45-30-14-7-41-23-4
34141.5 89 1-8-32-43-45-30-14-7-41-23-5-13
38189.7 33 1-8-32-43-45-30-14-7-41-23-5-35
27557.1 230 1-8-32-43-45-30-14-7-41-23-38
28970.1 138 1-8-32-43-45-30-14-7-41-23-21
30753.1 88 1-8-32-43-45-30-14-7-41-23-3
36874.2 63 1-8-32-43-45-30-14-7-41-23-26-35
49900.9 119 1-8-32-43-45-30-14-7-41-23-26-13
28052.8 235 1-8-32-43-45-30-14-7-41-23-5
41763.1 33 1-8-32-43-45-30-14-7-41-23-35-5
43795.4 46 1-8-32-43-45-30-14-7-41-23-35-4
36935.6 63 1-8-32-43-45-30-14-7-41-23-35-26
48620.6 28 1-8-32-43-45-30-14-7-41-23-35-38
31564.7 265 1-8-32-43-45-30-14-7-41-23-26
38937.6 27 1-8-32-43-45-30-14-7-41-23-13-40
39959.1 47 1-8-32-43-45-30-14-7-41-23-13-34
40119.7 89 1-8-32-43-45-30-14-7-41-23-13-5
52367.3 119 1-8-32-43-45-30-14-7-41-23-13-26
52529.5 102 1-8-32-43-45-30-14-7-41-23-13-4
57135.2 84 1-8-32-43-45-30-14-7-41-23-13-38
57252.4 33 1-8-32-43-45-30-14-7-41-23-13-28
89490.4 5193 1-8-32-43-45-30-14-7-41-23-4-57-46-54-55-53-50-52-56-51-47-58-1
89521.6 5146 1-8-32-43-45-30-14-7-41-23-4-57-46-54-55-53-50-52-56-51-47-49-1
100023 5149 1-8-32-43-45-30-14-7-41-23-4-57-46-54-55-53-50-52-56-51-47-48-1
90467.2 5205 1-8-32-43-45-30-14-7-41-23-4-57-46-54-55-53-50-52-56-51-58-49-1
100755 5208 1-8-32-43-45-30-14-7-41-23-4-57-46-54-55-53-50-52-56-51-58-48-1
43077.9 40 1-35-26-18-3-21-9-2-33-36-38-5
43336.8 47 1-35-26-18-3-21-9-2-33-36-42-13
35079.8 122 1-35-26-18-3-21-9-2-33-36-31
47498.2 3 1-35-26-18-3-21-9-2-33-36-5-34
53787.9 40 1-35-26-18-3-21-9-2-33-36-5-38
29921 193 1-35-26-18-3-21-9-2-33-36-42
42493.4 47 1-35-26-18-3-21-9-2-33-36-20
47465.4 11 1-35-26-18-3-21-9-2-33-36-13-19
47586 59 1-35-26-18-3-21-9-2-33-36-13-10
47747.1 159 1-35-26-18-3-21-9-2-33-36-13-40
48768.7 179 1-35-26-18-3-21-9-2-33-36-13-34
49750.2 20 1-35-26-18-3-21-9-2-33-36-13-25
50583.3 4 1-35-26-18-3-21-9-2-33-36-13-29
55543.4 56 1-35-26-18-3-21-9-2-33-36-13-16
56256.4 47 1-35-26-18-3-21-9-2-33-36-13-42
57314.8 115 1-35-26-18-3-21-9-2-33-36-13-17
58863.6 33 1-35-26-18-3-21-9-2-33-36-13-37
65944.7 216 1-35-26-18-3-21-9-2-33-36-13-38
66062 165 1-35-26-18-3-21-9-2-33-36-13-28
43774.3 179 1-35-26-18-3-21-9-2-33-36-37
43823.7 305 1-35-26-18-3-21-9-2-33-36-40
44030.3 205 1-35-26-18-3-21-9-2-33-36-10
44108.7 17 1-35-26-18-3-21-9-2-33-36-11
44400.9 141 1-35-26-18-3-21-9-2-33-36-15
44781.1 150 1-35-26-18-3-21-9-2-33-36-29
45780.4 122 1-35-26-18-3-21-9-2-33-36-22
46659.1 42 1-35-26-18-3-21-9-2-33-36-27
57699.3 3 1-35-26-18-3-21-9-2-33-36-34-5
48929.3 221 1-35-26-18-3-21-9-2-33-36-13-5
46955.6 325 1-35-26-18-3-21-9-2-33-36-34
46995.7 157 1-35-26-18-3-21-9-2-33-36-19
47716.5 202 1-35-26-18-3-21-9-2-33-36-16
48752.5 166 1-35-26-18-3-21-9-2-33-36-25
53296.5 261 1-35-26-18-3-21-9-2-33-36-17
46462.2 54 1-35-26-18-3-21-9-2-33-39-38-5
56227 12 1-35-26-18-3-21-9-2-33-39-38-34
31555.8 136 1-35-26-18-3-21-9-2-33-39-31
46300 61 1-35-26-18-3-21-9-2-33-39-42-13
32884.1 207 1-35-26-18-3-21-9-2-33-39-42
54596.1 3 1-35-26-18-3-21-9-2-33-39-28-5
51133.5 17 1-35-26-18-3-21-9-2-33-39-5-34
57423.2 54 1-35-26-18-3-21-9-2-33-39-5-38
59671.6 3 1-35-26-18-3-21-9-2-33-39-5-28
43050.7 31 1-35-26-18-3-21-9-2-33-39-11
59387.5 47 1-35-26-18-3-21-9-2-33-39-37-13
43364.5 193 1-35-26-18-3-21-9-2-33-39-37
45937.9 136 1-35-26-18-3-21-9-2-33-39-22
46106 56 1-35-26-18-3-21-9-2-33-39-27
50907.1 25 1-35-26-18-3-21-9-2-33-39-13-19
51027.7 73 1-35-26-18-3-21-9-2-33-39-13-10
52210.4 193 1-35-26-18-3-21-9-2-33-39-13-34
52288.4 9 1-35-26-18-3-21-9-2-33-39-13-15
52371 235 1-35-26-18-3-21-9-2-33-39-13-5
53191.9 34 1-35-26-18-3-21-9-2-33-39-13-25
54025 18 1-35-26-18-3-21-9-2-33-39-13-29
58985.1 70 1-35-26-18-3-21-9-2-33-39-13-16
59698.1 61 1-35-26-18-3-21-9-2-33-39-13-42
60756.5 129 1-35-26-18-3-21-9-2-33-39-13-17
62305.3 47 1-35-26-18-3-21-9-2-33-39-13-37
69386.4 230 1-35-26-18-3-21-9-2-33-39-13-38
69503.7 179 1-35-26-18-3-21-9-2-33-39-13-28
46604.8 164 1-35-26-18-3-21-9-2-33-39-29
46610.3 155 1-35-26-18-3-21-9-2-33-39-15
47108 61 1-35-26-18-3-21-9-2-33-39-20
48244.8 219 1-35-26-18-3-21-9-2-33-39-10
48611.5 216 1-35-26-18-3-21-9-2-33-39-16
49990.6 171 1-35-26-18-3-21-9-2-33-39-19
61788.9 17 1-35-26-18-3-21-9-2-33-39-34-5
77843.3 12 1-35-26-18-3-21-9-2-33-39-34-38
51188.8 173 1-35-26-18-3-21-9-2-33-39-13-40
51045.2 339 1-35-26-18-3-21-9-2-33-39-34
51438.7 180 1-35-26-18-3-21-9-2-33-39-25
54721.4 275 1-35-26-18-3-21-9-2-33-39-17
42963.8 40 1-35-26-18-3-21-9-2-33-38-36-5
49572 54 1-35-26-18-3-21-9-2-33-38-39-5
60227.3 12 1-35-26-18-3-21-9-2-33-38-39-34
47923.5 65 1-35-26-18-3-21-9-2-33-38-42-31
54146.7 2 1-35-26-18-3-21-9-2-33-38-42-13-10
54307.8 102 1-35-26-18-3-21-9-2-33-38-42-13-40
55329.4 122 1-35-26-18-3-21-9-2-33-38-42-13-34
63875.5 58 1-35-26-18-3-21-9-2-33-38-42-13-17
72622.6 108 1-35-26-18-3-21-9-2-33-38-42-13-28
49912.1 248 1-35-26-18-3-21-9-2-33-38-42-40
50014.1 254 1-35-26-18-3-21-9-2-33-38-42-28
50467.7 84 1-35-26-18-3-21-9-2-33-38-42-15
50863.8 93 1-35-26-18-3-21-9-2-33-38-42-29
51125.7 122 1-35-26-18-3-21-9-2-33-38-42-37
51491.2 148 1-35-26-18-3-21-9-2-33-38-42-10
52582.8 65 1-35-26-18-3-21-9-2-33-38-42-22
53281.1 100 1-35-26-18-3-21-9-2-33-38-42-19
54047.6 145 1-35-26-18-3-21-9-2-33-38-42-16
54213.2 268 1-35-26-18-3-21-9-2-33-38-42-34
54919.5 109 1-35-26-18-3-21-9-2-33-38-42-25
59415.3 204 1-35-26-18-3-21-9-2-33-38-42-17
56885.2 889 1-35-26-18-3-21-9-2-33-36-42-48-49-1
38724.5 247 1-5-13-19-25-15-40-29-24-16-22
58445 22 1-5-13-19-25-15-40-29-24-16-17-34
66583.4 8 1-5-13-19-25-15-40-29-24-16-17-28
75240.2 59 1-5-13-19-25-15-40-29-24-16-17-38
41544.2 167 1-5-13-19-25-15-40-29-24-16-27
41933 304 1-5-13-19-25-15-40-29-24-16-37
44272.9 142 1-5-13-19-25-15-40-29-24-16-11
75792.6 3 1-5-13-19-25-15-40-29-24-16-10-38
41164.2 386 1-5-13-19-25-15-40-29-24-16-17
69332.1 22 1-5-13-19-25-15-40-29-24-16-34-17
78849.3 123 1-5-13-19-25-15-40-29-24-16-34-38
81135.2 72 1-5-13-19-25-15-40-29-24-16-34-28
51971.5 330 1-5-13-19-25-15-40-29-24-16-10
52693 66 1-5-13-19-25-15-40-29-24-16-12
72182.7 109 1-5-13-19-25-15-40-29-24-16-28-38
78964.4 8 1-5-13-19-25-15-40-29-24-16-28-17
75649.9 245 1-37-11-27-6-17-34-10-44-38
79462.2 5 1-37-11-27-6-17-34-10-44-31
80478.9 194 1-37-11-27-6-17-34-10-44-28
93618.8 34 1-37-11-27-6-17-34-10-20-38-28
79198.8 172 1-37-11-27-6-17-34-10-20-31
80363.3 361 1-37-11-27-6-17-34-10-20-28
80386.4 302 1-37-11-27-6-17-34-10-38-39
92551.9 109 1-37-11-27-6-17-34-10-38-31-28
119739 34 1-37-11-27-6-17-34-10-38-28-20
88768.3 487 1-37-11-27-6-17-34-10-38-31
92763.8 306 1-37-11-27-6-17-34-10-38-12
95719.8 412 1-37-11-27-6-17-34-10-38-20
97175.4 245 1-37-11-27-6-17-34-10-38-44
84145.4 62 1-37-11-27-6-17-34-10-39-31
87904 251 1-37-11-27-6-17-34-10-39-28
96170.3 109 1-37-11-27-6-17-34-10-38-28-31
80627.4 66 1-37-11-27-6-17-34-10-31-12
84995.3 62 1-37-11-27-6-17-34-10-31-39
