28627.3 26 1-8-32-43-45-30-14-7-41-23-4-36-2
46114.9 53 1-8-32-43-45-30-14-7-41-23-4-36-38-35
52224.6 109 1-8-32-43-45-30-14-7-41-23-4-36-38-13
29217.8 1 1-8-32-43-45-30-14-7-41-23-4-36-9
32996.9 86 1-8-32-43-45-30-14-7-41-23-4-36-42
51782.1 17 1-8-32-43-45-30-14-7-41-23-4-36-21-13
29120.5 255 1-8-32-43-45-30-14-7-41-23-4-36-38
34917.4 113 1-8-32-43-45-30-14-7-41-23-4-36-3
41890.8 88 1-8-32-43-45-30-14-7-41-23-4-36-26-35
54917.5 144 1-8-32-43-45-30-14-7-41-23-4-36-26-13
33137.9 163 1-8-32-43-45-30-14-7-41-23-4-36-21
38155.8 15 1-8-32-43-45-30-14-7-41-23-4-36-31
48742.5 2 1-8-32-43-45-30-14-7-41-23-4-36-35-28
49345.1 58 1-8-32-43-45-30-14-7-41-23-4-36-35-5
44517.6 88 1-8-32-43-45-30-14-7-41-23-4-36-35-26
56202.6 53 1-8-32-43-45-30-14-7-41-23-4-36-35-38
58760.5 16 1-8-32-43-45-30-14-7-41-23-4-36-35-34
36581.3 290 1-8-32-43-45-30-14-7-41-23-4-36-26
45919.2 114 1-8-32-43-45-30-14-7-41-23-4-36-5-13
39830.5 260 1-8-32-43-45-30-14-7-41-23-4-36-5
64795.2 58 1-8-32-43-45-30-14-7-41-23-4-36-28-13
50823 52 1-8-32-43-45-30-14-7-41-23-4-36-13-40
51844.6 72 1-8-32-43-45-30-14-7-41-23-4-36-13-34
52005.2 114 1-8-32-43-45-30-14-7-41-23-4-36-13-5
60390.8 8 1-8-32-43-45-30-14-7-41-23-4-36-13-17
64252.7 144 1-8-32-43-45-30-14-7-41-23-4-36-13-26
64560.7 17 1-8-32-43-45-30-14-7-41-23-4-36-13-21
69020.6 109 1-8-32-43-45-30-14-7-41-23-4-36-13-38
69137.9 58 1-8-32-43-45-30-14-7-41-23-4-36-13-28
51108.1 2 1-8-32-43-45-30-14-7-41-23-4-36-28-35
41573.8 204 1-8-32-43-45-30-14-7-41-23-4-36-28
46850.2 72 1-8-32-43-45-30-14-7-41-23-4-36-37
46899.6 198 1-8-32-43-45-30-14-7-41-23-4-36-40
47106.2 98 1-8-32-43-45-30-14-7-41-23-4-36-10
47476.8 34 1-8-32-43-45-30-14-7-41-23-4-36-15
47857.1 43 1-8-32-43-45-30-14-7-41-23-4-36-29
48856.3 15 1-8-32-43-45-30-14-7-41-23-4-36-22
69583.8 16 1-8-32-43-45-30-14-7-41-23-4-36-34-35
50071.6 50 1-8-32-43-45-30-14-7-41-23-4-36-19
50792.4 95 1-8-32-43-45-30-14-7-41-23-4-36-16
51828.4 59 1-8-32-43-45-30-14-7-41-23-4-36-25
70846.7 8 1-8-32-43-45-30-14-7-41-23-4-36-17-13
55959.6 72 1-8-32-43-45-30-14-7-41-23-4-36-34-13
56372.4 154 1-8-32-43-45-30-14-7-41-23-4-36-17
36883.1 9 1-8-32-43-45-30-14-7-41-23-4-2-9-35
45282.2 65 1-8-32-43-45-30-14-7-41-23-4-2-9-13
28205 123 1-8-32-43-45-30-14-7-41-23-4-2-33
28779.2 26 1-8-32-43-45-30-14-7-41-23-4-2-36
38274.4 94 1-8-32-43-45-30-14-7-41-23-4-2-42-35
38686.6 4 1-8-32-43-45-30-14-7-41-23-4-2-42-26
26741.2 211 1-8-32-43-45-30-14-7-41-23-4-2-9
34170 81 1-8-32-43-45-30-14-7-41-23-4-2-21-26
51831.1 25 1-8-32-43-45-30-14-7-41-23-4-2-21-35-13
41315.4 46 1-8-32-43-45-30-14-7-41-23-4-2-21-38
43956.4 51 1-8-32-43-45-30-14-7-41-23-4-2-21-5
38142.3 171 1-8-32-43-45-30-14-7-41-23-4-2-21-35
54653 9 1-8-32-43-45-30-14-7-41-23-4-2-21-34
31328.7 40 1-8-32-43-45-30-14-7-41-23-4-2-39
64654.1 27 1-8-32-43-45-30-14-7-41-23-4-2-38-26-13
42844.9 46 1-8-32-43-45-30-14-7-41-23-4-2-38-21
62909.7 117 1-8-32-43-45-30-14-7-41-23-4-2-38-35-13
46317.9 173 1-8-32-43-45-30-14-7-41-23-4-2-38-26
49259.9 143 1-8-32-43-45-30-14-7-41-23-4-2-38-5
50864 87 1-8-32-43-45-30-14-7-41-23-4-2-38-28
73666.9 27 1-8-32-43-45-30-14-7-41-23-4-2-38-13-26
106674 6082 1-8-32-43-45-30-14-7-41-23-4-2-9-57-46-54-55-53-50-52-56-51-47-58-49-48-1
66376.3 8 1-35-26-18-3-21-33-36-38-39-31-28-12-13
71492.5 84 1-35-26-18-3-21-33-36-38-39-31-28-11-13
43735.4 154 1-35-26-18-3-21-33-36-38-39-31-28-12
66403.1 8 1-35-26-18-3-21-33-36-38-39-31-28-37-40
69928.9 70 1-35-26-18-3-21-33-36-38-39-31-28-37-5
76394.1 28 1-35-26-18-3-21-33-36-38-39-31-28-37-34
53051 230 1-35-26-18-3-21-33-36-38-39-31-28-11
74294.4 109 1-35-26-18-3-21-33-36-38-39-31-28-27-13
56592 255 1-35-26-18-3-21-33-36-38-39-31-28-27
64397.4 84 1-35-26-18-3-21-33-36-38-39-31-28-42-5
70807.2 22 1-35-26-18-3-21-33-36-38-39-31-28-42-40
75108.4 42 1-35-26-18-3-21-33-36-38-39-31-28-42-34
73101.4 13 1-35-26-18-3-21-33-36-38-39-31-28-22-5
69559.4 31 1-35-26-18-3-21-33-36-38-39-31-28-16-40
76600.2 93 1-35-26-18-3-21-33-36-38-39-31-28-16-5
79172.1 51 1-35-26-18-3-21-33-36-38-39-31-28-16-34
73128.9 50 1-35-26-18-3-21-33-36-38-39-31-28-5-13-40
74150.4 70 1-35-26-18-3-21-33-36-38-39-31-28-5-13-34
82696.6 6 1-35-26-18-3-21-33-36-38-39-31-28-5-13-17
69650.4 84 1-35-26-18-3-21-33-36-38-39-31-28-5-42
70276.7 96 1-35-26-18-3-21-33-36-38-39-31-28-5-10
70358.6 196 1-35-26-18-3-21-33-36-38-39-31-28-5-40
71289.8 32 1-35-26-18-3-21-33-36-38-39-31-28-5-15
72434 41 1-35-26-18-3-21-33-36-38-39-31-28-5-29
72548.9 48 1-35-26-18-3-21-33-36-38-39-31-28-5-19
72877.3 216 1-35-26-18-3-21-33-36-38-39-31-28-5-34
74550 57 1-35-26-18-3-21-33-36-38-39-31-28-5-25
76974.9 93 1-35-26-18-3-21-33-36-38-39-31-28-5-16
77301.8 13 1-35-26-18-3-21-33-36-38-39-31-28-5-22
77393.1 70 1-35-26-18-3-21-33-36-38-39-31-28-5-37
80772.6 152 1-35-26-18-3-21-33-36-38-39-31-28-5-17
72570.1 41 1-35-26-18-3-21-33-36-38-39-31-28-29-5
72360.8 32 1-35-26-18-3-21-33-36-38-39-31-28-15-5
74297.7 8 1-35-26-18-3-21-33-36-38-39-31-28-40-13-34
74458.3 50 1-35-26-18-3-21-33-36-38-39-31-28-40-13-5
71263.5 31 1-35-26-18-3-21-33-36-38-39-31-28-40-16
71688 196 1-35-26-18-3-21-33-36-38-39-31-28-40-5
73053.7 34 1-35-26-18-3-21-33-36-38-39-31-28-40-10
73550 154 1-35-26-18-3-21-33-36-38-39-31-28-40-34
73899.8 90 1-35-26-18-3-21-33-36-38-39-31-28-40-17
75196.7 8 1-35-26-18-3-21-33-36-38-39-31-28-40-37
77389.7 22 1-35-26-18-3-21-33-36-38-39-31-28-40-42
70698.1 224 1-35-26-18-3-21-33-36-38-39-31-28-13-19
70818.7 272 1-35-26-18-3-21-33-36-38-39-31-28-13-10
82745.1 70 1-35-26-18-3-21-33-36-38-39-31-28-13-34-5
79204.8 50 1-35-26-18-3-21-33-36-38-39-31-28-13-40-5
70979.8 372 1-35-26-18-3-21-33-36-38-39-31-28-13-40
72079.4 208 1-35-26-18-3-21-33-36-38-39-31-28-13-15
80387 50 1-35-26-18-3-21-33-36-38-39-31-28-13-5-40
90801 6 1-35-26-18-3-21-33-36-38-39-31-28-13-5-17
82088.4 8 1-35-26-18-3-21-33-36-38-39-31-28-13-34-40
48213.5 204 1-42-5-13-19-25-15-40-29-24-16-22-27
48327.5 341 1-42-5-13-19-25-15-40-29-24-16-22-37
50587.7 179 1-42-5-13-19-25-15-40-29-24-16-22-11
54559.1 37 1-42-5-13-19-25-15-40-29-24-16-22-6
72737.3 59 1-42-5-13-19-25-15-40-29-24-16-22-17-34
67436.7 3 1-42-5-13-19-25-15-40-29-24-16-22-10-34
55456.5 423 1-42-5-13-19-25-15-40-29-24-16-22-17
82338.7 59 1-42-5-13-19-25-15-40-29-24-16-22-34-17
64439.7 367 1-42-5-13-19-25-15-40-29-24-16-22-10
66375.9 209 1-42-5-13-19-25-15-40-29-24-16-22-20
66506 42 1-42-5-13-19-25-15-40-29-24-16-22-44
50204.2 176 1-42-5-13-19-25-15-40-29-24-16-6-17
60019.9 94 1-42-5-13-19-25-15-40-29-24-16-6-37
67215.7 240 1-42-5-13-19-25-15-40-29-24-16-6-34
68018.6 120 1-42-5-13-19-25-15-40-29-24-16-6-10
68054.9 3 1-42-5-13-19-25-15-40-29-24-16-22-34-10
50407.8 176 1-42-5-13-19-25-15-40-29-24-16-17-6
60164.6 343 1-42-5-13-19-25-15-40-29-24-16-17-27
82905.8 116 1-42-5-13-19-25-15-40-29-24-16-17-37-34
77914.8 59 1-42-5-13-19-25-15-40-29-24-16-17-22-34
61181 480 1-42-5-13-19-25-15-40-29-24-16-17-37
63341.9 318 1-42-5-13-19-25-15-40-29-24-16-17-11
67756.8 142 1-42-5-13-19-25-15-40-29-24-16-17-34-10
86484.6 116 1-42-5-13-19-25-15-40-29-24-16-17-34-37
57896.2 423 1-42-5-13-19-25-15-40-29-24-16-17-22
84778.4 59 1-42-5-13-19-25-15-40-29-24-16-17-34-22
15204.2 6400 1-20
