37986.2 49 1-8-32-43-45-30-14-7-41-23-4-36-33-9-2-38
39770.6 84 1-8-32-43-45-30-14-7-41-23-4-36-33-9-2-26
55845 28 1-8-32-43-45-30-14-7-41-23-4-36-33-9-2-35-13
43811.2 54 1-8-32-43-45-30-14-7-41-23-4-36-33-9-2-5
42156.2 174 1-8-32-43-45-30-14-7-41-23-4-36-33-9-2-35
54374.7 12 1-8-32-43-45-30-14-7-41-23-4-36-33-9-2-34
36542.9 44 1-8-32-43-45-30-14-7-41-23-4-36-33-9-21-3
43455.8 19 1-8-32-43-45-30-14-7-41-23-4-36-33-9-21-26-35
56482.6 75 1-8-32-43-45-30-14-7-41-23-4-36-33-9-21-26-13
40922.7 17 1-8-32-43-45-30-14-7-41-23-4-36-33-9-21-42
47428.2 19 1-8-32-43-45-30-14-7-41-23-4-36-33-9-21-35-26
38146.4 221 1-8-32-43-45-30-14-7-41-23-4-36-33-9-21-26
43408.7 135 1-8-32-43-45-30-14-7-41-23-4-36-33-9-21-28
68395.9 40 1-8-32-43-45-30-14-7-41-23-4-36-33-9-21-38-13
45291.8 186 1-8-32-43-45-30-14-7-41-23-4-36-33-9-21-38
54021.5 45 1-8-32-43-45-30-14-7-41-23-4-36-33-9-21-5-13
49169.9 3 1-8-32-43-45-30-14-7-41-23-4-36-33-9-21-37
52526 129 1-8-32-43-45-30-14-7-41-23-4-36-33-9-21-40
59245.7 3 1-8-32-43-45-30-14-7-41-23-4-36-33-9-21-13-34
67006.4 165 1-8-32-43-45-30-14-7-41-23-4-36-33-9-21-13-35
71653.9 75 1-8-32-43-45-30-14-7-41-23-4-36-33-9-21-13-26
76421.8 40 1-8-32-43-45-30-14-7-41-23-4-36-33-9-21-13-38
47932.8 191 1-8-32-43-45-30-14-7-41-23-4-36-33-9-21-5
54336.9 26 1-8-32-43-45-30-14-7-41-23-4-36-33-9-21-16
56073.1 29 1-8-32-43-45-30-14-7-41-23-4-36-33-9-21-10
58629.4 149 1-8-32-43-45-30-14-7-41-23-4-36-33-9-21-34
60512.4 85 1-8-32-43-45-30-14-7-41-23-4-36-33-9-21-17
63501.9 28 1-8-32-43-45-30-14-7-41-23-4-36-33-9-2-13-35
59406.3 45 1-8-32-43-45-30-14-7-41-23-4-36-33-9-21-13-5
59136.2 34 1-8-32-43-45-30-14-7-41-23-4-36-33-9-39-13
42020.4 17 1-8-32-43-45-30-14-7-41-23-4-36-33-9-42-21
43288 114 1-8-32-43-45-30-14-7-41-23-4-36-33-9-42-5
57039 88 1-8-32-43-45-30-14-7-41-23-4-36-33-9-42-35-13
43762.5 144 1-8-32-43-45-30-14-7-41-23-4-36-33-9-42-26
46420 109 1-8-32-43-45-30-14-7-41-23-4-36-33-9-42-38
124273 6082 1-8-32-43-45-30-14-7-41-23-4-36-33-9-21-3-48-46-54-55-53-50-52-56-51-47-58-49-57-1
52568.9 35 1-35-26-18-31-28-12-11-37-27-22-24-16-29-15-13
55854.9 23 1-35-26-18-31-28-12-11-37-27-22-24-16-29-40-5
72070 18 1-35-26-18-31-28-12-11-37-27-22-24-16-29-40-38
46562.7 181 1-35-26-18-31-28-12-11-37-27-22-24-16-29-15
57939 60 1-35-26-18-31-28-12-11-37-27-22-24-16-29-25-13
51029.3 206 1-35-26-18-31-28-12-11-37-27-22-24-16-29-25
55933 51 1-35-26-18-31-28-12-11-37-27-22-24-16-29-19-13
57280.8 99 1-35-26-18-31-28-12-11-37-27-22-24-16-29-13-10
57441.9 199 1-35-26-18-31-28-12-11-37-27-22-24-16-29-13-40
58463.5 219 1-35-26-18-31-28-12-11-37-27-22-24-16-29-13-34
58541.5 35 1-35-26-18-31-28-12-11-37-27-22-24-16-29-13-15
58624.1 261 1-35-26-18-31-28-12-11-37-27-22-24-16-29-13-5
59445 60 1-35-26-18-31-28-12-11-37-27-22-24-16-29-13-25
65951.2 87 1-35-26-18-31-28-12-11-37-27-22-24-16-29-13-42
67009.6 155 1-35-26-18-31-28-12-11-37-27-22-24-16-29-13-17
70775.1 27 1-35-26-18-31-28-12-11-37-27-22-24-16-29-13-2
75639.5 256 1-35-26-18-31-28-12-11-37-27-22-24-16-29-13-38
51308.2 197 1-35-26-18-31-28-12-11-37-27-22-24-16-29-19
53402.2 301 1-35-26-18-31-28-12-11-37-27-22-24-16-29-17
63318.1 23 1-35-26-18-31-28-12-11-37-27-22-24-16-29-5-40
65836.8 43 1-35-26-18-31-28-12-11-37-27-22-24-16-29-5-34
72126.4 80 1-35-26-18-31-28-12-11-37-27-22-24-16-29-5-38
57160.2 51 1-35-26-18-31-28-12-11-37-27-22-24-16-29-13-19
97642.1 421 1-42-2-39-38-5-13-19-25-40-10-44-20-34-17-6
inf 8000 1-481480304
