22387.4 14 1-39-6-29-11-9-33-26-18-15-16
26667.3 31 1-39-6-29-11-9-33-26-18-15-31
22605 96 1-39-6-29-11-9-33-26-18-16-14
19914.4 198 1-39-6-29-11-9-33-26-18-16
34618.3 24 1-39-6-29-11-9-33-26-18-2-14
25161.5 96 1-39-6-29-11-9-33-26-18-14-16
29286.6 134 1-39-6-29-11-9-33-26-18-14-15
34979.6 10 1-39-6-29-11-9-33-26-18-14-3
36777.9 82 1-39-6-29-11-9-33-26-18-14-35
38468.3 113 1-39-6-29-11-9-33-26-18-14-31
48016.8 49 1-39-6-29-11-9-33-26-18-14-23
22148.1 126 1-39-6-29-11-9-33-26-18-2
22881.3 184 1-39-6-29-11-9-33-26-18-35
23421.1 62 1-39-6-29-11-9-33-26-18-25
32950.7 31 1-39-6-29-11-9-33-26-18-31-15
34941.1 24 1-39-6-29-11-9-33-26-18-14-2
57990.1 3941 1-39-6-29-11-9-33-26-18-16-54-65-58-47-62-68-49-1
61067.3 3903 1-39-6-29-11-9-33-26-18-16-54-65-58-47-62-68-61-1
63757.5 3893 1-39-6-29-11-9-33-26-18-16-54-65-58-47-62-68-64-1
70040.7 3875 1-39-6-29-11-9-33-26-18-16-54-65-58-47-62-68-51-1
83269.8 3922 1-39-6-29-11-9-33-26-18-16-54-65-58-47-62-68-67-59-1
71214.1 3874 1-39-6-29-11-9-33-26-18-16-54-65-58-47-62-68-55-1
23035.6 8 1-42-35-2-5-45-3-17-40
26788.3 81 1-42-35-2-5-45-3-17-4
28159 22 1-42-35-2-5-45-3-17-36
28363.8 44 1-42-35-2-5-45-3-17-12
46829.9 28 1-42-35-2-5-45-3-17-28-15
54140.5 7 1-42-35-2-5-45-3-17-28-31
49273.2 41 1-42-35-2-5-45-3-17-13-14
31066.6 143 1-42-35-2-5-45-3-17-13
47806.1 39 1-42-35-2-5-45-3-17-14-15-31
39273.2 70 1-42-35-2-5-45-3-17-14-25
46262.8 110 1-42-35-2-5-45-3-17-14-28
89432.8 3977 1-42-35-2-5-45-3-17-40-61-64-59-60-53-55-50-52-66-67-1
93923.4 3965 1-42-35-2-5-45-3-17-40-61-64-59-60-53-55-50-52-48-67-1
75868.3 3800 1-42-35-2-5-45-3-17-40-61-64-59-60-53-55-50-52-66-1
84232.8 3923 1-42-35-2-5-45-3-17-40-61-64-59-60-53-55-50-52-63-1
89235.3 3903 1-42-35-2-5-45-3-17-40-61-64-59-60-53-55-50-52-67-51-1
101387 3977 1-42-35-2-5-45-3-17-40-61-64-59-60-53-55-50-52-67-66-1
81424.2 3788 1-42-35-2-5-45-3-17-40-61-64-59-60-53-55-50-52-48-1
88119.6 3726 1-42-35-2-5-45-3-17-40-61-64-59-60-53-55-50-52-51-1
93106.8 3839 1-42-35-2-5-45-3-17-40-61-64-59-60-53-55-50-52-69-1
96802.5 3934 1-42-35-2-5-45-3-17-40-61-64-59-60-53-55-50-66-48-67-1
100053 3977 1-42-35-2-5-45-3-17-40-61-64-59-60-53-55-50-66-52-67-1
84303.3 3757 1-42-35-2-5-45-3-17-40-61-64-59-60-53-55-50-66-48-1
83724.9 3892 1-42-35-2-5-45-3-17-40-61-64-59-60-53-55-50-66-63-1
89207.6 3872 1-42-35-2-5-45-3-17-40-61-64-59-60-53-55-50-66-67-51-1
94379.9 3985 1-42-35-2-5-45-3-17-40-61-64-59-60-53-55-50-66-67-69-1
109463 3934 1-42-35-2-5-45-3-17-40-61-64-59-60-53-55-50-66-67-48-1
82720 3800 1-42-35-2-5-45-3-17-40-61-64-59-60-53-55-50-66-52-1
88336.7 3695 1-42-35-2-5-45-3-17-40-61-64-59-60-53-55-50-66-51-1
92689.3 3808 1-42-35-2-5-45-3-17-40-61-64-59-60-53-55-50-66-69-1
109490 3965 1-42-35-2-5-45-3-17-40-61-64-59-60-53-55-50-52-67-48-1
95017.3 3934 1-42-35-2-5-45-3-17-40-61-64-59-60-53-55-50-48-66-67-1
102758 3965 1-42-35-2-5-45-3-17-40-61-64-59-60-53-55-50-48-52-67-1
81452.8 3757 1-42-35-2-5-45-3-17-40-61-64-59-60-53-55-50-48-66-1
88541.6 3880 1-42-35-2-5-45-3-17-40-61-64-59-60-53-55-50-48-63-1
94460.1 3860 1-42-35-2-5-45-3-17-40-61-64-59-60-53-55-50-48-67-51-1
99632.4 3973 1-42-35-2-5-45-3-17-40-61-64-59-60-53-55-50-48-67-69-1
106612 3934 1-42-35-2-5-45-3-17-40-61-64-59-60-53-55-50-48-67-66-1
85425.3 3788 1-42-35-2-5-45-3-17-40-61-64-59-60-53-55-50-48-52-1
93809.5 3683 1-42-35-2-5-45-3-17-40-61-64-59-60-53-55-50-48-51-1
97342.7 3796 1-42-35-2-5-45-3-17-40-61-64-59-60-53-55-50-48-69-1
99314.9 3843 1-42-35-2-5-45-3-17-40-61-64-59-60-53-55-50-46-67-1
113491 3965 1-42-35-2-5-45-3-17-40-61-64-59-60-53-55-50-48-67-52-1
86854.6 3666 1-42-35-2-5-45-3-17-40-61-64-59-60-53-55-50-46-1
88629.9 3995 1-42-35-2-5-45-3-17-40-61-64-59-60-53-55-50-63-67-51-1
91588 3931 1-42-35-2-5-45-3-17-40-61-64-59-60-53-55-50-63-69-1
88200.4 3818 1-42-35-2-5-45-3-17-40-61-64-59-60-53-55-50-63-51-1
91036.5 3892 1-42-35-2-5-45-3-17-40-61-64-59-60-53-55-50-63-66-1
98703.7 3880 1-42-35-2-5-45-3-17-40-61-64-59-60-53-55-50-63-48-1
98396 3923 1-42-35-2-5-45-3-17-40-61-64-59-60-53-55-50-63-52-1
92261.4 3991 1-42-35-2-5-45-3-17-40-61-64-59-60-53-55-50-57-67-1
93256.6 3911 1-42-35-2-5-45-3-17-40-61-64-59-60-53-55-50-51-67-69-1
92347 3995 1-42-35-2-5-45-3-17-40-61-64-59-60-53-55-50-51-67-63-1
100236 3872 1-42-35-2-5-45-3-17-40-61-64-59-60-53-55-50-51-67-66-1
108339 3860 1-42-35-2-5-45-3-17-40-61-64-59-60-53-55-50-51-67-48-1
107116 3903 1-42-35-2-5-45-3-17-40-61-64-59-60-53-55-50-51-67-52-1
87316.9 3938 1-42-35-2-5-45-3-17-40-61-64-59-60-53-55-50-51-56-1
93097.2 3734 1-42-35-2-5-45-3-17-40-61-64-59-60-53-55-50-51-69-1
91917.5 3818 1-42-35-2-5-45-3-17-40-61-64-59-60-53-55-50-51-63-1
99365.3 3695 1-42-35-2-5-45-3-17-40-61-64-59-60-53-55-50-51-66-1
107689 3683 1-42-35-2-5-45-3-17-40-61-64-59-60-53-55-50-51-48-1
106000 3726 1-42-35-2-5-45-3-17-40-61-64-59-60-53-55-50-51-52-1
89218.3 3814 1-42-35-2-5-45-3-17-40-61-64-59-60-53-55-50-57-1
88546.1 3732 1-42-35-2-5-45-3-17-40-61-64-59-60-53-55-50-67-56-1
103221 3985 1-42-35-2-5-45-3-17-40-61-64-59-60-53-55-50-67-69-66-1
110725 3973 1-42-35-2-5-45-3-17-40-61-64-59-60-53-55-50-67-69-48-1
93278.4 3995 1-42-35-2-5-45-3-17-40-61-64-59-60-53-55-50-67-51-63-1
100726 3872 1-42-35-2-5-45-3-17-40-61-64-59-60-53-55-50-67-51-66-1
109050 3860 1-42-35-2-5-45-3-17-40-61-64-59-60-53-55-50-67-51-48-1
107361 3903 1-42-35-2-5-45-3-17-40-61-64-59-60-53-55-50-67-51-52-1
92094.1 3528 1-42-35-2-5-45-3-17-40-61-64-59-60-53-55-50-67-69-1
91184.5 3612 1-42-35-2-5-45-3-17-40-61-64-59-60-53-55-50-67-63-1
95896 3991 1-42-35-2-5-45-3-17-40-61-64-59-60-53-55-50-67-57-1
108282 3934 1-42-35-2-5-45-3-17-40-61-64-59-60-53-55-50-67-66-48-1
106699 3977 1-42-35-2-5-45-3-17-40-61-64-59-60-53-55-50-67-66-52-1
116668 3985 1-42-35-2-5-45-3-17-40-61-64-59-60-53-55-50-67-66-69-1
94458.1 3911 1-42-35-2-5-45-3-17-40-61-64-59-60-53-55-50-67-51-69-1
46357.5 75 1-27-38-41-44-20-13-32-23-31
50660.5 96 1-27-38-41-44-20-13-32-23-15
54460.6 10 1-27-38-41-44-20-13-32-7-15
60146.4 92 1-27-38-41-44-20-13-32-7-14
62125.6 76 1-27-38-41-44-20-13-32-19-14
32733.4 194 1-27-38-41-44-20-13-32-7
63698.9 25 1-27-38-41-44-20-13-32-10-14
32882.2 178 1-27-38-41-44-20-13-32-19
34499.9 96 1-27-38-41-44-20-13-32-21
61422.4 58 1-27-38-41-44-20-13-32-31-15-14
61234.6 75 1-27-38-41-44-20-13-32-31-23
54606.7 160 1-27-38-41-44-20-13-32-31-15
70292.1 26 1-27-38-41-44-20-13-32-31-28
33824.5 127 1-27-38-41-44-20-13-32-10
54909.6 7 1-27-38-41-44-20-13-32-15-25
58146.8 160 1-27-38-41-44-20-13-32-15-31
66521.6 47 1-27-38-41-44-20-13-32-15-28
69077.7 96 1-27-38-41-44-20-13-32-15-23
70665.6 10 1-27-38-41-44-20-13-32-15-7
50652.6 1 1-27-38-41-44-20-13-32-37
51407.3 100 1-27-38-41-44-20-13-32-4
51693.4 10 1-27-38-41-44-20-13-32-24
52012.4 63 1-27-38-41-44-20-13-32-12
70620.4 47 1-27-38-41-44-20-13-32-28-15
77931 26 1-27-38-41-44-20-13-32-28-31
53238.5 41 1-27-38-41-44-20-13-32-36
70045.3 58 1-27-38-41-44-20-13-32-14-15-31
61512.4 89 1-27-38-41-44-20-13-32-14-25
68502 129 1-27-38-41-44-20-13-32-14-28
83297.5 3740 1-27-38-41-44-20-13-32-7-57-63-67-51-56-69-48-1
41635.3 102 1-22-4-36-34-12-28-24-15
50780.3 81 1-22-4-36-34-12-28-24-31
59493.2 17 1-22-4-36-34-12-28-24-23
43792.8 175 1-22-4-36-34-12-28-14-37
50006.1 181 1-22-4-36-34-12-28-14-15-25
69079.6 65 1-22-4-36-34-12-28-14-15-31-23
81468.2 811 1-22-4-36-34-12-28-24-15-46-1
81468.2 811 1-22-4-36-34-12-28-24-15-46-1
59148 354 1-31-43-37-25-30-14-23-8
66732.4 40 1-31-43-37-25-30-14-23-21-10
68226.2 91 1-31-43-37-25-30-14-23-21-19
64472.8 122 1-31-43-37-25-30-14-23-19-10
