33616.5 106 1-39-6-29-11-9-33-26-18-15-37-25-14-16
43396.2 34 1-39-6-29-11-9-33-26-18-15-37-25-14-2
43434.6 20 1-39-6-29-11-9-33-26-18-15-37-25-14-3
45233 92 1-39-6-29-11-9-33-26-18-15-37-25-14-35
45406.8 10 1-39-6-29-11-9-33-26-18-15-37-25-14-28
46923.3 123 1-39-6-29-11-9-33-26-18-15-37-25-14-31
56471.8 59 1-39-6-29-11-9-33-26-18-15-37-25-14-23
45267.5 3 1-39-6-29-11-9-33-26-18-15-37-25-16-31
31205.2 208 1-39-6-29-11-9-33-26-18-15-37-25-16
49463 3 1-39-6-29-11-9-33-26-18-15-37-25-31-16
82558.1 5006 1-39-6-29-11-9-33-26-18-15-37-25-16-54-65-58-47-62-68-49-61-64-59-1
99841.5 4930 1-39-6-29-11-9-33-26-18-15-37-25-16-54-65-58-47-62-68-49-61-64-67-1
88306.5 5073 1-39-6-29-11-9-33-26-18-15-37-25-16-54-65-58-47-62-68-49-61-59-60-1
94477.7 5093 1-39-6-29-11-9-33-26-18-15-37-25-16-54-65-58-47-62-68-49-61-59-52-1
92559.7 4987 1-39-6-29-11-9-33-26-18-15-37-25-16-54-65-58-47-62-68-49-61-59-55-1
94440.7 4975 1-39-6-29-11-9-33-26-18-15-37-25-16-54-65-58-47-62-68-49-61-59-53-1
94551.6 5062 1-39-6-29-11-9-33-26-18-15-37-25-16-54-65-58-47-62-68-49-61-59-66-1
102776 5050 1-39-6-29-11-9-33-26-18-15-37-25-16-54-65-58-47-62-68-49-61-59-48-1
101881 4988 1-39-6-29-11-9-33-26-18-15-37-25-16-54-65-58-47-62-68-49-61-59-51-1
84173 5006 1-39-6-29-11-9-33-26-18-15-37-25-16-54-65-58-47-62-68-49-61-59-64-1
77684.1 4753 1-39-6-29-11-9-33-26-18-15-37-25-16-54-65-58-47-62-68-49-61-64-1
106828 4997 1-39-6-29-11-9-33-26-18-15-37-25-16-54-65-58-47-62-68-49-61-60-67-1
85508.5 4820 1-39-6-29-11-9-33-26-18-15-37-25-16-54-65-58-47-62-68-49-61-60-1
89797 4987 1-39-6-29-11-9-33-26-18-15-37-25-16-54-65-58-47-62-68-49-61-55-59-1
91958.7 4975 1-39-6-29-11-9-33-26-18-15-37-25-16-54-65-58-47-62-68-49-61-53-59-1
111631 5099 1-39-6-29-11-9-33-26-18-15-37-25-16-54-65-58-47-62-68-49-61-50-67-1
95093.9 5093 1-39-6-29-11-9-33-26-18-15-37-25-16-54-65-58-47-62-68-49-61-52-59-1
111797 5017 1-39-6-29-11-9-33-26-18-15-37-25-16-54-65-58-47-62-68-49-61-52-67-1
91953.7 4922 1-39-6-29-11-9-33-26-18-15-37-25-16-54-65-58-47-62-68-49-61-50-1
97482.9 5062 1-39-6-29-11-9-33-26-18-15-37-25-16-54-65-58-47-62-68-49-61-66-59-1
107233 4986 1-39-6-29-11-9-33-26-18-15-37-25-16-54-65-58-47-62-68-49-61-66-67-1
94463.9 4840 1-39-6-29-11-9-33-26-18-15-37-25-16-54-65-58-47-62-68-49-61-52-1
96373.4 4932 1-39-6-29-11-9-33-26-18-15-37-25-16-54-65-58-47-62-68-49-61-63-1
108009 4988 1-39-6-29-11-9-33-26-18-15-37-25-16-54-65-58-47-62-68-49-61-51-59-1
93668.2 4809 1-39-6-29-11-9-33-26-18-15-37-25-16-54-65-58-47-62-68-49-61-66-1
96745.1 5052 1-39-6-29-11-9-33-26-18-15-37-25-16-54-65-58-47-62-68-49-61-56-1
103397 5025 1-39-6-29-11-9-33-26-18-15-37-25-16-54-65-58-47-62-68-49-61-67-69-1
110376 4986 1-39-6-29-11-9-33-26-18-15-37-25-16-54-65-58-47-62-68-49-61-67-66-1
98224.6 4912 1-39-6-29-11-9-33-26-18-15-37-25-16-54-65-58-47-62-68-49-61-67-51-1
107532 4930 1-39-6-29-11-9-33-26-18-15-37-25-16-54-65-58-47-62-68-49-61-67-64-1
118480 4974 1-39-6-29-11-9-33-26-18-15-37-25-16-54-65-58-47-62-68-49-61-67-48-1
117256 5017 1-39-6-29-11-9-33-26-18-15-37-25-16-54-65-58-47-62-68-49-61-67-52-1
114626 4997 1-39-6-29-11-9-33-26-18-15-37-25-16-54-65-58-47-62-68-49-61-67-60-1
118528 5099 1-39-6-29-11-9-33-26-18-15-37-25-16-54-65-58-47-62-68-49-61-67-50-1
117825 4911 1-39-6-29-11-9-33-26-18-15-37-25-16-54-65-58-47-62-68-49-61-67-55-1
120574 4899 1-39-6-29-11-9-33-26-18-15-37-25-16-54-65-58-47-62-68-49-61-67-53-1
96301.8 4735 1-39-6-29-11-9-33-26-18-15-37-25-16-54-65-58-47-62-68-49-61-51-1
105277 5050 1-39-6-29-11-9-33-26-18-15-37-25-16-54-65-58-47-62-68-49-61-48-59-1
102406 4797 1-39-6-29-11-9-33-26-18-15-37-25-16-54-65-58-47-62-68-49-61-48-1
103220 4848 1-39-6-29-11-9-33-26-18-15-37-25-16-54-65-58-47-62-68-49-61-69-1
83866.3 5024 1-39-6-29-11-9-33-26-18-15-37-25-16-54-65-58-47-62-68-49-56-51-1
96973.3 5071 1-39-6-29-11-9-33-26-18-15-37-25-16-54-65-58-47-62-68-49-56-67-59-1
97431.8 5098 1-39-6-29-11-9-33-26-18-15-37-25-16-54-65-58-47-62-68-49-56-66-1
91569.2 5052 1-39-6-29-11-9-33-26-18-15-37-25-16-54-65-58-47-62-68-49-56-61-1
92794.9 5042 1-39-6-29-11-9-33-26-18-15-37-25-16-54-65-58-47-62-68-49-56-64-1
94749.1 4894 1-39-6-29-11-9-33-26-18-15-37-25-16-54-65-58-47-62-68-49-56-59-1
105873 5086 1-39-6-29-11-9-33-26-18-15-37-25-16-54-65-58-47-62-68-49-56-48-1
103033 5023 1-39-6-29-11-9-33-26-18-15-37-25-16-54-65-58-47-62-68-49-56-55-1
106034 5011 1-39-6-29-11-9-33-26-18-15-37-25-16-54-65-58-47-62-68-49-56-53-1
88320.4 5063 1-39-6-29-11-9-33-26-18-15-37-25-16-54-65-58-47-62-68-49-64-59-60-1
94491.5 5083 1-39-6-29-11-9-33-26-18-15-37-25-16-54-65-58-47-62-68-49-64-59-52-1
92573.5 4977 1-39-6-29-11-9-33-26-18-15-37-25-16-54-65-58-47-62-68-49-64-59-55-1
94454.6 4965 1-39-6-29-11-9-33-26-18-15-37-25-16-54-65-58-47-62-68-49-64-59-53-1
94565.4 5052 1-39-6-29-11-9-33-26-18-15-37-25-16-54-65-58-47-62-68-49-64-59-66-1
102790 5040 1-39-6-29-11-9-33-26-18-15-37-25-16-54-65-58-47-62-68-49-64-59-48-1
101895 4978 1-39-6-29-11-9-33-26-18-15-37-25-16-54-65-58-47-62-68-49-64-59-51-1
85402.2 5006 1-39-6-29-11-9-33-26-18-15-37-25-16-54-65-58-47-62-68-49-64-59-61-1
107992 5091 1-39-6-29-11-9-33-26-18-15-37-25-16-54-65-58-47-62-68-49-64-59-69-1
101642 4930 1-39-6-29-11-9-33-26-18-15-37-25-16-54-65-58-47-62-68-49-64-61-67-1
78913.3 4753 1-39-6-29-11-9-33-26-18-15-37-25-16-54-65-58-47-62-68-49-64-61-1
107055 4987 1-39-6-29-11-9-33-26-18-15-37-25-16-54-65-58-47-62-68-49-64-60-67-1
91962.3 5094 1-39-6-29-11-9-33-26-18-15-37-25-16-54-65-58-47-62-68-49-64-55-53-1
91127.6 4977 1-39-6-29-11-9-33-26-18-15-37-25-16-54-65-58-47-62-68-49-64-55-59-1
86810.2 5063 1-39-6-29-11-9-33-26-18-15-37-25-16-54-65-58-47-62-68-49-64-60-59-1
91745.6 5094 1-39-6-29-11-9-33-26-18-15-37-25-16-54-65-58-47-62-68-49-64-53-55-1
92792 4965 1-39-6-29-11-9-33-26-18-15-37-25-16-54-65-58-47-62-68-49-64-53-59-1
111720 5095 1-39-6-29-11-9-33-26-18-15-37-25-16-54-65-58-47-62-68-49-64-53-51-1
85735.1 4810 1-39-6-29-11-9-33-26-18-15-37-25-16-54-65-58-47-62-68-49-64-60-1
111643 5089 1-39-6-29-11-9-33-26-18-15-37-25-16-54-65-58-47-62-68-49-64-50-67-1
95072.5 5083 1-39-6-29-11-9-33-26-18-15-37-25-16-54-65-58-47-62-68-49-64-52-59-1
111775 5007 1-39-6-29-11-9-33-26-18-15-37-25-16-54-65-58-47-62-68-49-64-52-67-1
91966.6 4912 1-39-6-29-11-9-33-26-18-15-37-25-16-54-65-58-47-62-68-49-64-50-1
97913.5 5052 1-39-6-29-11-9-33-26-18-15-37-25-16-54-65-58-47-62-68-49-64-66-59-1
107663 4976 1-39-6-29-11-9-33-26-18-15-37-25-16-54-65-58-47-62-68-49-64-66-67-1
94442.5 4830 1-39-6-29-11-9-33-26-18-15-37-25-16-54-65-58-47-62-68-49-64-52-1
103308 5099 1-39-6-29-11-9-33-26-18-15-37-25-16-54-65-58-47-62-68-49-64-63-67-1
94098.7 4799 1-39-6-29-11-9-33-26-18-15-37-25-16-54-65-58-47-62-68-49-64-66-1
105515 5040 1-39-6-29-11-9-33-26-18-15-37-25-16-54-65-58-47-62-68-49-64-48-59-1
115143 4964 1-39-6-29-11-9-33-26-18-15-37-25-16-54-65-58-47-62-68-49-64-48-67-1
97844.6 4922 1-39-6-29-11-9-33-26-18-15-37-25-16-54-65-58-47-62-68-49-64-63-1
110272 4978 1-39-6-29-11-9-33-26-18-15-37-25-16-54-65-58-47-62-68-49-64-51-59-1
121760 5095 1-39-6-29-11-9-33-26-18-15-37-25-16-54-65-58-47-62-68-49-64-51-53-1
102643 4787 1-39-6-29-11-9-33-26-18-15-37-25-16-54-65-58-47-62-68-49-64-48-1
99200.1 5042 1-39-6-29-11-9-33-26-18-15-37-25-16-54-65-58-47-62-68-49-64-56-1
105518 5015 1-39-6-29-11-9-33-26-18-15-37-25-16-54-65-58-47-62-68-49-64-67-69-1
104609 5099 1-39-6-29-11-9-33-26-18-15-37-25-16-54-65-58-47-62-68-49-64-67-63-1
112498 4976 1-39-6-29-11-9-33-26-18-15-37-25-16-54-65-58-47-62-68-49-64-67-66-1
100346 4902 1-39-6-29-11-9-33-26-18-15-37-25-16-54-65-58-47-62-68-49-64-67-51-1
108761 4930 1-39-6-29-11-9-33-26-18-15-37-25-16-54-65-58-47-62-68-49-64-67-61-1
120601 4964 1-39-6-29-11-9-33-26-18-15-37-25-16-54-65-58-47-62-68-49-64-67-48-1
119377 5007 1-39-6-29-11-9-33-26-18-15-37-25-16-54-65-58-47-62-68-49-64-67-52-1
116748 4987 1-39-6-29-11-9-33-26-18-15-37-25-16-54-65-58-47-62-68-49-64-67-60-1
120650 5089 1-39-6-29-11-9-33-26-18-15-37-25-16-54-65-58-47-62-68-49-64-67-50-1
119947 4901 1-39-6-29-11-9-33-26-18-15-37-25-16-54-65-58-47-62-68-49-64-67-55-1
122695 4889 1-39-6-29-11-9-33-26-18-15-37-25-16-54-65-58-47-62-68-49-64-67-53-1
98565.2 4725 1-39-6-29-11-9-33-26-18-15-37-25-16-54-65-58-47-62-68-49-64-51-1
115980 5091 1-39-6-29-11-9-33-26-18-15-37-25-16-54-65-58-47-62-68-49-64-69-59-1
105207 4838 1-39-6-29-11-9-33-26-18-15-37-25-16-54-65-58-47-62-68-49-64-69-1
51259.6 94 1-42-35-2-5-45-3-17-40-22-14-31
60808 30 1-42-35-2-5-45-3-17-40-22-14-23
36857.6 14 1-42-35-2-5-45-3-17-40-22-13
37695.9 83 1-42-35-2-5-45-3-17-40-22-28
40787.5 196 1-42-35-2-5-45-3-17-40-22-31
41094.7 54 1-42-35-2-5-45-3-17-40-22-44
44969.7 132 1-42-35-2-5-45-3-17-40-22-23
47094.3 46 1-42-35-2-5-45-3-17-40-22-7
48296.3 30 1-42-35-2-5-45-3-17-40-22-19
30201.2 83 1-42-35-2-5-45-3-17-40-34-28
54615.1 94 1-42-35-2-5-45-3-17-40-34-14-31
64163.5 30 1-42-35-2-5-45-3-17-40-34-14-23
41197.1 14 1-42-35-2-5-45-3-17-40-34-13
46607.1 54 1-42-35-2-5-45-3-17-40-34-44
48438.6 196 1-42-35-2-5-45-3-17-40-34-31
49938.3 132 1-42-35-2-5-45-3-17-40-34-23
52281.5 46 1-42-35-2-5-45-3-17-40-34-7
52435.8 30 1-42-35-2-5-45-3-17-40-34-19
35667.1 49 1-42-35-2-5-45-3-17-40-4-36-14
34015.6 18 1-42-35-2-5-45-3-17-40-4-24-14
29139.7 151 1-42-35-2-5-45-3-17-40-4-36
39371.7 49 1-42-35-2-5-45-3-17-40-4-14-36
47095.9 71 1-42-35-2-5-45-3-17-40-4-14-12
72218.9 34 1-42-35-2-5-45-3-17-40-4-14-28-31
35197.4 18 1-42-35-2-5-45-3-17-40-4-14-24
61415 5 1-42-35-2-5-45-3-17-40-4-14-31-44
64678 83 1-42-35-2-5-45-3-17-40-4-14-31-23
47325.2 239 1-42-35-2-5-45-3-17-40-4-14-28
51050.9 170 1-42-35-2-5-45-3-17-40-4-14-13
51826.4 96 1-42-35-2-5-45-3-17-40-4-14-38
53108 56 1-42-35-2-5-45-3-17-40-4-14-41
54332.7 210 1-42-35-2-5-45-3-17-40-4-14-44
58037.4 56 1-42-35-2-5-45-3-17-40-4-14-32
73735.4 34 1-42-35-2-5-45-3-17-40-4-14-31-28
107439 5001 1-42-35-2-5-45-3-17-40-4-36-55-53-60-59-50-52-66-48-46-63-67-1
107960 4804 1-42-35-2-5-45-3-17-40-4-36-55-53-60-59-50-52-66-48-46-67-51-1
113132 4917 1-42-35-2-5-45-3-17-40-4-36-55-53-60-59-50-52-66-48-46-67-69-1
101976 4824 1-42-35-2-5-45-3-17-40-4-36-55-53-60-59-50-52-66-48-46-63-1
110604 4740 1-42-35-2-5-45-3-17-40-4-36-55-53-60-59-50-52-66-48-46-69-1
112222 5001 1-42-35-2-5-45-3-17-40-4-36-55-53-60-59-50-52-66-48-46-67-63-1
35451.2 11 1-27-38-41-44-20-13-32-8-23-7-21
36316.4 42 1-27-38-41-44-20-13-32-8-23-7-10
37413.5 93 1-27-38-41-44-20-13-32-8-23-7-19
75230.8 44 1-27-38-41-44-20-13-32-8-23-7-14-28
61136.5 146 1-27-38-41-44-20-13-32-8-23-7-28
66338.8 59 1-27-38-41-44-20-13-32-8-23-21-31-14
37045.4 11 1-27-38-41-44-20-13-32-8-23-21-7
50341.4 161 1-27-38-41-44-20-13-32-8-23-21-31
63764.5 48 1-27-38-41-44-20-13-32-8-23-21-28
76747.3 157 1-27-38-41-44-20-13-32-8-23-7-14-31
78312 59 1-27-38-41-44-20-13-32-8-23-21-14-31
37284.7 26 1-27-38-41-44-20-13-32-8-23-19-10
39196.9 93 1-27-38-41-44-20-13-32-8-23-19-7
77168.8 28 1-27-38-41-44-20-13-32-8-23-19-28-14
80361.1 141 1-27-38-41-44-20-13-32-8-23-19-14-31
62688 130 1-27-38-41-44-20-13-32-8-23-19-28
78844.6 28 1-27-38-41-44-20-13-32-8-23-19-14-28
38244.2 42 1-27-38-41-44-20-13-32-8-23-10-7
70759.7 90 1-27-38-41-44-20-13-32-8-23-10-31-14
37429 26 1-27-38-41-44-20-13-32-8-23-10-19
64384.6 79 1-27-38-41-44-20-13-32-8-23-10-28
54762.3 192 1-27-38-41-44-20-13-32-8-23-10-31
81136.5 90 1-27-38-41-44-20-13-32-8-23-10-14-31
61306.2 75 1-27-38-41-44-20-13-32-8-23-31-24
89565.9 59 1-27-38-41-44-20-13-32-8-23-31-21-14
77021.2 26 1-27-38-41-44-20-13-32-8-23-31-14-12
77250.4 194 1-27-38-41-44-20-13-32-8-23-31-14-28
90182.6 157 1-27-38-41-44-20-13-32-8-23-31-14-7
92012.9 141 1-27-38-41-44-20-13-32-8-23-31-14-19
92643.9 90 1-27-38-41-44-20-13-32-8-23-31-14-10
62182.4 161 1-27-38-41-44-20-13-32-8-23-31-21
63296.6 259 1-27-38-41-44-20-13-32-8-23-31-7
66269.8 192 1-27-38-41-44-20-13-32-8-23-31-10
66769.5 243 1-27-38-41-44-20-13-32-8-23-31-19
70863.8 128 1-27-38-41-44-20-13-32-8-23-31-12
71665.9 296 1-27-38-41-44-20-13-32-8-23-31-28
90153 59 1-27-38-41-44-20-13-32-8-23-31-14-21
57586.7 10 1-27-38-41-44-20-13-32-8-23-22-14
49115 112 1-27-38-41-44-20-13-32-8-23-22
64006.8 68 1-27-38-41-44-20-13-32-8-23-43-14
65767.1 10 1-27-38-41-44-20-13-32-8-23-34-14
51677.9 170 1-27-38-41-44-20-13-32-8-23-43
68716.8 75 1-27-38-41-44-20-13-32-8-23-24-31
54011.8 112 1-27-38-41-44-20-13-32-8-23-34
56353.9 15 1-27-38-41-44-20-13-32-8-23-12-28
85577.6 26 1-27-38-41-44-20-13-32-8-23-12-14-31
79420.3 128 1-27-38-41-44-20-13-32-8-23-12-31
86831.9 194 1-27-38-41-44-20-13-32-8-23-28-14-31
98247.5 44 1-27-38-41-44-20-13-32-8-23-28-14-7
100078 28 1-27-38-41-44-20-13-32-8-23-28-14-19
57378.9 15 1-27-38-41-44-20-13-32-8-23-28-12
58276.1 2715 1-27-38-41-44-20-13-32-8-23-7-21-57-69-67-51-56-1
80859.1 11 1-22-24-30-14-34-12-28-43-31-10
81358.8 62 1-22-24-30-14-34-12-28-43-31-19
80450.2 216 1-22-24-30-14-34-12-28-43-10
80724.9 267 1-22-24-30-14-34-12-28-43-19
78390.6 289 1-22-24-30-14-34-12-28-31-10-19
87215.6 62 1-22-24-30-14-34-12-28-31-43-19
62290.3 433 1-22-24-30-14-34-12-28-31-43
101651 62 1-22-24-30-14-34-12-28-31-19-43
100877 11 1-22-24-30-14-34-12-28-31-10-43
