43212.8 18 1-39-6-29-11-9-33-26-18-15-37-25-30-16-35
45523.2 49 1-39-6-29-11-9-33-26-18-15-37-25-30-16-31
43963.3 80 1-39-6-29-11-9-33-26-18-15-37-25-30-14-2
44001.7 66 1-39-6-29-11-9-33-26-18-15-37-25-30-14-3
45800.1 138 1-39-6-29-11-9-33-26-18-15-37-25-30-14-35
45973.9 56 1-39-6-29-11-9-33-26-18-15-37-25-30-14-28
47490.5 169 1-39-6-29-11-9-33-26-18-15-37-25-30-14-31
52981.4 27 1-39-6-29-11-9-33-26-18-15-37-25-30-14-44
57038.9 105 1-39-6-29-11-9-33-26-18-15-37-25-30-14-23
58906.1 19 1-39-6-29-11-9-33-26-18-15-37-25-30-14-7
60736.4 3 1-39-6-29-11-9-33-26-18-15-37-25-30-14-19
122242 5992 1-39-6-29-11-9-33-26-18-15-37-25-30-16-35-47-58-68-49-62-65-54-55-53-60-59-64-67-1
108699 5984 1-39-6-29-11-9-33-26-18-15-37-25-30-16-35-47-58-68-49-62-65-54-55-53-60-59-50-1
124028 6002 1-39-6-29-11-9-33-26-18-15-37-25-30-16-35-47-58-68-49-62-65-54-55-53-60-59-61-67-1
100085 5815 1-39-6-29-11-9-33-26-18-15-37-25-30-16-35-47-58-68-49-62-65-54-55-53-60-59-64-1
127722 6079 1-39-6-29-11-9-33-26-18-15-37-25-30-16-35-47-58-68-49-62-65-54-55-53-60-59-52-67-1
101300 5825 1-39-6-29-11-9-33-26-18-15-37-25-30-16-35-47-58-68-49-62-65-54-55-53-60-59-61-1
124028 6048 1-39-6-29-11-9-33-26-18-15-37-25-30-16-35-47-58-68-49-62-65-54-55-53-60-59-66-67-1
110389 5902 1-39-6-29-11-9-33-26-18-15-37-25-30-16-35-47-58-68-49-62-65-54-55-53-60-59-52-1
131187 6036 1-39-6-29-11-9-33-26-18-15-37-25-30-16-35-47-58-68-49-62-65-54-55-53-60-59-48-67-1
110463 5871 1-39-6-29-11-9-33-26-18-15-37-25-30-16-35-47-58-68-49-62-65-54-55-53-60-59-66-1
115815 5994 1-39-6-29-11-9-33-26-18-15-37-25-30-16-35-47-58-68-49-62-65-54-55-53-60-59-63-1
119768 5974 1-39-6-29-11-9-33-26-18-15-37-25-30-16-35-47-58-68-49-62-65-54-55-53-60-59-51-67-1
118688 5859 1-39-6-29-11-9-33-26-18-15-37-25-30-16-35-47-58-68-49-62-65-54-55-53-60-59-48-1
124497 6087 1-39-6-29-11-9-33-26-18-15-37-25-30-16-35-47-58-68-49-62-65-54-55-53-60-59-67-69-1
131476 6048 1-39-6-29-11-9-33-26-18-15-37-25-30-16-35-47-58-68-49-62-65-54-55-53-60-59-67-66-1
127739 6002 1-39-6-29-11-9-33-26-18-15-37-25-30-16-35-47-58-68-49-62-65-54-55-53-60-59-67-61-1
128631 5992 1-39-6-29-11-9-33-26-18-15-37-25-30-16-35-47-58-68-49-62-65-54-55-53-60-59-67-64-1
139579 6036 1-39-6-29-11-9-33-26-18-15-37-25-30-16-35-47-58-68-49-62-65-54-55-53-60-59-67-48-1
138356 6079 1-39-6-29-11-9-33-26-18-15-37-25-30-16-35-47-58-68-49-62-65-54-55-53-60-59-67-52-1
117793 5797 1-39-6-29-11-9-33-26-18-15-37-25-30-16-35-47-58-68-49-62-65-54-55-53-60-59-51-1
123890 5910 1-39-6-29-11-9-33-26-18-15-37-25-30-16-35-47-58-68-49-62-65-54-55-53-60-59-69-1
104144 5984 1-39-6-29-11-9-33-26-18-15-37-25-30-16-35-47-58-68-49-62-65-54-55-53-60-50-59-1
119324 5974 1-39-6-29-11-9-33-26-18-15-37-25-30-16-35-47-58-68-49-62-65-54-55-53-60-59-67-51-1
98772.3 5973 1-39-6-29-11-9-33-26-18-15-37-25-30-16-35-47-58-68-49-62-65-54-55-53-60-64-61-1
114301 6050 1-39-6-29-11-9-33-26-18-15-37-25-30-16-35-47-58-68-49-62-65-54-55-53-60-64-52-1
113958 6019 1-39-6-29-11-9-33-26-18-15-37-25-30-16-35-47-58-68-49-62-65-54-55-53-60-64-66-1
122502 6007 1-39-6-29-11-9-33-26-18-15-37-25-30-16-35-47-58-68-49-62-65-54-55-53-60-64-48-1
118424 5945 1-39-6-29-11-9-33-26-18-15-37-25-30-16-35-47-58-68-49-62-65-54-55-53-60-64-51-1
52475.6 176 1-42-13-20-44-41-38-27-31-43-24-14-4
53194.4 117 1-42-13-20-44-41-38-27-31-43-24-14-36
56106.1 103 1-42-13-20-44-41-38-27-31-43-24-14-40
57323.5 155 1-42-13-20-44-41-38-27-31-43-24-14-17
63871 23 1-42-13-20-44-41-38-27-31-43-24-14-2-3
69922 13 1-42-13-20-44-41-38-27-31-43-24-14-2-28
74572.8 62 1-42-13-20-44-41-38-27-31-43-24-14-2-23
78794.5 48 1-42-13-20-44-41-38-27-31-43-24-14-3-23
131198 5936 1-42-13-20-44-41-38-27-31-43-24-14-4-59-50-52-66-48-46-63-57-69-67-56-1
67962.7 147 1-22-17-40-3-45-5-2-34-12-28-36-32
71130.4 24 1-22-17-40-3-45-5-2-34-12-28-36-23-7
72913.8 8 1-22-17-40-3-45-5-2-34-12-28-36-23-19
68911.8 87 1-22-17-40-3-45-5-2-34-12-28-36-8
70910.1 293 1-22-17-40-3-45-5-2-34-12-28-36-7
71379.6 195 1-22-17-40-3-45-5-2-34-12-28-36-21
71852.4 277 1-22-17-40-3-45-5-2-34-12-28-36-19
72925.1 226 1-22-17-40-3-45-5-2-34-12-28-36-10
60818 94 1-22-17-40-3-45-5-2-34-12-28-32-8
63828.5 31 1-22-17-40-3-45-5-2-34-12-28-32-23-7
65611.9 15 1-22-17-40-3-45-5-2-34-12-28-32-23-19
63639.7 300 1-22-17-40-3-45-5-2-34-12-28-32-7
63788.4 284 1-22-17-40-3-45-5-2-34-12-28-32-19
64730.7 233 1-22-17-40-3-45-5-2-34-12-28-32-10
65406.1 202 1-22-17-40-3-45-5-2-34-12-28-32-21
84144.7 147 1-22-17-40-3-45-5-2-34-12-28-32-36
61884.4 94 1-22-17-40-3-45-5-2-34-12-28-8-32
63669.5 240 1-22-17-40-3-45-5-2-34-12-28-8-7
64211.3 224 1-22-17-40-3-45-5-2-34-12-28-8-19
64814.1 173 1-22-17-40-3-45-5-2-34-12-28-8-10
65549.9 142 1-22-17-40-3-45-5-2-34-12-28-8-21
86160.2 87 1-22-17-40-3-45-5-2-34-12-28-8-36
66541.4 31 1-22-17-40-3-45-5-2-34-12-28-23-32-7
66690.1 15 1-22-17-40-3-45-5-2-34-12-28-23-32-19
61967.1 326 1-22-17-40-3-45-5-2-34-12-28-23-8
65458.4 79 1-22-17-40-3-45-5-2-34-12-28-23-7-21
66323.6 110 1-22-17-40-3-45-5-2-34-12-28-23-7-10
67420.6 161 1-22-17-40-3-45-5-2-34-12-28-23-7-19
90701.8 24 1-22-17-40-3-45-5-2-34-12-28-23-7-36
62636.1 386 1-22-17-40-3-45-5-2-34-12-28-23-32
69551.5 12 1-22-17-40-3-45-5-2-34-12-28-23-21-10
71045.3 63 1-22-17-40-3-45-5-2-34-12-28-23-21-19
67249.3 31 1-22-17-40-3-45-5-2-34-12-28-23-7-32
64938.3 434 1-22-17-40-3-45-5-2-34-12-28-23-21
67291.8 94 1-22-17-40-3-45-5-2-34-12-28-23-19-10
69181.5 15 1-22-17-40-3-45-5-2-34-12-28-23-19-32
71234.5 63 1-22-17-40-3-45-5-2-34-12-28-23-19-21
93427.5 8 1-22-17-40-3-45-5-2-34-12-28-23-19-36
75873.1 383 1-22-17-40-3-45-5-2-34-12-28-32-8-51-1
75873.1 383 1-22-17-40-3-45-5-2-34-12-28-32-8-51-1
