40097.5 164 1-39-6-29-11-9-33-26-18-15-37-25-30-16-24-14-4
40816.2 105 1-39-6-29-11-9-33-26-18-15-37-25-30-16-24-14-36
43728 91 1-39-6-29-11-9-33-26-18-15-37-25-30-16-24-14-40
44945.4 143 1-39-6-29-11-9-33-26-18-15-37-25-30-16-24-14-17
49060 83 1-39-6-29-11-9-33-26-18-15-37-25-30-16-24-14-2-35
51492.9 11 1-39-6-29-11-9-33-26-18-15-37-25-30-16-24-14-2-3
57543.9 1 1-39-6-29-11-9-33-26-18-15-37-25-30-16-24-14-2-28
61931.8 114 1-39-6-29-11-9-33-26-18-15-37-25-30-16-24-14-2-31
62194.7 50 1-39-6-29-11-9-33-26-18-15-37-25-30-16-24-14-2-23
53470.6 69 1-39-6-29-11-9-33-26-18-15-37-25-30-16-24-14-3-35
66197.5 100 1-39-6-29-11-9-33-26-18-15-37-25-30-16-24-14-3-31
66416.4 36 1-39-6-29-11-9-33-26-18-15-37-25-30-16-24-14-3-23
46797.6 305 1-39-6-29-11-9-33-26-18-15-37-25-30-16-24-14-3
48540.5 127 1-39-6-29-11-9-33-26-18-15-37-25-30-16-24-14-12
55268.9 69 1-39-6-29-11-9-33-26-18-15-37-25-30-16-24-14-35-3
58313.9 30 1-39-6-29-11-9-33-26-18-15-37-25-30-16-24-14-35-44
61303.3 59 1-39-6-29-11-9-33-26-18-15-37-25-30-16-24-14-35-28
61754.7 108 1-39-6-29-11-9-33-26-18-15-37-25-30-16-24-14-35-23
63141.4 172 1-39-6-29-11-9-33-26-18-15-37-25-30-16-24-14-35-31
64055 22 1-39-6-29-11-9-33-26-18-15-37-25-30-16-24-14-35-7
64646.4 6 1-39-6-29-11-9-33-26-18-15-37-25-30-16-24-14-35-19
135288 6973 1-39-6-29-11-9-33-26-18-15-37-25-30-16-24-14-4-65-58-47-62-68-49-54-55-53-60-59-64-61-50-67-1
134887 7097 1-39-6-29-11-9-33-26-18-15-37-25-30-16-24-14-4-65-58-47-62-68-49-54-55-53-60-59-64-61-52-51-1
115611 6796 1-39-6-29-11-9-33-26-18-15-37-25-30-16-24-14-4-65-58-47-62-68-49-54-55-53-60-59-64-61-50-1
130568 7066 1-39-6-29-11-9-33-26-18-15-37-25-30-16-24-14-4-65-58-47-62-68-49-54-55-53-60-59-64-61-66-51-1
125494 6983 1-39-6-29-11-9-33-26-18-15-37-25-30-16-24-14-4-65-58-47-62-68-49-54-55-53-60-59-64-61-63-67-1
133764 7066 1-39-6-29-11-9-33-26-18-15-37-25-30-16-24-14-4-65-58-47-62-68-49-54-55-53-60-59-64-61-51-66-1
142087 7054 1-39-6-29-11-9-33-26-18-15-37-25-30-16-24-14-4-65-58-47-62-68-49-54-55-53-60-59-64-61-51-48-1
140398 7097 1-39-6-29-11-9-33-26-18-15-37-25-30-16-24-14-4-65-58-47-62-68-49-54-55-53-60-59-64-61-51-52-1
120031 6806 1-39-6-29-11-9-33-26-18-15-37-25-30-16-24-14-4-65-58-47-62-68-49-54-55-53-60-59-64-61-63-1
120403 6926 1-39-6-29-11-9-33-26-18-15-37-25-30-16-24-14-4-65-58-47-62-68-49-54-55-53-60-59-64-61-56-1
127055 6899 1-39-6-29-11-9-33-26-18-15-37-25-30-16-24-14-4-65-58-47-62-68-49-54-55-53-60-59-64-61-67-69-1
126145 6983 1-39-6-29-11-9-33-26-18-15-37-25-30-16-24-14-4-65-58-47-62-68-49-54-55-53-60-59-64-61-67-63-1
134034 6860 1-39-6-29-11-9-33-26-18-15-37-25-30-16-24-14-4-65-58-47-62-68-49-54-55-53-60-59-64-61-67-66-1
142137 6848 1-39-6-29-11-9-33-26-18-15-37-25-30-16-24-14-4-65-58-47-62-68-49-54-55-53-60-59-64-61-67-48-1
140914 6891 1-39-6-29-11-9-33-26-18-15-37-25-30-16-24-14-4-65-58-47-62-68-49-54-55-53-60-59-64-61-67-52-1
142186 6973 1-39-6-29-11-9-33-26-18-15-37-25-30-16-24-14-4-65-58-47-62-68-49-54-55-53-60-59-64-61-67-50-1
65672.7 35 1-42-35-2-5-45-3-17-40-22-36-34-12-28-44
68229.9 177 1-42-35-2-5-45-3-17-40-22-36-34-12-28-31
68754 113 1-42-35-2-5-45-3-17-40-22-36-34-12-28-23
70903.9 11 1-42-35-2-5-45-3-17-40-22-36-34-12-28-19
71135.8 27 1-42-35-2-5-45-3-17-40-22-36-34-12-28-7
66776.8 44 1-42-35-2-5-45-3-17-40-22-36-34-12-13-23
72377 108 1-42-35-2-5-45-3-17-40-22-36-34-12-13-31
58035.4 313 1-42-35-2-5-45-3-17-40-22-36-34-12-13
62221.8 125 1-42-35-2-5-45-3-17-40-22-36-34-12-20
63153.1 21 1-42-35-2-5-45-3-17-40-22-36-34-12-27
67705.4 84 1-42-35-2-5-45-3-17-40-22-36-34-12-44-23
76204.6 148 1-42-35-2-5-45-3-17-40-22-36-34-12-44-31
115152 5496 1-42-35-2-5-45-3-17-40-22-36-34-12-13-56-51-67-69-57-63-66-48-46-52-1
20000 7100 1--1782955792
