35410.8 13 1-11-41-7-23-40-45-27-29
46463.9 29 1-11-41-7-23-40-45-27-25
66135.1 25 1-11-41-7-23-40-45-12-29-25
43924.6 41 1-11-41-7-23-40-45-12-35
47080.9 10 1-11-41-7-23-40-45-12-20
48220.2 18 1-11-41-7-23-40-45-12-17
54662.2 2972 1-11-41-7-23-40-45-27-29-76-47-82-66-80-52-1
61504.6 2986 1-11-41-7-23-40-45-27-29-76-47-82-66-80-56-1
69323 2873 1-11-41-7-23-40-45-27-29-76-47-82-66-80-55-1
71916.1 2953 1-11-41-7-23-40-45-27-29-76-47-82-66-48-55-1
50971.1 2736 1-11-41-7-23-40-45-27-29-76-47-82-66-80-1
54000 2932 1-11-41-7-23-40-45-27-29-76-47-82-66-65-52-1
60567.2 2946 1-11-41-7-23-40-45-27-29-76-47-82-66-65-56-1
54760.7 2976 1-11-41-7-23-40-45-27-29-76-47-82-66-65-73-1
58675.7 2816 1-11-41-7-23-40-45-27-29-76-47-82-66-48-1
57644.2 2882 1-11-41-7-23-40-45-27-29-76-47-82-66-46-52-1
61591.4 2896 1-11-41-7-23-40-45-27-29-76-47-82-66-46-56-1
57534 2962 1-11-41-7-23-40-45-27-29-76-47-82-66-46-57-1
58781.6 2926 1-11-41-7-23-40-45-27-29-76-47-82-66-46-73-1
65660.9 2992 1-11-41-7-23-40-45-27-29-76-47-82-66-46-81-1
61860.7 2981 1-11-41-7-23-40-45-27-29-76-47-82-66-46-63-1
70106.3 2988 1-11-41-7-23-40-45-27-29-76-47-82-66-46-62-1
67967.7 2969 1-11-41-7-23-40-45-27-29-76-47-82-66-46-67-1
70436.2 2971 1-11-41-7-23-40-45-27-29-76-47-82-66-46-51-1
79016.7 2957 1-11-41-7-23-40-45-27-29-76-47-82-66-46-72-1
72909.6 2960 1-11-41-7-23-40-45-27-29-76-47-82-66-91-55-1
50851.4 2823 1-11-41-7-23-40-45-27-29-76-47-82-66-91-1
55550.9 2932 1-11-41-7-23-40-45-27-29-76-47-82-66-52-65-1
57517.2 2972 1-11-41-7-23-40-45-27-29-76-47-82-66-52-80-1
62077.2 2987 1-11-41-7-23-40-45-27-29-76-47-82-66-52-56-73-1
62969.2 2882 1-11-41-7-23-40-45-27-29-76-47-82-66-52-46-1
84993.1 2910 1-11-41-7-23-40-45-27-29-76-47-82-66-52-57-55-1
88149.3 2956 1-11-41-7-23-40-45-27-29-76-47-82-66-52-61-55-1
54052.7 2773 1-11-41-7-23-40-45-27-29-76-47-82-66-52-57-1
77504.6 2987 1-11-41-7-23-40-45-27-29-76-47-82-66-52-73-56-1
87117.1 2874 1-11-41-7-23-40-45-27-29-76-47-82-66-52-73-55-1
70043 2819 1-11-41-7-23-40-45-27-29-76-47-82-66-52-61-1
66511.1 2892 1-11-41-7-23-40-45-27-29-76-47-82-66-52-87-1
90112.3 2929 1-11-41-7-23-40-45-27-29-76-47-82-66-52-63-55-1
55310.9 2737 1-11-41-7-23-40-45-27-29-76-47-82-66-52-73-1
82326.4 2940 1-11-41-7-23-40-45-27-29-76-47-82-66-52-81-55-1
58226.2 2792 1-11-41-7-23-40-45-27-29-76-47-82-66-52-63-1
61285.1 2889 1-11-41-7-23-40-45-27-29-76-47-82-66-52-70-1
98321.9 2936 1-11-41-7-23-40-45-27-29-76-47-82-66-52-62-55-1
64000.1 2803 1-11-41-7-23-40-45-27-29-76-47-82-66-52-81-1
93644.9 2917 1-11-41-7-23-40-45-27-29-76-47-82-66-52-67-55-1
66503.6 2799 1-11-41-7-23-40-45-27-29-76-47-82-66-52-62-1
77021.9 2940 1-11-41-7-23-40-45-27-29-76-47-82-66-52-55-81-1
76727.2 2910 1-11-41-7-23-40-45-27-29-76-47-82-66-52-55-57-1
77219.5 2874 1-11-41-7-23-40-45-27-29-76-47-82-66-52-55-73-1
89439.8 2844 1-11-41-7-23-40-45-27-29-76-47-82-66-52-55-56-1
95029.3 2956 1-11-41-7-23-40-45-27-29-76-47-82-66-52-55-61-1
81392.6 2929 1-11-41-7-23-40-45-27-29-76-47-82-66-52-55-63-1
85869 2919 1-11-41-7-23-40-45-27-29-76-47-82-66-52-55-51-1
93119.7 2905 1-11-41-7-23-40-45-27-29-76-47-82-66-52-55-72-1
91527.6 2936 1-11-41-7-23-40-45-27-29-76-47-82-66-52-55-62-1
64655.2 2780 1-11-41-7-23-40-45-27-29-76-47-82-66-52-67-1
67101.2 2782 1-11-41-7-23-40-45-27-29-76-47-82-66-52-51-1
72072.4 2959 1-11-41-7-23-40-45-27-29-76-47-82-66-52-54-1
75727.5 2768 1-11-41-7-23-40-45-27-29-76-47-82-66-52-72-1
82574.6 2863 1-11-41-7-23-40-45-27-29-76-47-82-66-52-59-1
66374.3 2984 1-11-41-7-23-40-45-27-29-76-47-82-66-55-81-73-1
84240.9 2954 1-11-41-7-23-40-45-27-29-76-47-82-66-55-81-56-1
67306.4 2873 1-11-41-7-23-40-45-27-29-76-47-82-66-55-80-1
74846.1 2953 1-11-41-7-23-40-45-27-29-76-47-82-66-55-48-1
66041 2960 1-11-41-7-23-40-45-27-29-76-47-82-66-55-91-1
70483 2833 1-11-41-7-23-40-45-27-29-76-47-82-66-55-65-1
74671.7 2783 1-11-41-7-23-40-45-27-29-76-47-82-66-55-46-1
77889.5 2844 1-11-41-7-23-40-45-27-29-76-47-82-66-55-52-56-1
71037.9 2910 1-11-41-7-23-40-45-27-29-76-47-82-66-55-52-57-1
87028.2 2956 1-11-41-7-23-40-45-27-29-76-47-82-66-55-52-61-1
72296.1 2874 1-11-41-7-23-40-45-27-29-76-47-82-66-55-52-73-1
75211.4 2929 1-11-41-7-23-40-45-27-29-76-47-82-66-55-52-63-1
83488.8 2936 1-11-41-7-23-40-45-27-29-76-47-82-66-55-52-62-1
81640.4 2917 1-11-41-7-23-40-45-27-29-76-47-82-66-55-52-67-1
84086.4 2919 1-11-41-7-23-40-45-27-29-76-47-82-66-55-52-51-1
92712.7 2905 1-11-41-7-23-40-45-27-29-76-47-82-66-55-52-72-1
65170.4 2704 1-11-41-7-23-40-45-27-29-76-47-82-66-55-81-1
66133.9 2954 1-11-41-7-23-40-45-27-29-76-47-82-66-55-57-73-1
75552.2 2997 1-11-41-7-23-40-45-27-29-76-47-82-66-55-57-67-1
77966.7 2999 1-11-41-7-23-40-45-27-29-76-47-82-66-55-57-51-1
85525.5 2924 1-11-41-7-23-40-45-27-29-76-47-82-66-55-57-56-1
86602.6 2985 1-11-41-7-23-40-45-27-29-76-47-82-66-55-57-72-1
80985.2 2940 1-11-41-7-23-40-45-27-29-76-47-82-66-55-52-81-1
38376.1 39 1-37-34-35-10-44-20-3-21-25-17
34910.9 116 1-37-34-35-10-44-20-3-21-17
33962.5 151 1-37-34-35-10-44-20-3-22-25-14
34732.7 99 1-37-34-35-10-44-20-3-22-25-30
49718.1 170 1-37-34-35-10-44-20-3-22-25-39
56158 169 1-37-34-35-10-44-20-3-22-25-15
58786.9 24 1-37-34-35-10-44-20-3-22-25-42
59034.4 168 1-37-34-35-10-44-20-3-22-25-12
32754.1 176 1-37-34-35-10-44-20-3-22-30
38550.4 51 1-37-34-35-10-44-20-3-22-14-17
33293.6 228 1-37-34-35-10-44-20-3-22-14
42563.4 51 1-37-34-35-10-44-20-3-22-17-14
47896 70 1-37-34-35-10-44-20-3-22-17-39
60141.9 68 1-37-34-35-10-44-20-3-22-17-12
62849.5 69 1-37-34-35-10-44-20-3-22-17-15
41450 29 1-37-34-35-10-44-20-3-22-36
70718.4 69 1-37-34-35-10-44-20-3-22-15-17
45190.3 43 1-37-34-35-10-44-20-3-22-13
57857.2 70 1-37-34-35-10-44-20-3-22-39-17
48607.8 57 1-37-34-35-10-44-20-3-22-19
76548.4 24 1-37-34-35-10-44-20-3-22-42-25
51354.4 15 1-37-34-35-10-44-20-3-22-28
51659.8 26 1-37-34-35-10-44-20-3-22-32
74891.3 68 1-37-34-35-10-44-20-3-22-12-17
48804.3 101 1-37-34-35-10-44-20-3-22-42
43900.2 59 1-37-34-35-10-44-20-3-24-25-17
40888 136 1-37-34-35-10-44-20-3-24-17
42740.6 13 1-37-34-35-10-44-20-3-24-15
50029.2 14 1-37-34-35-10-44-20-3-24-39
51862.8 12 1-37-34-35-10-44-20-3-24-12
41414.2 46 1-37-34-35-10-44-20-3-16-17
37370.3 99 1-37-34-35-10-44-20-3-30-25-22
33965.7 99 1-37-34-35-10-44-20-3-30-25-14
49721.3 118 1-37-34-35-10-44-20-3-30-25-39
56161.1 117 1-37-34-35-10-44-20-3-30-25-15
59037.6 116 1-37-34-35-10-44-20-3-30-25-12
42651.9 18 1-37-34-35-10-44-20-3-30-17-39
54897.8 16 1-37-34-35-10-44-20-3-30-17-12
57605.4 17 1-37-34-35-10-44-20-3-30-17-15
64619.6 2986 1-37-34-35-10-44-20-3-22-30-72-54-51-67-78-70-73-52-1
79548.3 2887 1-37-34-35-10-44-20-3-22-30-72-54-51-67-78-70-73-55-1
82116.4 2942 1-37-34-35-10-44-20-3-22-30-72-54-51-67-78-70-63-55-1
47742.1 2750 1-37-34-35-10-44-20-3-22-30-72-54-51-67-78-70-73-1
80298.7 2923 1-37-34-35-10-44-20-3-22-30-72-54-51-67-78-70-57-55-1
50230.3 2805 1-37-34-35-10-44-20-3-22-30-72-54-51-67-78-70-63-1
91243 2949 1-37-34-35-10-44-20-3-22-30-72-54-51-67-78-70-62-55-1
49358.4 2786 1-37-34-35-10-44-20-3-22-30-72-54-51-67-78-70-57-1
77967.3 2953 1-37-34-35-10-44-20-3-22-30-72-54-51-67-78-70-81-55-1
59424.7 2812 1-37-34-35-10-44-20-3-22-30-72-54-51-67-78-70-62-1
64222 2985 1-37-34-35-10-44-20-3-22-30-72-54-51-67-78-70-80-1
71517.9 2956 1-37-34-35-10-44-20-3-22-30-72-54-51-67-78-70-52-56-1
65924.5 2986 1-37-34-35-10-44-20-3-22-30-72-54-51-67-78-70-52-73-1
59641 2816 1-37-34-35-10-44-20-3-22-30-72-54-51-67-78-70-81-1
65532.8 2945 1-37-34-35-10-44-20-3-22-30-72-54-51-67-78-70-65-1
70339.4 2905 1-37-34-35-10-44-20-3-22-30-72-54-51-67-78-70-87-1
71357.9 2956 1-37-34-35-10-44-20-3-22-30-72-54-51-67-78-70-56-52-1
75232.5 2876 1-37-34-35-10-44-20-3-22-30-72-54-51-67-78-70-59-1
73308.5 2895 1-37-34-35-10-44-20-3-22-30-72-54-51-67-78-70-46-1
78951.1 2953 1-37-34-35-10-44-20-3-22-30-72-54-51-67-78-70-55-81-1
84738.4 2843 1-37-34-35-10-44-20-3-22-30-72-54-51-67-78-70-55-52-1
78656.4 2923 1-37-34-35-10-44-20-3-22-30-72-54-51-67-78-70-55-57-1
79148.7 2887 1-37-34-35-10-44-20-3-22-30-72-54-51-67-78-70-55-73-1
96958.5 2969 1-37-34-35-10-44-20-3-22-30-72-54-51-67-78-70-55-61-1
83321.7 2942 1-37-34-35-10-44-20-3-22-30-72-54-51-67-78-70-55-63-1
93456.8 2949 1-37-34-35-10-44-20-3-22-30-72-54-51-67-78-70-55-62-1
40798 53 1-6-38-36-2-25
24554.5 50 1-6-38-36-15-19
25509.4 36 1-6-38-36-15-13
53517.2 17 1-6-38-36-15-42-25
28866.8 19 1-6-38-36-15-32
38155.3 8 1-6-38-36-15-28
61042.9 61 1-6-38-36-15-12-17
25773.1 94 1-6-38-36-15-42
47815.5 144 1-6-38-36-15-25-14
63571.1 163 1-6-38-36-15-25-39
72639.9 17 1-6-38-36-15-25-42
72887.4 161 1-6-38-36-15-25-12
50580.2 44 1-6-38-36-15-17-14
55912.8 63 1-6-38-36-15-17-39
68158.7 61 1-6-38-36-15-17-12
49857.1 2884 1-6-38-36-15-19-53-55-79-49-81-1
48880.3 2854 1-6-38-36-15-19-53-55-79-49-57-1
57364.8 2774 1-6-38-36-15-19-53-55-79-49-52-1
63506.8 2963 1-6-38-36-15-19-53-55-79-49-46-1
53461.6 2873 1-6-38-36-15-19-53-55-79-49-63-1
64293.2 2788 1-6-38-36-15-19-53-55-79-49-56-1
72174.2 2900 1-6-38-36-15-19-53-55-79-49-61-1
63647 2880 1-6-38-36-15-19-53-55-79-49-62-1
68848.5 2973 1-6-38-36-15-19-53-55-79-49-87-1
80263.3 2944 1-6-38-36-15-19-53-55-79-49-59-1
52473.2 2950 1-6-38-36-15-19-53-55-79-81-84-1
48089.7 2839 1-6-38-36-15-19-53-55-79-81-64-1
66242.6 2972 1-6-38-36-15-19-53-55-79-81-69-52-1
72297.7 2986 1-6-38-36-15-19-53-55-79-81-69-56-1
52294.9 2884 1-6-38-36-15-19-53-55-79-81-49-1
52727.5 2910 1-6-38-36-15-19-53-55-79-81-74-1
69787.2 2973 1-6-38-36-15-19-53-55-79-81-57-63-52-1
74397.9 2987 1-6-38-36-15-19-53-55-79-81-57-63-56-1
59478.3 2979 1-6-38-36-15-19-53-55-79-81-57-77-1
71451.3 2888 1-6-38-36-15-19-53-55-79-81-57-52-56-1
77050.6 2980 1-6-38-36-15-19-53-55-79-81-57-52-62-1
54087.5 2737 1-6-38-36-15-19-53-55-79-81-57-63-1
64620.8 2917 1-6-38-36-15-19-53-55-79-81-57-80-1
80947.3 2994 1-6-38-36-15-19-53-55-79-81-57-62-56-1
68773.2 2973 1-6-38-36-15-19-53-55-79-81-57-52-63-1
64074.5 2744 1-6-38-36-15-19-53-55-79-81-57-62-1
64402.7 2975 1-6-38-36-15-19-53-55-79-81-57-86-1
65528 2877 1-6-38-36-15-19-53-55-79-81-57-65-1
73306.3 2987 1-6-38-36-15-19-53-55-79-81-57-56-63-1
80071.5 2994 1-6-38-36-15-19-53-55-79-81-57-56-62-1
51735.1 61 1-2-4-42-32-12-39
59028.9 42 1-2-4-42-32-12-14
60138.5 53 1-2-4-42-32-28-25
32952.6 130 1-2-4-42-32-28
59969.5 22 1-2-4-42-32-43-25
43667.2 20 1-2-4-42-32-16
54207.3 33 1-2-4-42-32-24-25
37231.5 99 1-2-4-42-32-43
51903.6 13 1-2-4-42-32-21-25
44139.7 110 1-2-4-42-32-24
45501 42 1-2-4-42-32-33
75063 108 1-2-4-42-32-17-25-39
84379.2 106 1-2-4-42-32-17-25-12
58889.6 185 1-2-4-42-32-17-39
71135.5 183 1-2-4-42-32-17-12
44424.5 90 1-2-4-42-32-21
64675.9 44 1-2-4-42-32-39-14
61209.2 2684 1-2-4-42-32-28-87-85-56-52-65-80-1
75503 2956 1-2-4-42-32-28-87-85-56-52-65-46-61-1
66898.7 2910 1-2-4-42-32-28-87-85-56-52-65-46-57-1
71225.4 2929 1-2-4-42-32-28-87-85-56-52-65-46-63-1
79471 2936 1-2-4-42-32-28-87-85-56-52-65-46-62-1
60854.1 2894 1-2-4-42-32-28-87-85-56-52-65-50-1
70949.7 2764 1-2-4-42-32-28-87-85-56-52-65-48-1
59671.5 2786 1-2-4-42-32-28-87-85-56-52-65-60-1
74472.3 2847 1-2-4-42-32-28-87-85-56-52-65-61-57-1
78280.2 2866 1-2-4-42-32-28-87-85-56-52-65-61-63-1
85361.8 2873 1-2-4-42-32-28-87-85-56-52-65-61-62-1
100215 2937 1-2-4-42-32-28-87-85-56-52-65-61-59-1
66757.6 2594 1-2-4-42-32-28-87-85-56-52-65-46-1
63900.8 2820 1-2-4-42-32-28-87-85-56-52-65-57-63-1
73887.9 2827 1-2-4-42-32-28-87-85-56-52-65-57-62-1
83139.1 2910 1-2-4-42-32-28-87-85-56-52-65-57-46-1
90545.1 2891 1-2-4-42-32-28-87-85-56-52-65-57-59-1
75951.7 2956 1-2-4-42-32-28-87-85-56-52-65-61-46-1
53497.9 92 1-31-14-25-21-24-17-39
65743.8 90 1-31-14-25-21-24-17-12
44371.8 65 1-31-14-25-21-24-13
50755.9 6 1-31-14-25-21-24-43
52049.7 269 1-31-14-25-21-24-39
53883.3 267 1-31-14-25-21-24-12
54112.9 2 1-31-14-25-21-16-17-39
52520.3 179 1-31-14-25-21-16-39
53938.7 177 1-31-14-25-21-16-12
38036.4 164 1-31-14-25-21-17-8
50250.5 24 1-31-14-25-21-17-33-39
63027.9 22 1-31-14-25-21-17-33-12
59834.8 81 1-31-14-25-21-17-39-43
50763 24 1-31-14-25-21-17-39-33
71694.6 92 1-31-14-25-21-17-39-24
71834.4 2 1-31-14-25-21-17-39-16
80935.2 140 1-31-14-25-21-17-39-13
46898 323 1-31-14-25-21-17-33
48500.9 211 1-31-14-25-21-17-9
78081.7 90 1-31-14-25-21-17-24-12
51964 391 1-31-14-25-21-17-24
52248.2 301 1-31-14-25-21-17-16
60256.3 79 1-31-14-25-21-17-43-12
57917.6 271 1-31-14-25-21-17-5
58818.8 125 1-31-14-25-21-17-18
75786.3 22 1-31-14-25-21-17-12-33
66443.5 79 1-31-14-25-21-17-12-43
83761.9 138 1-31-14-25-21-17-12-13
85774.1 90 1-31-14-25-21-17-12-24
65893.6 81 1-31-14-25-21-17-43-39
53469.3 380 1-31-14-25-21-17-43
59931.8 102 1-31-14-25-21-17-26
98478.8 140 1-31-14-25-21-17-13-39
89059.6 138 1-31-14-25-21-17-13-12
64954.1 439 1-31-14-25-21-17-13
47390.2 42 1-31-14-25-21-8-39
60472.8 40 1-31-14-25-21-8-12
37957.4 341 1-31-14-25-21-8
59938.9 65 1-31-14-25-21-13-24
86572.2 16 1-31-14-25-21-13-12-39
68836 54 1-31-14-25-21-13-43
82055 140 1-31-14-25-21-13-17-39
55861 2802 1-31-14-25-21-8-83-89-68-86-1
59610.2 2866 1-31-14-25-21-8-83-89-68-58-1
55957.9 2906 1-31-14-25-21-8-83-89-68-62-63-1
56798.8 2887 1-31-14-25-21-8-83-89-68-62-57-1
72586.7 2977 1-31-14-25-21-8-83-89-68-62-59-1
78622.3 2996 1-31-14-25-21-8-83-89-68-62-46-1
84064.4 2933 1-31-14-25-21-8-83-89-68-62-61-1
55662.8 2806 1-31-14-25-21-8-83-89-68-77-1
66585.2 2970 1-31-14-25-21-8-83-89-68-59-63-1
67520.9 2951 1-31-14-25-21-8-83-89-68-59-57-1
92982.6 2997 1-31-14-25-21-8-83-89-68-59-61-1
66582.8 2635 1-31-14-25-21-8-83-89-68-59-1
56721.8 2880 1-31-14-25-21-8-83-89-68-63-57-1
82430.4 2970 1-31-14-25-21-8-83-89-68-63-59-1
80286.9 2989 1-31-14-25-21-8-83-89-68-63-46-1
86892.9 2926 1-31-14-25-21-8-83-89-68-63-61-1
38390.8 72 1-18-26-5-12-39
22883.8 110 1-18-26-5-43
32200.3 53 1-18-26-5-33
54441.5 72 1-18-26-5-39-12
61364.8 194 1-18-26-5-17-12
43073.6 2811 1-18-26-5-43-71-58-90-86-1
43069.9 2915 1-18-26-5-43-71-58-90-62-63-1
43910.7 2896 1-18-26-5-43-71-58-90-62-57-1
59698.6 2986 1-18-26-5-43-71-58-90-62-59-1
71176.3 2942 1-18-26-5-43-71-58-90-62-61-1
52254.5 2979 1-18-26-5-43-71-58-90-59-63-1
53190.2 2960 1-18-26-5-43-71-58-90-59-57-1
52252.1 2644 1-18-26-5-43-71-58-90-59-1
44147.5 2889 1-18-26-5-43-71-58-90-63-57-1
69856.1 2979 1-18-26-5-43-71-58-90-63-59-1
67712.6 2998 1-18-26-5-43-71-58-90-63-46-1
74318.6 2935 1-18-26-5-43-71-58-90-63-61-1
39790.9 281 1-16-24-17-33-9
74539.2 210 1-16-24-17-33-39-13
77897.4 208 1-16-24-17-33-12-13
90604.9 2960 1-16-24-17-33-9-59-86-57-50-80-46-1
99072.7 2897 1-16-24-17-33-9-59-86-57-50-80-61-1
96247.4 2807 1-16-24-17-33-9-59-86-57-50-46-61-1
80808.5 2535 1-16-24-17-33-9-59-86-57-50-80-1
80147.1 2670 1-16-24-17-33-9-59-86-57-50-69-1
84999.6 2818 1-16-24-17-33-9-59-86-57-50-49-1
98659.7 2977 1-16-24-17-33-9-59-86-57-50-61-48-1
95785.5 2897 1-16-24-17-33-9-59-86-57-50-61-80-1
88406.5 2960 1-16-24-17-33-9-59-86-57-50-46-80-1
113029 2695 1-12-39-13-49-80-46-48-61-1
105991 2839 1-12-39-13-49-80-46-75-1
119831 2924 1-12-39-13-49-80-46-61-74-1
121062 2964 1-12-39-13-49-80-46-61-84-1
14757.5 3000 1-48
54477.5 2656 1-48-84-74-88-1
51631.7 2656 1-48-84-88-74-1
53152.2 2656 1-48-74-88-84-1
54026.1 2656 1-48-74-84-88-1
52253.8 2656 1-48-88-84-74-1
54225.7 2656 1-48-88-74-84-1
9.04686e+17 3000 1-482905744
