52660.3 16 1-11-41-7-23-40-45-43-5-29-35
57002.1 32 1-11-41-7-23-40-45-43-5-35-25
56845.4 1 1-11-41-7-23-40-45-43-5-20-25
53945.1 16 1-11-41-7-23-40-45-43-5-35-29
46437.4 78 1-11-41-7-23-40-45-43-5-20
55665.6 9 1-11-41-7-23-40-45-43-5-17-25
43348 109 1-11-41-7-23-40-45-43-5-35
63059.8 1 1-11-41-7-23-40-45-43-5-25-20
66305.9 32 1-11-41-7-23-40-45-43-5-25-35
76898.7 93 1-11-41-7-23-40-45-43-5-25-29
47578.2 86 1-11-41-7-23-40-45-43-5-17
44339.7 9 1-11-41-7-23-40-45-43-28-12-29
55828.1 25 1-11-41-7-23-40-45-43-28-12-25
34450.6 13 1-11-41-7-23-40-45-43-28-27
46810 46 1-11-41-7-23-40-45-43-28-37-29
56054 62 1-11-41-7-23-40-45-43-28-37-25
27836.4 102 1-11-41-7-23-40-45-43-28-12
58446.7 9 1-11-41-7-23-40-45-43-28-34-25
37167.6 139 1-11-41-7-23-40-45-43-28-37
45388.8 10 1-11-41-7-23-40-45-43-28-29-15
53019.8 46 1-11-41-7-23-40-45-43-28-29-37
67791.4 48 1-11-41-7-23-40-45-43-28-29-20-25
59880.7 9 1-11-41-7-23-40-45-43-28-29-12
75601.1 56 1-11-41-7-23-40-45-43-28-29-17-25
57383.3 125 1-11-41-7-23-40-45-43-28-29-20
78032.5 48 1-11-41-7-23-40-45-43-28-29-25-20
81278.6 79 1-11-41-7-23-40-45-43-28-29-25-35
67513.7 133 1-11-41-7-23-40-45-43-28-29-17
70962.3 11 1-11-41-7-23-40-45-43-28-29-39
43199.4 86 1-11-41-7-23-40-45-43-28-34
48642 64 1-11-41-7-23-40-45-43-28-35-20
66237.1 3872 1-11-41-7-23-40-45-43-28-12-87-85-56-52-65-80-91-47-1
58544.9 3882 1-11-41-7-23-40-45-43-28-12-87-85-56-52-65-80-91-57-73-1
62100.4 3937 1-11-41-7-23-40-45-43-28-12-87-85-56-52-65-80-91-57-63-1
67963.1 3925 1-11-41-7-23-40-45-43-28-12-87-85-56-52-65-80-91-57-67-1
70377.7 3927 1-11-41-7-23-40-45-43-28-12-87-85-56-52-65-80-91-57-51-1
71506.3 3948 1-11-41-7-23-40-45-43-28-12-87-85-56-52-65-80-91-57-81-1
72087.5 3944 1-11-41-7-23-40-45-43-28-12-87-85-56-52-65-80-91-57-62-1
78783.4 3936 1-11-41-7-23-40-45-43-28-12-87-85-56-52-65-80-91-57-76-1
79013.6 3913 1-11-41-7-23-40-45-43-28-12-87-85-56-52-65-80-91-57-72-1
88463.6 3964 1-11-41-7-23-40-45-43-28-12-87-85-56-52-65-80-91-57-61-1
67601.9 3978 1-11-41-7-23-40-45-43-28-12-87-85-56-52-65-80-91-82-1
58250.1 3903 1-11-41-7-23-40-45-43-28-12-87-85-56-52-65-80-91-60-1
68010.9 3895 1-11-41-7-23-40-45-43-28-12-87-85-56-52-65-80-91-66-1
72806.8 3966 1-11-41-7-23-40-45-43-28-12-87-85-56-52-65-80-91-76-81-1
68993.3 3936 1-11-41-7-23-40-45-43-28-12-87-85-56-52-65-80-91-76-57-1
69906.4 3900 1-11-41-7-23-40-45-43-28-12-87-85-56-52-65-80-91-76-73-1
85745.7 3982 1-11-41-7-23-40-45-43-28-12-87-85-56-52-65-80-91-76-61-1
73806.1 3955 1-11-41-7-23-40-45-43-28-12-87-85-56-52-65-80-91-76-63-1
77866.4 3943 1-11-41-7-23-40-45-43-28-12-87-85-56-52-65-80-91-76-67-1
80297.6 3945 1-11-41-7-23-40-45-43-28-12-87-85-56-52-65-80-91-76-51-1
83497.3 3962 1-11-41-7-23-40-45-43-28-12-87-85-56-52-65-80-91-76-62-1
88428.1 3931 1-11-41-7-23-40-45-43-28-12-87-85-56-52-65-80-91-76-72-1
60046.4 3882 1-11-41-7-23-40-45-43-28-12-87-85-56-52-65-80-91-73-57-1
62632.6 3901 1-11-41-7-23-40-45-43-28-12-87-85-56-52-65-80-91-73-63-1
64422.4 3998 1-11-41-7-23-40-45-43-28-12-87-85-56-52-65-80-91-73-70-1
67876.2 3889 1-11-41-7-23-40-45-43-28-12-87-85-56-52-65-80-91-73-67-1
70269.8 3891 1-11-41-7-23-40-45-43-28-12-87-85-56-52-65-80-91-73-51-1
72871.9 3908 1-11-41-7-23-40-45-43-28-12-87-85-56-52-65-80-91-73-62-1
72900.8 3912 1-11-41-7-23-40-45-43-28-12-87-85-56-52-65-80-91-73-81-1
78903.9 3877 1-11-41-7-23-40-45-43-28-12-87-85-56-52-65-80-91-73-72-1
84087.9 3991 1-11-41-7-23-40-45-43-28-12-87-85-56-52-65-80-91-73-46-1
89421.5 3972 1-11-41-7-23-40-45-43-28-12-87-85-56-52-65-80-91-73-59-1
81198.1 3900 1-11-41-7-23-40-45-43-28-12-87-85-56-52-65-80-91-73-76-1
91209.6 3928 1-11-41-7-23-40-45-43-28-12-87-85-56-52-65-80-91-73-61-1
67002.3 3948 1-11-41-7-23-40-45-43-28-12-87-85-56-52-65-80-91-81-57-1
78092.9 3966 1-11-41-7-23-40-45-43-28-12-87-85-56-52-65-80-91-81-76-1
72329 3955 1-11-41-7-23-40-45-43-28-12-87-85-56-52-65-80-91-81-67-1
74538.7 3957 1-11-41-7-23-40-45-43-28-12-87-85-56-52-65-80-91-81-51-1
66895.2 3912 1-11-41-7-23-40-45-43-28-12-87-85-56-52-65-80-91-81-73-1
71090.3 3967 1-11-41-7-23-40-45-43-28-12-87-85-56-52-65-80-91-81-63-1
81973.9 3943 1-11-41-7-23-40-45-43-28-12-87-85-56-52-65-80-91-81-72-1
81316.5 3974 1-11-41-7-23-40-45-43-28-12-87-85-56-52-65-80-91-81-62-1
93457.5 3994 1-11-41-7-23-40-45-43-28-12-87-85-56-52-65-80-91-81-61-1
72592.3 3991 1-11-41-7-23-40-45-43-28-12-87-85-56-52-65-80-91-46-73-1
62143 3901 1-11-41-7-23-40-45-43-28-12-87-85-56-52-65-80-91-63-73-1
63112.3 3937 1-11-41-7-23-40-45-43-28-12-87-85-56-52-65-80-91-63-57-1
72258.5 3963 1-11-41-7-23-40-45-43-28-12-87-85-56-52-65-80-91-63-62-1
69833.7 3944 1-11-41-7-23-40-45-43-28-12-87-85-56-52-65-80-91-63-67-1
71966.4 3946 1-11-41-7-23-40-45-43-28-12-87-85-56-52-65-80-91-63-51-1
80404.1 3932 1-11-41-7-23-40-45-43-28-12-87-85-56-52-65-80-91-63-72-1
84608.2 3955 1-11-41-7-23-40-45-43-28-12-87-85-56-52-65-80-91-63-76-1
93283.4 3983 1-11-41-7-23-40-45-43-28-12-87-85-56-52-65-80-91-63-61-1
76606.3 3967 1-11-41-7-23-40-45-43-28-12-87-85-56-52-65-80-91-63-81-1
63900.5 3936 1-11-41-7-23-40-45-43-28-12-87-85-56-52-65-80-91-69-1
74628.6 3881 1-11-41-7-23-40-45-43-28-12-87-85-56-52-65-80-91-48-1
64263.2 3998 1-11-41-7-23-40-45-43-28-12-87-85-56-52-65-80-91-70-73-1
64289.4 3863 1-11-41-7-23-40-45-43-28-12-87-85-56-52-65-80-91-78-1
67315.7 3863 1-11-41-7-23-40-45-43-28-12-87-85-56-52-65-80-91-77-1
69748.5 3934 1-11-41-7-23-40-45-43-28-12-87-85-56-52-65-80-91-67-51-1
67497.9 3889 1-11-41-7-23-40-45-43-28-12-87-85-56-52-65-80-91-67-73-1
78344.2 3920 1-11-41-7-23-40-45-43-28-12-87-85-56-52-65-80-91-67-72-1
69086.3 3925 1-11-41-7-23-40-45-43-28-12-87-85-56-52-65-80-91-67-57-1
77956.3 3955 1-11-41-7-23-40-45-43-28-12-87-85-56-52-65-80-91-67-81-1
78546.4 3951 1-11-41-7-23-40-45-43-28-12-87-85-56-52-65-80-91-67-62-1
88779.8 3943 1-11-41-7-23-40-45-43-28-12-87-85-56-52-65-80-91-67-76-1
69944.9 3944 1-11-41-7-23-40-45-43-28-12-87-85-56-52-65-80-91-67-63-1
100252 3971 1-11-41-7-23-40-45-43-28-12-87-85-56-52-65-80-91-67-61-1
76816.5 3970 1-11-41-7-23-40-45-43-28-12-87-85-56-52-65-80-91-79-1
86316.4 3982 1-11-41-7-23-40-45-43-28-12-87-85-56-52-65-80-91-61-76-1
79244.1 3964 1-11-41-7-23-40-45-43-28-12-87-85-56-52-65-80-91-61-57-1
80488.5 3928 1-11-41-7-23-40-45-43-28-12-87-85-56-52-65-80-91-61-73-1
83051.9 3983 1-11-41-7-23-40-45-43-28-12-87-85-56-52-65-80-91-61-63-1
88742.1 3994 1-11-41-7-23-40-45-43-28-12-87-85-56-52-65-80-91-61-81-1
90133.6 3990 1-11-41-7-23-40-45-43-28-12-87-85-56-52-65-80-91-61-62-1
89909.5 3971 1-11-41-7-23-40-45-43-28-12-87-85-56-52-65-80-91-61-67-1
92334.7 3973 1-11-41-7-23-40-45-43-28-12-87-85-56-52-65-80-91-61-51-1
100970 3959 1-11-41-7-23-40-45-43-28-12-87-85-56-52-65-80-91-61-72-1
33456.1 53 1-37-27-18-26-5-32-42
65453.6 28 1-37-27-18-26-5-32-29-15-25
62747 11 1-37-27-18-26-5-32-29-34-25
40338.3 105 1-37-27-18-26-5-32-29-15
52642.7 66 1-37-27-18-26-5-32-29-35-20
63360.6 74 1-37-27-18-26-5-32-29-35-17
47499.7 88 1-37-27-18-26-5-32-29-34
50798.8 45 1-37-27-18-26-5-32-29-44
56051.5 66 1-37-27-18-26-5-32-29-20-35
65219.2 43 1-37-27-18-26-5-32-29-20-17
64619.1 10 1-37-27-18-26-5-32-29-22-25
61072.6 35 1-37-27-18-26-5-32-29-30
75349.6 43 1-37-27-18-26-5-32-29-17-20
76899.8 74 1-37-27-18-26-5-32-29-17-35
58294.7 87 1-37-27-18-26-5-32-29-22
65493.7 10 1-37-27-18-26-5-32-29-25-14
68898.4 10 1-37-27-18-26-5-32-29-25-22
72982 143 1-37-27-18-26-5-32-29-25-20
70661.4 151 1-37-27-18-26-5-32-29-25-17
77821.3 11 1-37-27-18-26-5-32-29-25-34
81249.3 29 1-37-27-18-26-5-32-29-25-39
87689.2 28 1-37-27-18-26-5-32-29-25-15
65718.9 10 1-37-27-18-26-5-32-29-14-25
62799.1 87 1-37-27-18-26-5-32-29-14
84587.2 29 1-37-27-18-26-5-32-29-39-25
65911.8 106 1-37-27-18-26-5-32-29-39
50923.9 44 1-37-27-18-26-5-32-15-35
54083.9 13 1-37-27-18-26-5-32-15-20
80651.2 3921 1-37-27-18-26-5-32-42-48-75-46-61-66-82-55-1
81798.8 3909 1-37-27-18-26-5-32-42-48-75-46-61-66-76-55-81-1
81504.1 3879 1-37-27-18-26-5-32-42-48-75-46-61-66-76-55-57-1
81996.4 3843 1-37-27-18-26-5-32-42-48-75-46-61-66-76-55-73-1
86214.3 3995 1-37-27-18-26-5-32-42-48-75-46-61-66-76-55-70-1
88415.4 3886 1-37-27-18-26-5-32-42-48-75-46-61-66-76-55-67-1
86169.4 3898 1-37-27-18-26-5-32-42-48-75-46-61-66-76-55-63-1
90645.9 3888 1-37-27-18-26-5-32-42-48-75-46-61-66-76-55-51-1
97896.6 3874 1-37-27-18-26-5-32-42-48-75-46-61-66-76-55-72-1
96304.4 3905 1-37-27-18-26-5-32-42-48-75-46-61-66-76-55-62-1
112953 3969 1-37-27-18-26-5-32-42-48-75-46-61-66-76-55-59-1
73480.3 3772 1-37-27-18-26-5-32-42-48-75-46-61-66-76-81-1
69666.8 3742 1-37-27-18-26-5-32-42-48-75-46-61-66-76-57-1
23958.6 47 1-34-35-10-44-20-3-21-22-24-16
65786.2 23 1-34-35-10-44-20-3-21-22-24-25-14-17-29
41649.9 116 1-34-35-10-44-20-3-21-22-24-25-14-17
41869.9 64 1-34-35-10-44-20-3-21-22-24-25-30-17
85001.6 23 1-34-35-10-44-20-3-21-22-24-25-14-29-17
46267.3 64 1-34-35-10-44-20-3-21-22-24-25-17-30
79735 42 1-34-35-10-44-20-3-21-22-24-25-17-39-29
71289.7 23 1-34-35-10-44-20-3-21-22-24-25-17-14-29
52150.2 135 1-34-35-10-44-20-3-21-22-24-25-17-39
67708.4 41 1-34-35-10-44-20-3-21-22-24-25-17-29-15
93281.9 42 1-34-35-10-44-20-3-21-22-24-25-17-29-39
46817.6 116 1-34-35-10-44-20-3-21-22-24-25-17-14
67103.7 134 1-34-35-10-44-20-3-21-22-24-25-17-15
62738.1 135 1-34-35-10-44-20-3-21-22-24-25-39-17
81569.7 12 1-34-35-10-44-20-3-21-22-24-25-39-15
57741.2 1 1-34-35-10-44-20-3-21-22-24-25-36-29
103870 42 1-34-35-10-44-20-3-21-22-24-25-39-29-17
54303.2 94 1-34-35-10-44-20-3-21-22-24-25-36
85274.6 41 1-34-35-10-44-20-3-21-22-24-25-29-15-17
61158.4 1 1-34-35-10-44-20-3-21-22-24-25-29-36
64375.3 29 1-34-35-10-44-20-3-21-22-24-25-29-19
65322.8 15 1-34-35-10-44-20-3-21-22-24-25-29-13
80466 148 1-34-35-10-44-20-3-21-22-24-25-29-30
87113.4 23 1-34-35-10-44-20-3-21-22-24-25-29-17-14
92446 42 1-34-35-10-44-20-3-21-22-24-25-29-17-39
59731.7 218 1-34-35-10-44-20-3-21-22-24-25-29-15
82192.5 200 1-34-35-10-44-20-3-21-22-24-25-29-14
85305.2 219 1-34-35-10-44-20-3-21-22-24-25-29-39
107400 41 1-34-35-10-44-20-3-21-22-24-25-29-17-15
84736.2 41 1-34-35-10-44-20-3-21-22-24-25-15-29-17
84131.5 134 1-34-35-10-44-20-3-21-22-24-25-15-17
88009.6 12 1-34-35-10-44-20-3-21-22-24-25-15-39
67120.1 15 1-34-35-10-44-20-3-21-22-24-25-13-29
69169.1 29 1-34-35-10-44-20-3-21-22-24-25-19-29
59517.7 108 1-34-35-10-44-20-3-21-22-24-25-13
63264.4 48 1-34-35-10-44-20-3-21-22-24-30-17-29
46198.9 64 1-34-35-10-44-20-3-21-22-24-30-25-17
39128.1 141 1-34-35-10-44-20-3-21-22-24-30-17
49603.6 19 1-34-35-10-44-20-3-21-22-24-30-39
81303.4 48 1-34-35-10-44-20-3-21-22-24-30-29-17
41917 3883 1-34-35-10-44-20-3-21-22-24-16-88-84-74-69-78-1
72024.2 3875 1-34-35-10-44-20-3-21-22-24-16-88-84-74-69-70-55-1
46138.1 3954 1-34-35-10-44-20-3-21-22-24-16-88-84-74-69-67-51-1
43887.5 3909 1-34-35-10-44-20-3-21-22-24-16-88-84-74-69-67-73-1
46334.5 3964 1-34-35-10-44-20-3-21-22-24-16-88-84-74-69-67-63-1
54733.8 3940 1-34-35-10-44-20-3-21-22-24-16-88-84-74-69-67-72-1
54345.9 3975 1-34-35-10-44-20-3-21-22-24-16-88-84-74-69-67-81-1
54935.9 3971 1-34-35-10-44-20-3-21-22-24-16-88-84-74-69-67-62-1
41841.9 3738 1-34-35-10-44-20-3-21-22-24-16-88-84-74-69-70-1
44172 3921 1-34-35-10-44-20-3-21-22-24-16-88-84-74-69-73-63-1
51809.2 3911 1-34-35-10-44-20-3-21-22-24-16-88-84-74-69-73-51-1
54411.2 3928 1-34-35-10-44-20-3-21-22-24-16-88-84-74-69-73-62-1
54440.2 3932 1-34-35-10-44-20-3-21-22-24-16-88-84-74-69-73-81-1
60443.2 3897 1-34-35-10-44-20-3-21-22-24-16-88-84-74-69-73-72-1
70960.9 3992 1-34-35-10-44-20-3-21-22-24-16-88-84-74-69-73-59-1
49415.6 3909 1-34-35-10-44-20-3-21-22-24-16-88-84-74-69-73-67-1
45990.9 3954 1-34-35-10-44-20-3-21-22-24-16-88-84-74-69-51-67-1
54579.5 3942 1-34-35-10-44-20-3-21-22-24-16-88-84-74-69-51-72-1
48320.1 3966 1-34-35-10-44-20-3-21-22-24-16-88-84-74-69-51-63-1
56305.7 3973 1-34-35-10-44-20-3-21-22-24-16-88-84-74-69-51-62-1
56408.3 3977 1-34-35-10-44-20-3-21-22-24-16-88-84-74-69-51-81-1
46133.8 3911 1-34-35-10-44-20-3-21-22-24-16-88-84-74-69-51-73-1
48636 3932 1-34-35-10-44-20-3-21-22-24-16-88-84-74-69-81-73-1
54069.8 3975 1-34-35-10-44-20-3-21-22-24-16-88-84-74-69-81-67-1
56279.4 3977 1-34-35-10-44-20-3-21-22-24-16-88-84-74-69-81-51-1
52831.1 3987 1-34-35-10-44-20-3-21-22-24-16-88-84-74-69-81-63-1
63714.7 3963 1-34-35-10-44-20-3-21-22-24-16-88-84-74-69-81-72-1
63057.3 3994 1-34-35-10-44-20-3-21-22-24-16-88-84-74-69-81-62-1
43795.8 3921 1-34-35-10-44-20-3-21-22-24-16-88-84-74-69-63-73-1
53911.4 3983 1-34-35-10-44-20-3-21-22-24-16-88-84-74-69-63-62-1
51486.5 3964 1-34-35-10-44-20-3-21-22-24-16-88-84-74-69-63-67-1
53619.3 3966 1-34-35-10-44-20-3-21-22-24-16-88-84-74-69-63-51-1
62056.9 3952 1-34-35-10-44-20-3-21-22-24-16-88-84-74-69-63-72-1
58259.2 3987 1-34-35-10-44-20-3-21-22-24-16-88-84-74-69-63-81-1
79972.4 3945 1-34-35-10-44-20-3-21-22-24-16-88-84-74-69-54-55-1
48301.8 3883 1-34-35-10-44-20-3-21-22-24-16-88-84-74-69-77-1
53934 3942 1-34-35-10-44-20-3-21-22-24-16-88-84-74-69-72-51-1
53941.1 3940 1-34-35-10-44-20-3-21-22-24-16-88-84-74-69-72-67-1
56112.2 3952 1-34-35-10-44-20-3-21-22-24-16-88-84-74-69-72-63-1
54122.4 3897 1-34-35-10-44-20-3-21-22-24-16-88-84-74-69-72-73-1
62948.9 3959 1-34-35-10-44-20-3-21-22-24-16-88-84-74-69-72-62-1
63198 3963 1-34-35-10-44-20-3-21-22-24-16-88-84-74-69-72-81-1
51108.4 3808 1-34-35-10-44-20-3-21-22-24-16-88-84-74-69-54-1
53559 3983 1-34-35-10-44-20-3-21-22-24-16-88-84-74-69-62-63-1
53682.7 3928 1-34-35-10-44-20-3-21-22-24-16-88-84-74-69-62-73-1
59735.6 3971 1-34-35-10-44-20-3-21-22-24-16-88-84-74-69-62-67-1
61252.5 3973 1-34-35-10-44-20-3-21-22-24-16-88-84-74-69-62-51-1
68133 3994 1-34-35-10-44-20-3-21-22-24-16-88-84-74-69-62-81-1
68541.3 3959 1-34-35-10-44-20-3-21-22-24-16-88-84-74-69-62-72-1
53763.7 3879 1-34-35-10-44-20-3-21-22-24-16-88-84-74-69-86-1
56439.7 3892 1-34-35-10-44-20-3-21-22-24-16-88-84-74-69-47-1
61271.7 3990 1-34-35-10-44-20-3-21-22-24-16-88-84-74-69-79-1
58760.2 3998 1-34-35-10-44-20-3-21-22-24-16-88-84-74-69-82-1
58985.7 3963 1-34-35-10-44-20-3-21-22-24-16-88-84-74-69-89-1
61321.7 3943 1-34-35-10-44-20-3-21-22-24-16-88-84-74-69-58-1
66921.8 3789 1-34-35-10-44-20-3-21-22-24-16-88-84-74-69-55-81-1
67119.3 3723 1-34-35-10-44-20-3-21-22-24-16-88-84-74-69-55-73-1
71337.3 3875 1-34-35-10-44-20-3-21-22-24-16-88-84-74-69-55-70-1
73538.4 3766 1-34-35-10-44-20-3-21-22-24-16-88-84-74-69-55-67-1
71292.4 3778 1-34-35-10-44-20-3-21-22-24-16-88-84-74-69-55-63-1
75768.9 3768 1-34-35-10-44-20-3-21-22-24-16-88-84-74-69-55-51-1
80820.2 3945 1-34-35-10-44-20-3-21-22-24-16-88-84-74-69-55-54-1
83019.5 3754 1-34-35-10-44-20-3-21-22-24-16-88-84-74-69-55-72-1
98075.8 3849 1-34-35-10-44-20-3-21-22-24-16-88-84-74-69-55-59-1
62544.5 38 1-6-38-36-4-29-15-19-25-17
55505.7 115 1-6-38-36-4-29-15-19-17
25797.3 72 1-6-38-36-4-29-15-2
60502.9 24 1-6-38-36-4-29-15-13-25-17
54504.2 101 1-6-38-36-4-29-15-13-17
49243.1 16 1-6-38-36-4-29-15-30-14-25
56283.1 157 1-6-38-36-4-29-15-30-25-17
66871.1 35 1-6-38-36-4-29-15-30-25-39
46323.4 93 1-6-38-36-4-29-15-30-14
51115.5 16 1-6-38-36-4-29-15-30-25-14
83544.7 3927 1-6-38-36-4-29-15-2-47-82-49-81-64-73-63-55-1
85892 3915 1-6-38-36-4-29-15-2-47-82-49-81-64-73-67-55-1
51658.7 3790 1-6-38-36-4-29-15-2-47-82-49-81-64-73-63-1
88086.6 3917 1-6-38-36-4-29-15-2-47-82-49-81-64-73-51-55-1
56902.3 3778 1-6-38-36-4-29-15-2-47-82-49-81-64-73-67-1
93716.2 3934 1-6-38-36-4-29-15-2-47-82-49-81-64-73-62-55-1
59295.9 3780 1-6-38-36-4-29-15-2-47-82-49-81-64-73-51-1
64202.6 3957 1-6-38-36-4-29-15-2-47-82-49-81-64-73-54-1
95337.6 3903 1-6-38-36-4-29-15-2-47-82-49-81-64-73-72-55-1
61898 3797 1-6-38-36-4-29-15-2-47-82-49-81-64-73-62-1
110317 3998 1-6-38-36-4-29-15-2-47-82-49-81-64-73-59-55-1
67929.9 3766 1-6-38-36-4-29-15-2-47-82-49-81-64-73-72-1
87056.1 3915 1-6-38-36-4-29-15-2-47-82-49-81-64-73-55-67-1
84810.2 3927 1-6-38-36-4-29-15-2-47-82-49-81-64-73-55-63-1
89286.6 3917 1-6-38-36-4-29-15-2-47-82-49-81-64-73-55-51-1
96537.3 3903 1-6-38-36-4-29-15-2-47-82-49-81-64-73-55-72-1
94945.2 3934 1-6-38-36-4-29-15-2-47-82-49-81-64-73-55-62-1
78447.6 3861 1-6-38-36-4-29-15-2-47-82-49-81-64-73-59-1
81617.6 3889 1-6-38-36-4-29-15-2-47-82-49-81-64-78-55-1
111594 3998 1-6-38-36-4-29-15-2-47-82-49-81-64-73-55-59-1
51519.3 3752 1-6-38-36-4-29-15-2-47-82-49-81-64-78-1
85386.5 3960 1-6-38-36-4-29-15-2-47-82-49-81-64-67-51-55-1
86151.4 3915 1-6-38-36-4-29-15-2-47-82-49-81-64-67-73-55-1
56595.8 3823 1-6-38-36-4-29-15-2-47-82-49-81-64-67-51-1
88678.3 3970 1-6-38-36-4-29-15-2-47-82-49-81-64-67-63-55-1
54345.2 3778 1-6-38-36-4-29-15-2-47-82-49-81-64-67-73-1
92599.2 3946 1-6-38-36-4-29-15-2-47-82-49-81-64-67-72-55-1
56792.3 3833 1-6-38-36-4-29-15-2-47-82-49-81-64-67-63-1
97212 3977 1-6-38-36-4-29-15-2-47-82-49-81-64-67-62-55-1
65191.5 3809 1-6-38-36-4-29-15-2-47-82-49-81-64-67-72-1
80602.1 3904 1-6-38-36-4-29-15-2-47-82-49-81-64-67-59-1
84499 3915 1-6-38-36-4-29-15-2-47-82-49-81-64-67-55-73-1
88672.1 3970 1-6-38-36-4-29-15-2-47-82-49-81-64-67-55-63-1
93148.5 3960 1-6-38-36-4-29-15-2-47-82-49-81-64-67-55-51-1
100399 3946 1-6-38-36-4-29-15-2-47-82-49-81-64-67-55-72-1
65393.7 3840 1-6-38-36-4-29-15-2-47-82-49-81-64-67-62-1
98807.1 3977 1-6-38-36-4-29-15-2-47-82-49-81-64-67-55-62-1
83546.1 3927 1-6-38-36-4-29-15-2-47-82-49-81-64-63-73-55-1
93673.8 3989 1-6-38-36-4-29-15-2-47-82-49-81-64-63-62-55-1
51739.9 3790 1-6-38-36-4-29-15-2-47-82-49-81-64-63-73-1
88420.3 3970 1-6-38-36-4-29-15-2-47-82-49-81-64-63-67-55-1
61855.5 3852 1-6-38-36-4-29-15-2-47-82-49-81-64-63-62-1
90354.1 3972 1-6-38-36-4-29-15-2-47-82-49-81-64-63-51-55-1
59430.6 3833 1-6-38-36-4-29-15-2-47-82-49-81-64-63-67-1
97408.6 3958 1-6-38-36-4-29-15-2-47-82-49-81-64-63-72-55-1
61563.4 3835 1-6-38-36-4-29-15-2-47-82-49-81-64-63-51-1
78417.9 3916 1-6-38-36-4-29-15-2-47-82-49-81-64-63-59-1
84891.4 3927 1-6-38-36-4-29-15-2-47-82-49-81-64-63-55-73-1
91310.4 3970 1-6-38-36-4-29-15-2-47-82-49-81-64-63-55-67-1
93540.9 3972 1-6-38-36-4-29-15-2-47-82-49-81-64-63-55-51-1
99199.4 3989 1-6-38-36-4-29-15-2-47-82-49-81-64-63-55-62-1
70001 3821 1-6-38-36-4-29-15-2-47-82-49-81-64-63-72-1
100792 3958 1-6-38-36-4-29-15-2-47-82-49-81-64-63-55-72-1
85610.5 3960 1-6-38-36-4-29-15-2-47-82-49-81-64-51-67-55-1
92617.1 3948 1-6-38-36-4-29-15-2-47-82-49-81-64-51-72-55-1
56620.8 3823 1-6-38-36-4-29-15-2-47-82-49-81-64-51-67-1
88570 3917 1-6-38-36-4-29-15-2-47-82-49-81-64-51-73-55-1
65209.5 3811 1-6-38-36-4-29-15-2-47-82-49-81-64-51-72-1
90836.1 3972 1-6-38-36-4-29-15-2-47-82-49-81-64-51-63-55-1
56763.8 3780 1-6-38-36-4-29-15-2-47-82-49-81-64-51-73-1
98753.9 3979 1-6-38-36-4-29-15-2-47-82-49-81-64-51-62-55-1
58950 3835 1-6-38-36-4-29-15-2-47-82-49-81-64-51-63-1
81598.4 3906 1-6-38-36-4-29-15-2-47-82-49-81-64-51-59-1
86754.5 3917 1-6-38-36-4-29-15-2-47-82-49-81-64-51-55-73-1
93173.5 3960 1-6-38-36-4-29-15-2-47-82-49-81-64-51-55-67-1
90927.5 3972 1-6-38-36-4-29-15-2-47-82-49-81-64-51-55-63-1
102655 3948 1-6-38-36-4-29-15-2-47-82-49-81-64-51-55-72-1
66935.6 3842 1-6-38-36-4-29-15-2-47-82-49-81-64-51-62-1
101063 3979 1-6-38-36-4-29-15-2-47-82-49-81-64-51-55-62-1
88672.6 3889 1-6-38-36-4-29-15-2-47-82-49-81-64-77-55-1
56793.4 3752 1-6-38-36-4-29-15-2-47-82-49-81-64-77-1
57020.1 3900 1-6-38-36-4-29-15-2-47-82-49-81-64-50-1
66022.5 3988 1-6-38-36-4-29-15-2-47-82-49-81-64-54-72-1
61898.1 3957 1-6-38-36-4-29-15-2-47-82-49-81-64-54-73-1
93761.7 3989 1-6-38-36-4-29-15-2-47-82-49-81-64-62-63-55-1
93805.6 3934 1-6-38-36-4-29-15-2-47-82-49-81-64-62-73-55-1
61875.7 3852 1-6-38-36-4-29-15-2-47-82-49-81-64-62-63-1
78504.5 3923 1-6-38-36-4-29-15-2-47-82-49-81-64-62-59-1
97041.9 3977 1-6-38-36-4-29-15-2-47-82-49-81-64-62-67-55-1
61999.4 3797 1-6-38-36-4-29-15-2-47-82-49-81-64-62-73-1
98359.9 3979 1-6-38-36-4-29-15-2-47-82-49-81-64-62-51-55-1
68052.3 3840 1-6-38-36-4-29-15-2-47-82-49-81-64-62-67-1
104266 3965 1-6-38-36-4-29-15-2-47-82-49-81-64-62-72-55-1
69569.2 3842 1-6-38-36-4-29-15-2-47-82-49-81-64-62-51-1
95046.6 3934 1-6-38-36-4-29-15-2-47-82-49-81-64-62-55-73-1
101466 3977 1-6-38-36-4-29-15-2-47-82-49-81-64-62-55-67-1
99219.7 3989 1-6-38-36-4-29-15-2-47-82-49-81-64-62-55-63-1
103696 3979 1-6-38-36-4-29-15-2-47-82-49-81-64-62-55-51-1
76858 3828 1-6-38-36-4-29-15-2-47-82-49-81-64-62-72-1
65532 3988 1-6-38-36-4-29-15-2-47-82-49-81-64-72-54-1
93737.3 3948 1-6-38-36-4-29-15-2-47-82-49-81-64-72-51-55-1
93943.3 3946 1-6-38-36-4-29-15-2-47-82-49-81-64-72-67-55-1
64946.6 3811 1-6-38-36-4-29-15-2-47-82-49-81-64-72-51-1
99010.8 3958 1-6-38-36-4-29-15-2-47-82-49-81-64-72-63-55-1
64953.7 3809 1-6-38-36-4-29-15-2-47-82-49-81-64-72-67-1
96941.1 3903 1-6-38-36-4-29-15-2-47-82-49-81-64-72-73-55-1
67124.8 3821 1-6-38-36-4-29-15-2-47-82-49-81-64-72-63-1
105780 3965 1-6-38-36-4-29-15-2-47-82-49-81-64-72-62-55-1
65135 3766 1-6-38-36-4-29-15-2-47-82-49-81-64-72-73-1
86788.6 3892 1-6-38-36-4-29-15-2-47-82-49-81-64-72-59-1
93742.3 3903 1-6-38-36-4-29-15-2-47-82-49-81-64-72-55-73-1
100161 3946 1-6-38-36-4-29-15-2-47-82-49-81-64-72-55-67-1
97915.3 3958 1-6-38-36-4-29-15-2-47-82-49-81-64-72-55-63-1
102392 3948 1-6-38-36-4-29-15-2-47-82-49-81-64-72-55-51-1
73961.5 3828 1-6-38-36-4-29-15-2-47-82-49-81-64-72-62-1
93959.5 3885 1-6-38-36-4-29-15-2-47-82-49-81-64-86-55-1
75253.2 3996 1-6-38-36-4-29-15-2-47-82-49-81-64-79-55-1
62125.4 3748 1-6-38-36-4-29-15-2-47-82-49-81-64-86-1
66207 3960 1-6-38-36-4-29-15-2-47-82-49-81-64-71-1
67760.2 3896 1-6-38-36-4-29-15-2-47-82-49-81-64-83-1
99912.3 3969 1-6-38-36-4-29-15-2-47-82-49-81-64-89-55-1
69660.5 3859 1-6-38-36-4-29-15-2-47-82-49-81-64-79-1
37871.2 15 1-31-30-14-25-17-8-33-9
66157.8 243 1-31-30-14-25-17-8-33-13
66684.1 257 1-31-30-14-25-17-8-33-19
41158.2 335 1-31-30-14-25-17-8-39-9
74061.3 74 1-31-30-14-25-17-8-39-13-19
39415.5 447 1-31-30-14-25-17-8-39-33
66756.5 3993 1-31-30-14-25-17-8-33-9-58-90-68-89-83-72-1
58366.8 3962 1-31-30-14-25-17-8-33-9-58-90-68-89-83-73-1
57310 3876 1-31-30-14-25-17-8-33-9-58-90-68-89-86-62-1
57265.3 3869 1-31-30-14-25-17-8-33-9-58-90-68-89-86-63-1
89196.3 3951 1-31-30-14-25-17-8-33-9-58-90-68-89-86-73-55-1
73570 3940 1-31-30-14-25-17-8-33-9-58-90-68-89-86-59-1
92312.4 3994 1-31-30-14-25-17-8-33-9-58-90-68-89-86-67-55-1
57390.1 3814 1-31-30-14-25-17-8-33-9-58-90-68-89-86-73-1
93599.1 3996 1-31-30-14-25-17-8-33-9-58-90-68-89-86-51-55-1
63322.7 3857 1-31-30-14-25-17-8-33-9-58-90-68-89-86-67-1
99437.2 3982 1-31-30-14-25-17-8-33-9-58-90-68-89-86-72-55-1
64808.4 3859 1-31-30-14-25-17-8-33-9-58-90-68-89-86-51-1
90463.1 3951 1-31-30-14-25-17-8-33-9-58-90-68-89-86-55-73-1
96882.1 3994 1-31-30-14-25-17-8-33-9-58-90-68-89-86-55-67-1
99112.6 3996 1-31-30-14-25-17-8-33-9-58-90-68-89-86-55-51-1
72029.5 3845 1-31-30-14-25-17-8-33-9-58-90-68-89-86-72-1
57719.1 3880 1-31-30-14-25-17-8-33-9-58-90-68-89-62-77-1
57470.8 3918 1-31-30-14-25-17-8-33-9-58-90-68-89-62-63-73-1
65161.5 3961 1-31-30-14-25-17-8-33-9-58-90-68-89-62-63-67-1
67294.3 3963 1-31-30-14-25-17-8-33-9-58-90-68-89-62-63-51-1
75731.9 3949 1-31-30-14-25-17-8-33-9-58-90-68-89-62-63-72-1
57689.8 3876 1-31-30-14-25-17-8-33-9-58-90-68-89-62-86-1
66931.4 3906 1-31-30-14-25-17-8-33-9-58-90-68-89-62-73-67-1
69325 3908 1-31-30-14-25-17-8-33-9-58-90-68-89-62-73-51-1
77959 3894 1-31-30-14-25-17-8-33-9-58-90-68-89-62-73-72-1
88476.6 3989 1-31-30-14-25-17-8-33-9-58-90-68-89-62-73-59-1
61687.7 3918 1-31-30-14-25-17-8-33-9-58-90-68-89-62-73-63-1
74088.2 3989 1-31-30-14-25-17-8-33-9-58-90-68-89-62-59-73-1
65999.3 3951 1-31-30-14-25-17-8-33-9-58-90-68-89-62-67-51-1
63748.7 3906 1-31-30-14-25-17-8-33-9-58-90-68-89-62-67-73-1
66195.7 3961 1-31-30-14-25-17-8-33-9-58-90-68-89-62-67-63-1
74595 3937 1-31-30-14-25-17-8-33-9-58-90-68-89-62-67-72-1
73675.4 3939 1-31-30-14-25-17-8-33-9-58-90-68-89-62-51-72-1
65229.7 3908 1-31-30-14-25-17-8-33-9-58-90-68-89-62-51-73-1
67415.9 3963 1-31-30-14-25-17-8-33-9-58-90-68-89-62-51-63-1
65086.7 3951 1-31-30-14-25-17-8-33-9-58-90-68-89-62-51-67-1
96954.5 3942 1-31-30-14-25-17-8-33-9-58-90-68-89-62-54-55-1
68090.5 3805 1-31-30-14-25-17-8-33-9-58-90-68-89-62-54-1
72337.5 3937 1-31-30-14-25-17-8-33-9-58-90-68-89-62-72-67-1
74508.6 3949 1-31-30-14-25-17-8-33-9-58-90-68-89-62-72-63-1
72518.8 3894 1-31-30-14-25-17-8-33-9-58-90-68-89-62-72-73-1
72330.4 3939 1-31-30-14-25-17-8-33-9-58-90-68-89-62-72-51-1
85621.3 3987 1-31-30-14-25-17-8-33-9-58-90-68-89-62-79-1
90517 3720 1-31-30-14-25-17-8-33-9-58-90-68-89-62-55-73-1
96936 3763 1-31-30-14-25-17-8-33-9-58-90-68-89-62-55-67-1
94690 3775 1-31-30-14-25-17-8-33-9-58-90-68-89-62-55-63-1
99166.5 3765 1-31-30-14-25-17-8-33-9-58-90-68-89-62-55-51-1
104218 3942 1-31-30-14-25-17-8-33-9-58-90-68-89-62-55-54-1
121473 3846 1-31-30-14-25-17-8-33-9-58-90-68-89-62-55-59-1
99540.5 3724 1-39-13-19-53-55-79-73-77-62-71-1
106735 3985 1-39-13-19-53-55-79-73-77-62-83-51-1
106096 3983 1-39-13-19-53-55-79-73-77-62-83-67-1
111653 3971 1-39-13-19-53-55-79-73-77-62-83-72-1
117855 3847 1-39-13-19-53-55-79-73-77-62-59-54-1
116261 3993 1-39-13-19-53-55-79-73-77-62-59-51-67-1
124850 3981 1-39-13-19-53-55-79-73-77-62-59-51-72-1
126315 3979 1-39-13-19-53-55-79-73-77-62-59-67-72-1
6568.02 4000 1-51
