41127.6 50 1-11-41-7-23-40-45-43-5-28-12-18-37
55570.9 67 1-11-41-7-23-40-45-43-5-28-12-18-29-35
58979.6 36 1-11-41-7-23-40-45-43-5-28-12-18-29-20
69110 44 1-11-41-7-23-40-45-43-5-28-12-18-29-17
46899 14 1-11-41-7-23-40-45-43-5-28-12-18-15
59092 67 1-11-41-7-23-40-45-43-5-28-12-18-35-29
62424.3 52 1-11-41-7-23-40-45-43-5-28-12-18-20-25
66022.1 36 1-11-41-7-23-40-45-43-5-28-12-18-20-29
52016.2 129 1-11-41-7-23-40-45-43-5-28-12-18-20
55457.2 15 1-11-41-7-23-40-45-43-5-28-12-18-39
64411.2 60 1-11-41-7-23-40-45-43-5-28-12-18-17-25
80460.1 44 1-11-41-7-23-40-45-43-5-28-12-18-17-29
70331 52 1-11-41-7-23-40-45-43-5-28-12-18-25-20
73577.2 83 1-11-41-7-23-40-45-43-5-28-12-18-25-35
68010.4 60 1-11-41-7-23-40-45-43-5-28-12-18-25-17
56323.8 137 1-11-41-7-23-40-45-43-5-28-12-18-17
42250.7 27 1-11-41-7-23-40-45-43-5-28-12-26-37
55754.4 44 1-11-41-7-23-40-45-43-5-28-12-26-29-35
59163.2 13 1-11-41-7-23-40-45-43-5-28-12-26-29-20
69293.6 21 1-11-41-7-23-40-45-43-5-28-12-26-29-17
63115.8 60 1-11-41-7-23-40-45-43-5-28-12-26-35-25
63438.2 29 1-11-41-7-23-40-45-43-5-28-12-26-20-25
67036.1 13 1-11-41-7-23-40-45-43-5-28-12-26-20-29
60058.8 44 1-11-41-7-23-40-45-43-5-28-12-26-35-29
53030.2 106 1-11-41-7-23-40-45-43-5-28-12-26-20
65637.1 37 1-11-41-7-23-40-45-43-5-28-12-26-17-25
81686 21 1-11-41-7-23-40-45-43-5-28-12-26-17-29
49461.7 137 1-11-41-7-23-40-45-43-5-28-12-26-35
71500.7 29 1-11-41-7-23-40-45-43-5-28-12-26-25-20
74746.9 60 1-11-41-7-23-40-45-43-5-28-12-26-25-35
69180.1 37 1-11-41-7-23-40-45-43-5-28-12-26-25-17
57549.7 114 1-11-41-7-23-40-45-43-5-28-12-26-17
47271.7 6 1-11-41-7-23-40-45-43-5-28-12-27-37-34-35
54512.4 67 1-11-41-7-23-40-45-43-5-28-12-27-37-34-29
61210.8 61 1-11-41-7-23-40-45-43-5-28-12-27-37-35-20-25
64808.6 45 1-11-41-7-23-40-45-43-5-28-12-27-37-35-20-29
49016.1 6 1-11-41-7-23-40-45-43-5-28-12-27-37-35-34
57047.8 5 1-11-41-7-23-40-45-43-5-28-12-27-37-35-22
81817.5 53 1-11-41-7-23-40-45-43-5-28-12-27-37-35-29-17
71687.1 45 1-11-41-7-23-40-45-43-5-28-12-27-37-35-29-20
50802.7 138 1-11-41-7-23-40-45-43-5-28-12-27-37-35-20
58665.8 23 1-11-41-7-23-40-45-43-5-28-12-27-37-35-15
68825.7 69 1-11-41-7-23-40-45-43-5-28-12-27-37-35-25-17
71146.3 61 1-11-41-7-23-40-45-43-5-28-12-27-37-35-25-20
85792.1 5613 1-11-41-7-23-40-45-43-5-28-12-18-37-50-85-56-52-65-80-91-47-76-82-46-1
93322.4 5671 1-11-41-7-23-40-45-43-5-28-12-18-37-50-85-56-52-65-80-91-47-76-82-55-81-1
93027.7 5641 1-11-41-7-23-40-45-43-5-28-12-18-37-50-85-56-52-65-80-91-47-76-82-55-57-1
93520 5605 1-11-41-7-23-40-45-43-5-28-12-18-37-50-85-56-52-65-80-91-47-76-82-55-73-1
99939 5648 1-11-41-7-23-40-45-43-5-28-12-18-37-50-85-56-52-65-80-91-47-76-82-55-67-1
111330 5687 1-11-41-7-23-40-45-43-5-28-12-18-37-50-85-56-52-65-80-91-47-76-82-55-61-1
97693 5660 1-11-41-7-23-40-45-43-5-28-12-18-37-50-85-56-52-65-80-91-47-76-82-55-63-1
102169 5650 1-11-41-7-23-40-45-43-5-28-12-18-37-50-85-56-52-65-80-91-47-76-82-55-51-1
109420 5636 1-11-41-7-23-40-45-43-5-28-12-18-37-50-85-56-52-65-80-91-47-76-82-55-72-1
107828 5667 1-11-41-7-23-40-45-43-5-28-12-18-37-50-85-56-52-65-80-91-47-76-82-55-62-1
84293.9 5534 1-11-41-7-23-40-45-43-5-28-12-18-37-50-85-56-52-65-80-91-47-76-82-81-1
94518.4 5550 1-11-41-7-23-40-45-43-5-28-12-18-37-50-85-56-52-65-80-91-47-76-82-61-1
79161.5 5504 1-11-41-7-23-40-45-43-5-28-12-18-37-50-85-56-52-65-80-91-47-76-82-57-1
80204.2 5468 1-11-41-7-23-40-45-43-5-28-12-18-37-50-85-56-52-65-80-91-47-76-82-73-1
83934.8 5523 1-11-41-7-23-40-45-43-5-28-12-18-37-50-85-56-52-65-80-91-47-76-82-63-1
85627.3 5620 1-11-41-7-23-40-45-43-5-28-12-18-37-50-85-56-52-65-80-91-47-76-82-70-1
94701.9 5623 1-11-41-7-23-40-45-43-5-28-12-18-37-50-85-56-52-65-80-91-47-76-82-87-1
88586.5 5511 1-11-41-7-23-40-45-43-5-28-12-18-37-50-85-56-52-65-80-91-47-76-82-67-1
91046.8 5513 1-11-41-7-23-40-45-43-5-28-12-18-37-50-85-56-52-65-80-91-47-76-82-51-1
93355 5530 1-11-41-7-23-40-45-43-5-28-12-18-37-50-85-56-52-65-80-91-47-76-82-62-1
96248.4 5690 1-11-41-7-23-40-45-43-5-28-12-18-37-50-85-56-52-65-80-91-47-76-82-54-1
99348.6 5499 1-11-41-7-23-40-45-43-5-28-12-18-37-50-85-56-52-65-80-91-47-76-82-72-1
109866 5594 1-11-41-7-23-40-45-43-5-28-12-18-37-50-85-56-52-65-80-91-47-76-82-59-1
102605 5667 1-11-41-7-23-40-45-43-5-28-12-18-37-50-85-56-52-65-80-91-47-76-66-46-55-1
93556.9 5588 1-11-41-7-23-40-45-43-5-28-12-18-37-50-85-56-52-65-80-91-47-76-66-55-81-1
93262.2 5558 1-11-41-7-23-40-45-43-5-28-12-18-37-50-85-56-52-65-80-91-47-76-66-55-57-1
93754.5 5522 1-11-41-7-23-40-45-43-5-28-12-18-37-50-85-56-52-65-80-91-47-76-66-55-73-1
97972.4 5674 1-11-41-7-23-40-45-43-5-28-12-18-37-50-85-56-52-65-80-91-47-76-66-55-70-1
100174 5565 1-11-41-7-23-40-45-43-5-28-12-18-37-50-85-56-52-65-80-91-47-76-66-55-67-1
111564 5604 1-11-41-7-23-40-45-43-5-28-12-18-37-50-85-56-52-65-80-91-47-76-66-55-61-1
97927.5 5577 1-11-41-7-23-40-45-43-5-28-12-18-37-50-85-56-52-65-80-91-47-76-66-55-63-1
102404 5567 1-11-41-7-23-40-45-43-5-28-12-18-37-50-85-56-52-65-80-91-47-76-66-55-51-1
109655 5553 1-11-41-7-23-40-45-43-5-28-12-18-37-50-85-56-52-65-80-91-47-76-66-55-72-1
111776 5677 1-11-41-7-23-40-45-43-5-28-12-18-37-50-85-56-52-65-80-91-47-76-66-55-87-1
108063 5584 1-11-41-7-23-40-45-43-5-28-12-18-37-50-85-56-52-65-80-91-47-76-66-55-62-1
124711 5648 1-11-41-7-23-40-45-43-5-28-12-18-37-50-85-56-52-65-80-91-47-76-66-55-59-1
85779.4 5530 1-11-41-7-23-40-45-43-5-28-12-18-37-50-85-56-52-65-80-91-47-76-66-46-1
84705.5 5451 1-11-41-7-23-40-45-43-5-28-12-18-37-50-85-56-52-65-80-91-47-76-66-81-1
94492 5467 1-11-41-7-23-40-45-43-5-28-12-18-37-50-85-56-52-65-80-91-47-76-66-61-1
79520 5421 1-11-41-7-23-40-45-43-5-28-12-18-37-50-85-56-52-65-80-91-47-76-66-57-1
101062 5696 1-11-41-7-23-40-45-43-5-28-12-18-37-50-85-56-52-65-80-91-47-76-66-73-72-1
103058 5667 1-11-41-7-23-40-45-43-5-28-12-18-37-50-85-56-52-65-80-91-47-76-66-55-46-1
40321.6 10 1-34-35-10-44-20-3-21-22-24-16-6-38-29
52740.1 26 1-34-35-10-44-20-3-21-22-24-16-6-38-25
42618.7 70 1-34-35-10-44-20-3-21-22-24-16-6-36-29-15
65079.5 52 1-34-35-10-44-20-3-21-22-24-16-6-36-29-14
68192.2 71 1-34-35-10-44-20-3-21-22-24-16-6-36-29-39
43938 70 1-34-35-10-44-20-3-21-22-24-16-6-36-15-29
72941.7 116 1-34-35-10-44-20-3-21-22-24-16-6-36-29-25-17
44606.5 18 1-34-35-10-44-20-3-21-22-24-16-6-36-42
46088.6 73 1-34-35-10-44-20-3-21-22-24-16-6-36-27
60170.3 16 1-34-35-10-44-20-3-21-22-24-16-6-36-30-25
56480.4 93 1-34-35-10-44-20-3-21-22-24-16-6-36-30
60918.8 68 1-34-35-10-44-20-3-21-22-24-16-6-36-25-14
61689 16 1-34-35-10-44-20-3-21-22-24-16-6-36-25-30
76674.5 87 1-34-35-10-44-20-3-21-22-24-16-6-36-25-39
123018 5659 1-34-35-10-44-20-3-21-22-24-16-6-38-29-66-48-75-46-61-87-71-58-86-55-1
91153.1 5626 1-34-35-10-44-20-3-21-22-24-16-6-38-29-66-48-75-46-61-87-71-58-62-63-1
91276.8 5571 1-34-35-10-44-20-3-21-22-24-16-6-38-29-66-48-75-46-61-87-71-58-62-73-1
107782 5697 1-34-35-10-44-20-3-21-22-24-16-6-38-29-66-48-75-46-61-87-71-58-62-59-1
97329.7 5614 1-34-35-10-44-20-3-21-22-24-16-6-38-29-66-48-75-46-61-87-71-58-62-67-1
98846.6 5616 1-34-35-10-44-20-3-21-22-24-16-6-38-29-66-48-75-46-61-87-71-58-62-51-1
106135 5602 1-34-35-10-44-20-3-21-22-24-16-6-38-29-66-48-75-46-61-87-71-58-62-72-1
105727 5637 1-34-35-10-44-20-3-21-22-24-16-6-38-29-66-48-75-46-61-87-71-58-62-81-1
91184 5522 1-34-35-10-44-20-3-21-22-24-16-6-38-29-66-48-75-46-61-87-71-58-86-1
95660.6 5606 1-34-35-10-44-20-3-21-22-24-16-6-38-29-66-48-75-46-61-87-71-58-89-1
100716 5690 1-34-35-10-44-20-3-21-22-24-16-6-38-29-66-48-75-46-61-87-71-58-59-63-1
106510 5680 1-34-35-10-44-20-3-21-22-24-16-6-38-29-66-48-75-46-61-87-71-58-59-51-1
100827 5635 1-34-35-10-44-20-3-21-22-24-16-6-38-29-66-48-75-46-61-87-71-58-59-73-1
105538 5678 1-34-35-10-44-20-3-21-22-24-16-6-38-29-66-48-75-46-61-87-71-58-59-67-1
111963 5666 1-34-35-10-44-20-3-21-22-24-16-6-38-29-66-48-75-46-61-87-71-58-59-72-1
100782 5697 1-34-35-10-44-20-3-21-22-24-16-6-38-29-66-48-75-46-61-87-71-58-59-62-1
123394 5663 1-34-35-10-44-20-3-21-22-24-16-6-38-29-66-48-75-46-61-87-71-58-77-55-1
91514.4 5526 1-34-35-10-44-20-3-21-22-24-16-6-38-29-66-48-75-46-61-87-71-58-77-1
97925.7 5670 1-34-35-10-44-20-3-21-22-24-16-6-38-29-66-48-75-46-61-87-71-58-83-1
91205.9 5564 1-34-35-10-44-20-3-21-22-24-16-6-38-29-66-48-75-46-61-87-71-58-63-73-1
101321 5626 1-34-35-10-44-20-3-21-22-24-16-6-38-29-66-48-75-46-61-87-71-58-63-62-1
98896.6 5607 1-34-35-10-44-20-3-21-22-24-16-6-38-29-66-48-75-46-61-87-71-58-63-67-1
101029 5609 1-34-35-10-44-20-3-21-22-24-16-6-38-29-66-48-75-46-61-87-71-58-63-51-1
105669 5630 1-34-35-10-44-20-3-21-22-24-16-6-38-29-66-48-75-46-61-87-71-58-63-81-1
109467 5595 1-34-35-10-44-20-3-21-22-24-16-6-38-29-66-48-75-46-61-87-71-58-63-72-1
117884 5690 1-34-35-10-44-20-3-21-22-24-16-6-38-29-66-48-75-46-61-87-71-58-63-59-1
91930.4 5566 1-34-35-10-44-20-3-21-22-24-16-6-38-29-66-48-75-46-61-87-71-58-60-1
97194.5 5661 1-34-35-10-44-20-3-21-22-24-16-6-38-29-66-48-75-46-61-87-71-58-73-70-1
129638 5689 1-34-35-10-44-20-3-21-22-24-16-6-38-29-66-48-75-46-61-87-71-58-73-67-55-1
95404.8 5564 1-34-35-10-44-20-3-21-22-24-16-6-38-29-66-48-75-46-61-87-71-58-73-63-1
131833 5691 1-34-35-10-44-20-3-21-22-24-16-6-38-29-66-48-75-46-61-87-71-58-73-51-55-1
100648 5552 1-34-35-10-44-20-3-21-22-24-16-6-38-29-66-48-75-46-61-87-71-58-73-67-1
105644 5571 1-34-35-10-44-20-3-21-22-24-16-6-38-29-66-48-75-46-61-87-71-58-73-62-1
105673 5575 1-34-35-10-44-20-3-21-22-24-16-6-38-29-66-48-75-46-61-87-71-58-73-81-1
139084 5677 1-34-35-10-44-20-3-21-22-24-16-6-38-29-66-48-75-46-61-87-71-58-73-72-55-1
103042 5554 1-34-35-10-44-20-3-21-22-24-16-6-38-29-66-48-75-46-61-87-71-58-73-51-1
122194 5635 1-34-35-10-44-20-3-21-22-24-16-6-38-29-66-48-75-46-61-87-71-58-73-59-1
130802 5689 1-34-35-10-44-20-3-21-22-24-16-6-38-29-66-48-75-46-61-87-71-58-73-55-67-1
133033 5691 1-34-35-10-44-20-3-21-22-24-16-6-38-29-66-48-75-46-61-87-71-58-73-55-51-1
111676 5540 1-34-35-10-44-20-3-21-22-24-16-6-38-29-66-48-75-46-61-87-71-58-73-72-1
140283 5677 1-34-35-10-44-20-3-21-22-24-16-6-38-29-66-48-75-46-61-87-71-58-73-55-72-1
108962 5692 1-34-35-10-44-20-3-21-22-24-16-6-38-29-66-48-75-46-61-87-71-58-70-72-1
94646.5 5661 1-34-35-10-44-20-3-21-22-24-16-6-38-29-66-48-75-46-61-87-71-58-70-73-1
124750 5663 1-34-35-10-44-20-3-21-22-24-16-6-38-29-66-48-75-46-61-87-71-58-78-55-1
99664.9 5597 1-34-35-10-44-20-3-21-22-24-16-6-38-29-66-48-75-46-61-87-71-58-67-51-1
129220 5689 1-34-35-10-44-20-3-21-22-24-16-6-38-29-66-48-75-46-61-87-71-58-67-73-55-1
99861.3 5607 1-34-35-10-44-20-3-21-22-24-16-6-38-29-66-48-75-46-61-87-71-58-67-63-1
108261 5583 1-34-35-10-44-20-3-21-22-24-16-6-38-29-66-48-75-46-61-87-71-58-67-72-1
107873 5618 1-34-35-10-44-20-3-21-22-24-16-6-38-29-66-48-75-46-61-87-71-58-67-81-1
108463 5614 1-34-35-10-44-20-3-21-22-24-16-6-38-29-66-48-75-46-61-87-71-58-67-62-1
123671 5678 1-34-35-10-44-20-3-21-22-24-16-6-38-29-66-48-75-46-61-87-71-58-67-59-1
97414.3 5552 1-34-35-10-44-20-3-21-22-24-16-6-38-29-66-48-75-46-61-87-71-58-67-73-1
94651.3 5526 1-34-35-10-44-20-3-21-22-24-16-6-38-29-66-48-75-46-61-87-71-58-78-1
107192 5585 1-34-35-10-44-20-3-21-22-24-16-6-38-29-66-48-75-46-61-87-71-58-51-72-1
130553 5691 1-34-35-10-44-20-3-21-22-24-16-6-38-29-66-48-75-46-61-87-71-58-51-73-55-1
98603.4 5597 1-34-35-10-44-20-3-21-22-24-16-6-38-29-66-48-75-46-61-87-71-58-51-67-1
100933 5609 1-34-35-10-44-20-3-21-22-24-16-6-38-29-66-48-75-46-61-87-71-58-51-63-1
108918 5616 1-34-35-10-44-20-3-21-22-24-16-6-38-29-66-48-75-46-61-87-71-58-51-62-1
109021 5620 1-34-35-10-44-20-3-21-22-24-16-6-38-29-66-48-75-46-61-87-71-58-51-81-1
123581 5680 1-34-35-10-44-20-3-21-22-24-16-6-38-29-66-48-75-46-61-87-71-58-51-59-1
98746.4 5554 1-34-35-10-44-20-3-21-22-24-16-6-38-29-66-48-75-46-61-87-71-58-51-73-1
127568 5689 1-34-35-10-44-20-3-21-22-24-16-6-38-29-66-48-75-46-61-87-71-58-67-55-73-1
128737 5691 1-34-35-10-44-20-3-21-22-24-16-6-38-29-66-48-75-46-61-87-71-58-51-55-73-1
129992 5588 1-34-35-10-44-20-3-21-22-24-16-6-38-29-66-48-75-46-61-87-71-58-54-55-1
98416.3 5599 1-34-35-10-44-20-3-21-22-24-16-6-38-29-66-48-75-46-61-87-71-58-69-1
105290 5585 1-34-35-10-44-20-3-21-22-24-16-6-38-29-66-48-75-46-61-87-71-58-72-51-1
105297 5583 1-34-35-10-44-20-3-21-22-24-16-6-38-29-66-48-75-46-61-87-71-58-72-67-1
105312 5692 1-34-35-10-44-20-3-21-22-24-16-6-38-29-66-48-75-46-61-87-71-58-72-70-1
107468 5595 1-34-35-10-44-20-3-21-22-24-16-6-38-29-66-48-75-46-61-87-71-58-72-63-1
137284 5677 1-34-35-10-44-20-3-21-22-24-16-6-38-29-66-48-75-46-61-87-71-58-72-73-55-1
114305 5602 1-34-35-10-44-20-3-21-22-24-16-6-38-29-66-48-75-46-61-87-71-58-72-62-1
114554 5606 1-34-35-10-44-20-3-21-22-24-16-6-38-29-66-48-75-46-61-87-71-58-72-81-1
127132 5666 1-34-35-10-44-20-3-21-22-24-16-6-38-29-66-48-75-46-61-87-71-58-72-59-1
105478 5540 1-34-35-10-44-20-3-21-22-24-16-6-38-29-66-48-75-46-61-87-71-58-72-73-1
101128 5451 1-34-35-10-44-20-3-21-22-24-16-6-38-29-66-48-75-46-61-87-71-58-54-1
106872 5575 1-34-35-10-44-20-3-21-22-24-16-6-38-29-66-48-75-46-61-87-71-58-81-73-1
112306 5618 1-34-35-10-44-20-3-21-22-24-16-6-38-29-66-48-75-46-61-87-71-58-81-67-1
114516 5620 1-34-35-10-44-20-3-21-22-24-16-6-38-29-66-48-75-46-61-87-71-58-81-51-1
111067 5630 1-34-35-10-44-20-3-21-22-24-16-6-38-29-66-48-75-46-61-87-71-58-81-63-1
121951 5606 1-34-35-10-44-20-3-21-22-24-16-6-38-29-66-48-75-46-61-87-71-58-81-72-1
121294 5637 1-34-35-10-44-20-3-21-22-24-16-6-38-29-66-48-75-46-61-87-71-58-81-62-1
134086 5677 1-34-35-10-44-20-3-21-22-24-16-6-38-29-66-48-75-46-61-87-71-58-72-55-73-1
79063.4 68 1-27-26-32-42-2-4-36-15-19-13-25-17
72015.9 4 1-27-26-32-42-2-4-36-15-19-13-14
73064.7 145 1-27-26-32-42-2-4-36-15-19-13-17
78456.4 23 1-27-26-32-42-2-4-36-15-19-13-39
73310.9 60 1-27-26-32-42-2-4-36-15-19-30-14-25
75183.2 60 1-27-26-32-42-2-4-36-15-19-30-25-14
90938.9 79 1-27-26-32-42-2-4-36-15-19-30-25-39
70391.1 137 1-27-26-32-42-2-4-36-15-19-30-14
102636 5594 1-27-26-32-42-2-4-36-15-19-30-14-72-54-51-67-78-70-73-60-64-69-74-1
104699 5634 1-27-26-32-42-2-4-36-15-19-30-14-72-54-51-67-78-70-73-60-64-69-84-1
157990 5659 1-27-26-32-42-2-4-36-15-19-30-14-72-54-51-67-78-70-73-60-64-69-81-55-59-1
117876 5693 1-27-26-32-42-2-4-36-15-19-30-14-72-54-51-67-78-70-73-60-64-69-81-77-1
123228 5689 1-27-26-32-42-2-4-36-15-19-30-14-72-54-51-67-78-70-73-60-64-69-81-86-1
139340 5522 1-27-26-32-42-2-4-36-15-19-30-14-72-54-51-67-78-70-73-60-64-69-81-59-1
111108 5568 1-27-26-32-42-2-4-36-15-19-30-14-72-54-51-67-78-70-73-60-64-69-49-1
122555 5693 1-27-26-32-42-2-4-36-15-19-30-14-72-54-51-67-78-70-73-60-64-69-77-81-1
128236 5689 1-27-26-32-42-2-4-36-15-19-30-14-72-54-51-67-78-70-73-60-64-69-86-81-1
149488 5628 1-27-26-32-42-2-4-36-15-19-30-14-72-54-51-67-78-70-73-60-64-69-83-55-1
126749 5591 1-27-26-32-42-2-4-36-15-19-30-14-72-54-51-67-78-70-73-60-64-69-79-55-1
118081 5491 1-27-26-32-42-2-4-36-15-19-30-14-72-54-51-67-78-70-73-60-64-69-83-1
150654 5564 1-27-26-32-42-2-4-36-15-19-30-14-72-54-51-67-78-70-73-60-64-69-89-55-1
121157 5454 1-27-26-32-42-2-4-36-15-19-30-14-72-54-51-67-78-70-73-60-64-69-79-1
118483 5621 1-27-26-32-42-2-4-36-15-19-30-14-72-54-51-67-78-70-73-60-64-69-68-1
121266 5586 1-27-26-32-42-2-4-36-15-19-30-14-72-54-51-67-78-70-73-60-64-69-90-1
127642 5591 1-27-26-32-42-2-4-36-15-19-30-14-72-54-51-67-78-70-73-60-64-69-55-79-1
158830 5659 1-27-26-32-42-2-4-36-15-19-30-14-72-54-51-67-78-70-73-60-64-69-55-81-59-1
136550 5484 1-27-26-32-42-2-4-36-15-19-30-14-72-54-51-67-78-70-73-60-64-69-55-77-1
141638 5480 1-27-26-32-42-2-4-36-15-19-30-14-72-54-51-67-78-70-73-60-64-69-55-86-1
147715 5628 1-27-26-32-42-2-4-36-15-19-30-14-72-54-51-67-78-70-73-60-64-69-55-83-1
148072 5564 1-27-26-32-42-2-4-36-15-19-30-14-72-54-51-67-78-70-73-60-64-69-55-89-1
157961 5313 1-27-26-32-42-2-4-36-15-19-30-14-72-54-51-67-78-70-73-60-64-69-55-59-1
118870 5427 1-27-26-32-42-2-4-36-15-19-30-14-72-54-51-67-78-70-73-60-64-69-89-1
125181 5689 1-27-26-32-42-2-4-36-15-19-30-14-72-54-51-67-78-70-73-60-64-69-53-1
143793 5522 1-27-26-32-42-2-4-36-15-19-30-14-72-54-51-67-78-70-73-60-64-69-59-81-1
142048 5696 1-27-26-32-42-2-4-36-15-19-30-14-72-54-51-67-78-70-73-60-64-74-81-59-1
102807 5594 1-27-26-32-42-2-4-36-15-19-30-14-72-54-51-67-78-70-73-60-64-74-69-1
142694 5658 1-27-26-32-42-2-4-36-15-19-30-14-72-54-51-67-78-70-73-60-64-74-77-55-1
110815 5521 1-27-26-32-42-2-4-36-15-19-30-14-72-54-51-67-78-70-73-60-64-74-77-1
148086 5654 1-27-26-32-42-2-4-36-15-19-30-14-72-54-51-67-78-70-73-60-64-74-86-55-1
119770 5665 1-27-26-32-42-2-4-36-15-19-30-14-72-54-51-67-78-70-73-60-64-74-83-1
123535 5628 1-27-26-32-42-2-4-36-15-19-30-14-72-54-51-67-78-70-73-60-64-74-79-1
120870 5601 1-27-26-32-42-2-4-36-15-19-30-14-72-54-51-67-78-70-73-60-64-74-89-1
129497 5427 1-27-26-32-42-2-4-36-15-19-30-14-72-54-51-67-78-70-73-60-64-74-55-81-1
139241 5658 1-27-26-32-42-2-4-36-15-19-30-14-72-54-51-67-78-70-73-60-64-74-55-77-1
160651 5487 1-27-26-32-42-2-4-36-15-19-30-14-72-54-51-67-78-70-73-60-64-74-55-59-1
116252 5517 1-27-26-32-42-2-4-36-15-19-30-14-72-54-51-67-78-70-73-60-64-74-86-1
145969 5696 1-27-26-32-42-2-4-36-15-19-30-14-72-54-51-67-78-70-73-60-64-74-59-81-1
144329 5654 1-27-26-32-42-2-4-36-15-19-30-14-72-54-51-67-78-70-73-60-64-74-55-86-1
131557 5350 1-27-26-32-42-2-4-36-15-19-30-14-72-54-51-67-78-70-73-60-64-74-59-1
104307 5634 1-27-26-32-42-2-4-36-15-19-30-14-72-54-51-67-78-70-73-60-64-84-69-1
145043 5698 1-27-26-32-42-2-4-36-15-19-30-14-72-54-51-67-78-70-73-60-64-84-77-55-1
122285 5668 1-27-26-32-42-2-4-36-15-19-30-14-72-54-51-67-78-70-73-60-64-84-79-1
150455 5694 1-27-26-32-42-2-4-36-15-19-30-14-72-54-51-67-78-70-73-60-64-84-86-55-1
113164 5561 1-27-26-32-42-2-4-36-15-19-30-14-72-54-51-67-78-70-73-60-64-84-77-1
128427 5467 1-27-26-32-42-2-4-36-15-19-30-14-72-54-51-67-78-70-73-60-64-84-55-81-1
138171 5698 1-27-26-32-42-2-4-36-15-19-30-14-72-54-51-67-78-70-73-60-64-84-55-77-1
159581 5527 1-27-26-32-42-2-4-36-15-19-30-14-72-54-51-67-78-70-73-60-64-84-55-59-1
118621 5557 1-27-26-32-42-2-4-36-15-19-30-14-72-54-51-67-78-70-73-60-64-84-86-1
123387 5641 1-27-26-32-42-2-4-36-15-19-30-14-72-54-51-67-78-70-73-60-64-84-89-1
134058 5390 1-27-26-32-42-2-4-36-15-19-30-14-72-54-51-67-78-70-73-60-64-84-59-1
143259 5694 1-27-26-32-42-2-4-36-15-19-30-14-72-54-51-67-78-70-73-60-64-84-55-86-1
141174 5670 1-27-26-32-42-2-4-36-15-19-30-14-72-54-51-67-78-70-73-60-64-81-49-59-1
115764 5693 1-27-26-32-42-2-4-36-15-19-30-14-72-54-51-67-78-70-73-60-64-81-69-77-1
121226 5689 1-27-26-32-42-2-4-36-15-19-30-14-72-54-51-67-78-70-73-60-64-81-69-86-1
165538 5659 1-27-26-32-42-2-4-36-15-19-30-14-72-54-51-67-78-70-73-60-64-81-69-55-59-1
136958 5522 1-27-26-32-42-2-4-36-15-19-30-14-72-54-51-67-78-70-73-60-64-81-69-59-1
138164 5696 1-27-26-32-42-2-4-36-15-19-30-14-72-54-51-67-78-70-73-60-64-81-74-59-1
156316 5693 1-27-26-32-42-2-4-36-15-19-30-14-72-54-51-67-78-70-73-60-64-81-79-55-59-1
150647 5556 1-27-26-32-42-2-4-36-15-19-30-14-72-54-51-67-78-70-73-60-64-81-79-59-1
139730 5571 1-27-26-32-42-2-4-36-15-19-30-14-72-54-51-67-78-70-73-60-64-81-88-55-1
119276 5434 1-27-26-32-42-2-4-36-15-19-30-14-72-54-51-67-78-70-73-60-64-81-88-1
124685 5522 1-27-26-32-42-2-4-36-15-19-30-14-72-54-51-67-78-70-73-60-64-81-55-53-1
122844 5401 1-27-26-32-42-2-4-36-15-19-30-14-72-54-51-67-78-70-73-60-64-81-55-49-1
128206 5467 1-27-26-32-42-2-4-36-15-19-30-14-72-54-51-67-78-70-73-60-64-81-55-84-1
156448 5659 1-27-26-32-42-2-4-36-15-19-30-14-72-54-51-67-78-70-73-60-64-81-55-69-59-1
157103 5693 1-27-26-32-42-2-4-36-15-19-30-14-72-54-51-67-78-70-73-60-64-81-55-79-59-1
126194 5253 1-27-26-32-42-2-4-36-15-19-30-14-72-54-51-67-78-70-73-60-64-81-55-69-1
128715 5427 1-27-26-32-42-2-4-36-15-19-30-14-72-54-51-67-78-70-73-60-64-81-55-74-1
136747 5571 1-27-26-32-42-2-4-36-15-19-30-14-72-54-51-67-78-70-73-60-64-81-55-88-1
155229 5586 1-27-26-32-42-2-4-36-15-19-30-14-72-54-51-67-78-70-73-60-64-81-55-77-59-1
124833 5287 1-27-26-32-42-2-4-36-15-19-30-14-72-54-51-67-78-70-73-60-64-81-55-79-1
155159 5582 1-27-26-32-42-2-4-36-15-19-30-14-72-54-51-67-78-70-73-60-64-81-55-86-59-1
133740 5180 1-27-26-32-42-2-4-36-15-19-30-14-72-54-51-67-78-70-73-60-64-81-55-77-1
144250 5454 1-27-26-32-42-2-4-36-15-19-30-14-72-54-51-67-78-70-73-60-64-81-55-68-1
144905 5324 1-27-26-32-42-2-4-36-15-19-30-14-72-54-51-67-78-70-73-60-64-81-55-83-1
156066 5666 1-27-26-32-42-2-4-36-15-19-30-14-72-54-51-67-78-70-73-60-64-81-55-89-59-1
138828 5176 1-27-26-32-42-2-4-36-15-19-30-14-72-54-51-67-78-70-73-60-64-81-55-86-1
146249 5419 1-27-26-32-42-2-4-36-15-19-30-14-72-54-51-67-78-70-73-60-64-81-55-90-1
155194 5582 1-27-26-32-42-2-4-36-15-19-30-14-72-54-51-67-78-70-73-60-64-81-55-59-86-1
155219 5586 1-27-26-32-42-2-4-36-15-19-30-14-72-54-51-67-78-70-73-60-64-81-55-59-77-1
161830 5659 1-27-26-32-42-2-4-36-15-19-30-14-72-54-51-67-78-70-73-60-64-81-55-59-69-1
183379 5693 1-27-26-32-42-2-4-36-15-19-30-14-72-54-51-67-78-70-73-60-64-81-55-59-79-1
145262 5260 1-27-26-32-42-2-4-36-15-19-30-14-72-54-51-67-78-70-73-60-64-81-55-89-1
122583 5385 1-27-26-32-42-2-4-36-15-19-30-14-72-54-51-67-78-70-73-60-64-81-53-1
120500 5616 1-27-26-32-42-2-4-36-15-19-30-14-72-54-51-67-78-70-73-60-64-81-77-86-1
121942 5693 1-27-26-32-42-2-4-36-15-19-30-14-72-54-51-67-78-70-73-60-64-81-77-69-1
136525 5449 1-27-26-32-42-2-4-36-15-19-30-14-72-54-51-67-78-70-73-60-64-81-77-59-1
156152 5666 1-27-26-32-42-2-4-36-15-19-30-14-72-54-51-67-78-70-73-60-64-81-55-59-89-1
128060 5696 1-27-26-32-42-2-4-36-15-19-30-14-72-54-51-67-78-70-73-60-64-81-86-89-1
168589 5582 1-27-26-32-42-2-4-36-15-19-30-14-72-54-51-67-78-70-73-60-64-81-86-59-55-1
120720 5616 1-27-26-32-42-2-4-36-15-19-30-14-72-54-51-67-78-70-73-60-64-81-86-77-1
127624 5689 1-27-26-32-42-2-4-36-15-19-30-14-72-54-51-67-78-70-73-60-64-81-86-69-1
136720 5445 1-27-26-32-42-2-4-36-15-19-30-14-72-54-51-67-78-70-73-60-64-81-86-59-1
179262 5586 1-27-26-32-42-2-4-36-15-19-30-14-72-54-51-67-78-70-73-60-64-81-77-55-59-1
184570 5582 1-27-26-32-42-2-4-36-15-19-30-14-72-54-51-67-78-70-73-60-64-81-86-55-59-1
138236 5593 1-27-26-32-42-2-4-36-15-19-30-14-72-54-51-67-78-70-73-60-64-81-83-59-1
145144 5699 1-31-25-17-8-33-9-39-13-55-53-79-49-81-84-88-77-59-1
130800 5437 1-31-25-17-8-33-9-39-13-55-53-79-49-81-84-88-83-1
145280 5695 1-31-25-17-8-33-9-39-13-55-53-79-49-81-84-88-86-59-1
123655 5293 1-31-25-17-8-33-9-39-13-55-53-79-49-81-84-88-77-1
132488 5373 1-31-25-17-8-33-9-39-13-55-53-79-49-81-84-88-89-1
132950 5567 1-31-25-17-8-33-9-39-13-55-53-79-49-81-84-88-68-1
136272 5532 1-31-25-17-8-33-9-39-13-55-53-79-49-81-84-88-90-1
143354 5699 1-31-25-17-8-33-9-39-13-55-53-79-49-81-84-88-59-77-1
128949 5289 1-31-25-17-8-33-9-39-13-55-53-79-49-81-84-88-86-1
126657 5555 1-31-25-17-8-33-9-39-13-55-53-79-49-81-84-77-86-89-1
128136 5619 1-31-25-17-8-33-9-39-13-55-53-79-49-81-84-77-86-83-1
135317 5304 1-31-25-17-8-33-9-39-13-55-53-79-49-81-84-77-86-59-1
135017 5582 1-31-25-17-8-33-9-39-13-55-53-79-49-81-84-77-68-59-1
124061 5176 1-31-25-17-8-33-9-39-13-55-53-79-49-81-84-77-68-1
136014 5388 1-31-25-17-8-33-9-39-13-55-53-79-49-81-84-77-89-59-1
8038.58 5700 1-86
