110796 64 1-75-74-73-72-71-70-65
123038 15 1-75-74-73-72-71-70-58-19
109061 20 1-75-74-73-72-71-70-53
118492 10 1-75-74-73-72-71-70-52-19
101373 124 1-75-74-73-72-71-70-58
129460 39 1-75-74-73-72-71-70-50-19
110659 119 1-75-74-73-72-71-70-52
107324 107 1-75-74-73-72-71-70-49
113260 109 1-75-74-73-72-71-70-37
108115 53 1-75-74-73-72-71-70-31
106258 2 1-75-74-73-72-71-70-30
136814 15 1-75-74-73-72-71-70-19-58
122981 10 1-75-74-73-72-71-70-19-52
131533 49 1-75-74-73-72-71-70-19-18
135486 31 1-75-74-73-72-71-70-19-11
125528 87 1-75-74-73-72-71-70-19-8
126007 94 1-75-74-73-72-71-70-19-6
104710 148 1-75-74-73-72-71-70-50
108647 158 1-75-74-73-72-71-70-18
108624 71 1-75-74-73-72-71-70-15
104441 52 1-75-74-73-72-71-70-14
100019 140 1-75-74-73-72-71-70-11
106735 4 1-75-74-73-72-71-70-8-6
139900 39 1-75-74-73-72-71-70-19-50
104773 196 1-75-74-73-72-71-70-8
106738 4 1-75-74-73-72-71-70-6-8
208324 4237 1-75-74-73-72-71-70-11-95-94-93-92-91-90-89-88-1
237116 4386 1-75-74-73-72-71-70-11-95-94-93-92-91-90-89-87-78-1
211316 4239 1-75-74-73-72-71-70-11-95-94-93-92-91-90-89-86-1
205655 4334 1-75-74-73-72-71-70-11-95-94-93-92-91-90-89-85-1
217107 4286 1-75-74-73-72-71-70-11-95-94-93-92-91-90-89-83-1
223628 4362 1-75-74-73-72-71-70-11-95-94-93-92-91-90-89-82-1
197266 4382 1-75-74-73-72-71-70-11-95-94-93-92-91-90-89-80-1
220261 4338 1-75-74-73-72-71-70-11-95-94-93-92-91-90-89-78-77-1
209771 4196 1-75-74-73-72-71-70-11-95-94-93-92-91-90-89-87-1
200908 4148 1-75-74-73-72-71-70-11-95-94-93-92-91-90-89-77-1
224313 4395 1-75-74-73-72-71-70-11-95-94-93-92-91-90-88-87-86-1
224972 4304 1-75-74-73-72-71-70-11-95-94-93-92-91-90-88-87-77-1
210671 4237 1-75-74-73-72-71-70-11-95-94-93-92-91-90-88-89-1
250688 4242 1-75-74-73-72-71-70-11-95-94-93-92-91-90-88-86-78-1
230154 4347 1-75-74-73-72-71-70-11-95-94-93-92-91-90-88-86-77-1
223327 4052 1-75-74-73-72-71-70-11-95-94-93-92-91-90-88-86-1
237684 4337 1-75-74-73-72-71-70-11-95-94-93-92-91-90-88-85-78-1
250703 4289 1-75-74-73-72-71-70-11-95-94-93-92-91-90-88-83-78-1
228824 4394 1-75-74-73-72-71-70-11-95-94-93-92-91-90-88-83-77-1
210743 4147 1-75-74-73-72-71-70-11-95-94-93-92-91-90-88-85-1
218598 4365 1-75-74-73-72-71-70-11-95-94-93-92-91-90-88-82-78-1
223728 4099 1-75-74-73-72-71-70-11-95-94-93-92-91-90-88-83-1
200801 4319 1-75-74-73-72-71-70-11-95-94-93-92-91-90-88-81-1
237365 4385 1-75-74-73-72-71-70-11-95-94-93-92-91-90-88-80-78-1
208886 4175 1-75-74-73-72-71-70-11-95-94-93-92-91-90-88-82-1
206116 4259 1-75-74-73-72-71-70-11-95-94-93-92-91-90-88-79-1
235336 4199 1-75-74-73-72-71-70-11-95-94-93-92-91-90-88-78-87-1
239075 4242 1-75-74-73-72-71-70-11-95-94-93-92-91-90-88-78-86-1
227775 4337 1-75-74-73-72-71-70-11-95-94-93-92-91-90-88-78-85-1
241023 4289 1-75-74-73-72-71-70-11-95-94-93-92-91-90-88-78-83-1
222387 4365 1-75-74-73-72-71-70-11-95-94-93-92-91-90-88-78-82-1
211987 4151 1-75-74-73-72-71-70-11-95-94-93-92-91-90-88-78-77-1
214636 4195 1-75-74-73-72-71-70-11-95-94-93-92-91-90-88-80-1
218886 4304 1-75-74-73-72-71-70-11-95-94-93-92-91-90-88-77-87-1
223334 4347 1-75-74-73-72-71-70-11-95-94-93-92-91-90-88-77-86-1
223937 4394 1-75-74-73-72-71-70-11-95-94-93-92-91-90-88-77-83-1
225370 4385 1-75-74-73-72-71-70-11-95-94-93-92-91-90-88-78-80-1
160197 4 1-69-68-67-66-65-64-63-50
153897 14 1-69-68-67-66-65-64-63-18
145327 52 1-69-68-67-66-65-64-63-8
145079 59 1-69-68-67-66-65-64-63-6
137158 17 1-69-68-67-66-65-64-61-19
121920 126 1-69-68-67-66-65-64-61
142885 106 1-69-68-67-66-65-64-60-19
138662 16 1-69-68-67-66-65-64-60-8
137199 23 1-69-68-67-66-65-64-60-6
148650 2 1-69-68-67-66-65-64-59-58
154720 26 1-69-68-67-66-65-64-59-50
151666 36 1-69-68-67-66-65-64-59-18
140984 74 1-69-68-67-66-65-64-59-8
139497 81 1-69-68-67-66-65-64-59-6
133449 215 1-69-68-67-66-65-64-60
135666 17 1-69-68-67-66-65-64-58-56
154600 72 1-69-68-67-66-65-64-58-53-19
140678 2 1-69-68-67-66-65-64-58-59
164037 33 1-69-68-67-66-65-64-58-52-50
159882 43 1-69-68-67-66-65-64-58-52-18
149651 81 1-69-68-67-66-65-64-58-52-8
148578 88 1-69-68-67-66-65-64-58-52-6
138130 181 1-69-68-67-66-65-64-58-53
157038 3 1-69-68-67-66-65-64-58-51-19
131384 112 1-69-68-67-66-65-64-58-51
146271 21 1-69-68-67-66-65-64-58-50-49
158250 23 1-69-68-67-66-65-64-58-50-37
171168 1 1-69-68-67-66-65-64-58-50-19-8
171647 8 1-69-68-67-66-65-64-58-50-19-6
157561 33 1-69-68-67-66-65-64-58-50-52
148529 72 1-69-68-67-66-65-64-58-50-18
150909 110 1-69-68-67-66-65-64-58-50-8
151510 117 1-69-68-67-66-65-64-58-50-6
151808 21 1-69-68-67-66-65-64-58-49-50
143902 31 1-69-68-67-66-65-64-58-49-18
152694 69 1-69-68-67-66-65-64-58-49-8
154395 76 1-69-68-67-66-65-64-58-49-6
160330 25 1-69-68-67-66-65-64-58-48-19
131762 104 1-69-68-67-66-65-64-58-46
143824 49 1-69-68-67-66-65-64-58-45
130681 87 1-69-68-67-66-65-64-58-42
148482 7 1-69-68-67-66-65-64-58-41-19
140252 134 1-69-68-67-66-65-64-58-48
133913 56 1-69-68-67-66-65-64-58-38
169071 23 1-69-68-67-66-65-64-58-37-50
248125 4256 1-69-68-67-66-65-64-61-88-87-86-85-84-83-82-81-78-1
236518 4361 1-69-68-67-66-65-64-61-88-87-86-85-84-83-82-81-77-1
236458 4301 1-69-68-67-66-65-64-61-88-87-86-85-84-83-82-79-77-1
235941 4066 1-69-68-67-66-65-64-61-88-87-86-85-84-83-82-81-1
254075 4256 1-69-68-67-66-65-64-61-88-87-86-85-84-83-82-78-81-1
257779 4196 1-69-68-67-66-65-64-61-88-87-86-85-84-83-82-78-79-1
235951 4006 1-69-68-67-66-65-64-61-88-87-86-85-84-83-82-79-1
251717 4361 1-69-68-67-66-65-64-61-88-87-86-85-84-83-82-77-81-1
256984 4301 1-69-68-67-66-65-64-61-88-87-86-85-84-83-82-77-79-1
74471.7 85 1-63-62-60-59-58-57-56-52
101150 5 1-63-62-60-59-58-57-56-50-19
74044.8 73 1-63-62-60-59-58-57-56-49
76020.3 75 1-63-62-60-59-58-57-56-37
71273.9 19 1-63-62-60-59-58-57-56-31
94350.7 15 1-63-62-60-59-58-57-56-19-18
88345.4 53 1-63-62-60-59-58-57-56-19-8
88824.2 60 1-63-62-60-59-58-57-56-19-6
76400 114 1-63-62-60-59-58-57-56-50
74363.8 124 1-63-62-60-59-58-57-56-18
79174.7 37 1-63-62-60-59-58-57-56-15
77136.5 18 1-63-62-60-59-58-57-56-14
67683 162 1-63-62-60-59-58-57-56-8
68458.6 169 1-63-62-60-59-58-57-56-6
67907.9 60 1-63-62-60-59-58-57-55
98029.1 9 1-63-62-60-59-58-57-54-18
92679.6 47 1-63-62-60-59-58-57-54-8
91697 54 1-63-62-60-59-58-57-54-6
102717 5 1-63-62-60-59-58-57-56-19-50
104394 2 1-63-62-60-59-58-57-53-52-50
100239 12 1-63-62-60-59-58-57-53-52-18
90008.1 50 1-63-62-60-59-58-57-53-52-8
88935.5 57 1-63-62-60-59-58-57-53-52-6
90399.2 81 1-63-62-60-59-58-57-53-51
115755 2 1-63-62-60-59-58-57-53-50-52
106722 41 1-63-62-60-59-58-57-53-50-18
109103 79 1-63-62-60-59-58-57-53-50-8
109704 86 1-63-62-60-59-58-57-53-50-6
106232 38 1-63-62-60-59-58-57-53-49-8
107934 45 1-63-62-60-59-58-57-53-49-6
95225.4 103 1-63-62-60-59-58-57-53-48
88380.1 73 1-63-62-60-59-58-57-53-46
84373.3 18 1-63-62-60-59-58-57-53-45
89537.1 56 1-63-62-60-59-58-57-53-42
87890.9 85 1-63-62-60-59-58-57-53-41
84095.2 25 1-63-62-60-59-58-57-53-38
104256 2 1-63-62-60-59-58-57-53-37-18
99900.2 40 1-63-62-60-59-58-57-53-37-8
100943 47 1-63-62-60-59-58-57-53-37-6
91557.4 80 1-63-62-60-59-58-57-53-33
91951.6 74 1-63-62-60-59-58-57-53-31-19
121892 23 1-63-62-60-59-58-57-53-30-19
84498.4 183 1-63-62-60-59-58-57-53-31
88459.9 107 1-63-62-60-59-58-57-53-27
95560.2 62 1-63-62-60-59-58-57-53-26
84661.4 26 1-63-62-60-59-58-57-53-25
101468 7 1-63-62-60-59-58-57-53-23-19
94183.2 132 1-63-62-60-59-58-57-53-30
122047 1920 1-63-62-60-59-58-57-56-8-79-78-77-76-1
109764 10 1-55-54-53-52-51-50-49-48-47-37
113572 59 1-55-54-53-52-51-50-49-48-47-18
101281 104 1-55-54-53-52-51-50-49-48-47-6
121750 7 1-55-54-53-52-51-50-49-48-46-37-19
112170 60 1-55-54-53-52-51-50-49-48-46-31
101583 9 1-55-54-53-52-51-50-49-48-46-30
136002 56 1-55-54-53-52-51-50-49-48-46-19-18
130476 101 1-55-54-53-52-51-50-49-48-46-19-6
118364 116 1-55-54-53-52-51-50-49-48-46-37
114191 165 1-55-54-53-52-51-50-49-48-46-18
109496 78 1-55-54-53-52-51-50-49-48-46-15
100980 59 1-55-54-53-52-51-50-49-48-46-14
123004 7 1-55-54-53-52-51-50-49-48-46-19-37
132016 93 1-47-45-44-43-42-41-40-38-19
121449 10 1-47-45-44-43-42-41-40-38-6
135790 74 1-47-45-44-43-42-41-40-37-31
154457 23 1-47-45-44-43-42-41-40-37-30
148190 7 1-47-45-44-43-42-41-40-37-23
148708 70 1-47-45-44-43-42-41-40-37-19-18
143182 115 1-47-45-44-43-42-41-40-37-19-6
142031 179 1-47-45-44-43-42-41-40-37-18
142556 12 1-47-45-44-43-42-41-40-37-17
152435 92 1-47-45-44-43-42-41-40-37-15
74360.9 1 1-39-37-36-35-34-33-32-31
83272.3 106 1-39-37-36-35-34-33-32-18
90355.9 19 1-39-37-36-35-34-33-32-15
122831 38 1-39-37-36-35-34-33-31-30-19
76800.5 1 1-39-37-36-35-34-33-31-32
114101 13 1-39-37-36-35-34-33-31-27-19
95121.5 147 1-39-37-36-35-34-33-31-30
88315.3 77 1-39-37-36-35-34-33-31-26
88130.7 41 1-39-37-36-35-34-33-31-25
106903 22 1-39-37-36-35-34-33-31-23-19
90560.5 122 1-39-37-36-35-34-33-31-27
122161 15 1-39-37-36-35-34-33-31-20-19
86896.4 131 1-39-37-36-35-34-33-31-23
109445 38 1-39-37-36-35-34-33-31-19-30
105276 13 1-39-37-36-35-34-33-31-19-27
101743 22 1-39-37-36-35-34-33-31-19-23
98120.1 194 1-39-37-36-35-34-33-31-19-18
98567.6 27 1-39-37-36-35-34-33-31-19-17
108147 107 1-39-37-36-35-34-33-31-19-15
94498.6 124 1-39-37-36-35-34-33-31-20
109398 15 1-39-37-36-35-34-33-31-19-20
136322 29 1-30-29-28-27-26-25-24-19-18
115025 138 1-30-29-28-27-26-25-24-18
111854 51 1-30-29-28-27-26-25-24-15
128587 90 1-30-29-28-27-26-25-23-20-18
124002 3 1-30-29-28-27-26-25-23-20-15
145745 73 1-30-29-28-27-26-25-23-19-18-15
145340 218 1-30-29-28-27-26-25-23-19-20
134509 230 1-30-29-28-27-26-25-23-19-17
144088 310 1-30-29-28-27-26-25-23-19-15
132606 111 1-30-29-28-27-26-25-23-19-12
129451 172 1-30-29-28-27-26-25-23-19-10
142172 77 1-30-29-28-27-26-25-23-19-9
139731 147 1-30-29-28-27-26-25-23-19-7
105471 327 1-30-29-28-27-26-25-23-20
139309 90 1-30-29-28-27-26-25-23-18-20
117528 102 1-30-29-28-27-26-25-23-18-17
127876 182 1-30-29-28-27-26-25-23-18-15
133163 44 1-30-29-28-27-26-25-23-18-10
134954 19 1-30-29-28-27-26-25-23-18-7
132753 142 1-24-22-21-19-18-17-16-15
131429 4 1-24-22-21-19-18-17-16-10
126368 79 1-24-22-21-19-18-17-15-13
139763 283 1-24-22-21-19-18-17-15-12
132680 344 1-24-22-21-19-18-17-15-10
116657 249 1-24-22-21-19-18-17-15-9
127593 319 1-24-22-21-19-18-17-15-7
136248 122 1-24-22-21-19-18-17-15-4
129133 167 1-24-22-21-19-18-17-15-3
125214 74 1-24-22-21-19-18-17-15-2
117647 466 1-24-22-21-19-18-17-16
111846 403 1-24-22-21-19-18-17-13
131254 145 1-24-22-21-19-18-17-12-10
148262 50 1-24-22-21-19-18-17-12-9
139490 120 1-24-22-21-19-18-17-12-7
125800 142 1-24-22-21-19-18-17-15-16
103262 480 1-16-15-12-10-9-7-5
119814 60 1-16-15-12-10-9-7-4-3
120091 12 1-16-15-12-10-9-7-3-2
