17087 21 1-38-13-56-8-32-6-62-5-60-10
25126.1 98 1-38-13-56-8-32-6-62-5-60-52-19
25234 32 1-38-13-56-8-32-6-62-5-60-31-19
17293.9 207 1-38-13-56-8-32-6-62-5-60-52
21308.2 43 1-38-13-56-8-32-6-62-5-60-41
22088.9 108 1-38-13-56-8-32-6-62-5-60-53
27552 88 1-38-13-56-8-32-6-62-5-60-19-37
31997.9 98 1-38-13-56-8-32-6-62-5-60-19-52
40550 137 1-38-13-56-8-32-6-62-5-60-19-18
42133.2 86 1-38-13-56-8-32-6-62-5-60-19-49
44502.1 119 1-38-13-56-8-32-6-62-5-60-19-11
45143.6 43 1-38-13-56-8-32-6-62-5-60-19-65
45218 12 1-38-13-56-8-32-6-62-5-60-19-71
45830.9 103 1-38-13-56-8-32-6-62-5-60-19-58
48916.1 127 1-38-13-56-8-32-6-62-5-60-19-50
50078.7 31 1-38-13-56-8-32-6-62-5-60-19-14
50576.4 50 1-38-13-56-8-32-6-62-5-60-19-15
17780.8 141 1-38-13-56-8-32-6-62-5-60-31
24328.2 197 1-38-13-56-8-32-6-62-5-60-37
25574 74 1-38-13-56-8-32-6-62-5-60-23
26540 152 1-38-13-56-8-32-6-62-5-60-65
26964.9 228 1-38-13-56-8-32-6-62-5-60-11
28077.2 212 1-38-13-56-8-32-6-62-5-60-58
30322.1 79 1-38-13-56-8-32-6-62-5-60-17
30418.4 65 1-38-13-56-8-32-6-62-5-60-27
31619 32 1-38-13-56-8-32-6-62-5-60-19-31
77170.2 5341 1-38-13-56-8-32-6-62-5-60-10-88-81-79-82-95-78-92-77-91-93-85-1
75769.3 5483 1-38-13-56-8-32-6-62-5-60-10-88-81-79-82-95-78-92-77-91-93-90-1
90714.1 5589 1-38-13-56-8-32-6-62-5-60-10-88-81-79-82-95-78-92-77-91-93-87-86-1
80824.6 5431 1-38-13-56-8-32-6-62-5-60-10-88-81-79-82-95-78-92-77-91-93-89-1
90310.5 5293 1-38-13-56-8-32-6-62-5-60-10-88-81-79-82-95-78-92-77-91-93-83-1
89875.1 5246 1-38-13-56-8-32-6-62-5-60-10-88-81-79-82-95-78-92-77-91-93-86-1
87089.4 5283 1-38-13-56-8-32-6-62-5-60-10-88-81-79-82-95-78-92-77-91-93-94-1
85770.2 5389 1-38-13-56-8-32-6-62-5-60-10-88-81-79-82-95-78-92-77-91-93-80-1
89805 5347 1-38-13-56-8-32-6-62-5-60-10-88-81-79-82-95-78-92-77-91-85-87-86-1
91813.3 5394 1-38-13-56-8-32-6-62-5-60-10-88-81-79-82-95-78-92-77-91-85-87-83-1
94620.1 5384 1-38-13-56-8-32-6-62-5-60-10-88-81-79-82-95-78-92-77-91-85-87-94-1
92351.2 5532 1-38-13-56-8-32-6-62-5-60-10-88-81-79-82-95-78-92-77-91-85-87-89-1
97369.4 5490 1-38-13-56-8-32-6-62-5-60-10-88-81-79-82-95-78-92-77-91-85-87-80-1
93720.2 5584 1-38-13-56-8-32-6-62-5-60-10-88-81-79-82-95-78-92-77-91-85-87-90-1
94946.6 5437 1-38-13-56-8-32-6-62-5-60-10-88-81-79-82-95-78-92-77-91-85-83-86-1
100870 5474 1-38-13-56-8-32-6-62-5-60-10-88-81-79-82-95-78-92-77-91-85-83-94-1
103576 5580 1-38-13-56-8-32-6-62-5-60-10-88-81-79-82-95-78-92-77-91-85-83-80-1
26982.5 18 1-55-70-40-33-67-50-9-14-21-58
27526.3 34 1-55-70-40-33-67-50-9-14-21-11
35092.4 1 1-55-70-40-33-67-50-9-14-21-49
37168.3 52 1-55-70-40-33-67-50-9-14-21-18
42045.5 13 1-55-70-40-33-67-50-9-14-21-52
44701.7 3 1-55-70-40-33-67-50-9-14-21-37
42877.7 11 1-55-70-40-33-67-50-9-14-30-51-18
29760.7 3 1-55-70-40-33-67-50-9-14-30-27-58
30487.4 19 1-55-70-40-33-67-50-9-14-30-27-11
43284.6 37 1-55-70-40-33-67-50-9-14-30-27-18
29387.8 28 1-55-70-40-33-67-50-9-14-30-16
51543.3 57 1-55-70-40-33-67-50-9-14-30-58-11-19
32503.4 3 1-55-70-40-33-67-50-9-14-30-58-27
34228.6 12 1-55-70-40-33-67-50-9-14-30-58-23
36618.3 5 1-55-70-40-33-67-50-9-14-30-58-20
41263.4 46 1-55-70-40-33-67-50-9-14-30-58-53
41455.5 90 1-55-70-40-33-67-50-9-14-30-58-65
42581.7 59 1-55-70-40-33-67-50-9-14-30-58-71
43844.6 97 1-55-70-40-33-67-50-9-14-30-58-15
44024.6 79 1-55-70-40-33-67-50-9-14-30-58-31
62676.1 24 1-55-70-40-33-67-50-9-14-30-58-49-19
31206.9 166 1-55-70-40-33-67-50-9-14-30-58-11
44984.8 17 1-55-70-40-33-67-50-9-14-30-58-17
53479.4 36 1-55-70-40-33-67-50-9-14-30-58-52-19
44708.7 133 1-55-70-40-33-67-50-9-14-30-58-49
62570.6 75 1-55-70-40-33-67-50-9-14-30-58-18-19
45647.3 145 1-55-70-40-33-67-50-9-14-30-58-52
53379.4 26 1-55-70-40-33-67-50-9-14-30-58-37-19
46186.4 184 1-55-70-40-33-67-50-9-14-30-58-18
59254.5 36 1-55-70-40-33-67-50-9-14-30-58-19-52
67806.5 75 1-55-70-40-33-67-50-9-14-30-58-19-18
69389.7 24 1-55-70-40-33-67-50-9-14-30-58-19-49
71758.6 57 1-55-70-40-33-67-50-9-14-30-58-19-11
49993.2 135 1-55-70-40-33-67-50-9-14-30-58-37
50886.1 3 1-55-70-40-33-67-50-9-14-30-46-18
54808.5 26 1-55-70-40-33-67-50-9-14-30-58-19-37
35433.5 6 1-55-70-40-33-67-50-9-14-30-15-71
39360.5 80 1-55-70-40-33-67-50-9-14-30-15-49
58027.9 22 1-55-70-40-33-67-50-9-14-30-15-18-19
63956.1 4 1-55-70-40-33-67-50-9-14-30-15-11-19
41643.7 131 1-55-70-40-33-67-50-9-14-30-15-18
44047.7 97 1-55-70-40-33-67-50-9-14-30-15-58
50990.4 26 1-55-70-40-33-67-50-9-14-30-15-31
53457.4 82 1-55-70-40-33-67-50-9-14-30-15-37
54415.2 92 1-55-70-40-33-67-50-9-14-30-15-52
55486.3 37 1-55-70-40-33-67-50-9-14-30-15-65
72755.1 22 1-55-70-40-33-67-50-9-14-30-15-19-18
43619.8 113 1-55-70-40-33-67-50-9-14-30-15-11
