29428.2 17 1-38-13-56-8-32-6-62-5-60-59-52-45-63-41-19-68
43035 98 1-38-13-56-8-32-6-62-5-60-59-52-45-63-41-19-37-18
44722.2 47 1-38-13-56-8-32-6-62-5-60-59-52-45-63-41-19-37-49
48777.1 80 1-38-13-56-8-32-6-62-5-60-59-52-45-63-41-19-37-11
50178 64 1-38-13-56-8-32-6-62-5-60-59-52-45-63-41-19-37-58
51348.1 4 1-38-13-56-8-32-6-62-5-60-59-52-45-63-41-19-37-65
52153.2 88 1-38-13-56-8-32-6-62-5-60-59-52-45-63-41-19-37-50
53439.1 11 1-38-13-56-8-32-6-62-5-60-59-52-45-63-41-19-37-15
46986 24 1-38-13-56-8-32-6-62-5-60-59-52-45-63-41-19-31-11
47498.5 42 1-38-13-56-8-32-6-62-5-60-59-52-45-63-41-19-31-18
48276.4 8 1-38-13-56-8-32-6-62-5-60-59-52-45-63-41-19-31-58
52497.5 32 1-38-13-56-8-32-6-62-5-60-59-52-45-63-41-19-31-50
34009 279 1-38-13-56-8-32-6-62-5-60-59-52-45-63-41-19-31
36712.3 40 1-38-13-56-8-32-6-62-5-60-59-52-45-63-41-19-57
37050.8 100 1-38-13-56-8-32-6-62-5-60-59-52-45-63-41-19-73
37245.8 106 1-38-13-56-8-32-6-62-5-60-59-52-45-63-41-19-72
38329.5 159 1-38-13-56-8-32-6-62-5-60-59-52-45-63-41-19-10
40690.5 76 1-38-13-56-8-32-6-62-5-60-59-52-45-63-41-19-34
41484.6 98 1-38-13-56-8-32-6-62-5-60-59-52-45-63-41-19-12
41635.5 42 1-38-13-56-8-32-6-62-5-60-59-52-45-63-41-19-35
41687.8 63 1-38-13-56-8-32-6-62-5-60-59-52-45-63-41-19-47
45265.9 96 1-38-13-56-8-32-6-62-5-60-59-52-45-63-41-19-18-49
49412.7 22 1-38-13-56-8-32-6-62-5-60-59-52-45-63-41-19-18-71
54623.4 60 1-38-13-56-8-32-6-62-5-60-59-52-45-63-41-19-18-15
55429.6 137 1-38-13-56-8-32-6-62-5-60-59-52-45-63-41-19-18-50
56429.5 42 1-38-13-56-8-32-6-62-5-60-59-52-45-63-41-19-18-31
58077.1 129 1-38-13-56-8-32-6-62-5-60-59-52-45-63-41-19-18-11
58688.3 41 1-38-13-56-8-32-6-62-5-60-59-52-45-63-41-19-18-14
59369.2 113 1-38-13-56-8-32-6-62-5-60-59-52-45-63-41-19-18-58
64125.7 9 1-38-13-56-8-32-6-62-5-60-59-52-45-63-41-19-18-53
67348.9 53 1-38-13-56-8-32-6-62-5-60-59-52-45-63-41-19-18-65
117775 8016 1-38-13-56-8-32-6-62-5-60-59-52-45-63-41-19-68-78-95-88-81-79-82-77-92-90-76-89-80-94-84-86-87-1
124103 8106 1-38-13-56-8-32-6-62-5-60-59-52-45-63-41-19-68-78-95-88-81-79-82-77-92-90-76-89-80-94-84-86-83-1
118725 8154 1-38-13-56-8-32-6-62-5-60-59-52-45-63-41-19-68-78-95-88-81-79-82-77-92-90-76-89-80-94-84-86-85-1
122918 8063 1-38-13-56-8-32-6-62-5-60-59-52-45-63-41-19-68-78-95-88-81-79-82-77-92-90-76-89-80-94-84-87-83-1
116703 8111 1-38-13-56-8-32-6-62-5-60-59-52-45-63-41-19-68-78-95-88-81-79-82-77-92-90-76-89-80-94-84-87-85-1
33468.7 162 1-55-70-40-33-67-50-9-14-21-30-51-42-27-58-2
35438.6 140 1-55-70-40-33-67-50-9-14-21-30-51-42-27-58-25-11
44022.7 20 1-55-70-40-33-67-50-9-14-21-30-51-42-27-58-25-53
44135.1 64 1-55-70-40-33-67-50-9-14-21-30-51-42-27-58-25-65
47269.5 33 1-55-70-40-33-67-50-9-14-21-30-51-42-27-58-25-71
47417.3 53 1-55-70-40-33-67-50-9-14-21-30-51-42-27-58-25-31
48737.6 71 1-55-70-40-33-67-50-9-14-21-30-51-42-27-58-25-15
49186.7 107 1-55-70-40-33-67-50-9-14-21-30-51-42-27-58-25-49
50554.7 158 1-55-70-40-33-67-50-9-14-21-30-51-42-27-58-25-18
53590.8 109 1-55-70-40-33-67-50-9-14-21-30-51-42-27-58-25-37
37604.6 152 1-55-70-40-33-67-50-9-14-21-30-51-42-27-58-11-7
38475 230 1-55-70-40-33-67-50-9-14-21-30-51-42-27-58-11-23
40473.2 187 1-55-70-40-33-67-50-9-14-21-30-51-42-27-58-11-46
41542.5 94 1-55-70-40-33-67-50-9-14-21-30-51-42-27-58-11-34
41714.9 54 1-55-70-40-33-67-50-9-14-21-30-51-42-27-58-11-43
42177 223 1-55-70-40-33-67-50-9-14-21-30-51-42-27-58-11-20
42575.2 60 1-55-70-40-33-67-50-9-14-21-30-51-42-27-58-11-35
43693.8 81 1-55-70-40-33-67-50-9-14-21-30-51-42-27-58-11-47
44730.2 177 1-55-70-40-33-67-50-9-14-21-30-51-42-27-58-11-10
66197.4 27 1-55-70-40-33-67-50-9-14-21-30-51-42-27-58-11-53-18
35755.3 140 1-55-70-40-33-67-50-9-14-21-30-51-42-27-58-11-25
67171.2 22 1-55-70-40-33-67-50-9-14-21-30-51-42-27-58-11-65-37
69558.9 20 1-55-70-40-33-67-50-9-14-21-30-51-42-27-58-11-65-49
70174.1 71 1-55-70-40-33-67-50-9-14-21-30-51-42-27-58-11-65-18
45011.7 264 1-55-70-40-33-67-50-9-14-21-30-51-42-27-58-11-53
52244.7 40 1-55-70-40-33-67-50-9-14-21-30-51-42-27-58-11-71-18
45765.2 308 1-55-70-40-33-67-50-9-14-21-30-51-42-27-58-11-65
46472.9 217 1-55-70-40-33-67-50-9-14-21-30-51-42-27-58-11-48
53714.9 11 1-55-70-40-33-67-50-9-14-21-30-51-42-27-58-11-31-37
60352.4 60 1-55-70-40-33-67-50-9-14-21-30-51-42-27-58-11-31-18
61068 9 1-55-70-40-33-67-50-9-14-21-30-51-42-27-58-11-31-49
45771.9 277 1-55-70-40-33-67-50-9-14-21-30-51-42-27-58-11-71
56945.7 27 1-55-70-40-33-67-50-9-14-21-30-51-42-27-58-11-15-49
59228.9 78 1-55-70-40-33-67-50-9-14-21-30-51-42-27-58-11-15-18
71042.6 29 1-55-70-40-33-67-50-9-14-21-30-51-42-27-58-11-15-37
46862.9 297 1-55-70-40-33-67-50-9-14-21-30-51-42-27-58-11-31
49960.8 114 1-55-70-40-33-67-50-9-14-21-30-51-42-27-58-11-49-18
61839.9 9 1-55-70-40-33-67-50-9-14-21-30-51-42-27-58-11-49-31
62415 65 1-55-70-40-33-67-50-9-14-21-30-51-42-27-58-11-49-37
71428.5 20 1-55-70-40-33-67-50-9-14-21-30-51-42-27-58-11-49-65
47545.5 315 1-55-70-40-33-67-50-9-14-21-30-51-42-27-58-11-15
47790.6 138 1-55-70-40-33-67-50-9-14-21-30-51-42-27-58-11-64
47848.9 235 1-55-70-40-33-67-50-9-14-21-30-51-42-27-58-11-17
48685.6 176 1-55-70-40-33-67-50-9-14-21-30-51-42-27-58-11-26
55495.8 40 1-55-70-40-33-67-50-9-14-21-30-51-42-27-58-11-18-71
60706.5 78 1-55-70-40-33-67-50-9-14-21-30-51-42-27-58-11-18-15
62116.1 116 1-55-70-40-33-67-50-9-14-21-30-51-42-27-58-11-18-37
62512.5 60 1-55-70-40-33-67-50-9-14-21-30-51-42-27-58-11-18-31
70208.8 27 1-55-70-40-33-67-50-9-14-21-30-51-42-27-58-11-18-53
73432 71 1-55-70-40-33-67-50-9-14-21-30-51-42-27-58-11-18-65
57035 27 1-55-70-40-33-67-50-9-14-21-30-51-42-27-58-11-49-15
75082.2 2257 1-55-70-40-33-67-50-9-14-21-30-51-42-27-58-2-93-91-83-86-1
39375.2 137 1-34-10-47-53-74-65-29-23-7-25-11-24-16-54-46
40342.6 173 1-34-10-47-53-74-65-29-23-7-25-11-24-16-54-20
40960.3 4 1-34-10-47-53-74-65-29-23-7-25-11-24-16-54-43
51826.2 10 1-34-10-47-53-74-65-29-23-7-25-11-24-16-54-35
54130.2 227 1-34-10-47-53-74-65-29-23-7-25-11-24-16-54-71
66171 28 1-34-10-47-53-74-65-29-23-7-25-11-24-16-54-15-18
55065.8 167 1-34-10-47-53-74-65-29-23-7-25-11-24-16-54-48
68644.1 10 1-34-10-47-53-74-65-29-23-7-25-11-24-16-54-31-18
54487.6 265 1-34-10-47-53-74-65-29-23-7-25-11-24-16-54-15
55280.5 88 1-34-10-47-53-74-65-29-23-7-25-11-24-16-54-64
55819.4 66 1-34-10-47-53-74-65-29-23-7-25-11-24-16-54-12
58902.2 64 1-34-10-47-53-74-65-29-23-7-25-11-24-16-54-49-18
71356.4 15 1-34-10-47-53-74-65-29-23-7-25-11-24-16-54-49-37
55154.6 247 1-34-10-47-53-74-65-29-23-7-25-11-24-16-54-31
56911.9 185 1-34-10-47-53-74-65-29-23-7-25-11-24-16-54-17
57721.2 126 1-34-10-47-53-74-65-29-23-7-25-11-24-16-54-26
69817.7 28 1-34-10-47-53-74-65-29-23-7-25-11-24-16-54-18-15
71227.3 66 1-34-10-47-53-74-65-29-23-7-25-11-24-16-54-18-37
71623.7 10 1-34-10-47-53-74-65-29-23-7-25-11-24-16-54-18-31
62074.4 47 1-35-75-61-17-26-18-49-48-71-64-15-44-73-57-3-31-37
55222.3 333 1-35-75-61-17-26-18-49-48-71-64-15-44-73-57-3-31
64164.9 160 1-35-75-61-17-26-18-49-48-71-64-15-44-73-57-3-72
65256.7 6 1-35-75-61-17-26-18-49-48-71-64-15-44-73-57-3-69
66407 152 1-35-75-61-17-26-18-49-48-71-64-15-44-73-57-3-12
70756.1 90 1-35-75-61-17-26-18-49-48-71-64-15-44-73-57-3-43
72414.4 259 1-35-75-61-17-26-18-49-48-71-64-15-44-73-57-3-20
53649.2 108 1-35-75-61-17-26-18-49-48-71-64-15-44-73-57-39-37
60433.1 52 1-35-75-61-17-26-18-49-48-71-64-15-44-73-57-39-31
63642.1 47 1-35-75-61-17-26-18-49-48-71-64-15-44-73-57-3-37-31
51761.8 394 1-35-75-61-17-26-18-49-48-71-64-15-44-73-57-39
53996.9 108 1-35-75-61-17-26-18-49-48-71-64-15-44-73-57-37-39
61773.3 2 1-35-75-61-17-26-18-49-48-71-64-15-44-73-57-37-4-31
55951.4 285 1-35-75-61-17-26-18-49-48-71-64-15-44-73-57-37-36
61925.3 47 1-35-75-61-17-26-18-49-48-71-64-15-44-73-57-37-3-31
54308.4 344 1-35-75-61-17-26-18-49-48-71-64-15-44-73-57-37-4
66426.5 2 1-35-75-61-17-26-18-49-48-71-64-15-44-73-57-37-31-4
68028.4 171 1-35-75-61-17-26-18-49-48-71-64-15-44-73-57-37-31-72
69025.3 17 1-35-75-61-17-26-18-49-48-71-64-15-44-73-57-37-31-69
70171.7 163 1-35-75-61-17-26-18-49-48-71-64-15-44-73-57-37-31-12
76926.4 101 1-35-75-61-17-26-18-49-48-71-64-15-44-73-57-37-31-43
79177.5 270 1-35-75-61-17-26-18-49-48-71-64-15-44-73-57-37-31-20
57801.2 389 1-35-75-61-17-26-18-49-48-71-64-15-44-73-57-37-3
59323 81 1-35-75-61-17-26-18-49-48-71-64-15-44-73-57-37-22
62683.3 275 1-35-75-61-17-26-18-49-48-71-64-15-44-73-57-37-66
88124.1 97 1-35-75-61-17-26-18-49-48-71-64-15-44-73-57-37-72-20
63085.6 47 1-35-75-61-17-26-18-49-48-71-64-15-44-73-57-37-31-3
64970.4 513 1-35-75-61-17-26-18-49-48-71-64-15-44-73-57-37-72
67622.8 359 1-35-75-61-17-26-18-49-48-71-64-15-44-73-57-37-69
68600.8 273 1-35-75-61-17-26-18-49-48-71-64-15-44-73-57-37-28
88647.3 89 1-35-75-61-17-26-18-49-48-71-64-15-44-73-57-37-12-20
68668.8 505 1-35-75-61-17-26-18-49-48-71-64-15-44-73-57-37-12
80344.4 27 1-35-75-61-17-26-18-49-48-71-64-15-44-73-57-37-43-20
76743.3 443 1-35-75-61-17-26-18-49-48-71-64-15-44-73-57-37-43
82330.8 27 1-35-75-61-17-26-18-49-48-71-64-15-44-73-57-37-20-43
98708.3 89 1-35-75-61-17-26-18-49-48-71-64-15-44-73-57-37-20-12
101883 97 1-35-75-61-17-26-18-49-48-71-64-15-44-73-57-37-20-72
61268.3 343 1-31-3-37-4-36-22-66-72-28-12-69-43-20
inf 8200 1--608657680
