25795 37 1-38-13-56-8-32-6-62-5-60-59-52-45-19
21700.5 77 1-38-13-56-8-32-6-62-5-60-59-52-63
28592.9 25 1-38-13-56-8-32-6-62-5-60-59-52-31-37
34717.8 56 1-38-13-56-8-32-6-62-5-60-59-52-31-11
35230.3 74 1-38-13-56-8-32-6-62-5-60-59-52-31-18
35945.9 23 1-38-13-56-8-32-6-62-5-60-59-52-31-49
36008.2 40 1-38-13-56-8-32-6-62-5-60-59-52-31-58
40229.4 64 1-38-13-56-8-32-6-62-5-60-59-52-31-50
19394.1 146 1-38-13-56-8-32-6-62-5-60-59-52-45
34036 82 1-38-13-56-8-32-6-62-5-60-59-52-10-19
22262.2 191 1-38-13-56-8-32-6-62-5-60-59-52-10
25849.8 104 1-38-13-56-8-32-6-62-5-60-59-52-41-19
33742 29 1-38-13-56-8-32-6-62-5-60-59-52-72-19
22990.1 213 1-38-13-56-8-32-6-62-5-60-59-52-41
25268.1 108 1-38-13-56-8-32-6-62-5-60-59-52-34
25364.2 95 1-38-13-56-8-32-6-62-5-60-59-52-47
40605.2 21 1-38-13-56-8-32-6-62-5-60-59-52-12-19
23052 138 1-38-13-56-8-32-6-62-5-60-59-52-72
28554.5 104 1-38-13-56-8-32-6-62-5-60-59-52-19-41
42174.1 21 1-38-13-56-8-32-6-62-5-60-59-52-19-37-18
47916.2 3 1-38-13-56-8-32-6-62-5-60-59-52-19-37-11
51292.2 11 1-38-13-56-8-32-6-62-5-60-59-52-19-37-50
32095.8 37 1-38-13-56-8-32-6-62-5-60-59-52-19-45
33148.1 202 1-38-13-56-8-32-6-62-5-60-59-52-19-31
36189.8 23 1-38-13-56-8-32-6-62-5-60-59-52-19-73
36384.8 29 1-38-13-56-8-32-6-62-5-60-59-52-19-72
37468.6 82 1-38-13-56-8-32-6-62-5-60-59-52-19-10
40623.7 21 1-38-13-56-8-32-6-62-5-60-59-52-19-12
44405 19 1-38-13-56-8-32-6-62-5-60-59-52-19-18-49
54568.7 60 1-38-13-56-8-32-6-62-5-60-59-52-19-18-50
57216.2 52 1-38-13-56-8-32-6-62-5-60-59-52-19-18-11
58508.3 36 1-38-13-56-8-32-6-62-5-60-59-52-19-18-58
29081.1 258 1-38-13-56-8-32-6-62-5-60-59-52-19-37
42164.7 169 1-38-13-56-8-32-6-62-5-60-59-52-19-53
42526.5 140 1-38-13-56-8-32-6-62-5-60-59-52-19-17
42926.1 81 1-38-13-56-8-32-6-62-5-60-59-52-19-26
53894.8 9 1-38-13-56-8-32-6-62-5-60-59-52-19-49-50
57411.2 1 1-38-13-56-8-32-6-62-5-60-59-52-19-49-11
55172.1 21 1-38-13-56-8-32-6-62-5-60-59-52-19-18-37
43662.3 256 1-38-13-56-8-32-6-62-5-60-59-52-19-49
45701.7 135 1-38-13-56-8-32-6-62-5-60-59-52-19-23
45772.4 122 1-38-13-56-8-32-6-62-5-60-59-52-19-48
47480.9 18 1-38-13-56-8-32-6-62-5-60-59-52-19-11-58
55175.8 42 1-38-13-56-8-32-6-62-5-60-59-52-19-11-50
59780.1 1 1-38-13-56-8-32-6-62-5-60-59-52-19-11-49
64866.3 3 1-38-13-56-8-32-6-62-5-60-59-52-19-11-37
103171 6503 1-38-13-56-8-32-6-62-5-60-59-52-45-95-88-81-79-82-78-92-77-91-93-85-87-86-83-1
102007 6493 1-38-13-56-8-32-6-62-5-60-59-52-45-95-88-81-79-82-78-92-77-91-93-85-87-86-94-1
105566 6599 1-38-13-56-8-32-6-62-5-60-59-52-45-95-88-81-79-82-78-92-77-91-93-85-87-86-80-1
108770 6540 1-38-13-56-8-32-6-62-5-60-59-52-45-95-88-81-79-82-78-92-77-91-93-85-87-83-94-1
28896 34 1-55-70-40-33-67-50-9-14-21-30-51-27
53143.4 72 1-55-70-40-33-67-50-9-14-21-30-51-58-19
52696.8 88 1-55-70-40-33-67-50-9-14-21-30-51-11-19
31478.3 181 1-55-70-40-33-67-50-9-14-21-30-51-58
33569 36 1-55-70-40-33-67-50-9-14-21-30-51-20
35708.6 43 1-55-70-40-33-67-50-9-14-21-30-51-23
64809.1 19 1-55-70-40-33-67-50-9-14-21-30-51-15-19
32360.5 197 1-55-70-40-33-67-50-9-14-21-30-51-11
39081.6 90 1-55-70-40-33-67-50-9-14-21-30-51-71
40260.2 30 1-55-70-40-33-67-50-9-14-21-30-51-48
60255.1 55 1-55-70-40-33-67-50-9-14-21-30-51-49-19
38398.5 128 1-55-70-40-33-67-50-9-14-21-30-51-15
63548.2 12 1-55-70-40-33-67-50-9-14-21-30-51-65-19
42287.7 164 1-55-70-40-33-67-50-9-14-21-30-51-49
42903.6 48 1-55-70-40-33-67-50-9-14-21-30-51-17
42909.4 77 1-55-70-40-33-67-50-9-14-21-30-51-53
60604.5 106 1-55-70-40-33-67-50-9-14-21-30-51-18-19
42570.3 121 1-55-70-40-33-67-50-9-14-21-30-51-65
52599.8 1 1-55-70-40-33-67-50-9-14-21-30-51-31-19
44220.3 215 1-55-70-40-33-67-50-9-14-21-30-51-18
49837.3 12 1-55-70-40-33-67-50-9-14-21-30-51-41
53956.3 57 1-55-70-40-33-67-50-9-14-21-30-51-37-19
45146.5 110 1-55-70-40-33-67-50-9-14-21-30-51-31
59825.3 1 1-55-70-40-33-67-50-9-14-21-30-51-19-31
68756.3 106 1-55-70-40-33-67-50-9-14-21-30-51-19-18
70339.5 55 1-55-70-40-33-67-50-9-14-21-30-51-19-49
72708.4 88 1-55-70-40-33-67-50-9-14-21-30-51-19-11
73350 12 1-55-70-40-33-67-50-9-14-21-30-51-19-65
74037.2 72 1-55-70-40-33-67-50-9-14-21-30-51-19-58
78782.7 19 1-55-70-40-33-67-50-9-14-21-30-51-19-15
50570.1 166 1-55-70-40-33-67-50-9-14-21-30-51-37
29676.4 9 1-55-70-40-33-67-50-9-14-21-30-42-27
53499.8 47 1-55-70-40-33-67-50-9-14-21-30-42-58-19
53246.7 63 1-55-70-40-33-67-50-9-14-21-30-42-11-19
31834.7 156 1-55-70-40-33-67-50-9-14-21-30-42-58
33681 11 1-55-70-40-33-67-50-9-14-21-30-42-20
35870.1 18 1-55-70-40-33-67-50-9-14-21-30-42-23
40436.8 103 1-55-70-40-33-67-50-9-14-21-30-42-15
40837.6 65 1-55-70-40-33-67-50-9-14-21-30-42-71
41961.3 5 1-55-70-40-33-67-50-9-14-21-30-42-48
42621 96 1-55-70-40-33-67-50-9-14-21-30-42-65
43106.8 52 1-55-70-40-33-67-50-9-14-21-30-42-53
61841.8 30 1-55-70-40-33-67-50-9-14-21-30-42-49-19
32910.3 172 1-55-70-40-33-67-50-9-14-21-30-42-11
44428 23 1-55-70-40-33-67-50-9-14-21-30-42-17
62114.3 81 1-55-70-40-33-67-50-9-14-21-30-42-18-19
43874.4 139 1-55-70-40-33-67-50-9-14-21-30-42-49
45853.1 85 1-55-70-40-33-67-50-9-14-21-30-42-31
54865.7 32 1-55-70-40-33-67-50-9-14-21-30-42-37-19
45730.1 190 1-55-70-40-33-67-50-9-14-21-30-42-18
69541.6 81 1-55-70-40-33-67-50-9-14-21-30-42-19-18
71124.8 30 1-55-70-40-33-67-50-9-14-21-30-42-19-49
73493.7 63 1-55-70-40-33-67-50-9-14-21-30-42-19-11
74822.5 47 1-55-70-40-33-67-50-9-14-21-30-42-19-58
51479.4 141 1-55-70-40-33-67-50-9-14-21-30-42-37
55758.3 57 1-55-70-40-33-67-50-9-14-21-30-51-19-37
72353.5 3875 1-55-70-40-33-67-50-9-14-21-30-51-27-83-84-89-80-76-90-1
32841 81 1-34-10-47-53-74-65-29-23-7-25-2-11-58
44368.2 10 1-34-10-47-53-74-65-29-23-7-25-2-11-31
45050.8 28 1-34-10-47-53-74-65-29-23-7-25-2-11-15
45140.1 64 1-34-10-47-53-74-65-29-23-7-25-2-11-49
62912.6 6 1-34-10-47-53-74-65-29-23-7-25-2-11-18-19
50226.4 66 1-34-10-47-53-74-65-29-23-7-25-2-11-37
46528.4 115 1-34-10-47-53-74-65-29-23-7-25-2-11-18
45524.2 12 1-34-10-47-53-74-65-29-23-7-25-2-58-15
46388.2 48 1-34-10-47-53-74-65-29-23-7-25-2-58-49
47866 99 1-34-10-47-53-74-65-29-23-7-25-2-58-18
51672.7 50 1-34-10-47-53-74-65-29-23-7-25-2-58-37
32886.5 81 1-34-10-47-53-74-65-29-23-7-25-2-58-11
68111.8 6 1-34-10-47-53-74-65-29-23-7-25-2-11-19-18
60869.6 29 1-34-10-47-53-74-65-29-23-7-25-2-42-19
62896.9 46 1-34-10-47-53-74-65-29-23-7-25-2-46-19
35489.8 138 1-34-10-47-53-74-65-29-23-7-25-2-42
37267.7 22 1-34-10-47-53-74-65-29-23-7-25-2-43
65590.2 82 1-34-10-47-53-74-65-29-23-7-25-2-20-19
36362.7 155 1-34-10-47-53-74-65-29-23-7-25-2-46
39979.6 28 1-34-10-47-53-74-65-29-23-7-25-2-35
49743.4 8 1-34-10-47-53-74-65-29-23-7-25-2-71-18
37928.2 191 1-34-10-47-53-74-65-29-23-7-25-2-20
56665.4 10 1-34-10-47-53-74-65-29-23-7-25-2-31-11
57177.9 28 1-34-10-47-53-74-65-29-23-7-25-2-31-18
64055.6 76 1-34-10-47-53-74-65-29-23-7-25-2-48-19
43978.1 185 1-34-10-47-53-74-65-29-23-7-25-2-48
56607.7 46 1-34-10-47-53-74-65-29-23-7-25-2-15-18
58583.8 28 1-34-10-47-53-74-65-29-23-7-25-2-15-11
59011.7 12 1-34-10-47-53-74-65-29-23-7-25-2-15-58
47452.7 82 1-34-10-47-53-74-65-29-23-7-25-2-49-18
58875.6 64 1-34-10-47-53-74-65-29-23-7-25-2-49-11
59906.9 33 1-34-10-47-53-74-65-29-23-7-25-2-49-37
60078.2 48 1-34-10-47-53-74-65-29-23-7-25-2-49-58
45228.9 106 1-34-10-47-53-74-65-29-23-7-25-2-64
62155.6 94 1-34-10-47-53-74-65-29-23-7-25-2-17-19
63396 35 1-34-10-47-53-74-65-29-23-7-25-2-26-19
45323.9 203 1-34-10-47-53-74-65-29-23-7-25-2-17
48812.8 82 1-34-10-47-53-74-65-29-23-7-25-2-18-49
52959.6 8 1-34-10-47-53-74-65-29-23-7-25-2-18-71
58170.3 46 1-34-10-47-53-74-65-29-23-7-25-2-18-15
59579.9 84 1-34-10-47-53-74-65-29-23-7-25-2-18-37
59976.3 28 1-34-10-47-53-74-65-29-23-7-25-2-18-31
81960.3 6 1-34-10-47-53-74-65-29-23-7-25-2-18-11-19
61624 115 1-34-10-47-53-74-65-29-23-7-25-2-18-11
62916.1 99 1-34-10-47-53-74-65-29-23-7-25-2-18-58
46164.7 144 1-34-10-47-53-74-65-29-23-7-25-2-26
46690.8 84 1-34-10-47-53-74-65-29-23-7-25-2-12
47793 24 1-34-10-47-53-74-65-29-23-7-25-2-44
47983.1 86 1-34-10-47-53-74-65-29-23-7-25-2-73
48370.4 31 1-34-10-47-53-74-65-29-23-7-25-2-63
48384.5 26 1-34-10-47-53-74-65-29-23-7-25-2-57
51278.2 58 1-34-10-47-53-74-65-29-23-7-25-2-41-19
83207.4 6 1-34-10-47-53-74-65-29-23-7-25-2-18-19-11
48418.5 167 1-34-10-47-53-74-65-29-23-7-25-2-41
48581.5 92 1-34-10-47-53-74-65-29-23-7-25-2-72
62832.1 84 1-34-10-47-53-74-65-29-23-7-25-2-37-18
64519.3 33 1-34-10-47-53-74-65-29-23-7-25-2-37-49
68574.2 66 1-34-10-47-53-74-65-29-23-7-25-2-37-11
51935.8 9 1-35-75-61-17-26-18-49-48-71-64-15-44-73-37
56122.1 68 1-35-75-61-17-26-18-49-48-71-64-15-44-3-19
56491.6 34 1-35-75-61-17-26-18-49-48-71-64-15-44-31-41
61999.1 79 1-35-75-61-17-26-18-49-48-71-64-15-44-31-37-19
58612.9 188 1-35-75-61-17-26-18-49-48-71-64-15-44-31-37
69836.4 5 1-35-75-61-17-26-18-49-48-71-64-15-44-31-42
70846.7 22 1-35-75-61-17-26-18-49-48-71-64-15-44-31-46
71976.8 58 1-35-75-61-17-26-18-49-48-71-64-15-44-31-20
48054.7 177 1-35-75-61-17-26-18-49-48-71-64-15-44-3
82827.8 5 1-35-75-61-17-26-18-49-48-71-64-15-44-37-19-20
55841.1 90 1-35-75-61-17-26-18-49-48-71-64-15-44-37-41
58631.5 188 1-35-75-61-17-26-18-49-48-71-64-15-44-37-31
58899.1 9 1-35-75-61-17-26-18-49-48-71-64-15-44-37-73
64640.4 15 1-35-75-61-17-26-18-49-48-71-64-15-44-37-72
68338.8 7 1-35-75-61-17-26-18-49-48-71-64-15-44-37-12
75481.3 61 1-35-75-61-17-26-18-49-48-71-64-15-44-37-42
77059.8 78 1-35-75-61-17-26-18-49-48-71-64-15-44-37-46
78399.8 114 1-35-75-61-17-26-18-49-48-71-64-15-44-37-20
70190.1 5 1-35-75-61-17-26-18-49-48-71-64-15-44-42-31
75816.5 61 1-35-75-61-17-26-18-49-48-71-64-15-44-42-37
53540 39 1-35-75-61-17-26-18-49-48-71-64-15-44-24
77711.5 43 1-35-75-61-17-26-18-49-48-71-64-15-44-16-19
53602.9 152 1-35-75-61-17-26-18-49-48-71-64-15-44-16
55272.4 23 1-35-75-61-17-26-18-49-48-71-64-15-44-4-19
58242.9 90 1-35-75-61-17-26-18-49-48-71-64-15-44-41-37
58912.1 34 1-35-75-61-17-26-18-49-48-71-64-15-44-41-31
53974 132 1-35-75-61-17-26-18-49-48-71-64-15-44-4
56368.5 23 1-35-75-61-17-26-18-49-48-71-64-15-44-19-4
57942.4 103 1-35-75-61-17-26-18-49-48-71-64-15-44-19-68
65308.2 79 1-35-75-61-17-26-18-49-48-71-64-15-44-19-37-31
85076.5 5 1-35-75-61-17-26-18-49-48-71-64-15-44-19-37-20
57929.7 267 1-35-75-61-17-26-18-49-48-71-64-15-44-19-41
59199.4 131 1-35-75-61-17-26-18-49-48-71-64-15-44-19-63
38440.9 368 1-31-41-63-22-19-4-36-68-37-39-57
63966.9 12 1-31-41-63-22-19-4-36-68-37-39-73-20
44439.8 196 1-31-41-63-22-19-4-36-68-37-39-66
69763.6 18 1-31-41-63-22-19-4-36-68-37-39-72-20
38880.8 428 1-31-41-63-22-19-4-36-68-37-39-73
49384.1 280 1-31-41-63-22-19-4-36-68-37-39-69
50328.1 194 1-31-41-63-22-19-4-36-68-37-39-28
70397.5 10 1-31-41-63-22-19-4-36-68-37-39-12-20
46609.9 434 1-31-41-63-22-19-4-36-68-37-39-72
55685.7 172 1-31-41-63-22-19-4-36-68-37-39-24
56267.3 285 1-31-41-63-22-19-4-36-68-37-39-16
60800.5 28 1-31-41-63-22-19-4-36-68-37-39-42-46
62943 64 1-31-41-63-22-19-4-36-68-37-39-42-20
50418.9 426 1-31-41-63-22-19-4-36-68-37-39-12
57460.2 295 1-31-41-63-22-19-4-36-68-37-39-54
58321 364 1-31-41-63-22-19-4-36-68-37-39-43
60941.5 81 1-31-41-63-22-19-4-36-68-37-39-46-20
54212.6 121 1-24-16-54-46-20-43-42-69-12-28-72
71051.3 115 1-24-16-54-46-20-43-42-69-12-28-73
57260.1 123 1-24-16-54-46-20-43-42-69-12-72-66
72133.2 355 1-24-16-54-46-20-43-42-69-12-72-73
70307.8 117 1-24-16-54-46-20-43-42-69-12-66-73
58105.7 121 1-24-16-54-46-20-43-42-69-12-72-28
85233.2 117 1-24-16-54-46-20-43-42-69-12-73-66
91081.4 115 1-24-16-54-46-20-43-42-69-12-73-28
