18608.4 5 1-5-4-50-49-17-36-68-73
47659.7 31 1-5-4-50-49-17-36-68-57-63
32876.3 40 1-5-4-50-49-17-36-68-28-61
33080.7 24 1-5-4-50-49-17-36-68-28-13
48733.6 49 1-5-4-50-49-17-36-68-57-61-13
20001.3 80 1-5-4-50-49-17-36-68-28
42258.4 60 1-5-4-50-49-17-36-68-13-61-63
34291.6 100 1-5-4-50-49-17-36-68-13-63
35809.2 24 1-5-4-50-49-17-36-68-13-28
37366.6 32 1-5-4-50-49-17-36-68-13-33
39641.9 89 1-5-4-50-49-17-36-68-13-57
39730.5 32 1-5-4-50-49-17-36-68-33-13
52264 49 1-5-4-50-49-17-36-68-13-61-57
25532.4 17 1-5-4-50-49-17-36-68-29
38168.8 48 1-5-4-50-49-17-36-68-61-33
52084.3 49 1-5-4-50-49-17-36-68-61-13-57
70760 4097 1-5-4-50-49-17-36-68-73-106-78-111-95-104-114-97-101-1
76151.3 4029 1-5-4-50-49-17-36-68-73-106-78-111-95-104-114-97-84-89-1
76386 3980 1-5-4-50-49-17-36-68-73-106-78-111-95-104-114-97-84-102-1
82639.2 4092 1-5-4-50-49-17-36-68-73-106-78-111-95-104-114-97-84-100-112-1
82593.5 3945 1-5-4-50-49-17-36-68-73-106-78-111-95-104-114-97-84-100-1
90488.5 3981 1-5-4-50-49-17-36-68-73-106-78-111-95-104-114-97-84-93-1
99449.6 4055 1-5-4-50-49-17-36-68-73-106-78-111-95-104-114-97-84-79-1
72328.6 4074 1-5-4-50-49-17-36-68-73-106-78-111-95-104-114-97-89-102-1
81703.7 4039 1-5-4-50-49-17-36-68-73-106-78-111-95-104-114-97-89-100-1
73260.3 4002 1-5-4-50-49-17-36-68-73-106-78-111-95-104-114-97-89-112-1
87288.1 4075 1-5-4-50-49-17-36-68-73-106-78-111-95-104-114-97-89-93-1
96328.8 4092 1-5-4-50-49-17-36-68-73-106-78-111-95-104-114-97-84-112-100-1
71992 3855 1-5-4-50-49-17-36-68-73-106-78-111-95-104-114-97-89-1
75381.1 4074 1-5-4-50-49-17-36-68-73-106-78-111-95-104-114-97-102-89-1
72912.4 3953 1-5-4-50-49-17-36-68-73-106-78-111-95-104-114-97-102-112-1
82710.4 3990 1-5-4-50-49-17-36-68-73-106-78-111-95-104-114-97-102-100-1
87008.6 4026 1-5-4-50-49-17-36-68-73-106-78-111-95-104-114-97-102-93-1
74236.7 4015 1-5-4-50-49-17-36-68-73-106-78-111-95-104-114-97-80-1
77991.2 4076 1-5-4-50-49-17-36-68-73-106-78-111-95-104-114-97-98-1
85912.3 4002 1-5-4-50-49-17-36-68-73-106-78-111-95-104-114-97-112-89-1
87774.6 3954 1-5-4-50-49-17-36-68-73-106-78-111-95-104-114-97-112-93-1
100730 4092 1-5-4-50-49-17-36-68-73-106-78-111-95-104-114-97-112-100-84-1
82511.9 3953 1-5-4-50-49-17-36-68-73-106-78-111-95-104-114-97-112-102-1
90409.9 3918 1-5-4-50-49-17-36-68-73-106-78-111-95-104-114-97-112-100-1
91944.2 4096 1-5-4-50-49-17-36-68-73-106-78-111-95-104-114-97-112-81-1
93557.4 4028 1-5-4-50-49-17-36-68-73-106-78-111-95-104-114-97-112-79-1
84877.1 3980 1-5-4-50-49-17-36-68-73-106-78-111-95-104-114-97-102-84-1
101957 4092 1-5-4-50-49-17-36-68-73-106-78-111-95-104-114-97-112-84-100-1
85340.8 4039 1-5-4-50-49-17-36-68-73-106-78-111-95-104-114-97-100-89-1
92942.1 4092 1-5-4-50-49-17-36-68-73-106-78-111-95-104-114-97-100-84-112-1
83295 3990 1-5-4-50-49-17-36-68-73-106-78-111-95-104-114-97-100-102-1
91669.3 3945 1-5-4-50-49-17-36-68-73-106-78-111-95-104-114-97-100-84-1
90365.1 3991 1-5-4-50-49-17-36-68-73-106-78-111-95-104-114-97-100-93-1
102335 4065 1-5-4-50-49-17-36-68-73-106-78-111-95-104-114-97-100-79-1
105405 4092 1-5-4-50-49-17-36-68-73-106-78-111-95-104-114-97-100-112-84-1
73629.6 4029 1-5-4-50-49-17-36-68-73-106-78-111-95-104-114-97-109-1
86892.6 3974 1-5-4-50-49-17-36-68-73-106-78-111-95-104-114-97-85-1
83527.1 3996 1-5-4-50-49-17-36-68-73-106-78-111-95-104-114-97-91-1
88658.4 3954 1-5-4-50-49-17-36-68-73-106-78-111-95-104-114-97-93-112-1
100264 3991 1-5-4-50-49-17-36-68-73-106-78-111-95-104-114-97-93-100-1
100824 4075 1-5-4-50-49-17-36-68-73-106-78-111-95-104-114-97-93-89-1
109463 3981 1-5-4-50-49-17-36-68-73-106-78-111-95-104-114-97-93-84-1
46610.4 43 1-40-59-70-64-3-74-61-14-63-13
53816.4 32 1-40-59-70-64-3-74-61-14-13-57
35048.7 99 1-40-59-70-64-3-74-61-14-63
41441.6 31 1-40-59-70-64-3-74-61-14-33
43727.7 23 1-40-59-70-64-3-74-61-14-28
52075.5 88 1-40-59-70-64-3-74-61-14-57
44788.7 69 1-40-59-70-64-3-74-61-72-13-63
47863.7 1 1-40-59-70-64-3-74-61-72-13-33
50139 58 1-40-59-70-64-3-74-61-72-13-57
84190.8 3988 1-40-59-70-64-3-74-61-14-63-94-84-96-89-102-80-98-100-103-93-1
96001.3 4062 1-40-59-70-64-3-74-61-14-63-94-84-96-89-102-80-98-100-103-79-1
80517.3 4092 1-40-59-70-64-3-74-61-14-63-94-84-96-89-102-80-98-100-85-93-91-1
92116.6 4045 1-40-59-70-64-3-74-61-14-63-94-84-96-89-102-80-98-100-85-93-81-1
94841.3 3977 1-40-59-70-64-3-74-61-14-63-94-84-96-89-102-80-98-100-85-93-79-1
81675.5 4019 1-40-59-70-64-3-74-61-14-63-94-84-96-89-102-80-98-100-85-91-112-1
79479.2 3872 1-40-59-70-64-3-74-61-14-63-94-84-96-89-102-80-98-100-85-91-1
79246.6 4052 1-40-59-70-64-3-74-61-14-63-94-84-96-89-102-80-98-100-85-112-109-1
89231.1 4019 1-40-59-70-64-3-74-61-14-63-94-84-96-89-102-80-98-100-85-112-91-1
92918.7 4080 1-40-59-70-64-3-74-61-14-63-94-84-96-89-102-80-98-100-85-112-108-1
97530.9 4090 1-40-59-70-64-3-74-61-14-63-94-84-96-89-102-80-98-100-85-112-88-1
97285.4 3972 1-40-59-70-64-3-74-61-14-63-94-84-96-89-102-80-98-100-85-112-81-1
98898.6 3904 1-40-59-70-64-3-74-61-14-63-94-84-96-89-102-80-98-100-85-112-79-1
107169 4093 1-40-59-70-64-3-74-61-14-63-94-84-96-89-102-80-98-100-85-112-86-1
108706 4050 1-40-59-70-64-3-74-61-14-63-94-84-96-89-102-80-98-100-85-112-87-1
77022.4 3905 1-40-59-70-64-3-74-61-14-63-94-84-96-89-102-80-98-100-85-109-1
89841.3 3943 1-40-59-70-64-3-74-61-14-63-94-84-96-89-102-80-98-100-85-88-1
87894.5 3933 1-40-59-70-64-3-74-61-14-63-94-84-96-89-102-80-98-100-85-108-1
103759 4045 1-40-59-70-64-3-74-61-14-63-94-84-96-89-102-80-98-100-85-81-93-1
91797 3825 1-40-59-70-64-3-74-61-14-63-94-84-96-89-102-80-98-100-85-81-1
89591.7 4024 1-40-59-70-64-3-74-61-14-63-94-84-96-89-102-80-98-100-85-110-1
108109 3977 1-40-59-70-64-3-74-61-14-63-94-84-96-89-102-80-98-100-85-79-93-1
98148 3969 1-40-59-70-64-3-74-61-14-63-94-84-96-89-102-80-98-100-85-113-1
96325.7 4071 1-40-59-70-64-3-74-61-14-63-94-84-96-89-102-80-98-100-85-82-1
107854 4093 1-40-59-70-64-3-74-61-14-63-94-84-96-89-102-80-98-100-85-86-112-1
101324 3946 1-40-59-70-64-3-74-61-14-63-94-84-96-89-102-80-98-100-85-86-1
111402 4050 1-40-59-70-64-3-74-61-14-63-94-84-96-89-102-80-98-100-85-87-112-1
102775 3970 1-40-59-70-64-3-74-61-14-63-94-84-96-89-102-80-98-100-85-107-1
104172 3903 1-40-59-70-64-3-74-61-14-63-94-84-96-89-102-80-98-100-85-87-1
91456 3975 1-40-59-70-64-3-74-61-14-63-94-84-96-89-102-80-98-100-76-93-1
97574.7 4049 1-40-59-70-64-3-74-61-14-63-94-84-96-89-102-80-98-100-76-79-1
84240.6 4074 1-40-59-70-64-3-74-61-14-63-94-84-96-89-102-80-98-100-112-109-91-1
88542.4 3885 1-40-59-70-64-3-74-61-14-63-94-84-96-89-102-80-98-100-112-109-93-1
90730.2 4027 1-40-59-70-64-3-74-61-14-63-94-84-96-89-102-80-98-100-112-109-81-1
92400.2 3959 1-40-59-70-64-3-74-61-14-63-94-84-96-89-102-80-98-100-112-109-79-1
76045.9 3945 1-40-59-70-64-3-74-61-14-63-94-84-96-89-102-80-98-100-112-90-1
80715.9 3902 1-40-59-70-64-3-74-61-14-63-94-84-96-89-102-80-98-100-112-76-1
82687.2 4074 1-40-59-70-64-3-74-61-14-63-94-84-96-89-102-80-98-100-112-91-109-1
94936.4 4019 1-40-59-70-64-3-74-61-14-63-94-84-96-89-102-80-98-100-112-91-85-1
94995.2 3994 1-40-59-70-64-3-74-61-14-63-94-84-96-89-102-80-98-100-112-91-81-1
97575.6 3926 1-40-59-70-64-3-74-61-14-63-94-84-96-89-102-80-98-100-112-91-79-1
107368 4072 1-40-59-70-64-3-74-61-14-63-94-84-96-89-102-80-98-100-112-91-87-1
94033 4052 1-40-59-70-64-3-74-61-14-63-94-84-96-89-102-80-98-100-112-109-85-1
72690.9 3665 1-40-59-70-64-3-74-61-14-63-94-84-96-89-102-80-98-100-112-109-1
82768.8 3955 1-40-59-70-64-3-74-61-14-63-94-84-96-89-102-80-98-100-112-99-1
95441.6 3830 1-40-59-70-64-3-74-61-14-63-94-84-96-89-102-80-98-100-112-93-85-1
86560.1 3885 1-40-59-70-64-3-74-61-14-63-94-84-96-89-102-80-98-100-112-93-109-1
96034.7 3923 1-40-59-70-64-3-74-61-14-63-94-84-96-89-102-80-98-100-112-93-88-1
94618 3913 1-40-59-70-64-3-74-61-14-63-94-84-96-89-102-80-98-100-112-93-108-1
97841 4085 1-40-59-70-64-3-74-61-14-63-94-84-96-89-102-80-98-100-112-93-105-1
101182 4099 1-40-59-70-64-3-74-61-14-63-94-84-96-89-102-80-98-100-112-93-81-79-1
86664.1 3852 1-40-59-70-64-3-74-61-14-63-94-84-96-89-102-80-98-100-112-93-91-1
98263.4 3805 1-40-59-70-64-3-74-61-14-63-94-84-96-89-102-80-98-100-112-93-81-1
104499 3949 1-40-59-70-64-3-74-61-14-63-94-84-96-89-102-80-98-100-112-93-113-1
103053 4051 1-40-59-70-64-3-74-61-14-63-94-84-96-89-102-80-98-100-112-93-82-1
107582 3926 1-40-59-70-64-3-74-61-14-63-94-84-96-89-102-80-98-100-112-93-86-1
101737 4004 1-40-59-70-64-3-74-61-14-63-94-84-96-89-102-80-98-100-112-93-110-1
110633 3883 1-40-59-70-64-3-74-61-14-63-94-84-96-89-102-80-98-100-112-93-87-1
109655 3950 1-40-59-70-64-3-74-61-14-63-94-84-96-89-102-80-98-100-112-93-107-1
106612 4078 1-40-59-70-64-3-74-61-14-63-94-84-96-89-102-80-98-100-112-110-79-1
102965 4099 1-40-59-70-64-3-74-61-14-63-94-84-96-89-102-80-98-100-112-93-79-81-1
83708.1 3784 1-40-59-70-64-3-74-61-14-63-94-84-96-89-102-80-98-100-112-110-1
93037.9 4019 1-40-59-70-64-3-74-61-14-63-94-84-96-89-102-80-98-100-112-85-91-1
90581.1 4052 1-40-59-70-64-3-74-61-14-63-94-84-96-89-102-80-98-100-112-85-109-1
103400 4090 1-40-59-70-64-3-74-61-14-63-94-84-96-89-102-80-98-100-112-85-88-1
101453 4080 1-40-59-70-64-3-74-61-14-63-94-84-96-89-102-80-98-100-112-85-108-1
105356 3972 1-40-59-70-64-3-74-61-14-63-94-84-96-89-102-80-98-100-112-85-81-1
107923 3904 1-40-59-70-64-3-74-61-14-63-94-84-96-89-102-80-98-100-112-85-79-1
114883 4093 1-40-59-70-64-3-74-61-14-63-94-84-96-89-102-80-98-100-112-85-86-1
117731 4050 1-40-59-70-64-3-74-61-14-63-94-84-96-89-102-80-98-100-112-85-87-1
87972 4017 1-40-59-70-64-3-74-61-14-63-94-84-96-89-102-80-98-100-112-77-1
90730.8 4055 1-40-59-70-64-3-74-61-14-63-94-84-96-89-102-80-98-100-112-108-81-1
92840.7 3987 1-40-59-70-64-3-74-61-14-63-94-84-96-89-102-80-98-100-112-108-79-1
98934.3 3913 1-40-59-70-64-3-74-61-14-63-94-84-96-89-102-80-98-100-112-108-93-1
86363 3693 1-40-59-70-64-3-74-61-14-63-94-84-96-89-102-80-98-100-112-108-1
92885.8 3915 1-40-59-70-64-3-74-61-14-63-94-84-96-89-102-80-98-100-112-103-1
86600.1 3978 1-40-59-70-64-3-74-61-14-63-94-84-96-89-102-80-98-100-112-92-1
94045.5 4065 1-40-59-70-64-3-74-61-14-63-94-84-96-89-102-80-98-100-112-88-81-1
96952.2 3997 1-40-59-70-64-3-74-61-14-63-94-84-96-89-102-80-98-100-112-88-79-1
99192.4 3923 1-40-59-70-64-3-74-61-14-63-94-84-96-89-102-80-98-100-112-88-93-1
102195 4085 1-40-59-70-64-3-74-61-14-63-94-84-96-89-102-80-98-100-112-105-93-1
108027 4090 1-40-59-70-64-3-74-61-14-63-94-84-96-89-102-80-98-100-112-88-85-1
90391.3 3865 1-40-59-70-64-3-74-61-14-63-94-84-96-89-102-80-98-100-112-105-1
90843 4055 1-40-59-70-64-3-74-61-14-63-94-84-96-89-102-80-98-100-112-81-108-1
107393 4099 1-40-59-70-64-3-74-61-14-63-94-84-96-89-102-80-98-100-112-81-79-93-1
97185.9 4091 1-40-59-70-64-3-74-61-14-63-94-84-96-89-102-80-98-100-112-81-113-1
95316.2 4065 1-40-59-70-64-3-74-61-14-63-94-84-96-89-102-80-98-100-112-81-88-1
100651 4068 1-40-59-70-64-3-74-61-14-63-94-84-96-89-102-80-98-100-112-81-86-1
103113 4025 1-40-59-70-64-3-74-61-14-63-94-84-96-89-102-80-98-100-112-81-87-1
102496 4092 1-40-59-70-64-3-74-61-14-63-94-84-96-89-102-80-98-100-112-81-107-1
93176.3 4027 1-40-59-70-64-3-74-61-14-63-94-84-96-89-102-80-98-100-112-81-109-1
98994.8 3994 1-40-59-70-64-3-74-61-14-63-94-84-96-89-102-80-98-100-112-81-91-1
93648.6 3879 1-40-59-70-64-3-74-61-14-63-94-84-96-89-102-80-98-100-112-81-79-1
111254 3972 1-40-59-70-64-3-74-61-14-63-94-84-96-89-102-80-98-100-112-81-85-1
90975.2 3703 1-40-59-70-64-3-74-61-14-63-94-84-96-89-102-80-98-100-112-88-1
97451.8 4023 1-40-59-70-64-3-74-61-14-63-94-84-96-89-102-80-98-100-112-79-113-1
93623.7 3987 1-40-59-70-64-3-74-61-14-63-94-84-96-89-102-80-98-100-112-79-108-1
101045 4000 1-40-59-70-64-3-74-61-14-63-94-84-96-89-102-80-98-100-112-79-86-1
102274 3957 1-40-59-70-64-3-74-61-14-63-94-84-96-89-102-80-98-100-112-79-87-1
101194 4024 1-40-59-70-64-3-74-61-14-63-94-84-96-89-102-80-98-100-112-79-107-1
21248.6 31 1-13-71-54-46-72-15-65-20
51651.6 30 1-13-71-54-46-72-15-65-21-57
27096.1 104 1-13-71-54-46-72-15-65-41
29290.5 93 1-13-71-54-46-72-15-65-66
51138.2 106 1-13-71-54-46-72-15-65-29-57
52267.7 41 1-13-71-54-46-72-15-65-29-28
55175.8 49 1-13-71-54-46-72-15-65-29-33
22967.3 155 1-13-71-54-46-72-15-65-21
33621.7 104 1-13-71-54-46-72-15-65-55
47391.4 54 1-13-71-54-46-72-15-65-16-57
33359.4 231 1-13-71-54-46-72-15-65-29
35146.1 69 1-13-71-54-46-72-15-65-24
35910.9 54 1-13-71-54-46-72-15-65-7
38707.5 8 1-13-71-54-46-72-15-65-9-33
55048.6 65 1-13-71-54-46-72-15-65-9-57
34523.5 179 1-13-71-54-46-72-15-65-16
44185.2 112 1-13-71-54-46-72-15-65-33-28
40530.3 8 1-13-71-54-46-72-15-65-33-9
60366.9 49 1-13-71-54-46-72-15-65-33-29
36727.7 190 1-13-71-54-46-72-15-65-9
39102.6 43 1-13-71-54-46-72-15-65-45
39274 58 1-13-71-54-46-72-15-65-37
45329.3 112 1-13-71-54-46-72-15-65-28-33
58602.9 41 1-13-71-54-46-72-15-65-28-29
53606.5 16 1-13-71-54-46-72-15-65-62-57
41013.6 75 1-13-71-54-46-72-15-65-69
42999.9 35 1-13-71-54-46-72-15-65-67
43233.7 4 1-13-71-54-46-72-15-65-31
43289.5 51 1-13-71-54-46-72-15-65-8
57651.5 169 1-13-71-54-46-72-15-65-57-28
58786.3 54 1-13-71-54-46-72-15-65-57-16
63286.1 177 1-13-71-54-46-72-15-65-57-33
63697.2 106 1-13-71-54-46-72-15-65-57-29
64239.3 65 1-13-71-54-46-72-15-65-57-9
74602.7 30 1-13-71-54-46-72-15-65-57-21
40153.1 141 1-13-71-54-46-72-15-65-62
47810 102 1-13-71-54-46-72-15-65-22
20377.9 75 1-13-71-54-46-72-15-10-41
24260.5 64 1-13-71-54-46-72-15-10-66
54624.9 1 1-13-71-54-46-72-15-10-21-57
44640.9 77 1-13-71-54-46-72-15-10-29-57
45770.3 12 1-13-71-54-46-72-15-10-29-28
48678.5 20 1-13-71-54-46-72-15-10-29-33
25940.6 126 1-13-71-54-46-72-15-10-21
28043.3 75 1-13-71-54-46-72-15-10-55
42488.1 25 1-13-71-54-46-72-15-10-16-57
26862 202 1-13-71-54-46-72-15-10-29
30105.5 2 1-13-71-54-46-72-15-10-20
30254.3 40 1-13-71-54-46-72-15-10-24
35913.7 46 1-13-71-54-46-72-15-10-69
36491.7 14 1-13-71-54-46-72-15-10-45
37705.1 25 1-13-71-54-46-72-15-10-7
57529.6 36 1-13-71-54-46-72-15-10-9-57
29620.2 150 1-13-71-54-46-72-15-10-16
39554.9 29 1-13-71-54-46-72-15-10-37
45198.2 83 1-13-71-54-46-72-15-10-28-33
58471.8 12 1-13-71-54-46-72-15-10-28-29
39208.7 161 1-13-71-54-46-72-15-10-9
46220.8 83 1-13-71-54-46-72-15-10-33-28
62402.6 20 1-13-71-54-46-72-15-10-33-29
64156.5 3919 1-13-71-54-46-72-15-10-41-76-90-99-110-92-108-1
69072.9 4078 1-13-71-54-46-72-15-10-41-76-90-99-110-92-91-93-1
68775 4057 1-13-71-54-46-72-15-10-41-76-90-99-110-92-82-1
82067 3963 1-13-71-54-46-72-15-10-41-76-90-99-110-92-79-93-1
64655.4 3858 1-13-71-54-46-72-15-10-41-76-90-99-110-92-91-1
67953.9 4091 1-13-71-54-46-72-15-10-41-76-90-99-110-92-105-1
80106.5 4031 1-13-71-54-46-72-15-10-41-76-90-99-110-92-81-93-1
68144.4 3811 1-13-71-54-46-72-15-10-41-76-90-99-110-92-81-1
68890.2 4078 1-13-71-54-46-72-15-10-41-76-90-99-110-92-93-91-1
77667.8 4056 1-13-71-54-46-72-15-10-41-76-90-99-110-92-93-85-1
80489.5 4031 1-13-71-54-46-72-15-10-41-76-90-99-110-92-93-81-1
38961.9 98 1-16-24-55-60-19-52-53-29-57
40091.4 33 1-16-24-55-60-19-52-53-29-28
42999.5 41 1-16-24-55-60-19-52-53-29-33
21332.1 67 1-16-24-55-60-19-52-53-69
23708.7 85 1-16-24-55-60-19-52-53-66
26158.9 35 1-16-24-55-60-19-52-53-45
40838.5 161 1-16-24-55-60-19-52-53-57-28
42558.7 8 1-16-24-55-60-19-52-53-57-62
46473.1 169 1-16-24-55-60-19-52-53-57-33
47426.3 57 1-16-24-55-60-19-52-53-57-9
57789.7 22 1-16-24-55-60-19-52-53-57-21
21183.1 223 1-16-24-55-60-19-52-53-29
31340.2 43 1-16-24-55-60-19-52-53-8
37963.8 104 1-16-24-55-60-19-52-53-28-33
51237.4 33 1-16-24-55-60-19-52-53-28-29
46884.2 98 1-16-24-55-60-19-52-53-57-29
78782.6 3986 1-16-24-55-60-19-52-53-29-103-85-93-91-77-88-105-81-1
81681.7 3918 1-16-24-55-60-19-52-53-29-103-85-93-91-77-88-105-79-1
91163.8 4064 1-16-24-55-60-19-52-53-29-103-85-93-91-77-88-105-87-1
91591 4078 1-16-24-55-60-19-52-53-29-103-85-93-91-77-88-81-79-87-1
78900.4 3986 1-16-24-55-60-19-52-53-29-103-85-93-91-77-88-81-105-1
85197.5 3850 1-16-24-55-60-19-52-53-29-103-85-93-91-77-88-81-113-1
83840.9 3952 1-16-24-55-60-19-52-53-29-103-85-93-91-77-88-81-82-1
88662.4 3827 1-16-24-55-60-19-52-53-29-103-85-93-91-77-88-81-86-1
91124.8 3784 1-16-24-55-60-19-52-53-29-103-85-93-91-77-88-81-87-1
88750.8 4081 1-16-24-55-60-19-52-53-29-103-85-93-91-77-88-81-83-1
90507.4 3851 1-16-24-55-60-19-52-53-29-103-85-93-91-77-88-81-107-1
78359.9 3624 1-16-24-55-60-19-52-53-29-103-85-93-91-77-88-105-1
83829.3 3884 1-16-24-55-60-19-52-53-29-103-85-93-91-77-88-79-82-1
86757 3782 1-16-24-55-60-19-52-53-29-103-85-93-91-77-88-79-113-1
83763.9 3918 1-16-24-55-60-19-52-53-29-103-85-93-91-77-88-79-105-1
90349.9 3759 1-16-24-55-60-19-52-53-29-103-85-93-91-77-88-79-86-1
88743.3 4013 1-16-24-55-60-19-52-53-29-103-85-93-91-77-88-79-83-1
91578.9 3716 1-16-24-55-60-19-52-53-29-103-85-93-91-77-88-79-87-1
90498.9 3783 1-16-24-55-60-19-52-53-29-103-85-93-91-77-88-79-107-1
27446.4 136 1-45-51-27-57-11-44-39-28
32796 144 1-45-51-27-57-11-44-39-33
34142 32 1-45-51-27-57-11-44-39-9
32990.4 35 1-45-51-27-57-11-44-32-28-33
27490.9 25 1-45-51-27-57-11-44-32-22
28597 64 1-45-51-27-57-11-44-32-62
61499 3937 1-45-51-27-57-11-44-39-28-81-79-82-113-86-87-107-83-1
34867 12 1-66-34-43-21-65-20-30-35
44648.9 95 1-66-34-43-21-65-20-30-7
46972.3 49 1-66-34-43-21-65-20-30-9-33
44992.5 231 1-66-34-43-21-65-20-30-9
48649.9 99 1-66-34-43-21-65-20-30-37
49315 182 1-66-34-43-21-65-20-30-62
52762.2 76 1-66-34-43-21-65-20-30-67
53305.5 29 1-66-34-43-21-65-20-30-47
53668.1 92 1-66-34-43-21-65-20-30-8
53976.6 116 1-66-34-43-21-65-20-30-69
54323.2 20 1-66-34-43-21-65-20-30-42
55441.9 45 1-66-34-43-21-65-20-30-31
57099.6 143 1-66-34-43-21-65-20-30-22
50617.1 166 1-66-34-43-21-65-20-35-9-33
54186.5 5 1-66-34-43-21-65-20-35-9-62
39366.2 12 1-66-34-43-21-65-20-35-30
51837.8 30 1-66-34-43-21-65-20-35-7-33
48956.8 212 1-66-34-43-21-65-20-35-7
53480.7 30 1-66-34-43-21-65-20-35-33-7
54668.3 117 1-66-34-43-21-65-20-35-33-62
55139.7 34 1-66-34-43-21-65-20-35-33-37
58900.7 11 1-66-34-43-21-65-20-35-33-67
61469.3 78 1-66-34-43-21-65-20-35-33-22
61472.1 27 1-66-34-43-21-65-20-35-33-8
70173.1 51 1-66-34-43-21-65-20-35-33-69
25875.3 121 1-56-25-8-32-18-26-33
27295 9 1-56-25-8-32-18-26-9
28089.9 74 1-56-25-8-32-18-67-47-33
27073.1 115 1-56-25-8-32-18-67-62-9
29308.6 27 1-56-25-8-32-18-67-62-22
21199.5 256 1-56-25-8-32-18-67-47
26128.9 144 1-56-25-8-32-18-67-37-33
27249.7 32 1-56-25-8-32-18-67-37-9
21588.8 326 1-56-25-8-32-18-67-37
26904.1 12 1-56-25-8-32-18-67-12-33
30333.8 27 1-56-25-8-32-18-67-22-62
35324.4 76 1-56-25-8-32-18-67-22-9
21773.9 194 1-56-25-8-32-18-67-12
26204.7 26 1-56-25-8-32-18-67-23-33
23944.4 208 1-56-25-8-32-18-67-23
27542.8 276 1-56-25-8-32-18-67-33-9
27823.3 26 1-56-25-8-32-18-67-33-23
28444 140 1-56-25-8-32-18-67-33-7
29631.6 227 1-56-25-8-32-18-67-33-62
30103.1 144 1-56-25-8-32-18-67-33-37
30693.2 12 1-56-25-8-32-18-67-33-12
32453.3 74 1-56-25-8-32-18-67-33-47
43603.9 90 1-56-25-8-32-18-67-33-31
45136.4 161 1-56-25-8-32-18-67-33-69
47859.4 65 1-56-25-8-32-18-67-33-42
28091.7 28 1-56-25-8-32-18-67-7-9
36432.6 188 1-56-25-8-32-18-67-33-22
26095.9 322 1-56-25-8-32-18-67-7
26487.3 15 1-56-25-8-32-18-67-38
29054.6 28 1-56-25-8-32-18-67-9-7
32607.9 115 1-56-25-8-32-18-67-9-62
32719.6 32 1-56-25-8-32-18-67-9-37
39834.2 76 1-56-25-8-32-18-67-9-22
46776.5 49 1-56-25-8-32-18-67-9-69
18771.9 1 1-38-7-48-9-33-23-6-37
19105 84 1-38-7-48-9-33-23-6-62
26886.8 45 1-38-7-48-9-33-23-6-22
33858.8 18 1-38-7-48-9-33-23-6-69
19688.8 270 1-38-7-48-9-33-23-37-12
27778.4 103 1-38-7-48-9-33-23-37-62-22
34528 5 1-38-7-48-9-33-23-37-62-31
36579.7 76 1-38-7-48-9-33-23-37-62-69
20039.7 1 1-38-7-48-9-33-23-37-6
46475.2 37 1-38-7-48-9-33-23-37-22-69
44531.3 319 1-12-62-26-22-31-69-58
45231.1 458 1-12-62-26-22-31-69-2
68299.2 369 1-12-62-26-22-31-69-75
43457.8 156 1-12-62-26-22-31-2-58
47307.1 362 1-12-62-26-22-31-2-42
73032.8 206 1-12-62-26-22-31-2-75
45807.6 319 1-12-62-26-22-31-58-69
46446.7 223 1-12-62-26-22-31-58-42
72732.2 67 1-12-62-26-22-31-58-75
48688.7 223 1-12-62-26-22-31-42-58
49987.9 362 1-12-62-26-22-31-42-2
72663.3 273 1-12-62-26-22-31-42-75
43896.6 156 1-12-62-26-22-31-58-2
92070.6 369 1-12-62-26-22-31-75-69
92916.5 273 1-12-62-26-22-31-75-42
95966.7 206 1-12-62-26-22-31-75-2
