36192.5 30 1-5-4-50-49-17-36-68-45-51-73-13
32238.1 36 1-5-4-50-49-17-36-68-45-51-57-28
56945.7 16 1-5-4-50-49-17-36-68-45-51-57-13-61-63
48978.9 56 1-5-4-50-49-17-36-68-45-51-57-13-63
48896.9 4 1-5-4-50-49-17-36-68-45-51-57-33-61
37872.8 44 1-5-4-50-49-17-36-68-45-51-57-33
53035.9 4 1-5-4-50-49-17-36-68-45-51-57-61-33
53512.8 72 1-5-4-50-49-17-36-68-45-51-57-61-63
60527 56 1-5-4-50-49-17-36-68-45-51-57-63-13
48965.3 112 1-5-4-50-49-17-36-68-45-51-57-63
48776.9 7 1-5-4-50-49-17-36-68-45-51-28-61-63
36133.9 36 1-5-4-50-49-17-36-68-45-51-28-57
74465.2 5196 1-5-4-50-49-17-36-68-45-51-57-28-108-105-81-79-82-113-86-87-107-83-112-1
112392 5193 1-5-4-50-49-17-36-68-45-51-57-28-108-105-81-79-82-113-86-87-107-106-111-112-97-1
87307.1 5160 1-5-4-50-49-17-36-68-45-51-57-28-108-105-81-79-82-113-86-87-107-106-111-112-1
106824 5187 1-5-4-50-49-17-36-68-45-51-57-28-108-105-81-79-82-113-86-87-107-106-111-84-1
105762 5197 1-5-4-50-49-17-36-68-45-51-57-28-108-105-81-79-82-113-86-87-107-106-111-100-1
105367 5193 1-5-4-50-49-17-36-68-45-51-57-28-108-105-81-79-82-113-86-87-107-106-111-97-112-1
80556 5184 1-5-4-50-49-17-36-68-45-51-57-28-108-105-81-79-82-113-86-87-107-106-110-1
88962 5198 1-5-4-50-49-17-36-68-45-51-57-28-108-105-81-79-82-113-86-87-107-106-112-80-1
99247.1 5173 1-5-4-50-49-17-36-68-45-51-57-28-108-105-81-79-82-113-86-87-107-106-112-102-100-1
108408 5196 1-5-4-50-49-17-36-68-45-51-57-28-108-105-81-79-82-113-86-87-107-106-112-102-84-97-1
101414 5163 1-5-4-50-49-17-36-68-45-51-57-28-108-105-81-79-82-113-86-87-107-106-112-102-84-1
89834.5 5179 1-5-4-50-49-17-36-68-45-51-57-28-108-105-81-79-82-113-86-87-107-106-112-91-1
111785 5196 1-5-4-50-49-17-36-68-45-51-57-28-108-105-81-79-82-113-86-87-107-106-112-102-97-84-1
107092 5174 1-5-4-50-49-17-36-68-45-51-57-28-108-105-81-79-82-113-86-87-107-106-112-93-100-1
123285 5197 1-5-4-50-49-17-36-68-45-51-57-28-108-105-81-79-82-113-86-87-107-106-112-93-84-97-1
116291 5164 1-5-4-50-49-17-36-68-45-51-57-28-108-105-81-79-82-113-86-87-107-106-112-93-84-1
127531 5197 1-5-4-50-49-17-36-68-45-51-57-28-108-105-81-79-82-113-86-87-107-106-112-93-97-84-1
98300.1 5173 1-5-4-50-49-17-36-68-45-51-57-28-108-105-81-79-82-113-86-87-107-106-112-100-102-1
105370 5174 1-5-4-50-49-17-36-68-45-51-57-28-108-105-81-79-82-113-86-87-107-106-112-100-93-1
118220 5190 1-5-4-50-49-17-36-68-45-51-57-28-108-105-81-79-82-113-86-87-107-106-112-85-97-1
117179 5196 1-5-4-50-49-17-36-68-45-51-57-28-108-105-81-79-82-113-86-87-107-106-112-84-102-97-1
121495 5161 1-5-4-50-49-17-36-68-45-51-57-28-108-105-81-79-82-113-86-87-107-106-112-84-97-100-1
127036 5197 1-5-4-50-49-17-36-68-45-51-57-28-108-105-81-79-82-113-86-87-107-106-112-84-97-93-1
101694 5163 1-5-4-50-49-17-36-68-45-51-57-28-108-105-81-79-82-113-86-87-107-106-112-84-102-1
107902 5128 1-5-4-50-49-17-36-68-45-51-57-28-108-105-81-79-82-113-86-87-107-106-112-84-100-1
115797 5164 1-5-4-50-49-17-36-68-45-51-57-28-108-105-81-79-82-113-86-87-107-106-112-84-93-1
97220.6 5157 1-5-4-50-49-17-36-68-45-51-57-28-108-105-81-79-82-113-86-87-107-106-112-85-1
106218 5071 1-5-4-50-49-17-36-68-45-51-57-28-108-105-81-79-82-113-86-87-107-106-112-97-89-1
106146 5022 1-5-4-50-49-17-36-68-45-51-57-28-108-105-81-79-82-113-86-87-107-106-112-97-102-1
110612 5196 1-5-4-50-49-17-36-68-45-51-57-28-108-105-81-79-82-113-86-87-107-106-112-97-84-102-1
124715 5197 1-5-4-50-49-17-36-68-45-51-57-28-108-105-81-79-82-113-86-87-107-106-112-97-84-93-1
50142.9 48 1-40-59-70-64-3-74-61-14-30-20-33
45634.6 56 1-40-59-70-64-3-74-61-14-30-35-63
54568.1 60 1-40-59-70-64-3-74-61-14-30-20-13-63
33213.8 22 1-40-59-70-64-3-74-61-14-30-75
33474.4 17 1-40-59-70-64-3-74-61-14-30-65
41857.5 18 1-40-59-70-64-3-74-61-14-30-72-63
64712.1 2 1-40-59-70-64-3-74-61-14-30-63-21-13-33
61952.5 58 1-40-59-70-64-3-74-61-14-30-63-21-33
39939.2 43 1-40-59-70-64-3-74-61-14-30-63-43
42899.2 18 1-40-59-70-64-3-74-61-14-30-63-72
65320.8 7 1-40-59-70-64-3-74-61-14-30-63-41-33
62349.9 38 1-40-59-70-64-3-74-61-14-30-63-54-13-33
54181.9 23 1-40-59-70-64-3-74-61-14-30-63-54-29
60644.5 94 1-40-59-70-64-3-74-61-14-30-63-54-33
63964.1 11 1-40-59-70-64-3-74-61-14-30-63-54-73
48561.6 15 1-40-59-70-64-3-74-61-14-30-63-71-13
46144.8 71 1-40-59-70-64-3-74-61-14-30-63-71
50042 15 1-40-59-70-64-3-74-61-14-30-63-13-71
65521.7 38 1-40-59-70-64-3-74-61-14-30-63-13-54-33
50989.6 122 1-40-59-70-64-3-74-61-14-30-63-13-66
70807.4 26 1-40-59-70-64-3-74-61-14-30-63-13-16-33
50107.7 220 1-40-59-70-64-3-74-61-14-30-63-13-54
53646.7 133 1-40-59-70-64-3-74-61-14-30-63-13-55
54125.6 98 1-40-59-70-64-3-74-61-14-30-63-13-24
54810 133 1-40-59-70-64-3-74-61-14-30-63-13-41
77348.9 78 1-40-59-70-64-3-74-61-14-30-63-13-29-33
53581.5 208 1-40-59-70-64-3-74-61-14-30-63-13-16
56976.9 4 1-40-59-70-64-3-74-61-14-30-63-13-52
59425.6 83 1-40-59-70-64-3-74-61-14-30-63-13-7
83429.8 2 1-40-59-70-64-3-74-61-14-30-63-13-21-33
59588.9 184 1-40-59-70-64-3-74-61-14-30-63-13-21
59657.7 60 1-40-59-70-64-3-74-61-14-30-63-13-20
59818.7 104 1-40-59-70-64-3-74-61-14-30-63-13-69
60177.5 8 1-40-59-70-64-3-74-61-14-30-63-13-42
60747.2 87 1-40-59-70-64-3-74-61-14-30-63-13-37
63138 37 1-40-59-70-64-3-74-61-14-30-63-13-9-33
91404.9 5127 1-40-59-70-64-3-74-61-14-30-75-85-100-98-80-102-89-76-101-96-97-84-94-109-1
98860.9 5094 1-40-59-70-64-3-74-61-14-30-75-85-100-98-80-102-89-76-101-96-97-84-94-91-1
108966 5165 1-40-59-70-64-3-74-61-14-30-75-85-100-98-80-102-89-76-101-96-97-84-94-88-1
106840 4996 1-40-59-70-64-3-74-61-14-30-75-85-100-98-80-102-89-76-101-96-97-84-94-106-1
110892 5075 1-40-59-70-64-3-74-61-14-30-75-85-100-98-80-102-89-76-101-96-97-84-94-111-1
119394 5179 1-40-59-70-64-3-74-61-14-30-75-85-100-98-80-102-89-76-101-96-97-84-103-93-106-1
101232 5057 1-40-59-70-64-3-74-61-14-30-75-85-100-98-80-102-89-76-101-96-97-84-103-91-1
95546.1 5090 1-40-59-70-64-3-74-61-14-30-75-85-100-98-80-102-89-76-101-96-97-84-103-109-1
111776 5128 1-40-59-70-64-3-74-61-14-30-75-85-100-98-80-102-89-76-101-96-97-84-103-88-1
112386 4959 1-40-59-70-64-3-74-61-14-30-75-85-100-98-80-102-89-76-101-96-97-84-103-106-1
117639 5038 1-40-59-70-64-3-74-61-14-30-75-85-100-98-80-102-89-76-101-96-97-84-103-111-1
97225.3 5130 1-40-59-70-64-3-74-61-14-30-75-85-100-98-80-102-89-76-101-96-97-84-99-109-1
108618 5078 1-40-59-70-64-3-74-61-14-30-75-85-100-98-80-102-89-76-101-96-97-84-99-111-1
106437 4999 1-40-59-70-64-3-74-61-14-30-75-85-100-98-80-102-89-76-101-96-97-84-99-106-1
108321 5097 1-40-59-70-64-3-74-61-14-30-75-85-100-98-80-102-89-76-101-96-97-84-99-91-1
115211 5168 1-40-59-70-64-3-74-61-14-30-75-85-100-98-80-102-89-76-101-96-97-84-99-88-1
94695.9 5120 1-40-59-70-64-3-74-61-14-30-75-85-100-98-80-102-89-76-101-96-97-84-90-109-1
105147 4989 1-40-59-70-64-3-74-61-14-30-75-85-100-98-80-102-89-76-101-96-97-84-90-106-1
109069 5068 1-40-59-70-64-3-74-61-14-30-75-85-100-98-80-102-89-76-101-96-97-84-90-111-1
105980 5087 1-40-59-70-64-3-74-61-14-30-75-85-100-98-80-102-89-76-101-96-97-84-90-91-1
112605 5158 1-40-59-70-64-3-74-61-14-30-75-85-100-98-80-102-89-76-101-96-97-84-90-88-1
100876 5095 1-40-59-70-64-3-74-61-14-30-75-85-100-98-80-102-89-76-101-96-97-84-110-114-1
102443 5157 1-40-59-70-64-3-74-61-14-30-75-85-100-98-80-102-89-76-101-96-97-84-110-95-1
115211 5179 1-40-59-70-64-3-74-61-14-30-75-85-100-98-80-102-89-76-101-96-97-84-110-109-93-1
131222 5127 1-40-59-70-64-3-74-61-14-30-75-85-100-98-80-102-89-76-101-96-97-84-110-111-93-1
99359.8 4959 1-40-59-70-64-3-74-61-14-30-75-85-100-98-80-102-89-76-101-96-97-84-110-109-1
127500 5048 1-40-59-70-64-3-74-61-14-30-75-85-100-98-80-102-89-76-101-96-97-84-110-106-93-1
108699 4907 1-40-59-70-64-3-74-61-14-30-75-85-100-98-80-102-89-76-101-96-97-84-110-111-1
115101 5146 1-40-59-70-64-3-74-61-14-30-75-85-100-98-80-102-89-76-101-96-97-84-110-91-93-1
110684 4926 1-40-59-70-64-3-74-61-14-30-75-85-100-98-80-102-89-76-101-96-97-84-110-91-1
114847 5146 1-40-59-70-64-3-74-61-14-30-75-85-100-98-80-102-89-76-101-96-97-84-110-93-91-1
114743 5179 1-40-59-70-64-3-74-61-14-30-75-85-100-98-80-102-89-76-101-96-97-84-110-93-109-1
139311 5127 1-40-59-70-64-3-74-61-14-30-75-85-100-98-80-102-89-76-101-96-97-84-110-93-111-1
27993.7 35 1-13-71-54-46-72-15-65-63-21-43-34
52869 53 1-13-71-54-46-72-15-65-63-21-43-41-33
34031.5 162 1-13-71-54-46-72-15-65-63-21-43-20
53654.1 42 1-13-71-54-46-72-15-65-63-21-43-66-33
31384.5 235 1-13-71-54-46-72-15-65-63-21-43-41
43303.7 57 1-13-71-54-46-72-15-65-63-21-43-29-16
55002.8 97 1-13-71-54-46-72-15-65-63-21-43-29-73
58358.3 19 1-13-71-54-46-72-15-65-63-21-43-29-62
58838.9 68 1-13-71-54-46-72-15-65-63-21-43-29-9
59648.3 180 1-13-71-54-46-72-15-65-63-21-43-29-33
35685.6 224 1-13-71-54-46-72-15-65-63-21-43-66
58321.1 53 1-13-71-54-46-72-15-65-63-21-43-55-33
39472.7 235 1-13-71-54-46-72-15-65-63-21-43-55
53326.9 45 1-13-71-54-46-72-15-65-63-21-43-16-73
57820.4 16 1-13-71-54-46-72-15-65-63-21-43-16-9
58316.2 128 1-13-71-54-46-72-15-65-63-21-43-16-33
97234.3 4826 1-13-71-54-46-72-15-65-63-21-43-34-103-93-91-77-88-106-78-111-95-1
100882 4931 1-13-71-54-46-72-15-65-63-21-43-34-103-93-91-77-88-106-78-111-104-1
100818 4764 1-13-71-54-46-72-15-65-63-21-43-34-103-93-91-77-88-106-78-111-114-1
101765 4941 1-13-71-54-46-72-15-65-63-21-43-34-103-93-91-77-88-106-78-111-92-1
101863 4747 1-13-71-54-46-72-15-65-63-21-43-34-103-93-91-77-88-106-78-111-110-1
99200.7 4908 1-13-71-54-46-72-15-65-63-21-43-34-103-93-91-77-88-106-78-111-90-1
103374 4918 1-13-71-54-46-72-15-65-63-21-43-34-103-93-91-77-88-106-78-111-99-1
101077 5181 1-13-71-54-46-72-15-65-63-21-43-34-103-93-91-77-88-106-78-95-104-1
98916.8 5014 1-13-71-54-46-72-15-65-63-21-43-34-103-93-91-77-88-106-78-95-114-1
99854.5 5191 1-13-71-54-46-72-15-65-63-21-43-34-103-93-91-77-88-106-78-95-92-1
100132 4997 1-13-71-54-46-72-15-65-63-21-43-34-103-93-91-77-88-106-78-95-110-1
101712 5168 1-13-71-54-46-72-15-65-63-21-43-34-103-93-91-77-88-106-78-95-99-1
98312.6 5158 1-13-71-54-46-72-15-65-63-21-43-34-103-93-91-77-88-106-78-95-90-1
27474.2 90 1-16-24-55-60-19-52-53-42-69-2
27630.4 182 1-16-24-55-60-19-52-53-42-69-31
44051 15 1-16-24-55-60-19-52-53-42-69-73-22
44393.3 54 1-16-24-55-60-19-52-53-42-69-73-62
48383.8 144 1-16-24-55-60-19-52-53-42-69-73-29
48640.5 6 1-16-24-55-60-19-52-53-42-69-73-66
49163.5 103 1-16-24-55-60-19-52-53-42-69-73-9
53156.5 17 1-16-24-55-60-19-52-53-42-69-73-41
31372.3 105 1-16-24-55-60-19-52-53-42-69-27
38686 18 1-16-24-55-60-19-52-53-42-69-29-66
40403.1 29 1-16-24-55-60-19-52-53-42-69-29-41
54270.1 66 1-16-24-55-60-19-52-53-42-69-29-62
54750.8 115 1-16-24-55-60-19-52-53-42-69-29-9
50914.6 144 1-16-24-55-60-19-52-53-42-69-29-73
59667.5 27 1-16-24-55-60-19-52-53-42-69-29-22
34258.7 41 1-16-24-55-60-19-52-53-42-69-44
34409.6 89 1-16-24-55-60-19-52-53-42-69-56
52934.7 6 1-16-24-55-60-19-52-53-42-69-66-73
53475.6 89 1-16-24-55-60-19-52-53-42-69-66-33
46469.2 47 1-16-24-55-60-19-52-53-42-69-8-33
40449.5 18 1-16-24-55-60-19-52-53-42-69-66-29
35596.8 229 1-16-24-55-60-19-52-53-42-69-8
35596.4 26 1-16-24-55-60-19-52-53-42-69-25
36341.1 80 1-16-24-55-60-19-52-53-42-69-32
38236.6 104 1-16-24-55-60-19-52-53-42-69-12
46564.1 31 1-16-24-55-60-19-52-53-42-69-67-33
35507.2 271 1-16-24-55-60-19-52-53-42-69-66
43610.6 54 1-16-24-55-60-19-52-53-42-69-37-33
38263.1 213 1-16-24-55-60-19-52-53-42-69-67
46190 29 1-16-24-55-60-19-52-53-42-69-41-29
61015.1 100 1-16-24-55-60-19-52-53-42-69-41-33
61474.3 17 1-16-24-55-60-19-52-53-42-69-41-73
39070.5 236 1-16-24-55-60-19-52-53-42-69-37
44212.9 137 1-16-24-55-60-19-52-53-42-69-62-33
45693.4 25 1-16-24-55-60-19-52-53-42-69-62-9
53324.6 54 1-16-24-55-60-19-52-53-42-69-62-73
60670.5 66 1-16-24-55-60-19-52-53-42-69-62-29
39530.7 282 1-16-24-55-60-19-52-53-42-69-41
40880.9 118 1-16-24-55-60-19-52-53-42-69-23
44194.4 50 1-16-24-55-60-19-52-53-42-69-7-33
40144.2 319 1-16-24-55-60-19-52-53-42-69-62
42146.2 166 1-16-24-55-60-19-52-53-42-69-47
42194.1 3 1-16-24-55-60-19-52-53-42-69-48
53590.7 98 1-16-24-55-60-19-52-53-42-69-22-33
55559.1 15 1-16-24-55-60-19-52-53-42-69-22-73
68644.8 27 1-16-24-55-60-19-52-53-42-69-22-29
41313.3 232 1-16-24-55-60-19-52-53-42-69-7
45111.4 186 1-16-24-55-60-19-52-53-42-69-33-9
46012.7 50 1-16-24-55-60-19-52-53-42-69-33-7
47200.3 137 1-16-24-55-60-19-52-53-42-69-33-62
47671.7 54 1-16-24-55-60-19-52-53-42-69-33-37
51432.7 31 1-16-24-55-60-19-52-53-42-69-33-67
54004 47 1-16-24-55-60-19-52-53-42-69-33-8
60182.2 215 1-16-24-55-60-19-52-53-42-69-33-73
61100.1 89 1-16-24-55-60-19-52-53-42-69-33-66
62300.7 27 1-16-24-55-60-19-52-53-42-69-33-20
64616 100 1-16-24-55-60-19-52-53-42-69-33-41
64948 227 1-16-24-55-60-19-52-53-42-69-33-29
42721.1 280 1-16-24-55-60-19-52-53-42-69-22
48825.1 25 1-16-24-55-60-19-52-53-42-69-9-62
61226.4 103 1-16-24-55-60-19-52-53-42-69-9-73
64282.9 115 1-16-24-55-60-19-52-53-42-69-9-29
54001.3 98 1-16-24-55-60-19-52-53-42-69-33-22
50826.1 4093 1-16-24-55-60-19-52-53-42-69-2-104-114-92-110-99-90-1
47195.4 58 1-66-41-10-29-58-31-73-27-44-11
61869.9 2 1-66-41-10-29-58-31-73-27-44-39-33
61739.6 83 1-66-41-10-29-58-31-73-27-44-32-33
48837.7 184 1-66-41-10-29-58-31-73-27-44-39
57475.4 71 1-66-41-10-29-58-31-73-27-44-8-62
57811 32 1-66-41-10-29-58-31-73-27-44-8-22
62745.3 120 1-66-41-10-29-58-31-73-27-44-8-9
50163.7 265 1-66-41-10-29-58-31-73-27-44-32
51935.9 172 1-66-41-10-29-58-31-73-27-44-18
62318.9 92 1-66-41-10-29-58-31-73-27-44-56-33
52704.7 274 1-66-41-10-29-58-31-73-27-44-56
61943.3 29 1-66-41-10-29-58-31-73-27-44-25-33
57771.4 55 1-66-41-10-29-58-31-73-27-44-67-62
58796.5 16 1-66-41-10-29-58-31-73-27-44-67-22
63306.3 104 1-66-41-10-29-58-31-73-27-44-67-9
53507.6 211 1-66-41-10-29-58-31-73-27-44-25
62969.6 32 1-66-41-10-29-58-31-73-27-44-22-8
63586.2 122 1-66-41-10-29-58-31-73-27-44-22-62
64346 39 1-66-41-10-29-58-31-73-27-44-22-37
61088.5 16 1-66-41-10-29-58-31-73-27-44-22-67
68329.7 35 1-66-41-10-29-58-31-73-27-44-22-7
68576.9 171 1-66-41-10-29-58-31-73-27-44-22-9
84830.2 12 1-66-41-10-29-58-31-73-27-44-22-20
61883.5 107 1-66-41-10-29-58-31-73-27-44-12-33
61145.4 8 1-66-41-10-29-58-31-73-27-44-47-62
63907.2 169 1-66-41-10-29-58-31-73-27-44-47-33
65818.8 57 1-66-41-10-29-58-31-73-27-44-47-9
56753.3 289 1-66-41-10-29-58-31-73-27-44-12
58290 78 1-66-41-10-29-58-31-73-27-44-37-62
62724.9 127 1-66-41-10-29-58-31-73-27-44-37-9
65608.6 39 1-66-41-10-29-58-31-73-27-44-37-22
57016.8 351 1-66-41-10-29-58-31-73-27-44-47
63520.9 28 1-66-41-10-29-58-31-73-27-44-62-33-9
58698.5 78 1-66-41-10-29-58-31-73-27-44-62-37
61601.1 8 1-66-41-10-29-58-31-73-27-44-62-47
61734.3 55 1-66-41-10-29-58-31-73-27-44-62-67
62293.4 74 1-66-41-10-29-58-31-73-27-44-62-7
63021.7 210 1-66-41-10-29-58-31-73-27-44-62-9
64305.1 71 1-66-41-10-29-58-31-73-27-44-62-8
65257.2 122 1-66-41-10-29-58-31-73-27-44-62-22
78734.3 51 1-66-41-10-29-58-31-73-27-44-62-20
58329 20 1-66-41-10-29-58-31-73-27-44-6
61821.8 121 1-66-41-10-29-58-31-73-27-44-23-33
62724.4 9 1-66-41-10-29-58-31-73-27-44-23-9
61172.8 110 1-66-41-10-29-58-31-73-27-44-38
63302.7 123 1-66-41-10-29-58-31-73-27-44-7-9
66127.8 74 1-66-41-10-29-58-31-73-27-44-7-62
73835.1 35 1-66-41-10-29-58-31-73-27-44-7-22
59561.5 303 1-66-41-10-29-58-31-73-27-44-23
69044.1 28 1-66-41-10-29-58-31-73-27-44-33-9-62
63775.3 121 1-66-41-10-29-58-31-73-27-44-33-23
64396.1 235 1-66-41-10-29-58-31-73-27-44-33-7
64732.6 6 1-66-41-10-29-58-31-73-27-44-33-48
65583.7 322 1-66-41-10-29-58-31-73-27-44-33-62
66055.1 239 1-66-41-10-29-58-31-73-27-44-33-37
66645.2 107 1-66-41-10-29-58-31-73-27-44-33-12
68405.4 169 1-66-41-10-29-58-31-73-27-44-33-47
69816.1 216 1-66-41-10-29-58-31-73-27-44-33-67
69950.8 29 1-66-41-10-29-58-31-73-27-44-33-25
71129.2 92 1-66-41-10-29-58-31-73-27-44-33-56
72384.7 283 1-66-41-10-29-58-31-73-27-44-33-22
72387.5 232 1-66-41-10-29-58-31-73-27-44-33-8
73090.9 83 1-66-41-10-29-58-31-73-27-44-33-32
74547.2 2 1-66-41-10-29-58-31-73-27-44-33-39
77612.3 152 1-66-41-10-29-58-31-73-27-44-33-35
80684.1 212 1-66-41-10-29-58-31-73-27-44-33-20
61306.8 417 1-66-41-10-29-58-31-73-27-44-7
62461.6 188 1-66-41-10-29-58-31-73-27-44-48
64706.5 123 1-66-41-10-29-58-31-73-27-44-9-7
65873.5 9 1-66-41-10-29-58-31-73-27-44-9-23
68259.8 210 1-66-41-10-29-58-31-73-27-44-9-62
68371.5 127 1-66-41-10-29-58-31-73-27-44-9-37
71512.6 57 1-66-41-10-29-58-31-73-27-44-9-47
72507.4 104 1-66-41-10-29-58-31-73-27-44-9-67
74813.1 120 1-66-41-10-29-58-31-73-27-44-9-8
75486.1 171 1-66-41-10-29-58-31-73-27-44-9-22
76845.5 40 1-66-41-10-29-58-31-73-27-44-9-35
79965 100 1-66-41-10-29-58-31-73-27-44-9-20
28727.4 109 1-56-25-8-32-39-18-26-67-33
31102 62 1-56-25-8-32-39-18-26-47-33
20426.4 291 1-56-25-8-32-39-18-26-67
29010 132 1-56-25-8-32-39-18-26-37-33
30130.8 20 1-56-25-8-32-39-18-26-37-9
24211.7 244 1-56-25-8-32-39-18-26-47
24487.6 182 1-56-25-8-32-39-18-26-12
30124.2 103 1-56-25-8-32-39-18-26-62-9
32359.7 15 1-56-25-8-32-39-18-26-62-22
24469.9 314 1-56-25-8-32-39-18-26-37
35658.6 176 1-56-25-8-32-39-18-26-22-33
37564.4 64 1-56-25-8-32-39-18-26-22-9
24788.9 358 1-56-25-8-32-39-18-26-22
29172.4 14 1-56-25-8-32-39-18-26-23-33
30619.3 264 1-56-25-8-32-39-18-26-33-9
31520.5 128 1-56-25-8-32-39-18-26-33-7
32708.1 215 1-56-25-8-32-39-18-26-33-62
33179.6 132 1-56-25-8-32-39-18-26-33-37
35529.9 62 1-56-25-8-32-39-18-26-33-47
36940.5 109 1-56-25-8-32-39-18-26-33-67
39509.1 176 1-56-25-8-32-39-18-26-33-22
44736.8 45 1-56-25-8-32-39-18-26-33-35
47808.5 105 1-56-25-8-32-39-18-26-33-20
26912.1 196 1-56-25-8-32-39-18-26-23
30967.2 16 1-56-25-8-32-39-18-26-7-9
30899.8 14 1-56-25-8-32-39-18-26-33-23
28971.3 310 1-56-25-8-32-39-18-26-7
29229.5 3 1-56-25-8-32-39-18-26-38
32055 16 1-56-25-8-32-39-18-26-9-7
35608.4 103 1-56-25-8-32-39-18-26-9-62
35720 20 1-56-25-8-32-39-18-26-9-37
42834.6 64 1-56-25-8-32-39-18-26-9-22
21837.8 200 1-38-7-48-9-33-23-6-37-12-62
25599.5 47 1-38-7-48-9-33-23-6-37-12-47
28810.4 161 1-38-7-48-9-33-23-6-37-12-22
38430.7 30 1-38-7-48-9-33-23-6-37-12-35
39737.5 90 1-38-7-48-9-33-23-6-37-12-20
24126.6 262 1-38-7-48-9-33-23-6-37-62-47
27782.7 376 1-38-7-48-9-33-23-6-37-62-22
39270 245 1-38-7-48-9-33-23-6-37-62-35
41259.8 305 1-38-7-48-9-33-23-6-37-62-20
27888.3 223 1-38-7-48-9-33-23-6-37-47-22
29815.5 47 1-38-7-48-9-33-23-6-37-47-12
46823.7 92 1-38-7-48-9-33-23-6-37-47-35
49231.4 152 1-38-7-48-9-33-23-6-37-47-20
22142.6 200 1-38-7-48-9-33-23-6-37-62-12
15514.5 5200 1-20
