38362.5 32 1-5-4-50-49-17-36-68-45-51-27-73-57-28-33
65192 4 1-5-4-50-49-17-36-68-45-51-27-73-57-28-61-13-63
57103.9 60 1-5-4-50-49-17-36-68-45-51-27-73-57-28-61-63
57368.9 44 1-5-4-50-49-17-36-68-45-51-27-73-57-28-13-63
104707 6108 1-5-4-50-49-17-36-68-45-51-27-73-57-28-33-77-91-93-85-100-98-80-102-89-76-101-96-97-84-94-1
109992 6071 1-5-4-50-49-17-36-68-45-51-27-73-57-28-33-77-91-93-85-100-98-80-102-89-76-101-96-97-84-103-1
107337 6111 1-5-4-50-49-17-36-68-45-51-27-73-57-28-33-77-91-93-85-100-98-80-102-89-76-101-96-97-84-99-1
106949 5968 1-5-4-50-49-17-36-68-45-51-27-73-57-28-33-77-91-93-85-100-98-80-102-89-76-101-96-97-84-112-109-1
117966 6087 1-5-4-50-49-17-36-68-45-51-27-73-57-28-33-77-91-93-85-100-98-80-102-89-76-101-96-97-84-112-110-1
120621 5996 1-5-4-50-49-17-36-68-45-51-27-73-57-28-33-77-91-93-85-100-98-80-102-89-76-101-96-97-84-112-108-1
125233 6006 1-5-4-50-49-17-36-68-45-51-27-73-57-28-33-77-91-93-85-100-98-80-102-89-76-101-96-97-84-112-88-1
124649 6168 1-5-4-50-49-17-36-68-45-51-27-73-57-28-33-77-91-93-85-100-98-80-102-89-76-101-96-97-84-112-105-1
127907 6182 1-5-4-50-49-17-36-68-45-51-27-73-57-28-33-77-91-93-85-100-98-80-102-89-76-101-96-97-84-112-81-79-1
133479 6199 1-5-4-50-49-17-36-68-45-51-27-73-57-28-33-77-91-93-85-100-98-80-102-89-76-101-96-97-84-112-81-106-1
134713 6131 1-5-4-50-49-17-36-68-45-51-27-73-57-28-33-77-91-93-85-100-98-80-102-89-76-101-96-97-84-112-106-79-1
124988 5888 1-5-4-50-49-17-36-68-45-51-27-73-57-28-33-77-91-93-85-100-98-80-102-89-76-101-96-97-84-112-81-1
125261 6104 1-5-4-50-49-17-36-68-45-51-27-73-57-28-33-77-91-93-85-100-98-80-102-89-76-101-96-97-84-112-114-1
125046 6166 1-5-4-50-49-17-36-68-45-51-27-73-57-28-33-77-91-93-85-100-98-80-102-89-76-101-96-97-84-112-95-1
128578 6182 1-5-4-50-49-17-36-68-45-51-27-73-57-28-33-77-91-93-85-100-98-80-102-89-76-101-96-97-84-112-79-81-1
135829 6199 1-5-4-50-49-17-36-68-45-51-27-73-57-28-33-77-91-93-85-100-98-80-102-89-76-101-96-97-84-112-106-81-1
51446 14 1-40-59-70-64-3-74-61-14-30-20-65-63-41-13
44261.2 70 1-40-59-70-64-3-74-61-14-30-20-65-63-41
50827.8 3 1-40-59-70-64-3-74-61-14-30-20-65-63-66-13
50532.4 101 1-40-59-70-64-3-74-61-14-30-20-65-63-13-54
54006.2 89 1-40-59-70-64-3-74-61-14-30-20-65-63-13-16
54071.4 14 1-40-59-70-64-3-74-61-14-30-20-65-63-13-55
55234.7 14 1-40-59-70-64-3-74-61-14-30-20-65-63-13-41
55957.2 141 1-40-59-70-64-3-74-61-14-30-20-65-63-13-29
60013.6 65 1-40-59-70-64-3-74-61-14-30-20-65-63-13-21
61582.9 100 1-40-59-70-64-3-74-61-14-30-20-65-63-13-9
62332.8 51 1-40-59-70-64-3-74-61-14-30-20-65-63-13-62
69067 12 1-40-59-70-64-3-74-61-14-30-20-65-63-13-22
47463.4 59 1-40-59-70-64-3-74-61-14-30-20-65-63-66
50873.4 197 1-40-59-70-64-3-74-61-14-30-20-65-63-29
51705.8 70 1-40-59-70-64-3-74-61-14-30-20-65-63-55
52921.2 145 1-40-59-70-64-3-74-61-14-30-20-65-63-16
53560.2 35 1-40-59-70-64-3-74-61-14-30-20-65-63-24
56198 20 1-40-59-70-64-3-74-61-14-30-20-65-63-7
57145.5 156 1-40-59-70-64-3-74-61-14-30-20-65-63-9
59302.6 24 1-40-59-70-64-3-74-61-14-30-20-65-63-37
59407.5 41 1-40-59-70-64-3-74-61-14-30-20-65-63-69
60246.9 107 1-40-59-70-64-3-74-61-14-30-20-65-63-62
62839.2 1 1-40-59-70-64-3-74-61-14-30-20-65-63-67
62876.7 17 1-40-59-70-64-3-74-61-14-30-20-65-63-8
67789.6 68 1-40-59-70-64-3-74-61-14-30-20-65-63-22
98258 6109 1-40-59-70-64-3-74-61-14-30-20-65-63-41-99-110-92-114-95-104-111-78-106-107-1
94710.7 6072 1-40-59-70-64-3-74-61-14-30-20-65-63-41-99-110-92-114-95-104-111-78-106-108-1
103678 6111 1-40-59-70-64-3-74-61-14-30-20-65-63-41-99-110-92-114-95-104-111-78-106-81-112-1
110379 6189 1-40-59-70-64-3-74-61-14-30-20-65-63-41-99-110-92-114-95-104-111-78-106-87-112-1
97481.6 5964 1-40-59-70-64-3-74-61-14-30-20-65-63-41-99-110-92-114-95-104-111-78-106-81-1
101166 6108 1-40-59-70-64-3-74-61-14-30-20-65-63-41-99-110-92-114-95-104-111-78-106-113-1
94730.3 6191 1-40-59-70-64-3-74-61-14-30-20-65-63-41-99-110-92-114-95-104-111-78-106-109-112-1
103149 6042 1-40-59-70-64-3-74-61-14-30-20-65-63-41-99-110-92-114-95-104-111-78-106-87-1
104437 6085 1-40-59-70-64-3-74-61-14-30-20-65-63-41-99-110-92-114-95-104-111-78-106-86-1
114035 6111 1-40-59-70-64-3-74-61-14-30-20-65-63-41-99-110-92-114-95-104-111-78-106-112-81-1
115648 6043 1-40-59-70-64-3-74-61-14-30-20-65-63-41-99-110-92-114-95-104-111-78-106-112-79-1
125455 6189 1-40-59-70-64-3-74-61-14-30-20-65-63-41-99-110-92-114-95-104-111-78-106-112-87-1
90980.5 6044 1-40-59-70-64-3-74-61-14-30-20-65-63-41-99-110-92-114-95-104-111-78-106-109-1
101493 6082 1-40-59-70-64-3-74-61-14-30-20-65-63-41-99-110-92-114-95-104-111-78-106-88-1
103913 6175 1-40-59-70-64-3-74-61-14-30-20-65-63-41-99-110-92-114-95-104-111-78-83-112-1
95995.8 6191 1-40-59-70-64-3-74-61-14-30-20-65-63-41-99-110-92-114-95-104-111-78-106-112-109-1
96104.3 6028 1-40-59-70-64-3-74-61-14-30-20-65-63-41-99-110-92-114-95-104-111-78-83-1
92780.9 6160 1-40-59-70-64-3-74-61-14-30-20-65-63-41-99-110-92-114-95-104-111-78-90-112-1
87136.1 6013 1-40-59-70-64-3-74-61-14-30-20-65-63-41-99-110-92-114-95-104-111-78-90-1
100525 6092 1-40-59-70-64-3-74-61-14-30-20-65-63-41-99-110-92-114-95-104-111-78-107-79-1
102498 6160 1-40-59-70-64-3-74-61-14-30-20-65-63-41-99-110-92-114-95-104-111-78-107-81-1
99999.3 6109 1-40-59-70-64-3-74-61-14-30-20-65-63-41-99-110-92-114-95-104-111-78-107-106-1
97138.9 6193 1-40-59-70-64-3-74-61-14-30-20-65-63-41-99-110-92-114-95-104-111-78-82-79-1
98530 6193 1-40-59-70-64-3-74-61-14-30-20-65-63-41-99-110-92-114-95-104-111-78-79-82-1
104521 6094 1-40-59-70-64-3-74-61-14-30-20-65-63-41-99-110-92-114-95-104-111-78-79-81-112-1
101458 6091 1-40-59-70-64-3-74-61-14-30-20-65-63-41-99-110-92-114-95-104-111-78-79-113-1
97629.6 6055 1-40-59-70-64-3-74-61-14-30-20-65-63-41-99-110-92-114-95-104-111-78-79-108-1
105051 6068 1-40-59-70-64-3-74-61-14-30-20-65-63-41-99-110-92-114-95-104-111-78-79-86-1
113510 6172 1-40-59-70-64-3-74-61-14-30-20-65-63-41-99-110-92-114-95-104-111-78-79-87-112-1
98325.3 5947 1-40-59-70-64-3-74-61-14-30-20-65-63-41-99-110-92-114-95-104-111-78-79-81-1
105200 6092 1-40-59-70-64-3-74-61-14-30-20-65-63-41-99-110-92-114-95-104-111-78-79-107-1
102900 6065 1-40-59-70-64-3-74-61-14-30-20-65-63-41-99-110-92-114-95-104-111-78-79-88-1
106280 6025 1-40-59-70-64-3-74-61-14-30-20-65-63-41-99-110-92-114-95-104-111-78-79-87-1
103273 6174 1-40-59-70-64-3-74-61-14-30-20-65-63-41-99-110-92-114-95-104-111-78-79-109-112-1
123700 6094 1-40-59-70-64-3-74-61-14-30-20-65-63-41-99-110-92-114-95-104-111-78-79-112-81-1
122064 6043 1-40-59-70-64-3-74-61-14-30-20-65-63-41-99-110-92-114-95-104-111-78-79-112-106-1
135120 6172 1-40-59-70-64-3-74-61-14-30-20-65-63-41-99-110-92-114-95-104-111-78-79-112-87-1
99523 6027 1-40-59-70-64-3-74-61-14-30-20-65-63-41-99-110-92-114-95-104-111-78-79-109-1
98697.7 6123 1-40-59-70-64-3-74-61-14-30-20-65-63-41-99-110-92-114-95-104-111-78-108-81-1
104305 6072 1-40-59-70-64-3-74-61-14-30-20-65-63-41-99-110-92-114-95-104-111-78-108-106-1
100808 6055 1-40-59-70-64-3-74-61-14-30-20-65-63-41-99-110-92-114-95-104-111-78-108-79-1
105661 6174 1-40-59-70-64-3-74-61-14-30-20-65-63-41-99-110-92-114-95-104-111-78-79-112-109-1
111315 6191 1-40-59-70-64-3-74-61-14-30-20-65-63-41-99-110-92-114-95-104-111-78-109-112-106-1
106756 6095 1-40-59-70-64-3-74-61-14-30-20-65-63-41-99-110-92-114-95-104-111-78-109-81-1
108426 6027 1-40-59-70-64-3-74-61-14-30-20-65-63-41-99-110-92-114-95-104-111-78-109-79-1
106300 6044 1-40-59-70-64-3-74-61-14-30-20-65-63-41-99-110-92-114-95-104-111-78-109-106-1
118279 6173 1-40-59-70-64-3-74-61-14-30-20-65-63-41-99-110-92-114-95-104-111-78-109-87-1
97460.3 6123 1-40-59-70-64-3-74-61-14-30-20-65-63-41-99-110-92-114-95-104-111-78-81-108-1
107133 6094 1-40-59-70-64-3-74-61-14-30-20-65-63-41-99-110-92-114-95-104-111-78-81-79-112-1
103803 6159 1-40-59-70-64-3-74-61-14-30-20-65-63-41-99-110-92-114-95-104-111-78-81-113-1
101934 6133 1-40-59-70-64-3-74-61-14-30-20-65-63-41-99-110-92-114-95-104-111-78-81-88-1
107268 6136 1-40-59-70-64-3-74-61-14-30-20-65-63-41-99-110-92-114-95-104-111-78-81-86-1
109731 6093 1-40-59-70-64-3-74-61-14-30-20-65-63-41-99-110-92-114-95-104-111-78-81-87-1
109113 6160 1-40-59-70-64-3-74-61-14-30-20-65-63-41-99-110-92-114-95-104-111-78-81-107-1
99793.7 6095 1-40-59-70-64-3-74-61-14-30-20-65-63-41-99-110-92-114-95-104-111-78-81-109-1
114384 6111 1-40-59-70-64-3-74-61-14-30-20-65-63-41-99-110-92-114-95-104-111-78-81-106-112-1
100266 5947 1-40-59-70-64-3-74-61-14-30-20-65-63-41-99-110-92-114-95-104-111-78-81-79-1
125641 6094 1-40-59-70-64-3-74-61-14-30-20-65-63-41-99-110-92-114-95-104-111-78-81-112-79-1
105838 5964 1-40-59-70-64-3-74-61-14-30-20-65-63-41-99-110-92-114-95-104-111-78-81-106-1
114564 6174 1-40-59-70-64-3-74-61-14-30-20-65-63-41-99-110-92-114-95-104-111-78-109-112-79-1
122391 6111 1-40-59-70-64-3-74-61-14-30-20-65-63-41-99-110-92-114-95-104-111-78-81-112-106-1
103431 6080 1-40-59-70-64-3-74-61-14-30-20-65-63-41-99-110-92-114-95-104-111-78-105-112-1
112670 6174 1-40-59-70-64-3-74-61-14-30-20-65-63-41-99-110-92-114-95-104-111-78-112-109-79-1
110543 6191 1-40-59-70-64-3-74-61-14-30-20-65-63-41-99-110-92-114-95-104-111-78-112-109-106-1
96315.5 6160 1-40-59-70-64-3-74-61-14-30-20-65-63-41-99-110-92-114-95-104-111-78-112-90-1
106633 5908 1-40-59-70-64-3-74-61-14-30-20-65-63-41-99-110-92-114-95-104-111-78-112-108-1
113155 6130 1-40-59-70-64-3-74-61-14-30-20-65-63-41-99-110-92-114-95-104-111-78-112-103-1
111245 5918 1-40-59-70-64-3-74-61-14-30-20-65-63-41-99-110-92-114-95-104-111-78-112-88-1
110661 6080 1-40-59-70-64-3-74-61-14-30-20-65-63-41-99-110-92-114-95-104-111-78-112-105-1
113918 6094 1-40-59-70-64-3-74-61-14-30-20-65-63-41-99-110-92-114-95-104-111-78-112-81-79-1
119491 6111 1-40-59-70-64-3-74-61-14-30-20-65-63-41-99-110-92-114-95-104-111-78-112-81-106-1
92960.5 5880 1-40-59-70-64-3-74-61-14-30-20-65-63-41-99-110-92-114-95-104-111-78-112-109-1
120724 6043 1-40-59-70-64-3-74-61-14-30-20-65-63-41-99-110-92-114-95-104-111-78-112-106-79-1
127508 6189 1-40-59-70-64-3-74-61-14-30-20-65-63-41-99-110-92-114-95-104-111-78-112-106-87-1
115340 6191 1-40-59-70-64-3-74-61-14-30-20-65-63-41-99-110-92-114-95-104-111-78-112-106-109-1
44877.3 44 1-13-71-54-46-72-15-10-34-43-21-66-55-16
46038.9 96 1-13-71-54-46-72-15-10-34-43-21-66-55-29
60034.7 6 1-13-71-54-46-72-15-10-34-43-21-66-55-62
60902.2 55 1-13-71-54-46-72-15-10-34-43-21-66-55-9
48794.7 171 1-13-71-54-46-72-15-10-34-43-21-66-29-16
49195.5 61 1-13-71-54-46-72-15-10-34-43-21-66-29-24
53508.6 67 1-13-71-54-46-72-15-10-34-43-21-66-29-69
62398.2 43 1-13-71-54-46-72-15-10-34-43-21-66-29-8
62451.5 46 1-13-71-54-46-72-15-10-34-43-21-66-29-7
62623.8 50 1-13-71-54-46-72-15-10-34-43-21-66-29-37
63849.3 133 1-13-71-54-46-72-15-10-34-43-21-66-29-62
64029.1 27 1-13-71-54-46-72-15-10-34-43-21-66-29-67
64330 182 1-13-71-54-46-72-15-10-34-43-21-66-29-9
69246.6 94 1-13-71-54-46-72-15-10-34-43-21-66-29-22
42711.9 349 1-13-71-54-46-72-15-10-34-43-21-66-55
44514.4 9 1-13-71-54-46-72-15-10-34-43-21-66-16-24
46038.5 44 1-13-71-54-46-72-15-10-34-43-21-66-16-55
50376.2 15 1-13-71-54-46-72-15-10-34-43-21-66-16-69
59302.9 81 1-13-71-54-46-72-15-10-34-43-21-66-16-62
60603.1 130 1-13-71-54-46-72-15-10-34-43-21-66-16-9
64345.3 42 1-13-71-54-46-72-15-10-34-43-21-66-16-22
46650 96 1-13-71-54-46-72-15-10-34-43-21-66-29-55
99239.7 5949 1-13-71-54-46-72-15-10-34-43-21-66-55-112-109-108-105-81-79-82-113-86-87-107-83-106-1
106395 6118 1-13-71-54-46-72-15-10-34-43-21-66-55-112-109-108-105-81-79-82-113-86-87-107-83-88-1
110408 5949 1-13-71-54-46-72-15-10-34-43-21-66-55-112-109-108-105-81-79-82-113-86-87-107-106-83-1
130099 5904 1-13-71-54-46-72-15-10-34-43-21-66-55-112-109-108-105-81-79-82-113-86-87-107-106-103-1
119106 6118 1-13-71-54-46-72-15-10-34-43-21-66-55-112-109-108-105-81-79-82-113-86-87-107-88-83-1
131032 6073 1-13-71-54-46-72-15-10-34-43-21-66-55-112-109-108-105-81-79-82-113-86-87-107-88-103-1
145995 5904 1-13-71-54-46-72-15-10-34-43-21-66-55-112-109-108-105-81-79-82-113-86-87-107-103-106-1
115076 5922 1-13-71-54-46-72-15-10-34-43-21-66-55-112-109-108-105-81-79-82-113-86-87-83-106-88-1
129698 6134 1-13-71-54-46-72-15-10-34-43-21-66-55-112-109-108-105-81-79-82-113-86-87-83-106-103-1
107472 6118 1-13-71-54-46-72-15-10-34-43-21-66-55-112-109-108-105-81-79-82-113-86-87-83-107-88-1
36718.6 26 1-16-24-53-52-19-60-29-42-69-58-2-31
45598.6 73 1-16-24-53-52-19-60-29-42-69-58-2-8
48560.8 57 1-16-24-53-52-19-60-29-42-69-58-2-67
50147.3 80 1-16-24-53-52-19-60-29-42-69-58-2-37
51113.5 163 1-16-24-53-52-19-60-29-42-69-58-2-62
52367.5 124 1-16-24-53-52-19-60-29-42-69-58-2-22
52497.3 10 1-16-24-53-52-19-60-29-42-69-58-2-47
52889.8 76 1-16-24-53-52-19-60-29-42-69-58-2-7
54804.3 212 1-16-24-53-52-19-60-29-42-69-58-2-9
44412.3 25 1-16-24-53-52-19-60-29-42-69-58-31-56
44738.8 165 1-16-24-53-52-19-60-29-42-69-58-31-8
45226.2 16 1-16-24-53-52-19-60-29-42-69-58-31-32
47695.4 149 1-16-24-53-52-19-60-29-42-69-58-31-67
48776.2 40 1-16-24-53-52-19-60-29-42-69-58-31-12
49482.6 172 1-16-24-53-52-19-60-29-42-69-58-31-37
50386.6 255 1-16-24-53-52-19-60-29-42-69-58-31-62
51606.7 216 1-16-24-53-52-19-60-29-42-69-58-31-22
51631.4 102 1-16-24-53-52-19-60-29-42-69-58-31-47
51649.8 54 1-16-24-53-52-19-60-29-42-69-58-31-23
52594.2 168 1-16-24-53-52-19-60-29-42-69-58-31-7
40762.1 26 1-16-24-53-52-19-60-29-42-69-58-31-2
63829 85 1-16-24-53-52-19-60-29-42-69-58-31-35
31808.7 506 1-16-24-53-52-19-60-29-42-69-58-2
41802.6 289 1-16-24-53-52-19-60-29-42-69-58-11
46954.5 24 1-16-24-53-52-19-60-29-42-69-58-44-8
49821.2 8 1-16-24-53-52-19-60-29-42-69-58-44-67
52113.2 75 1-16-24-53-52-19-60-29-42-69-58-44-22
53375.8 31 1-16-24-53-52-19-60-29-42-69-58-44-37
53784.2 114 1-16-24-53-52-19-60-29-42-69-58-44-62
57618.5 27 1-16-24-53-52-19-60-29-42-69-58-44-7
59022.3 163 1-16-24-53-52-19-60-29-42-69-58-44-9
42413.8 457 1-16-24-53-52-19-60-29-42-69-58-44
46938.8 72 1-16-24-53-52-19-60-29-42-69-58-56-8
48120.6 56 1-16-24-53-52-19-60-29-42-69-58-56-67
49088.8 79 1-16-24-53-52-19-60-29-42-69-58-56-37
49951.9 162 1-16-24-53-52-19-60-29-42-69-58-56-62
51799.3 9 1-16-24-53-52-19-60-29-42-69-58-56-47
52800 75 1-16-24-53-52-19-60-29-42-69-58-56-7
53275.6 123 1-16-24-53-52-19-60-29-42-69-58-56-22
54416.7 211 1-16-24-53-52-19-60-29-42-69-58-56-9
51690.6 33 1-16-24-53-52-19-60-29-42-69-58-39-22
53515.6 72 1-16-24-53-52-19-60-29-42-69-58-39-62
58930.2 121 1-16-24-53-52-19-60-29-42-69-58-39-9
52537.6 25 1-16-24-53-52-19-60-29-42-69-58-56-31
44552 415 1-16-24-53-52-19-60-29-42-69-58-39
45981.3 63 1-16-24-53-52-19-60-29-42-69-58-8-32
47776.4 196 1-16-24-53-52-19-60-29-42-69-58-8-67
47911.1 9 1-16-24-53-52-19-60-29-42-69-58-8-25
49227.5 24 1-16-24-53-52-19-60-29-42-69-58-8-44
50892.7 87 1-16-24-53-52-19-60-29-42-69-58-8-12
51130.2 219 1-16-24-53-52-19-60-29-42-69-58-8-37
57068.7 8 1-16-24-53-52-19-60-29-42-69-58-8-62-9
47648 72 1-16-24-53-52-19-60-29-42-69-58-8-56
51643.1 149 1-16-24-53-52-19-60-29-42-69-58-8-47
51855 263 1-16-24-53-52-19-60-29-42-69-58-8-22
53573.4 165 1-16-24-53-52-19-60-29-42-69-58-8-31
53630.7 101 1-16-24-53-52-19-60-29-42-69-58-8-23
55472.6 215 1-16-24-53-52-19-60-29-42-69-58-8-7
51519.4 302 1-16-24-53-52-19-60-29-42-69-58-8-62
58476.8 73 1-16-24-53-52-19-60-29-42-69-58-8-2
69375.4 132 1-16-24-53-52-19-60-29-42-69-58-8-35
43977.6 505 1-16-24-53-52-19-60-29-42-69-58-56
49111.1 16 1-16-24-53-52-19-60-29-42-69-58-25-37
49941.2 99 1-16-24-53-52-19-60-29-42-69-58-25-62
53028.7 12 1-16-24-53-52-19-60-29-42-69-58-25-7
53822.2 60 1-16-24-53-52-19-60-29-42-69-58-25-22
54555.2 148 1-16-24-53-52-19-60-29-42-69-58-25-9
62338.5 8 1-16-24-53-52-19-60-29-42-69-58-8-9-62
45202.7 442 1-16-24-53-52-19-60-29-42-69-58-25
48598.6 47 1-16-24-53-52-19-60-29-42-69-58-32-67
51623.9 114 1-16-24-53-52-19-60-29-42-69-58-32-22
52517.7 70 1-16-24-53-52-19-60-29-42-69-58-32-37
52730 153 1-16-24-53-52-19-60-29-42-69-58-32-62
54596.6 16 1-16-24-53-52-19-60-29-42-69-58-32-31
56965.1 66 1-16-24-53-52-19-60-29-42-69-58-32-7
58160 202 1-16-24-53-52-19-60-29-42-69-58-32-9
45222.7 496 1-16-24-53-52-19-60-29-42-69-58-32
46554.7 180 1-16-24-53-52-19-60-29-42-69-58-26
51799.8 21 1-16-24-53-52-19-60-29-42-69-58-18-22
53055.4 60 1-16-24-53-52-19-60-29-42-69-58-18-62
58592 109 1-16-24-53-52-19-60-29-42-69-58-18-9
50656.9 196 1-16-24-53-52-19-60-29-42-69-58-67-8
50943.2 47 1-16-24-53-52-19-60-29-42-69-58-67-32
51504.9 133 1-16-24-53-52-19-60-29-42-69-58-67-47
51710.3 56 1-16-24-53-52-19-60-29-42-69-58-67-56
51829.2 286 1-16-24-53-52-19-60-29-42-69-58-67-62
51894.2 203 1-16-24-53-52-19-60-29-42-69-58-67-37
52079.3 71 1-16-24-53-52-19-60-29-42-69-58-67-12
52854.4 247 1-16-24-53-52-19-60-29-42-69-58-67-22
54249.8 85 1-16-24-53-52-19-60-29-42-69-58-67-23
54974.7 8 1-16-24-53-52-19-60-29-42-69-58-67-44
56401.3 199 1-16-24-53-52-19-60-29-42-69-58-67-7
59410.5 149 1-16-24-53-52-19-60-29-42-69-58-67-31
64319.4 57 1-16-24-53-52-19-60-29-42-69-58-67-2
70769.4 116 1-16-24-53-52-19-60-29-42-69-58-67-35
46888 403 1-16-24-53-52-19-60-29-42-69-58-18
48979.4 94 1-16-24-53-52-19-60-29-42-69-58-12-37
50203 177 1-16-24-53-52-19-60-29-42-69-58-12-62
52638.5 90 1-16-24-53-52-19-60-29-42-69-58-12-7
53964.7 24 1-16-24-53-52-19-60-29-42-69-58-12-47
54053.2 226 1-16-24-53-52-19-60-29-42-69-58-12-9
54264.1 87 1-16-24-53-52-19-60-29-42-69-58-12-8
57175.6 138 1-16-24-53-52-19-60-29-42-69-58-12-22
60982.3 40 1-16-24-53-52-19-60-29-42-69-58-12-31
66795.9 7 1-16-24-53-52-19-60-29-42-69-58-12-35
48058.3 520 1-16-24-53-52-19-60-29-42-69-58-12
49774.9 94 1-16-24-53-52-19-60-29-42-69-58-37-12
55629 15 1-16-24-53-52-19-60-29-42-69-58-37-62-9
90869.7 1172 1-16-24-53-52-19-60-29-42-69-58-2-88-103-1
37174.9 76 1-56-25-8-32-39-44-11-31-26-67
40960.2 29 1-56-25-8-32-39-44-11-31-26-47
41218.4 99 1-56-25-8-32-39-44-11-31-26-37
41323.4 182 1-56-25-8-32-39-44-11-31-26-62
41537.5 143 1-56-25-8-32-39-44-11-31-26-22
45719.9 95 1-56-25-8-32-39-44-11-31-26-7
46807.7 231 1-56-25-8-32-39-44-11-31-26-9
59971.2 12 1-56-25-8-32-39-44-11-31-26-35
47898.2 5 1-56-25-8-32-39-44-11-31-18-67-9
48890.8 23 1-56-25-8-32-39-44-11-31-18-22-62
53881.4 72 1-56-25-8-32-39-44-11-31-18-22-9
38101.4 299 1-56-25-8-32-39-44-11-31-18-67
41282.8 252 1-56-25-8-32-39-44-11-31-18-47
47910.7 111 1-56-25-8-32-39-44-11-31-18-62-9
41106 366 1-56-25-8-32-39-44-11-31-18-22
48052.9 28 1-56-25-8-32-39-44-11-31-18-37-9
50146.3 23 1-56-25-8-32-39-44-11-31-18-62-22
42392 322 1-56-25-8-32-39-44-11-31-18-37
42485.1 190 1-56-25-8-32-39-44-11-31-18-12
44779.4 204 1-56-25-8-32-39-44-11-31-18-23
48900.5 24 1-56-25-8-32-39-44-11-31-18-7-9
46904.6 318 1-56-25-8-32-39-44-11-31-18-7
47227.2 11 1-56-25-8-32-39-44-11-31-18-38
49894 24 1-56-25-8-32-39-44-11-31-18-9-7
53559 28 1-56-25-8-32-39-44-11-31-18-9-37
57694.9 5 1-56-25-8-32-39-44-11-31-18-9-67
60673.6 72 1-56-25-8-32-39-44-11-31-18-9-22
29977.9 211 1-38-7-48-9-23-6-37-12-62-47-18
47639.8 225 1-38-7-48-9-23-6-37-12-62-47-75
47803.9 373 1-38-7-48-9-23-6-37-12-62-47-35
31839.8 325 1-38-7-48-9-23-6-37-12-62-18-22
51793.9 46 1-38-7-48-9-23-6-37-12-62-18-75
51954.1 194 1-38-7-48-9-23-6-37-12-62-18-35
33457.2 325 1-38-7-48-9-23-6-37-12-62-22-18
55250.5 339 1-38-7-48-9-23-6-37-12-62-22-75
55414.6 487 1-38-7-48-9-23-6-37-12-62-22-35
32016.7 211 1-38-7-48-9-23-6-37-12-62-18-47
40033.8 208 1-38-7-48-9-23-6-37-12-62-75-35
62620.1 225 1-38-7-48-9-23-6-37-12-62-75-47
66574.8 339 1-38-7-48-9-23-6-37-12-62-75-22
