18467.2 72 1-55-64-34-75-35-69-6-62-44-20-10
26017.2 14 1-55-64-34-75-35-69-6-62-44-20-3-25
37173.6 8 1-55-64-34-75-35-69-6-62-44-20-3-45
32543.2 25 1-55-64-34-75-35-69-6-62-44-20-48-45
32565.8 31 1-55-64-34-75-35-69-6-62-44-20-48-25
32650.8 7 1-55-64-34-75-35-69-6-62-44-20-48-73
32980 15 1-55-64-34-75-35-69-6-62-44-20-48-29
18873.5 89 1-55-64-34-75-35-69-6-62-44-20-3
50328.2 31 1-55-64-34-75-35-69-6-62-44-20-22-25-45
52615.7 21 1-55-64-34-75-35-69-6-62-44-20-22-25-29
52948.6 13 1-55-64-34-75-35-69-6-62-44-20-22-25-73
34277.1 15 1-55-64-34-75-35-69-6-62-44-20-22-17
57785.3 15 1-55-64-34-75-35-69-6-62-44-20-22-29-45
49636.1 3960 1-55-64-34-75-35-69-6-62-44-20-10-99-134-105-81-103-112-150-129-120-1
72962 3977 1-55-64-34-75-35-69-6-62-44-20-10-99-134-105-81-103-112-150-91-120-78-1
57059.7 3885 1-55-64-34-75-35-69-6-62-44-20-10-99-134-105-81-103-112-150-91-78-1
55487.5 3960 1-55-64-34-75-35-69-6-62-44-20-10-99-134-105-81-103-112-150-91-125-1
56461.6 3985 1-55-64-34-75-35-69-6-62-44-20-10-99-134-105-81-103-112-150-91-141-1
53055.4 3992 1-55-64-34-75-35-69-6-62-44-20-10-99-134-105-81-103-112-150-91-79-1
72222.2 3940 1-55-64-34-75-35-69-6-62-44-20-10-99-134-105-81-103-112-150-91-104-1
73385.1 3991 1-55-64-34-75-35-69-6-62-44-20-10-99-134-105-81-103-112-150-91-116-1
41746 3868 1-55-64-34-75-35-69-6-62-44-20-10-99-134-105-81-103-112-150-129-1
55008.9 3973 1-55-64-34-75-35-69-6-62-44-20-10-99-134-105-81-103-112-150-98-120-1
47714.3 3881 1-55-64-34-75-35-69-6-62-44-20-10-99-134-105-81-103-112-150-98-1
50433 3958 1-55-64-34-75-35-69-6-62-44-20-10-99-134-105-81-103-112-150-78-141-1
51388.5 3976 1-55-64-34-75-35-69-6-62-44-20-10-99-134-105-81-103-112-150-78-113-1
54430.7 3998 1-55-64-34-75-35-69-6-62-44-20-10-99-134-105-81-103-112-150-78-80-1
57623.6 3965 1-55-64-34-75-35-69-6-62-44-20-10-99-134-105-81-103-112-150-78-79-1
52255.4 3885 1-55-64-34-75-35-69-6-62-44-20-10-99-134-105-81-103-112-150-78-91-1
65583.5 3933 1-55-64-34-75-35-69-6-62-44-20-10-99-134-105-81-103-112-150-78-125-1
79722.4 3964 1-55-64-34-75-35-69-6-62-44-20-10-99-134-105-81-103-112-150-78-116-1
80219.3 3913 1-55-64-34-75-35-69-6-62-44-20-10-99-134-105-81-103-112-150-78-104-1
40000.3 3979 1-55-64-34-75-35-69-6-62-44-20-10-99-134-105-81-103-112-150-143-1
54040.5 3985 1-55-64-34-75-35-69-6-62-44-20-10-99-134-105-81-103-112-150-141-91-1
52816.2 3958 1-55-64-34-75-35-69-6-62-44-20-10-99-134-105-81-103-112-150-141-78-1
68157.7 3977 1-55-64-34-75-35-69-6-62-44-20-10-99-134-105-81-103-112-150-78-120-91-1
61292.5 3980 1-55-64-34-75-35-69-6-62-44-20-10-99-134-105-81-103-112-150-77-120-1
50459.4 3913 1-55-64-34-75-35-69-6-62-44-20-10-99-134-105-81-103-112-150-80-120-1
62329.1 3998 1-55-64-34-75-35-69-6-62-44-20-10-99-134-105-81-103-112-150-80-78-1
53111.2 3888 1-55-64-34-75-35-69-6-62-44-20-10-99-134-105-81-103-112-150-77-1
58021.6 3976 1-55-64-34-75-35-69-6-62-44-20-10-99-134-105-81-103-112-150-113-78-1
44370.3 3821 1-55-64-34-75-35-69-6-62-44-20-10-99-134-105-81-103-112-150-80-1
48948.8 3961 1-55-64-34-75-35-69-6-62-44-20-10-99-134-105-81-103-112-150-84-1
50868.9 3925 1-55-64-34-75-35-69-6-62-44-20-10-99-134-105-81-103-112-150-76-1
57154.9 3971 1-55-64-34-75-35-69-6-62-44-20-10-99-134-105-81-103-112-150-135-120-1
51948 3965 1-55-64-34-75-35-69-6-62-44-20-10-99-134-105-81-103-112-150-124-1
66190.1 3969 1-55-64-34-75-35-69-6-62-44-20-10-99-134-105-81-103-112-150-86-120-1
51402.4 3879 1-55-64-34-75-35-69-6-62-44-20-10-99-134-105-81-103-112-150-135-1
46431 3994 1-55-64-34-75-35-69-6-62-44-20-10-99-134-105-81-103-112-150-82-1
52192.9 3942 1-55-64-34-75-35-69-6-62-44-20-10-99-134-105-81-103-112-150-145-1
55154.4 3936 1-55-64-34-75-35-69-6-62-44-20-10-99-134-105-81-103-112-150-95-1
54103 24 1-48-66-3-21-22-24-16-50-25-17-45
60844.7 6 1-48-66-3-21-22-24-16-50-25-17-73
61933.9 14 1-48-66-3-21-22-24-16-50-25-17-29
45181.8 23 1-48-66-3-21-22-24-16-50-25-74
48220.5 16 1-48-66-3-21-22-24-16-50-25-37
68289.7 6 1-48-66-3-21-22-24-16-50-25-45-73-29
64111.8 97 1-48-66-3-21-22-24-16-50-25-45-73
68044.4 24 1-48-66-3-21-22-24-16-50-25-45-17
37388.6 105 1-48-66-3-21-22-24-16-50-25-17
57795.2 87 1-48-66-3-21-22-24-16-50-25-29-73
78162.7 14 1-48-66-3-21-22-24-16-50-25-29-17
71159 3930 1-48-66-3-21-22-24-16-50-25-17-138-141-144-78-117-84-76-124-91-1
83537.6 3978 1-48-66-3-21-22-24-16-50-25-17-138-141-144-78-117-84-76-124-125-1
94737.8 3958 1-48-66-3-21-22-24-16-50-25-17-138-141-144-78-117-84-76-124-104-1
64572.8 3998 1-48-66-3-21-22-24-16-50-25-17-138-141-144-78-117-84-76-145-113-1
71021.5 3987 1-48-66-3-21-22-24-16-50-25-17-138-141-144-78-117-84-76-145-79-1
79381.1 3999 1-48-66-3-21-22-24-16-50-25-17-138-141-144-78-117-84-76-145-91-120-1
72136.8 3907 1-48-66-3-21-22-24-16-50-25-17-138-141-144-78-117-84-76-145-91-1
84229.9 3955 1-48-66-3-21-22-24-16-50-25-17-138-141-144-78-117-84-76-145-125-1
92928.8 3986 1-48-66-3-21-22-24-16-50-25-17-138-141-144-78-117-84-76-145-116-1
94844.6 3935 1-48-66-3-21-22-24-16-50-25-17-138-141-144-78-117-84-76-145-104-1
83703.1 3999 1-48-66-3-21-22-24-16-50-25-17-138-141-144-78-117-84-76-145-120-91-1
64722.2 3908 1-48-66-3-21-22-24-16-50-25-17-138-141-144-78-117-84-76-118-1
77347.8 3911 1-48-66-3-21-22-24-16-50-25-17-138-141-144-78-117-84-76-113-130-1
73137.9 3924 1-48-66-3-21-22-24-16-50-25-17-138-141-144-78-117-84-76-113-129-1
73895.4 3936 1-48-66-3-21-22-24-16-50-25-17-138-141-144-78-117-84-76-113-79-120-1
69865.2 3998 1-48-66-3-21-22-24-16-50-25-17-138-141-144-78-117-84-76-113-145-1
87840.2 3979 1-48-66-3-21-22-24-16-50-25-17-138-141-144-78-117-84-76-113-119-120-1
70201.5 3844 1-48-66-3-21-22-24-16-50-25-17-138-141-144-78-117-84-76-113-79-1
101326 3996 1-48-66-3-21-22-24-16-50-25-17-138-141-144-78-117-84-76-113-91-104-1
80980.4 3887 1-48-66-3-21-22-24-16-50-25-17-138-141-144-78-117-84-76-113-119-1
73174.9 3936 1-48-66-3-21-22-24-16-50-25-17-138-141-144-78-117-84-76-113-137-1
73920.5 3965 1-48-66-3-21-22-24-16-50-25-17-138-141-144-78-117-84-76-113-121-1
78531.1 3969 1-48-66-3-21-22-24-16-50-25-17-138-141-144-78-117-84-76-113-80-120-1
72442 3877 1-48-66-3-21-22-24-16-50-25-17-138-141-144-78-117-84-76-113-80-1
77380.8 3936 1-48-66-3-21-22-24-16-50-25-17-138-141-144-78-117-84-76-113-120-79-1
84913.4 3973 1-48-66-3-21-22-24-16-50-25-17-138-141-144-78-117-84-76-113-120-131-1
80363.8 3969 1-48-66-3-21-22-24-16-50-25-17-138-141-144-78-117-84-76-113-120-80-1
84715.3 3991 1-48-66-3-21-22-24-16-50-25-17-138-141-144-78-117-84-76-113-120-133-1
85887.4 3904 1-48-66-3-21-22-24-16-50-25-17-138-141-144-78-117-84-76-113-120-125-1
94469.7 3884 1-48-66-3-21-22-24-16-50-25-17-138-141-144-78-117-84-76-113-120-104-1
95107.8 3935 1-48-66-3-21-22-24-16-50-25-17-138-141-144-78-117-84-76-113-120-116-1
101548 3979 1-48-66-3-21-22-24-16-50-25-17-138-141-144-78-117-84-76-113-120-119-1
81929.8 3944 1-48-66-3-21-22-24-16-50-25-17-138-141-144-78-117-84-76-113-77-1
79109.5 3937 1-48-66-3-21-22-24-16-50-25-17-138-141-144-78-117-84-76-113-98-1
87304.7 3933 1-48-66-3-21-22-24-16-50-25-17-138-141-144-78-117-84-76-113-86-1
81615.6 3935 1-48-66-3-21-22-24-16-50-25-17-138-141-144-78-117-84-76-113-135-1
81438.6 3899 1-48-66-3-21-22-24-16-50-25-17-138-141-144-78-117-84-76-113-133-1
82866.1 3881 1-48-66-3-21-22-24-16-50-25-17-138-141-144-78-117-84-76-113-131-1
82895.7 3812 1-48-66-3-21-22-24-16-50-25-17-138-141-144-78-117-84-76-113-125-1
84963.3 3992 1-48-66-3-21-22-24-16-50-25-17-138-141-144-78-117-84-76-113-95-1
88271.6 3985 1-48-66-3-21-22-24-16-50-25-17-138-141-144-78-117-84-76-113-151-1
92339.9 3843 1-48-66-3-21-22-24-16-50-25-17-138-141-144-78-117-84-76-113-116-1
90466.8 3976 1-48-66-3-21-22-24-16-50-25-17-138-141-144-78-117-84-76-113-94-1
104573 3996 1-48-66-3-21-22-24-16-50-25-17-138-141-144-78-117-84-76-113-104-91-1
82383.1 3856 1-48-66-3-21-22-24-16-50-25-17-138-141-144-78-117-84-76-113-120-91-1
93799.2 3792 1-48-66-3-21-22-24-16-50-25-17-138-141-144-78-117-84-76-113-104-1
96822.8 3945 1-48-66-3-21-22-24-16-50-25-17-138-141-144-78-117-84-76-113-122-1
97309 3970 1-48-66-3-21-22-24-16-50-25-17-138-141-144-78-117-84-76-113-90-1
16428.6 3 1-11-37-27-51-18-26-52
17410.7 62 1-11-37-27-51-18-26-60
18210.7 28 1-11-37-27-51-18-26-54
26762.2 43 1-11-37-27-51-18-26-46-73-29
35366.2 53 1-11-37-27-51-18-26-46-73-45
42693.1 61 1-11-37-27-51-18-26-46-29-45
53463.6 3938 1-11-37-27-51-18-26-52-125-133-92-102-128-114-97-104-120-1
57144.7 3999 1-11-37-27-51-18-26-52-125-133-92-102-128-114-97-122-1
51023.8 3935 1-11-37-27-51-18-26-52-125-133-92-102-128-114-97-131-1
58574.4 3989 1-11-37-27-51-18-26-52-125-133-92-102-128-114-97-116-120-1
53440.9 3846 1-11-37-27-51-18-26-52-125-133-92-102-128-114-97-104-1
54225.3 3990 1-11-37-27-51-18-26-52-125-133-92-102-128-114-97-120-79-1
59227.6 3910 1-11-37-27-51-18-26-52-125-133-92-102-128-114-97-120-91-1
71314.2 3938 1-11-37-27-51-18-26-52-125-133-92-102-128-114-97-120-104-1
57991.7 3897 1-11-37-27-51-18-26-52-125-133-92-102-128-114-97-116-1
51890 3898 1-11-37-27-51-18-26-52-125-133-92-102-128-114-97-79-1
54848.1 3990 1-11-37-27-51-18-26-52-125-133-92-102-128-114-97-137-1
55640.1 3931 1-11-37-27-51-18-26-52-125-133-92-102-128-114-97-80-1
58357.8 3818 1-11-37-27-51-18-26-52-125-133-92-102-128-114-97-91-1
64162.2 3989 1-11-37-27-51-18-26-52-125-133-92-102-128-114-97-135-1
64558.6 3978 1-11-37-27-51-18-26-52-125-133-92-102-128-114-97-129-1
68012.8 3991 1-11-37-27-51-18-26-52-125-133-92-102-128-114-97-98-1
73604.7 3965 1-11-37-27-51-18-26-52-125-133-92-102-128-114-97-130-1
76726.7 3941 1-11-37-27-51-18-26-52-125-133-92-102-128-114-97-119-1
77200.7 3998 1-11-37-27-51-18-26-52-125-133-92-102-128-114-97-77-1
82041.6 3987 1-11-37-27-51-18-26-52-125-133-92-102-128-114-97-86-1
56176.4 3999 1-11-37-27-51-18-26-52-125-133-92-102-128-114-126-151-120-1
62998.9 3997 1-11-37-27-51-18-26-52-125-133-92-102-128-114-126-104-116-1
60198.3 3998 1-11-37-27-51-18-26-52-125-133-92-102-128-114-126-104-79-1
67838.9 3918 1-11-37-27-51-18-26-52-125-133-92-102-128-114-126-104-91-1
55272.9 3907 1-11-37-27-51-18-26-52-125-133-92-102-128-114-126-151-1
63480.1 3997 1-11-37-27-51-18-26-52-125-133-92-102-128-114-126-116-104-1
69483 3969 1-11-37-27-51-18-26-52-125-133-92-102-128-114-126-116-91-1
58798.6 3944 1-11-37-27-51-18-26-52-125-133-92-102-128-114-126-149-1
60153.8 3959 1-11-37-27-51-18-26-52-125-133-92-102-128-114-126-122-120-1
60593.1 3984 1-11-37-27-51-18-26-52-125-133-92-102-128-114-126-90-120-1
60081.5 3867 1-11-37-27-51-18-26-52-125-133-92-102-128-114-126-122-1
53582.2 3858 1-11-37-27-51-18-26-52-125-133-92-102-128-114-126-120-79-1
56358 3979 1-11-37-27-51-18-26-52-125-133-92-102-128-114-126-120-121-1
57823 3950 1-11-37-27-51-18-26-52-125-133-92-102-128-114-126-120-137-1
61114.8 3895 1-11-37-27-51-18-26-52-125-133-92-102-128-114-126-120-131-1
56565.2 3891 1-11-37-27-51-18-26-52-125-133-92-102-128-114-126-120-80-1
67189 3990 1-11-37-27-51-18-26-52-125-133-92-102-128-114-126-120-94-1
68005.2 3999 1-11-37-27-51-18-26-52-125-133-92-102-128-114-126-120-151-1
70671.1 3806 1-11-37-27-51-18-26-52-125-133-92-102-128-114-126-120-104-1
71309.2 3857 1-11-37-27-51-18-26-52-125-133-92-102-128-114-126-120-116-1
66430 3949 1-11-37-27-51-18-26-52-125-133-92-102-128-114-126-120-135-1
64405.3 3938 1-11-37-27-51-18-26-52-125-133-92-102-128-114-126-120-129-1
74034.5 3959 1-11-37-27-51-18-26-52-125-133-92-102-128-114-126-120-122-1
74412.6 3984 1-11-37-27-51-18-26-52-125-133-92-102-128-114-126-120-90-1
68590.9 3951 1-11-37-27-51-18-26-52-125-133-92-102-128-114-126-120-98-1
74362.7 3925 1-11-37-27-51-18-26-52-125-133-92-102-128-114-126-120-130-1
77749.8 3901 1-11-37-27-51-18-26-52-125-133-92-102-128-114-126-120-119-1
76819.6 3958 1-11-37-27-51-18-26-52-125-133-92-102-128-114-126-120-77-1
81817.8 3947 1-11-37-27-51-18-26-52-125-133-92-102-128-114-126-120-86-1
60541.5 3892 1-11-37-27-51-18-26-52-125-133-92-102-128-114-126-90-1
50556.4 3887 1-11-37-27-51-18-26-52-125-133-92-102-128-114-126-121-1
54449.4 3961 1-11-37-27-51-18-26-52-125-133-92-102-128-114-126-96-1
62244.6 3970 1-11-37-27-51-18-26-52-125-133-92-102-128-114-126-79-91-1
73770.8 3998 1-11-37-27-51-18-26-52-125-133-92-102-128-114-126-79-104-1
49877.5 3766 1-11-37-27-51-18-26-52-125-133-92-102-128-114-126-79-1
52525.9 3858 1-11-37-27-51-18-26-52-125-133-92-102-128-114-126-137-1
59786.5 3898 1-11-37-27-51-18-26-52-125-133-92-102-128-114-126-94-1
38823.9 32 1-74-40-23-7-41-45-43-5-12-73
42977.8 40 1-74-40-23-7-41-45-43-5-12-29
34160.1 6 1-74-40-23-7-41-45-43-5-46
42876.7 54 1-74-40-23-7-41-45-43-5-61-73
46001.3 62 1-74-40-23-7-41-45-43-5-61-29
26473.6 131 1-74-40-23-7-41-45-43-5-12
42232.6 29 1-74-40-23-7-41-45-43-5-73-15
43491.9 54 1-74-40-23-7-41-45-43-5-73-61
48506.3 32 1-74-40-23-7-41-45-43-5-73-12
57412.1 3 1-74-40-23-7-41-45-43-5-73-59
60819.1 16 1-74-40-23-7-41-45-43-5-73-14
61151.1 32 1-74-40-23-7-41-45-43-5-73-39
35540.7 153 1-74-40-23-7-41-45-43-5-61
36251.3 69 1-74-40-23-7-41-45-43-5-57
42240.6 37 1-74-40-23-7-41-45-43-5-29-15
45547.1 5 1-74-40-23-7-41-45-43-5-29-71
50691.2 62 1-74-40-23-7-41-45-43-5-29-61
56734.8 40 1-74-40-23-7-41-45-43-5-29-12
62350 11 1-74-40-23-7-41-45-43-5-29-59
65053.6 24 1-74-40-23-7-41-45-43-5-29-14
67816 40 1-74-40-23-7-41-45-43-5-29-39
63647 3950 1-74-40-23-7-41-45-43-5-12-142-107-83-139-89-95-135-108-120-1
65539.8 3969 1-74-40-23-7-41-45-43-5-12-142-107-83-139-89-95-135-111-120-1
57761.9 3858 1-74-40-23-7-41-45-43-5-12-142-107-83-139-89-95-135-108-1
57964.9 3950 1-74-40-23-7-41-45-43-5-12-142-107-83-139-89-95-135-110-1
68109.4 3915 1-74-40-23-7-41-45-43-5-12-142-107-83-139-89-95-135-80-91-120-1
67230.4 3983 1-74-40-23-7-41-45-43-5-12-142-107-83-139-89-95-135-80-129-1
70131.4 3996 1-74-40-23-7-41-45-43-5-12-142-107-83-139-89-95-135-80-98-1
87210.9 3943 1-74-40-23-7-41-45-43-5-12-142-107-83-139-89-95-135-80-120-104-1
87849 3994 1-74-40-23-7-41-45-43-5-12-142-107-83-139-89-95-135-80-120-116-1
60865.2 3823 1-74-40-23-7-41-45-43-5-12-142-107-83-139-89-95-135-80-91-1
72916.9 3995 1-74-40-23-7-41-45-43-5-12-142-107-83-139-89-95-135-80-137-1
77567.9 3940 1-74-40-23-7-41-45-43-5-12-142-107-83-139-89-95-135-80-131-1
84462.1 3992 1-74-40-23-7-41-45-43-5-12-142-107-83-139-89-95-135-80-86-1
86056.6 3851 1-74-40-23-7-41-45-43-5-12-142-107-83-139-89-95-135-80-104-1
84818.1 3970 1-74-40-23-7-41-45-43-5-12-142-107-83-139-89-95-135-80-130-1
87738.9 3902 1-74-40-23-7-41-45-43-5-12-142-107-83-139-89-95-135-80-116-1
88438.7 3946 1-74-40-23-7-41-45-43-5-12-142-107-83-139-89-95-135-80-119-1
59148.2 3877 1-74-40-23-7-41-45-43-5-12-142-107-83-139-89-95-135-111-1
70972.4 3975 1-74-40-23-7-41-45-43-5-12-142-107-83-139-89-95-135-98-91-120-1
65204.2 3996 1-74-40-23-7-41-45-43-5-12-142-107-83-139-89-95-135-98-80-1
63728.1 3883 1-74-40-23-7-41-45-43-5-12-142-107-83-139-89-95-135-98-91-1
93505.6 3911 1-74-40-23-7-41-45-43-5-12-142-107-83-139-89-95-135-98-104-1
94947.2 3962 1-74-40-23-7-41-45-43-5-12-142-107-83-139-89-95-135-98-116-1
75124.3 3915 1-74-40-23-7-41-45-43-5-12-142-107-83-139-89-95-135-80-120-91-1
82222.7 3975 1-74-40-23-7-41-45-43-5-12-142-107-83-139-89-95-135-98-120-91-1
67126.2 3915 1-74-40-23-7-41-45-43-5-12-142-107-83-139-89-95-135-91-80-120-1
73066.9 3962 1-74-40-23-7-41-45-43-5-12-142-107-83-139-89-95-135-91-129-120-1
61037.2 3823 1-74-40-23-7-41-45-43-5-12-142-107-83-139-89-95-135-91-80-1
76122 3975 1-74-40-23-7-41-45-43-5-12-142-107-83-139-89-95-135-91-98-120-1
65176.9 3870 1-74-40-23-7-41-45-43-5-12-142-107-83-139-89-95-135-91-129-1
63223.7 3996 1-74-40-23-7-41-45-43-5-12-142-107-83-139-89-95-135-91-82-1
76554 3974 1-74-40-23-7-41-45-43-5-12-142-107-83-139-89-95-135-91-120-137-1
79845.9 3919 1-74-40-23-7-41-45-43-5-12-142-107-83-139-89-95-135-91-120-131-1
75296.3 3915 1-74-40-23-7-41-45-43-5-12-142-107-83-139-89-95-135-91-120-80-1
89402.1 3830 1-74-40-23-7-41-45-43-5-12-142-107-83-139-89-95-135-91-120-104-1
90040.3 3881 1-74-40-23-7-41-45-43-5-12-142-107-83-139-89-95-135-91-120-116-1
83136.4 3962 1-74-40-23-7-41-45-43-5-12-142-107-83-139-89-95-135-91-120-129-1
92765.6 3983 1-74-40-23-7-41-45-43-5-12-142-107-83-139-89-95-135-91-120-122-1
93093.8 3949 1-74-40-23-7-41-45-43-5-12-142-107-83-139-89-95-135-91-120-130-1
96480.9 3925 1-74-40-23-7-41-45-43-5-12-142-107-83-139-89-95-135-91-120-119-1
95550.6 3982 1-74-40-23-7-41-45-43-5-12-142-107-83-139-89-95-135-91-120-77-1
100549 3971 1-74-40-23-7-41-45-43-5-12-142-107-83-139-89-95-135-91-120-86-1
68827.4 3883 1-74-40-23-7-41-45-43-5-12-142-107-83-139-89-95-135-91-98-1
77936 3890 1-74-40-23-7-41-45-43-5-12-142-107-83-139-89-95-135-91-77-1
75967.7 3967 1-74-40-23-7-41-45-43-5-12-142-107-83-139-89-95-135-91-124-1
82540.6 3879 1-74-40-23-7-41-45-43-5-12-142-107-83-139-89-95-135-91-86-1
73478.2 3911 1-74-40-23-7-41-45-43-5-12-142-107-83-139-89-95-135-91-121-1
73977.9 3882 1-74-40-23-7-41-45-43-5-12-142-107-83-139-89-95-135-91-137-1
81467.6 3922 1-74-40-23-7-41-45-43-5-12-142-107-83-139-89-95-135-91-94-1
79073.7 3985 1-74-40-23-7-41-45-43-5-12-142-107-83-139-89-95-135-91-96-1
79842.6 3827 1-74-40-23-7-41-45-43-5-12-142-107-83-139-89-95-135-91-131-1
83924.4 3857 1-74-40-23-7-41-45-43-5-12-142-107-83-139-89-95-135-91-130-1
87557.5 3833 1-74-40-23-7-41-45-43-5-12-142-107-83-139-89-95-135-91-119-1
86628.9 3931 1-74-40-23-7-41-45-43-5-12-142-107-83-139-89-95-135-91-151-1
87322 3975 1-74-40-23-7-41-45-43-5-12-142-107-83-139-89-95-135-91-120-98-1
20099.1 26 1-68-53-38-71-70-4-29-15
28549.7 51 1-68-53-38-71-70-4-29-61
42912.2 13 1-68-53-38-71-70-4-29-14
45674.6 29 1-68-53-38-71-70-4-29-39
19703.8 58 1-68-53-38-71-70-4-57
25902.8 18 1-68-53-38-71-70-4-15-73
19826.2 117 1-68-53-38-71-70-4-15
26165.7 18 1-68-53-38-71-70-4-73-15
27425 43 1-68-53-38-71-70-4-73-61
44752.2 5 1-68-53-38-71-70-4-73-14
45084.2 21 1-68-53-38-71-70-4-73-39
37639.5 51 1-68-53-38-71-70-4-61-29
27178.9 142 1-68-53-38-71-70-4-61
36536.3 91 1-68-53-38-71-70-4-59
37218.6 47 1-68-53-38-71-70-4-30
64131.6 13 1-68-53-38-71-70-4-14-29
67088.1 21 1-68-53-38-71-70-4-39-73
69678.4 29 1-68-53-38-71-70-4-39-29
63971.7 5 1-68-53-38-71-70-4-14-73
42093 120 1-68-53-38-71-70-4-39
17558.2 71 1-68-53-38-71-70-36-67
19563.3 51 1-68-53-38-71-70-36-65
28001.7 68 1-68-53-38-71-70-36-29-15-73
23010.8 18 1-68-53-38-71-70-36-29-58
24430 9 1-68-53-38-71-70-36-29-57-73
21925.1 167 1-68-53-38-71-70-36-29-15
30169.6 68 1-68-53-38-71-70-36-29-73-15
31429 93 1-68-53-38-71-70-36-29-73-61
45349.1 42 1-68-53-38-71-70-36-29-73-59
48756.1 55 1-68-53-38-71-70-36-29-73-14
49088.1 71 1-68-53-38-71-70-36-29-73-39
23908 108 1-68-53-38-71-70-36-29-57
24786.9 22 1-68-53-38-71-70-36-29-42
27736 45 1-68-53-38-71-70-36-29-46
30375.7 192 1-68-53-38-71-70-36-29-61
42034.5 141 1-68-53-38-71-70-36-29-59
42660.7 97 1-68-53-38-71-70-36-29-30
43337.5 8 1-68-53-38-71-70-36-29-49
44738.2 154 1-68-53-38-71-70-36-29-14
47500.5 170 1-68-53-38-71-70-36-29-39
21494 10 1-68-53-38-71-70-36-58-73
24614.9 9 1-68-53-38-71-70-36-29-73-57
20314.3 109 1-68-53-38-71-70-36-58
73347.2 3986 1-68-53-38-71-70-36-67-120-147-148-82-80-110-91-101-129-130-1
76938.2 3962 1-68-53-38-71-70-36-67-120-147-148-82-80-110-91-101-129-119-1
73358.9 3956 1-68-53-38-71-70-36-67-120-147-148-82-80-110-91-101-129-131-1
82814.1 3867 1-68-53-38-71-70-36-67-120-147-148-82-80-110-91-101-129-104-1
83510.6 3918 1-68-53-38-71-70-36-67-120-147-148-82-80-110-91-101-129-116-1
54266.5 3846 1-68-53-38-71-70-36-67-120-147-148-82-80-110-91-101-111-1
78734 3999 1-68-53-38-71-70-36-67-120-147-148-82-80-110-91-101-98-130-1
77075 3969 1-68-53-38-71-70-36-67-120-147-148-82-80-110-91-101-98-131-1
82318.2 3975 1-68-53-38-71-70-36-67-120-147-148-82-80-110-91-101-98-119-1
85827.8 3880 1-68-53-38-71-70-36-67-120-147-148-82-80-110-91-101-98-104-1
87269.4 3931 1-68-53-38-71-70-36-67-120-147-148-82-80-110-91-101-98-116-1
55970 3648 1-68-53-38-71-70-36-67-120-147-148-82-80-110-91-101-98-1
59926.4 3879 1-68-53-38-71-70-36-67-120-147-148-82-80-110-91-101-93-1
59008.3 3914 1-68-53-38-71-70-36-67-120-147-148-82-80-110-91-101-118-1
56236.5 3849 1-68-53-38-71-70-36-67-120-147-148-82-80-110-91-101-140-1
57032.7 3898 1-68-53-38-71-70-36-67-120-147-148-82-80-110-91-101-87-1
91439.3 3964 1-68-53-38-71-70-36-67-120-147-148-82-80-110-91-101-124-104-1
60829 3732 1-68-53-38-71-70-36-67-120-147-148-82-80-110-91-101-124-1
84101 3982 1-68-53-38-71-70-36-67-120-147-148-82-80-110-91-101-77-119-1
86105.1 3976 1-68-53-38-71-70-36-67-120-147-148-82-80-110-91-101-77-131-1
95945.4 3887 1-68-53-38-71-70-36-67-120-147-148-82-80-110-91-101-77-104-1
96147.6 3938 1-68-53-38-71-70-36-67-120-147-148-82-80-110-91-101-77-116-1
64456.9 3655 1-68-53-38-71-70-36-67-120-147-148-82-80-110-91-101-77-1
66382.9 3997 1-68-53-38-71-70-36-67-120-147-148-82-80-110-91-101-121-131-1
75439.2 3959 1-68-53-38-71-70-36-67-120-147-148-82-80-110-91-101-121-116-1
77739.4 3908 1-68-53-38-71-70-36-67-120-147-148-82-80-110-91-101-121-104-1
57014.7 3676 1-68-53-38-71-70-36-67-120-147-148-82-80-110-91-101-121-1
68239.3 3968 1-68-53-38-71-70-36-67-120-147-148-82-80-110-91-101-137-131-1
76924 3930 1-68-53-38-71-70-36-67-120-147-148-82-80-110-91-101-137-116-1
76507.8 3998 1-68-53-38-71-70-36-67-120-147-148-82-80-110-91-101-137-130-1
79493.7 3974 1-68-53-38-71-70-36-67-120-147-148-82-80-110-91-101-137-119-1
79620.2 3879 1-68-53-38-71-70-36-67-120-147-148-82-80-110-91-101-137-104-1
57540.8 3647 1-68-53-38-71-70-36-67-120-147-148-82-80-110-91-101-137-1
60196.6 3970 1-68-53-38-71-70-36-67-120-147-148-82-80-110-91-101-132-1
85657 3995 1-68-53-38-71-70-36-67-120-147-148-82-80-110-91-101-86-130-1
88898.1 3971 1-68-53-38-71-70-36-67-120-147-148-82-80-110-91-101-86-119-1
90921.4 3965 1-68-53-38-71-70-36-67-120-147-148-82-80-110-91-101-86-131-1
100559 3876 1-68-53-38-71-70-36-67-120-147-148-82-80-110-91-101-86-104-1
101009 3927 1-68-53-38-71-70-36-67-120-147-148-82-80-110-91-101-86-116-1
69257.6 3644 1-68-53-38-71-70-36-67-120-147-148-82-80-110-91-101-86-1
68802.7 3822 1-68-53-38-71-70-36-67-120-147-148-82-80-110-91-101-136-1
62559.4 3791 1-68-53-38-71-70-36-67-120-147-148-82-80-110-91-101-115-1
78110.8 3919 1-68-53-38-71-70-36-67-120-147-148-82-80-110-91-101-94-104-1
83084.3 3970 1-68-53-38-71-70-36-67-120-147-148-82-80-110-91-101-94-116-1
66017.6 3687 1-68-53-38-71-70-36-67-120-147-148-82-80-110-91-101-94-1
81144.5 3982 1-68-53-38-71-70-36-67-120-147-148-82-80-110-91-101-96-104-1
62618.9 3750 1-68-53-38-71-70-36-67-120-147-148-82-80-110-91-101-96-1
73667.1 3875 1-68-53-38-71-70-36-67-120-147-148-82-80-110-91-101-131-116-1
65864.9 3997 1-68-53-38-71-70-36-67-120-147-148-82-80-110-91-101-131-121-1
74857.7 3824 1-68-53-38-71-70-36-67-120-147-148-82-80-110-91-101-131-104-1
77513.6 3977 1-68-53-38-71-70-36-67-120-147-148-82-80-110-91-101-131-122-1
67765.2 3968 1-68-53-38-71-70-36-67-120-147-148-82-80-110-91-101-131-137-1
86730.4 3943 1-68-53-38-71-70-36-67-120-147-148-82-80-110-91-101-131-130-1
89702.6 3919 1-68-53-38-71-70-36-67-120-147-148-82-80-110-91-101-131-119-1
85253.2 3969 1-68-53-38-71-70-36-67-120-147-148-82-80-110-91-101-131-98-1
93138.4 3976 1-68-53-38-71-70-36-67-120-147-148-82-80-110-91-101-131-77-1
98249.1 3965 1-68-53-38-71-70-36-67-120-147-148-82-80-110-91-101-131-86-1
23159.1 35 1-65-2-58-57-73-54-46-32-61
29445.8 10 1-65-2-58-57-73-54-46-32-15
49182.4 13 1-65-2-58-57-73-54-46-32-39
31129.2 17 1-65-2-58-57-73-54-46-61-42-29
23359.8 35 1-65-2-58-57-73-54-46-61-32
33030.4 162 1-65-2-58-57-73-54-46-61-29-15
53139.8 136 1-65-2-58-57-73-54-46-61-29-59
53766 92 1-65-2-58-57-73-54-46-61-29-30
54442.8 3 1-65-2-58-57-73-54-46-61-29-49
55843.5 149 1-65-2-58-57-73-54-46-61-29-14
58605.9 165 1-65-2-58-57-73-54-46-61-29-39
26257.4 108 1-65-2-58-57-73-54-46-61-42
31627.2 25 1-65-2-58-57-73-54-46-61-28
32249.5 253 1-65-2-58-57-73-54-46-61-15
34421.8 71 1-65-2-58-57-73-54-46-61-19
37575 57 1-65-2-58-57-73-54-46-61-13
46122.8 40 1-65-2-58-57-73-54-46-61-56
47510.5 227 1-65-2-58-57-73-54-46-61-59
48224.8 94 1-65-2-58-57-73-54-46-61-49
48576.3 256 1-65-2-58-57-73-54-46-61-39
49316 183 1-65-2-58-57-73-54-46-61-30
51469.9 240 1-65-2-58-57-73-54-46-61-14
35892.3 17 1-65-2-58-57-73-54-46-61-29-42
26604.8 108 1-65-2-58-57-73-54-46-42-61
26900.1 83 1-65-2-58-57-73-54-46-42-15
45479.4 57 1-65-2-58-57-73-54-46-42-59
46681.1 13 1-65-2-58-57-73-54-46-42-30
48821.9 70 1-65-2-58-57-73-54-46-42-14
48951.9 86 1-65-2-58-57-73-54-46-42-39
37292.5 46 1-65-2-58-57-73-54-46-72-29
26640.1 77 1-65-2-58-57-73-54-46-29-4
38498.1 162 1-65-2-58-57-73-54-46-29-15-61
50283.7 111 1-65-2-58-57-73-54-46-29-15-59
50670.7 67 1-65-2-58-57-73-54-46-29-15-30
52703 124 1-65-2-58-57-73-54-46-29-15-14
56228.5 140 1-65-2-58-57-73-54-46-29-15-39
35367.8 17 1-65-2-58-57-73-54-46-29-42-61
29670.2 292 1-65-2-58-57-73-54-46-29-42
31452.6 255 1-65-2-58-57-73-54-46-29-19
32320.3 241 1-65-2-58-57-73-54-46-29-13
32870.1 219 1-65-2-58-57-73-54-46-29-32
34425.9 144 1-65-2-58-57-73-54-46-29-60
40956.6 17 1-65-2-58-57-73-54-46-29-61-42
62209.7 136 1-65-2-58-57-73-54-46-29-61-59
62924 3 1-65-2-58-57-73-54-46-29-61-49
63275.5 165 1-65-2-58-57-73-54-46-29-61-39
64015.2 92 1-65-2-58-57-73-54-46-29-61-30
66169.1 149 1-65-2-58-57-73-54-46-29-61-14
66683.8 3830 1-65-2-58-57-73-54-46-32-61-94-97-104-149-90-122-123-116-151-1
66151.8 3726 1-65-2-58-57-73-54-46-32-61-94-97-104-149-90-122-123-116-131-1
66099.4 3925 1-65-2-58-57-73-54-46-32-61-94-97-104-149-90-122-123-116-115-1
69454.8 3884 1-65-2-58-57-73-54-46-32-61-94-97-104-149-90-122-123-116-96-1
67406 3810 1-65-2-58-57-73-54-46-32-61-94-97-104-149-90-122-123-116-121-1
68934.7 3781 1-65-2-58-57-73-54-46-32-61-94-97-104-149-90-122-123-116-137-1
69944 3983 1-65-2-58-57-73-54-46-32-61-94-97-104-149-90-122-123-116-140-1
87495.4 3756 1-65-2-58-57-73-54-46-32-61-94-97-104-149-90-122-123-116-130-1
88427.9 3934 1-65-2-58-57-73-54-46-32-61-94-97-104-149-90-122-123-116-127-1
90181 3732 1-65-2-58-57-73-54-46-32-61-94-97-104-149-90-122-123-116-119-1
85684.6 3866 1-65-2-58-57-73-54-46-32-61-94-97-104-149-90-122-123-116-124-1
88595.3 3974 1-65-2-58-57-73-54-46-32-61-94-97-104-149-90-122-123-116-88-1
83588.6 3769 1-65-2-58-57-73-54-46-32-61-94-97-104-149-90-122-123-116-129-1
87932.2 3782 1-65-2-58-57-73-54-46-32-61-94-97-104-149-90-122-123-116-98-1
95665.6 3789 1-65-2-58-57-73-54-46-32-61-94-97-104-149-90-122-123-116-77-1
99684.5 3956 1-65-2-58-57-73-54-46-32-61-94-97-104-149-90-122-123-116-136-1
100821 3778 1-65-2-58-57-73-54-46-32-61-94-97-104-149-90-122-123-116-86-1
61964.2 3963 1-65-2-58-57-73-54-46-32-61-94-97-104-149-90-122-123-131-115-1
68289.9 3868 1-65-2-58-57-73-54-46-32-61-94-97-104-149-90-122-123-131-151-1
63506.2 3848 1-65-2-58-57-73-54-46-32-61-94-97-104-149-90-122-123-131-121-1
67054.5 3922 1-65-2-58-57-73-54-46-32-61-94-97-104-149-90-122-123-131-96-1
65406.5 3819 1-65-2-58-57-73-54-46-32-61-94-97-104-149-90-122-123-131-137-1
78593.5 3807 1-65-2-58-57-73-54-46-32-61-94-97-104-149-90-122-123-131-129-1
84371.7 3794 1-65-2-58-57-73-54-46-32-61-94-97-104-149-90-122-123-131-130-1
81555.4 3904 1-65-2-58-57-73-54-46-32-61-94-97-104-149-90-122-123-131-124-1
85521.3 3972 1-65-2-58-57-73-54-46-32-61-94-97-104-149-90-122-123-131-127-1
87343.8 3770 1-65-2-58-57-73-54-46-32-61-94-97-104-149-90-122-123-131-119-1
82894.4 3820 1-65-2-58-57-73-54-46-32-61-94-97-104-149-90-122-123-131-98-1
90779.6 3827 1-65-2-58-57-73-54-46-32-61-94-97-104-149-90-122-123-131-77-1
94860.5 3994 1-65-2-58-57-73-54-46-32-61-94-97-104-149-90-122-123-131-136-1
95890.3 3816 1-65-2-58-57-73-54-46-32-61-94-97-104-149-90-122-123-131-86-1
51334.6 122 1-47-56-49-8-59-30-14-29-15
50396.2 213 1-47-56-49-8-59-30-14-15
51898 17 1-47-56-49-8-59-30-14-13
52416.2 68 1-47-56-49-8-59-30-14-42
54581.4 31 1-47-56-49-8-59-30-14-19
24873 76 1-47-56-49-8-59-30-63
76910.1 125 1-47-56-49-8-59-30-14-29-39
40386 216 1-47-56-49-8-59-30-14-39
55822.9 1 1-47-56-49-8-59-30-39-28
67122.3 138 1-47-56-49-8-59-30-39-29-15
53411.3 216 1-47-56-49-8-59-30-39-14
65571.5 84 1-47-56-49-8-59-30-39-42
66947 229 1-47-56-49-8-59-30-39-15
70994.5 33 1-47-56-49-8-59-30-39-13
71720.3 47 1-47-56-49-8-59-30-39-19
61142.8 4 1-47-56-49-8-59-30-9-29
45157.7 75 1-47-56-49-8-59-30-4-29
37885 95 1-47-56-49-8-59-30-9
56084.1 44 1-47-56-49-8-59-30-72-29
43316 166 1-47-56-49-8-59-30-4
46932.2 75 1-47-56-49-8-59-30-29-4
72995.1 122 1-47-56-49-8-59-30-29-15-14
76520.6 138 1-47-56-49-8-59-30-29-15-39
49962.3 290 1-47-56-49-8-59-30-29-42
51744.7 253 1-47-56-49-8-59-30-29-19
52612.4 239 1-47-56-49-8-59-30-29-13
54718 142 1-47-56-49-8-59-30-29-60
57817.2 44 1-47-56-49-8-59-30-29-72
61515.1 207 1-47-56-49-8-59-30-29-28
68348.3 4 1-47-56-49-8-59-30-29-9
69405.5 114 1-47-56-49-8-59-30-29-33
85798 125 1-47-56-49-8-59-30-29-14-39
71605.5 3993 1-47-56-49-8-59-30-63-88-109-130-146-127-119-100-116-1
76445.2 3965 1-47-56-49-8-59-30-63-88-109-130-146-127-119-118-116-1
48240.1 3710 1-47-56-49-8-59-30-63-88-109-130-146-127-119-100-1
49058.7 3738 1-47-56-49-8-59-30-63-88-109-130-146-127-119-132-1
58736.2 3864 1-47-56-49-8-59-30-63-88-109-130-146-127-119-124-129-1
65215.2 3884 1-47-56-49-8-59-30-63-88-109-130-146-127-119-124-77-1
60413.7 3876 1-47-56-49-8-59-30-63-88-109-130-146-127-119-124-137-1
70442.2 3873 1-47-56-49-8-59-30-63-88-109-130-146-127-119-124-86-1
64624.3 3877 1-47-56-49-8-59-30-63-88-109-130-146-127-119-124-98-1
61347.9 3905 1-47-56-49-8-59-30-63-88-109-130-146-127-119-124-121-1
65343.7 3979 1-47-56-49-8-59-30-63-88-109-130-146-127-119-124-96-1
75620.8 3925 1-47-56-49-8-59-30-63-88-109-130-146-127-119-124-151-1
79753.4 3783 1-47-56-49-8-59-30-63-88-109-130-146-127-119-124-116-1
48585.1 3682 1-47-56-49-8-59-30-63-88-109-130-146-127-119-118-1
72648.9 3949 1-47-56-49-8-59-30-63-88-109-130-146-127-119-87-116-1
48768.9 3666 1-47-56-49-8-59-30-63-88-109-130-146-127-119-87-1
55479.9 3811 1-47-56-49-8-59-30-63-88-109-130-146-127-119-85-1
53162.3 3993 1-47-56-49-8-59-30-63-88-109-130-146-127-119-140-137-1
72544.3 3900 1-47-56-49-8-59-30-63-88-109-130-146-127-119-140-116-1
67368.4 3981 1-47-56-49-8-59-30-63-88-109-130-146-127-119-140-129-1
72772.4 3994 1-47-56-49-8-59-30-63-88-109-130-146-127-119-140-98-1
83533.6 3990 1-47-56-49-8-59-30-63-88-109-130-146-127-119-140-86-1
51000.3 3617 1-47-56-49-8-59-30-63-88-109-130-146-127-119-140-1
53933.4 3993 1-47-56-49-8-59-30-63-88-109-130-146-127-119-137-140-1
54354.9 3820 1-47-56-49-8-59-30-63-88-109-130-146-127-119-137-121-1
58187.5 3894 1-47-56-49-8-59-30-63-88-109-130-146-127-119-137-96-1
68138.9 3840 1-47-56-49-8-59-30-63-88-109-130-146-127-119-137-151-1
69716.4 3876 1-47-56-49-8-59-30-63-88-109-130-146-127-119-137-124-1
69791.3 3779 1-47-56-49-8-59-30-63-88-109-130-146-127-119-137-129-1
75042.1 3792 1-47-56-49-8-59-30-63-88-109-130-146-127-119-137-98-1
80882 3799 1-47-56-49-8-59-30-63-88-109-130-146-127-119-137-77-1
84617.2 3966 1-47-56-49-8-59-30-63-88-109-130-146-127-119-137-136-1
86202.1 3788 1-47-56-49-8-59-30-63-88-109-130-146-127-119-137-86-1
57005.8 3894 1-47-56-49-8-59-30-63-88-109-130-146-127-119-96-137-1
56913.3 3923 1-47-56-49-8-59-30-63-88-109-130-146-127-119-96-121-1
67401.4 3943 1-47-56-49-8-59-30-63-88-109-130-146-127-119-96-151-1
71644.5 3801 1-47-56-49-8-59-30-63-88-109-130-146-127-119-96-116-1
73842.8 3882 1-47-56-49-8-59-30-63-88-109-130-146-127-119-96-129-1
79024 3895 1-47-56-49-8-59-30-63-88-109-130-146-127-119-96-98-1
84956.8 3902 1-47-56-49-8-59-30-63-88-109-130-146-127-119-96-77-1
90281.1 3891 1-47-56-49-8-59-30-63-88-109-130-146-127-119-96-86-1
43251.8 210 1-72-28-60-42-29-4-15-19
44125.4 196 1-72-28-60-42-29-4-15-13
80256.3 82 1-72-28-60-42-29-4-15-14-39
64650.2 71 1-72-28-60-42-29-4-15-33
83168.8 3915 1-72-28-60-42-29-4-15-19-116-151-106-96-137-140-121-85-1
79825.5 3770 1-72-28-60-42-29-4-15-19-116-151-106-96-137-140-121-87-1
82604.4 3842 1-72-28-60-42-29-4-15-19-116-151-106-96-137-140-121-132-1
87744.9 3786 1-72-28-60-42-29-4-15-19-116-151-106-96-137-140-121-118-1
99291.6 3968 1-72-28-60-42-29-4-15-19-116-151-106-96-137-140-121-124-129-1
105771 3988 1-72-28-60-42-29-4-15-19-116-151-106-96-137-140-121-124-77-1
110998 3977 1-72-28-60-42-29-4-15-19-116-151-106-96-137-140-121-124-86-1
105180 3981 1-72-28-60-42-29-4-15-19-116-151-106-96-137-140-121-124-98-1
96434.7 3884 1-72-28-60-42-29-4-15-19-116-151-106-96-137-140-121-129-98-1
103217 3891 1-72-28-60-42-29-4-15-19-116-151-106-96-137-140-121-129-77-1
107937 3880 1-72-28-60-42-29-4-15-19-116-151-106-96-137-140-121-129-86-1
91446.2 3604 1-72-28-60-42-29-4-15-19-116-151-106-96-137-140-121-124-1
106743 3904 1-72-28-60-42-29-4-15-19-116-151-106-96-137-140-121-98-77-1
110447 3893 1-72-28-60-42-29-4-15-19-116-151-106-96-137-140-121-98-86-1
109394 3981 1-72-28-60-42-29-4-15-19-116-151-106-96-137-140-121-98-124-1
103269 3968 1-72-28-60-42-29-4-15-19-116-151-106-96-137-140-121-129-124-1
128824 3924 1-31-14-33-9-39-13-85-132-118-124-129-98-93-1
134793 3700 1-31-14-33-9-39-13-85-132-118-124-129-98-77-1
138498 3689 1-31-14-33-9-39-13-85-132-118-124-129-98-86-1
139185 3867 1-31-14-33-9-39-13-85-132-118-124-129-98-136-1
131939 3931 1-31-14-33-9-39-13-85-132-118-124-129-93-77-1
135612 3920 1-31-14-33-9-39-13-85-132-118-124-129-93-86-1
125874 3547 1-31-14-33-9-39-13-85-132-118-124-129-93-1
134759 3874 1-31-14-33-9-39-13-85-132-118-124-129-77-136-1
135682 3696 1-31-14-33-9-39-13-85-132-118-124-129-77-86-1
132576 3931 1-31-14-33-9-39-13-85-132-118-124-129-77-93-1
20000 4000 1-930708016
80096.3 1685 1-930708016-98-77-136-86-1
