33336.6 68 1-55-64-34-75-35-69-6-62-44-20-10-48-66-25
42261.1 52 1-55-64-34-75-35-69-6-62-44-20-10-48-66-29
42348.5 62 1-55-64-34-75-35-69-6-62-44-20-10-48-66-45
42679.3 44 1-55-64-34-75-35-69-6-62-44-20-10-48-66-73
29480.7 39 1-55-64-34-75-35-69-6-62-44-20-10-48-74-23
38865.3 57 1-55-64-34-75-35-69-6-62-44-20-10-48-74-37-73
39218.4 75 1-55-64-34-75-35-69-6-62-44-20-10-48-74-37-45
41284 65 1-55-64-34-75-35-69-6-62-44-20-10-48-74-37-29
32966.6 25 1-55-64-34-75-35-69-6-62-44-20-10-48-74-27
39433.6 39 1-55-64-34-75-35-69-6-62-44-20-10-48-74-45-12
74673.5 71 1-55-64-34-75-35-69-6-62-44-20-10-48-74-45-73-29-25
69354.6 65 1-55-64-34-75-35-69-6-62-44-20-10-48-74-45-73-17
63956.4 4890 1-55-64-34-75-35-69-6-62-44-20-10-48-74-23-91-101-143-148-147-120-102-92-82-80-110-1
83513.5 4975 1-55-64-34-75-35-69-6-62-44-20-10-48-74-23-91-101-143-148-147-120-102-92-82-80-108-78-1
83116.4 4994 1-55-64-34-75-35-69-6-62-44-20-10-48-74-23-91-101-143-148-147-120-102-92-82-80-111-78-1
68442.1 4798 1-55-64-34-75-35-69-6-62-44-20-10-48-74-23-91-101-143-148-147-120-102-92-82-80-108-1
76528.4 4994 1-55-64-34-75-35-69-6-62-44-20-10-48-74-23-91-101-143-148-147-120-102-92-82-80-135-98-1
76265.5 4956 1-55-64-34-75-35-69-6-62-44-20-10-48-74-23-91-101-143-148-147-120-102-92-82-80-135-133-1
77468.8 4869 1-55-64-34-75-35-69-6-62-44-20-10-48-74-23-91-101-143-148-147-120-102-92-82-80-135-125-1
76291.1 4981 1-55-64-34-75-35-69-6-62-44-20-10-48-74-23-91-101-143-148-147-120-102-92-82-80-135-129-1
77295.5 4963 1-55-64-34-75-35-69-6-62-44-20-10-48-74-23-91-101-143-148-147-120-102-92-82-80-135-81-1
91412.2 4990 1-55-64-34-75-35-69-6-62-44-20-10-48-74-23-91-101-143-148-147-120-102-92-82-80-135-86-1
85489.6 4894 1-55-64-34-75-35-69-6-62-44-20-10-48-74-23-91-101-143-148-147-120-102-92-82-80-135-141-1
82617.2 4912 1-55-64-34-75-35-69-6-62-44-20-10-48-74-23-91-101-143-148-147-120-102-92-82-80-135-113-1
81394.5 4901 1-55-64-34-75-35-69-6-62-44-20-10-48-74-23-91-101-143-148-147-120-102-92-82-80-135-79-1
85792.8 4993 1-55-64-34-75-35-69-6-62-44-20-10-48-74-23-91-101-143-148-147-120-102-92-82-80-135-137-1
89814.7 4938 1-55-64-34-75-35-69-6-62-44-20-10-48-74-23-91-101-143-148-147-120-102-92-82-80-135-131-1
97345 4849 1-55-64-34-75-35-69-6-62-44-20-10-48-74-23-91-101-143-148-147-120-102-92-82-80-135-104-1
96795.7 4968 1-55-64-34-75-35-69-6-62-44-20-10-48-74-23-91-101-143-148-147-120-102-92-82-80-135-130-1
99875.2 4900 1-55-64-34-75-35-69-6-62-44-20-10-48-74-23-91-101-143-148-147-120-102-92-82-80-135-116-1
100428 4944 1-55-64-34-75-35-69-6-62-44-20-10-48-74-23-91-101-143-148-147-120-102-92-82-80-135-119-1
69745.9 4817 1-55-64-34-75-35-69-6-62-44-20-10-48-74-23-91-101-143-148-147-120-102-92-82-80-111-1
71573.9 4833 1-55-64-34-75-35-69-6-62-44-20-10-48-74-23-91-101-143-148-147-120-102-92-82-80-133-125-1
81411.1 4997 1-55-64-34-75-35-69-6-62-44-20-10-48-74-23-91-101-143-148-147-120-102-92-82-80-133-94-1
83641.5 4958 1-55-64-34-75-35-69-6-62-44-20-10-48-74-23-91-101-143-148-147-120-102-92-82-80-133-98-1
81743.7 4945 1-55-64-34-75-35-69-6-62-44-20-10-48-74-23-91-101-143-148-147-120-102-92-82-80-133-129-1
79346 4865 1-55-64-34-75-35-69-6-62-44-20-10-48-74-23-91-101-143-148-147-120-102-92-82-80-133-79-1
78721.4 4927 1-55-64-34-75-35-69-6-62-44-20-10-48-74-23-91-101-143-148-147-120-102-92-82-80-133-81-1
85185.2 4902 1-55-64-34-75-35-69-6-62-44-20-10-48-74-23-91-101-143-148-147-120-102-92-82-80-133-131-1
82235.4 4986 1-55-64-34-75-35-69-6-62-44-20-10-48-74-23-91-101-143-148-147-120-102-92-82-80-133-121-1
115098 4990 1-55-64-34-75-35-69-6-62-44-20-10-48-74-23-91-101-143-148-147-120-102-92-82-80-133-104-78-1
78589.9 4956 1-55-64-34-75-35-69-6-62-44-20-10-48-74-23-91-101-143-148-147-120-102-92-82-80-133-135-1
83674.7 4957 1-55-64-34-75-35-69-6-62-44-20-10-48-74-23-91-101-143-148-147-120-102-92-82-80-133-137-1
84764.6 4876 1-55-64-34-75-35-69-6-62-44-20-10-48-74-23-91-101-143-148-147-120-102-92-82-80-133-113-1
95370.7 4991 1-55-64-34-75-35-69-6-62-44-20-10-48-74-23-91-101-143-148-147-120-102-92-82-80-133-90-1
95233.1 4966 1-55-64-34-75-35-69-6-62-44-20-10-48-74-23-91-101-143-148-147-120-102-92-82-80-133-122-1
91522.7 4813 1-55-64-34-75-35-69-6-62-44-20-10-48-74-23-91-101-143-148-147-120-102-92-82-80-133-104-1
89400.4 4858 1-55-64-34-75-35-69-6-62-44-20-10-48-74-23-91-101-143-148-147-120-102-92-82-80-133-141-1
94859.5 4864 1-55-64-34-75-35-69-6-62-44-20-10-48-74-23-91-101-143-148-147-120-102-92-82-80-133-116-1
94331.4 4965 1-55-64-34-75-35-69-6-62-44-20-10-48-74-23-91-101-143-148-147-120-102-92-82-80-133-77-1
98531.2 4954 1-55-64-34-75-35-69-6-62-44-20-10-48-74-23-91-101-143-148-147-120-102-92-82-80-133-86-1
98418.2 4932 1-55-64-34-75-35-69-6-62-44-20-10-48-74-23-91-101-143-148-147-120-102-92-82-80-133-130-1
101982 4908 1-55-64-34-75-35-69-6-62-44-20-10-48-74-23-91-101-143-148-147-120-102-92-82-80-133-119-1
122069 4990 1-55-64-34-75-35-69-6-62-44-20-10-48-74-23-91-101-143-148-147-120-102-92-82-80-133-78-104-1
78586 4857 1-55-64-34-75-35-69-6-62-44-20-10-48-74-23-91-101-143-148-147-120-102-92-82-80-112-78-1
74499.8 4975 1-55-64-34-75-35-69-6-62-44-20-10-48-74-23-91-101-143-148-147-120-102-92-82-80-112-113-1
77523.8 4957 1-55-64-34-75-35-69-6-62-44-20-10-48-74-23-91-101-143-148-147-120-102-92-82-80-112-141-1
77148.3 4964 1-55-64-34-75-35-69-6-62-44-20-10-48-74-23-91-101-143-148-147-120-102-92-82-80-112-79-1
83631 4932 1-55-64-34-75-35-69-6-62-44-20-10-48-74-23-91-101-143-148-147-120-102-92-82-80-112-125-1
98497.6 4912 1-55-64-34-75-35-69-6-62-44-20-10-48-74-23-91-101-143-148-147-120-102-92-82-80-112-104-1
64044.9 30 1-11-37-27-51-18-26-52-54-73-29-45-25
49938.4 14 1-11-37-27-51-18-26-52-54-73-29-17
77939.1 4807 1-11-37-27-51-18-26-52-54-73-29-17-138-141-144-78-117-84-76-124-145-118-1
77433.4 4805 1-11-37-27-51-18-26-52-54-73-29-17-138-141-144-78-117-84-76-124-145-113-81-1
77427 4888 1-11-37-27-51-18-26-52-54-73-29-17-138-141-144-78-117-84-76-124-145-113-105-1
78523.1 4935 1-11-37-27-51-18-26-52-54-73-29-17-138-141-144-78-117-84-76-124-145-113-103-1
82200.4 4897 1-11-37-27-51-18-26-52-54-73-29-17-138-141-144-78-117-84-76-124-145-113-112-1
85688.1 4971 1-11-37-27-51-18-26-52-54-73-29-17-138-141-144-78-117-84-76-124-145-113-150-1
91602.7 4810 1-11-37-27-51-18-26-52-54-73-29-17-138-141-144-78-117-84-76-124-145-113-130-1
93529.1 4988 1-11-37-27-51-18-26-52-54-73-29-17-138-141-144-78-117-84-76-124-145-113-127-1
87392.8 4823 1-11-37-27-51-18-26-52-54-73-29-17-138-141-144-78-117-84-76-124-145-113-129-1
108350 4975 1-11-37-27-51-18-26-52-54-73-29-17-138-141-144-78-117-84-76-124-145-113-79-104-1
102868 4995 1-11-37-27-51-18-26-52-54-73-29-17-138-141-144-78-117-84-76-124-145-113-79-125-1
95235.4 4786 1-11-37-27-51-18-26-52-54-73-29-17-138-141-144-78-117-84-76-124-145-113-119-1
87429.9 4835 1-11-37-27-51-18-26-52-54-73-29-17-138-141-144-78-117-84-76-124-145-113-137-1
88175.4 4864 1-11-37-27-51-18-26-52-54-73-29-17-138-141-144-78-117-84-76-124-145-113-121-1
96184.7 4843 1-11-37-27-51-18-26-52-54-73-29-17-138-141-144-78-117-84-76-124-145-113-77-1
93364.4 4836 1-11-37-27-51-18-26-52-54-73-29-17-138-141-144-78-117-84-76-124-145-113-98-1
92540.7 4938 1-11-37-27-51-18-26-52-54-73-29-17-138-141-144-78-117-84-76-124-145-113-96-1
101560 4832 1-11-37-27-51-18-26-52-54-73-29-17-138-141-144-78-117-84-76-124-145-113-86-1
95870.5 4834 1-11-37-27-51-18-26-52-54-73-29-17-138-141-144-78-117-84-76-124-145-113-135-1
95533.2 4979 1-11-37-27-51-18-26-52-54-73-29-17-138-141-144-78-117-84-76-124-145-113-115-1
95693.5 4798 1-11-37-27-51-18-26-52-54-73-29-17-138-141-144-78-117-84-76-124-145-113-133-1
97121 4780 1-11-37-27-51-18-26-52-54-73-29-17-138-141-144-78-117-84-76-124-145-113-131-1
117692 4943 1-11-37-27-51-18-26-52-54-73-29-17-138-141-144-78-117-84-76-124-145-113-125-104-1
121256 4994 1-11-37-27-51-18-26-52-54-73-29-17-138-141-144-78-117-84-76-124-145-113-125-116-1
84456.5 4743 1-11-37-27-51-18-26-52-54-73-29-17-138-141-144-78-117-84-76-124-145-113-79-1
98151.5 4946 1-11-37-27-51-18-26-52-54-73-29-17-138-141-144-78-117-84-76-124-145-113-126-1
99218.2 4891 1-11-37-27-51-18-26-52-54-73-29-17-138-141-144-78-117-84-76-124-145-113-95-1
102527 4884 1-11-37-27-51-18-26-52-54-73-29-17-138-141-144-78-117-84-76-124-145-113-151-1
112451 4974 1-11-37-27-51-18-26-52-54-73-29-17-138-141-144-78-117-84-76-124-145-113-116-104-1
106238 4995 1-11-37-27-51-18-26-52-54-73-29-17-138-141-144-78-117-84-76-124-145-113-125-79-1
106595 4742 1-11-37-27-51-18-26-52-54-73-29-17-138-141-144-78-117-84-76-124-145-113-116-1
105149 4955 1-11-37-27-51-18-26-52-54-73-29-17-138-141-144-78-117-84-76-124-145-113-107-1
104722 4875 1-11-37-27-51-18-26-52-54-73-29-17-138-141-144-78-117-84-76-124-145-113-94-1
106572 4981 1-11-37-27-51-18-26-52-54-73-29-17-138-141-144-78-117-84-76-124-145-113-142-1
107177 4984 1-11-37-27-51-18-26-52-54-73-29-17-138-141-144-78-117-84-76-124-145-113-83-1
113988 4974 1-11-37-27-51-18-26-52-54-73-29-17-138-141-144-78-117-84-76-124-145-113-104-116-1
111187 4975 1-11-37-27-51-18-26-52-54-73-29-17-138-141-144-78-117-84-76-124-145-113-104-79-1
33106.3 63 1-41-7-45-43-5-28-12-72-60-46
36940.1 40 1-41-7-45-43-5-28-12-72-60-42
61873.6 51 1-41-7-45-43-5-28-12-72-60-57-25
38195.9 36 1-41-7-45-43-5-28-12-72-60-58
37447.8 126 1-41-7-45-43-5-28-12-72-60-57
65302.5 23 1-41-7-45-43-5-28-12-72-60-70-25
42835.2 98 1-41-7-45-43-5-28-12-72-60-70
45660.5 3 1-41-7-45-43-5-28-12-72-60-19
53889.7 67 1-41-7-45-43-5-28-12-72-60-3
55937.7 26 1-41-7-45-43-5-28-12-72-60-49
61020.8 40 1-41-7-45-43-5-28-12-72-60-30-25
57182.1 115 1-41-7-45-43-5-28-12-72-60-30
61014.4 186 1-41-7-45-43-5-28-12-72-60-25-50
63917.9 40 1-41-7-45-43-5-28-12-72-60-25-30
66537.6 90 1-41-7-45-43-5-28-12-72-60-25-22
67410.2 84 1-41-7-45-43-5-28-12-72-60-25-59
78792.7 113 1-41-7-45-43-5-28-12-72-60-25-39
80137.6 78 1-41-7-45-43-5-28-12-72-60-25-71
82546.5 23 1-41-7-45-43-5-28-12-72-60-25-70
84505.1 51 1-41-7-45-43-5-28-12-72-60-25-57
85545.4 110 1-41-7-45-43-5-28-12-72-60-25-15
91621.1 135 1-41-7-45-43-5-28-12-72-60-25-61
62999.9 97 1-41-7-45-43-5-28-12-72-60-25-14
69284 4869 1-41-7-45-43-5-28-12-72-60-46-94-128-114-97-104-149-90-122-123-126-1
75516.1 4986 1-41-7-45-43-5-28-12-72-60-46-94-128-114-97-104-149-90-122-123-116-131-1
76765.4 4949 1-41-7-45-43-5-28-12-72-60-46-94-128-114-97-104-149-90-122-123-116-79-1
88018.9 4917 1-41-7-45-43-5-28-12-72-60-46-94-128-114-97-104-149-90-122-123-116-125-1
99545.4 4992 1-41-7-45-43-5-28-12-72-60-46-94-128-114-97-104-149-90-122-123-116-119-1
72466.2 4987 1-41-7-45-43-5-28-12-72-60-46-94-128-114-97-104-149-90-122-123-131-79-1
83617.4 4955 1-41-7-45-43-5-28-12-72-60-46-94-128-114-97-104-149-90-122-123-131-125-1
70478.3 4703 1-41-7-45-43-5-28-12-72-60-46-94-128-114-97-104-149-90-122-123-131-1
75062 4807 1-41-7-45-43-5-28-12-72-60-46-94-128-114-97-104-149-90-122-123-151-1
71321.2 4902 1-41-7-45-43-5-28-12-72-60-46-94-128-114-97-104-149-90-122-123-115-1
77218.1 4979 1-41-7-45-43-5-28-12-72-60-46-94-128-114-97-104-149-90-122-123-106-1
72719.9 4787 1-41-7-45-43-5-28-12-72-60-46-94-128-114-97-104-149-90-122-123-121-1
76223.2 4973 1-41-7-45-43-5-28-12-72-60-46-94-128-114-97-104-149-90-122-123-125-133-1
87845 4998 1-41-7-45-43-5-28-12-72-60-46-94-128-114-97-104-149-90-122-123-125-129-1
85220.9 4918 1-41-7-45-43-5-28-12-72-60-46-94-128-114-97-104-149-90-122-123-125-79-1
90681 4955 1-41-7-45-43-5-28-12-72-60-46-94-128-114-97-104-149-90-122-123-125-131-1
84816.8 4980 1-41-7-45-43-5-28-12-72-60-46-94-128-114-97-104-149-90-122-123-125-81-1
104489 4985 1-41-7-45-43-5-28-12-72-60-46-94-128-114-97-104-149-90-122-123-125-130-1
108046 4961 1-41-7-45-43-5-28-12-72-60-46-94-128-114-97-104-149-90-122-123-125-119-1
29508.7 5 1-40-47-56-49-8-59-30-14-63-50
50324.3 28 1-40-47-56-49-8-59-30-14-25-50-22-71
55858.8 60 1-40-47-56-49-8-59-30-14-25-50-22-15
56034.7 1 1-40-47-56-49-8-59-30-14-25-50-22-57
57732.2 63 1-40-47-56-49-8-59-30-14-25-50-22-39
63678 85 1-40-47-56-49-8-59-30-14-25-50-22-61
36614.9 262 1-40-47-56-49-8-59-30-14-25-50-3
36708.3 116 1-40-47-56-49-8-59-30-14-25-50-21
37464.3 152 1-40-47-56-49-8-59-30-14-25-50-66
39445.8 125 1-40-47-56-49-8-59-30-14-25-50-24
39523 42 1-40-47-56-49-8-59-30-14-25-50-16
48376 59 1-40-47-56-49-8-59-30-14-25-50-33
48773.8 102 1-40-47-56-49-8-59-30-14-25-50-68
73865.7 24 1-40-47-56-49-8-59-30-14-25-50-39-57
75340.4 51 1-40-47-56-49-8-59-30-14-25-50-39-71
77153.5 108 1-40-47-56-49-8-59-30-14-25-50-39-61
78557.1 83 1-40-47-56-49-8-59-30-14-25-50-39-15
62730.7 4983 1-40-47-56-49-8-59-30-14-63-50-146-130-127-119-100-109-88-118-81-79-1
74524 4951 1-40-47-56-49-8-59-30-14-63-50-146-130-127-119-100-109-88-118-81-125-1
84850.4 4982 1-40-47-56-49-8-59-30-14-63-50-146-130-127-119-100-109-88-118-81-116-1
54615.2 4933 1-40-47-56-49-8-59-30-14-63-50-146-130-127-119-100-109-88-118-134-1
58713.5 4980 1-40-47-56-49-8-59-30-14-63-50-146-130-127-119-100-109-88-118-87-1
55962.7 4829 1-40-47-56-49-8-59-30-14-63-50-146-130-127-119-100-109-88-118-103-1
59513 4791 1-40-47-56-49-8-59-30-14-63-50-146-130-127-119-100-109-88-118-112-1
60913.3 4931 1-40-47-56-49-8-59-30-14-63-50-146-130-127-119-100-109-88-118-140-1
62766.7 4865 1-40-47-56-49-8-59-30-14-63-50-146-130-127-119-100-109-88-118-150-1
73326.2 4958 1-40-47-56-49-8-59-30-14-63-50-146-130-127-119-100-109-88-118-79-131-1
82782 4920 1-40-47-56-49-8-59-30-14-63-50-146-130-127-119-100-109-88-118-79-116-1
77791.7 4976 1-40-47-56-49-8-59-30-14-63-50-146-130-127-119-100-109-88-118-79-133-1
79017.4 4889 1-40-47-56-49-8-59-30-14-63-50-146-130-127-119-100-109-88-118-79-125-1
54714.3 4699 1-40-47-56-49-8-59-30-14-63-50-146-130-127-119-100-109-88-118-81-1
81461.5 4981 1-40-47-56-49-8-59-30-14-63-50-146-130-127-119-100-109-88-118-137-125-1
66820 4983 1-40-47-56-49-8-59-30-14-63-50-146-130-127-119-100-109-88-118-79-81-1
63075.3 4729 1-40-47-56-49-8-59-30-14-63-50-146-130-127-119-100-109-88-118-137-1
78917.5 4969 1-40-47-56-49-8-59-30-14-63-50-146-130-127-119-100-109-88-118-129-125-1
64508.9 4717 1-40-47-56-49-8-59-30-14-63-50-146-130-127-119-100-109-88-118-129-1
64093.1 4758 1-40-47-56-49-8-59-30-14-63-50-146-130-127-119-100-109-88-118-121-1
87092.5 4989 1-40-47-56-49-8-59-30-14-63-50-146-130-127-119-100-109-88-118-77-125-1
72245.2 4737 1-40-47-56-49-8-59-30-14-63-50-146-130-127-119-100-109-88-118-77-1
67935.7 4832 1-40-47-56-49-8-59-30-14-63-50-146-130-127-119-100-109-88-118-96-1
75190.5 4904 1-40-47-56-49-8-59-30-14-63-50-146-130-127-119-100-109-88-118-136-1
71467.5 4961 1-40-47-56-49-8-59-30-14-63-50-146-130-127-119-100-109-88-118-93-1
81921.3 4982 1-40-47-56-49-8-59-30-14-63-50-146-130-127-119-100-109-88-118-98-125-1
70488.8 4730 1-40-47-56-49-8-59-30-14-63-50-146-130-127-119-100-109-88-118-98-1
91475 4978 1-40-47-56-49-8-59-30-14-63-50-146-130-127-119-100-109-88-118-86-125-1
77561.8 4726 1-40-47-56-49-8-59-30-14-63-50-146-130-127-119-100-109-88-118-86-1
72712.6 4950 1-40-47-56-49-8-59-30-14-63-50-146-130-127-119-100-109-88-118-106-1
71150.4 4928 1-40-47-56-49-8-59-30-14-63-50-146-130-127-119-100-109-88-118-111-1
71612.3 4873 1-40-47-56-49-8-59-30-14-63-50-146-130-127-119-100-109-88-118-115-1
71125.8 4909 1-40-47-56-49-8-59-30-14-63-50-146-130-127-119-100-109-88-118-108-1
80111.7 4980 1-40-47-56-49-8-59-30-14-63-50-146-130-127-119-100-109-88-118-135-125-1
73267.8 4728 1-40-47-56-49-8-59-30-14-63-50-146-130-127-119-100-109-88-118-135-1
83512.8 4957 1-40-47-56-49-8-59-30-14-63-50-146-130-127-119-100-109-88-118-131-116-1
86457.6 4926 1-40-47-56-49-8-59-30-14-63-50-146-130-127-119-100-109-88-118-131-125-1
23209 52 1-68-53-38-71-70-4-36-67-57
50340.7 36 1-68-53-38-71-70-4-36-67-15-25
62589.8 61 1-68-53-38-71-70-4-36-67-61-25
24874.6 111 1-68-53-38-71-70-4-36-67-15
42024.5 16 1-68-53-38-71-70-4-36-67-22-25
31047.9 136 1-68-53-38-71-70-4-36-67-61
58496.2 39 1-68-53-38-71-70-4-36-67-25-39
65248.9 36 1-68-53-38-71-70-4-36-67-25-15
71324.6 61 1-68-53-38-71-70-4-36-67-25-61
35566.1 91 1-68-53-38-71-70-4-36-67-22
42686.7 114 1-68-53-38-71-70-4-36-67-39
46241.1 16 1-68-53-38-71-70-4-36-67-25-22
23460.1 32 1-68-53-38-71-70-4-36-65-57
53159.7 16 1-68-53-38-71-70-4-36-65-15-25
62574.8 41 1-68-53-38-71-70-4-36-65-61-25
27693.6 91 1-68-53-38-71-70-4-36-65-15
39313.3 71 1-68-53-38-71-70-4-36-65-22
61776.4 19 1-68-53-38-71-70-4-36-65-25-39
68529.1 16 1-68-53-38-71-70-4-36-65-25-15
31033 116 1-68-53-38-71-70-4-36-65-61
44041.5 94 1-68-53-38-71-70-4-36-65-39
74604.8 41 1-68-53-38-71-70-4-36-65-25-61
47122.1 15 1-68-53-38-71-70-4-36-58-57-25
25513.1 4 1-68-53-38-71-70-4-36-58-42
52323.9 74 1-68-53-38-71-70-4-36-58-15-25
22696.2 90 1-68-53-38-71-70-4-36-58-57
26857.8 149 1-68-53-38-71-70-4-36-58-15
39354.4 31 1-68-53-38-71-70-4-36-58-3
48575.7 54 1-68-53-38-71-70-4-36-58-22-25
64884.8 77 1-68-53-38-71-70-4-36-58-25-39
70597.2 15 1-68-53-38-71-70-4-36-58-25-57
71637.5 74 1-68-53-38-71-70-4-36-58-25-15
77713.2 99 1-68-53-38-71-70-4-36-58-25-61
42117.3 129 1-68-53-38-71-70-4-36-58-22
47117.4 152 1-68-53-38-71-70-4-36-58-39
52629.7 54 1-68-53-38-71-70-4-36-58-25-22
24781.7 32 1-68-53-38-71-70-4-36-57-65
54221.1 19 1-68-53-38-71-70-4-36-57-42-25
47640.1 15 1-68-53-38-71-70-4-36-57-58-25
26133.9 94 1-68-53-38-71-70-4-36-57-42
26535.8 52 1-68-53-38-71-70-4-36-57-67
23266.8 90 1-68-53-38-71-70-4-36-57-58
28615.9 21 1-68-53-38-71-70-4-36-57-32
32584.8 57 1-68-53-38-71-70-4-36-57-19
33882.2 43 1-68-53-38-71-70-4-36-57-13
39041 11 1-68-53-38-71-70-4-36-57-66
47219.5 46 1-68-53-38-71-70-4-36-57-3-25
40075.8 121 1-68-53-38-71-70-4-36-57-3
53938.3 46 1-68-53-38-71-70-4-36-57-25-3
65508 167 1-68-53-38-71-70-4-36-57-25-39
71167.8 15 1-68-53-38-71-70-4-36-57-25-58
72260.7 164 1-68-53-38-71-70-4-36-57-25-15
74881.8 19 1-68-53-38-71-70-4-36-57-25-42
78336.4 189 1-68-53-38-71-70-4-36-57-25-61
47097.4 242 1-68-53-38-71-70-4-36-57-39
53252.9 144 1-68-53-38-71-70-4-36-57-25-22
42942.8 219 1-68-53-38-71-70-4-36-57-22
56981.3 41 1-68-53-38-71-70-4-36-15-19-25
52248.9 74 1-68-53-38-71-70-4-36-15-58-25
27590.5 116 1-68-53-38-71-70-4-36-15-19
54838.1 27 1-68-53-38-71-70-4-36-15-13-25
27875.6 149 1-68-53-38-71-70-4-36-15-58
49389.4 36 1-68-53-38-71-70-4-36-15-67-25
28464.2 102 1-68-53-38-71-70-4-36-15-13
28648.6 111 1-68-53-38-71-70-4-36-15-67
51478.3 16 1-68-53-38-71-70-4-36-15-65-25
62506.5 5 1-68-53-38-71-70-4-36-15-32-25
29462.5 91 1-68-53-38-71-70-4-36-15-65
62522.2 26 1-68-53-38-71-70-4-36-15-61-39
62723.1 3 1-68-53-38-71-70-4-36-15-61-22
31902.7 80 1-68-53-38-71-70-4-36-15-32
39810.5 43 1-68-53-38-71-70-4-36-15-24
40512.2 70 1-68-53-38-71-70-4-36-15-66
41320.7 34 1-68-53-38-71-70-4-36-15-21
71431.5 3 1-68-53-38-71-70-4-36-15-22-61
55425.9 105 1-68-53-38-71-70-4-36-15-25-3
66995.6 226 1-68-53-38-71-70-4-36-15-25-39
69022.9 36 1-68-53-38-71-70-4-36-15-25-67
70297.9 16 1-68-53-38-71-70-4-36-15-25-65
72655.3 74 1-68-53-38-71-70-4-36-15-25-58
72708 164 1-68-53-38-71-70-4-36-15-25-57
74656.1 27 1-68-53-38-71-70-4-36-15-25-13
76369.3 78 1-68-53-38-71-70-4-36-15-25-42
77672.9 41 1-68-53-38-71-70-4-36-15-25-19
78886 5 1-68-53-38-71-70-4-36-15-25-32
79824 248 1-68-53-38-71-70-4-36-15-25-61
43214.2 278 1-68-53-38-71-70-4-36-15-22
80252.6 26 1-68-53-38-71-70-4-36-15-39-61
54740.5 203 1-68-53-38-71-70-4-36-15-25-22
70002 4895 1-68-53-38-71-70-4-36-58-57-131-115-151-116-106-96-137-140-79-121-87-1
65275.2 4991 1-68-53-38-71-70-4-36-58-57-131-115-151-116-106-96-137-140-79-121-99-1
72780.9 4967 1-68-53-38-71-70-4-36-58-57-131-115-151-116-106-96-137-140-79-121-132-1
81671.3 4978 1-68-53-38-71-70-4-36-58-57-131-115-151-116-106-96-137-140-79-121-81-129-1
87415.8 4991 1-68-53-38-71-70-4-36-58-57-131-115-151-116-106-96-137-140-79-121-81-98-1
92202.7 4998 1-68-53-38-71-70-4-36-58-57-131-115-151-116-106-96-137-140-79-121-81-77-1
88932 4989 1-68-53-38-71-70-4-36-58-57-131-115-151-116-106-96-137-140-79-121-81-135-1
88033.5 4953 1-68-53-38-71-70-4-36-58-57-131-115-151-116-106-96-137-140-79-121-81-133-1
89479.6 4866 1-68-53-38-71-70-4-36-58-57-131-115-151-116-106-96-137-140-79-121-81-125-1
97529 4987 1-68-53-38-71-70-4-36-58-57-131-115-151-116-106-96-137-140-79-121-81-86-1
90176.4 4996 1-68-53-38-71-70-4-36-58-57-131-115-151-116-106-96-137-140-79-121-103-125-1
71354.4 4744 1-68-53-38-71-70-4-36-58-57-131-115-151-116-106-96-137-140-79-121-103-1
91926.3 4958 1-68-53-38-71-70-4-36-58-57-131-115-151-116-106-96-137-140-79-121-112-125-1
75245.5 4706 1-68-53-38-71-70-4-36-58-57-131-115-151-116-106-96-137-140-79-121-112-1
81126.6 4859 1-68-53-38-71-70-4-36-58-57-131-115-151-116-106-96-137-140-79-121-133-125-1
88142.6 4982 1-68-53-38-71-70-4-36-58-57-131-115-151-116-106-96-137-140-79-121-133-135-1
93194.2 4984 1-68-53-38-71-70-4-36-58-57-131-115-151-116-106-96-137-140-79-121-133-98-1
91296.4 4971 1-68-53-38-71-70-4-36-58-57-131-115-151-116-106-96-137-140-79-121-133-129-1
103884 4991 1-68-53-38-71-70-4-36-58-57-131-115-151-116-106-96-137-140-79-121-133-77-1
108084 4980 1-68-53-38-71-70-4-36-58-57-131-115-151-116-106-96-137-140-79-121-133-86-1
70140.3 68 1-67-65-2-42-32-61-15-19-13-16-25
59711.8 143 1-67-65-2-42-32-61-15-19-13-16
66259.4 43 1-67-65-2-42-32-61-15-19-13-3-22
82121.8 66 1-67-65-2-42-32-61-15-19-13-3-39
88955.7 89 1-67-65-2-42-32-61-15-19-13-22-25-39
67393.8 43 1-67-65-2-42-32-61-15-19-13-22-3
86055.5 164 1-67-65-2-42-32-61-15-19-13-22-39
76815.4 288 1-67-65-2-42-32-61-15-19-13-25-3
77151.7 142 1-67-65-2-42-32-61-15-19-13-25-21
77512.6 178 1-67-65-2-42-32-61-15-19-13-25-66
80052.9 151 1-67-65-2-42-32-61-15-19-13-25-24
80100.2 68 1-67-65-2-42-32-61-15-19-13-25-16
87666.8 85 1-67-65-2-42-32-61-15-19-13-25-33
104015 4986 1-67-65-2-42-32-61-15-19-13-16-85-132-87-81-103-112-150-129-98-135-1
110001 4995 1-67-65-2-42-32-61-15-19-13-16-85-132-87-81-103-112-150-129-98-77-1
113706 4984 1-67-65-2-42-32-61-15-19-13-16-85-132-87-81-103-112-150-129-98-86-1
108803 4950 1-67-65-2-42-32-61-15-19-13-16-85-132-87-81-103-112-150-129-98-133-1
110162 4863 1-67-65-2-42-32-61-15-19-13-16-85-132-87-81-103-112-150-129-98-125-1
101082 4842 1-67-65-2-42-32-61-15-19-13-16-85-132-87-81-103-112-150-129-93-1
100078 4809 1-67-65-2-42-32-61-15-19-13-16-85-132-87-81-103-112-150-129-111-1
110889 4991 1-67-65-2-42-32-61-15-19-13-16-85-132-87-81-103-112-150-129-77-86-1
114714 4993 1-67-65-2-42-32-61-15-19-13-16-85-132-87-81-103-112-150-129-77-135-1
118934 4957 1-67-65-2-42-32-61-15-19-13-16-85-132-87-81-103-112-150-129-77-133-1
120360 4870 1-67-65-2-42-32-61-15-19-13-16-85-132-87-81-103-112-150-129-77-125-1
105513 4618 1-67-65-2-42-32-61-15-19-13-16-85-132-87-81-103-112-150-129-77-1
100711 4790 1-67-65-2-42-32-61-15-19-13-16-85-132-87-81-103-112-150-129-108-1
108217 4948 1-67-65-2-42-32-61-15-19-13-16-85-132-87-81-103-112-150-129-135-133-1
109420 4861 1-67-65-2-42-32-61-15-19-13-16-85-132-87-81-103-112-150-129-135-125-1
119739 4993 1-67-65-2-42-32-61-15-19-13-16-85-132-87-81-103-112-150-129-135-77-1
123364 4982 1-67-65-2-42-32-61-15-19-13-16-85-132-87-81-103-112-150-129-135-86-1
52231.4 271 1-66-3-21-22-24-31-25-33-9
53594 271 1-66-3-21-22-24-31-25-9-33
48260 49 1-66-3-21-22-24-31-33-9-39
49484.5 49 1-66-3-21-22-24-31-33-39-9
78390.7 271 1-66-3-21-22-24-31-33-25-9
43165.9 346 1-66-3-21-22-24-31-33-9
50493 49 1-66-3-21-22-24-31-9-39-33
47526.8 49 1-66-3-21-22-24-31-9-33-39
79399.2 271 1-66-3-21-22-24-31-9-25-33
44174.4 346 1-66-3-21-22-24-31-9-33
47981.3 49 1-66-3-21-22-24-31-39-33-9
49722.9 49 1-66-3-21-22-24-31-39-9-33
63286.8 271 1-66-3-21-22-24-25-33-9-31
75308.5 271 1-66-3-21-22-24-25-33-31-9
50511.8 271 1-66-3-21-22-24-25-31-9-33
49503.3 271 1-66-3-21-22-24-25-31-33-9
63640.9 271 1-66-3-21-22-24-25-9-33-31
76671 271 1-66-3-21-22-24-25-9-31-33
62680.7 49 1-66-3-21-22-24-33-9-39-31
72744.7 49 1-66-3-21-22-24-33-9-31-39
66551.8 271 1-66-3-21-22-24-33-9-25-31
57132.2 346 1-66-3-21-22-24-33-9-31
73969.2 49 1-66-3-21-22-24-33-39-31-9
63450.8 49 1-66-3-21-22-24-33-39-9-31
78573.5 271 1-66-3-21-22-24-33-31-25-9
74248 49 1-66-3-21-22-24-33-31-9-39
69153.9 346 1-66-3-21-22-24-33-31-9
74702.4 49 1-66-3-21-22-24-33-31-39-9
78219.4 271 1-66-3-21-22-24-33-25-31-9
92357 271 1-66-3-21-22-24-33-25-9-31
75162.9 49 1-66-3-21-22-24-9-39-31-33
62902.8 49 1-66-3-21-22-24-9-39-33-31
72196.7 49 1-66-3-21-22-24-9-33-31-39
61399.6 49 1-66-3-21-22-24-9-33-39-31
65649.7 271 1-66-3-21-22-24-9-33-25-31
56584.2 346 1-66-3-21-22-24-9-33-31
78679.9 271 1-66-3-21-22-24-9-31-25-33
72966.8 49 1-66-3-21-22-24-9-31-33-39
69614.3 346 1-66-3-21-22-24-9-31-33
74429.7 49 1-66-3-21-22-24-9-31-39-33
91809 271 1-66-3-21-22-24-9-25-33-31
79033.9 271 1-66-3-21-22-24-9-25-31-33
74568.8 49 1-66-3-21-22-24-39-33-31-9
62547.1 49 1-66-3-21-22-24-39-33-9-31
76310.5 49 1-66-3-21-22-24-39-9-31-33
63280.3 49 1-66-3-21-22-24-39-9-33-31
73798.7 49 1-66-3-21-22-24-39-31-33-9
74807.2 49 1-66-3-21-22-24-39-31-9-33
64256.3 271 1-66-3-21-22-25-31-33-9-24
84350 271 1-66-3-21-22-25-31-33-24-9
59370.6 271 1-66-3-21-22-25-31-24-9-33
58910.2 271 1-66-3-21-22-25-31-24-33-9
64804.4 271 1-66-3-21-22-25-31-9-33-24
85358.5 271 1-66-3-21-22-25-31-9-24-33
69965.6 271 1-66-3-21-22-25-24-33-9-31
81987.2 271 1-66-3-21-22-25-24-33-31-9
57007.8 271 1-66-3-21-22-25-24-31-9-33
55999.3 271 1-66-3-21-22-25-24-31-33-9
69417.5 271 1-66-3-21-22-25-24-9-33-31
82447.6 271 1-66-3-21-22-25-24-9-31-33
87909.2 4977 1-66-3-21-22-24-31-33-9-93-98-108-135-95-133-125-107-142-83-139-1
89410.3 4939 1-66-3-21-22-24-31-33-9-93-98-108-135-95-133-125-107-142-83-89-1
108007 4866 1-66-3-21-22-24-31-33-9-93-98-108-135-95-133-125-107-142-83-77-1
111773 4855 1-66-3-21-22-24-31-33-9-93-98-108-135-95-133-125-107-142-83-86-1
89594.5 4909 1-66-3-21-22-24-31-33-9-93-98-108-135-95-133-125-107-142-89-139-1
110359 4798 1-66-3-21-22-24-31-33-9-93-98-108-135-95-133-125-107-142-89-77-1
113903 4787 1-66-3-21-22-24-31-33-9-93-98-108-135-95-133-125-107-142-89-86-1
114764 4965 1-66-3-21-22-24-31-33-9-93-98-108-135-95-133-125-107-142-89-136-1
87938.8 4977 1-66-3-21-22-24-31-33-9-93-98-108-135-95-133-125-107-142-139-83-1
110924 4836 1-66-3-21-22-24-31-33-9-93-98-108-135-95-133-125-107-142-139-77-1
114664 4825 1-66-3-21-22-24-31-33-9-93-98-108-135-95-133-125-107-142-139-86-1
88579.7 4939 1-66-3-21-22-24-31-33-9-93-98-108-135-95-133-125-107-142-89-83-1
81851.2 1765 1-25-39-86-136-77-89-1
17271.7 5000 1-89
