58650.5 5 1-55-64-34-75-35-69-6-62-44-20-10-48-66-3-21-25-45
46762.7 70 1-55-64-34-75-35-69-6-62-44-20-10-48-66-3-21-29
47859.3 62 1-55-64-34-75-35-69-6-62-44-20-10-48-66-3-21-73
48875 80 1-55-64-34-75-35-69-6-62-44-20-10-48-66-3-21-45
59755.9 25 1-55-64-34-75-35-69-6-62-44-20-10-48-66-3-22-50-25-45
62043.3 15 1-55-64-34-75-35-69-6-62-44-20-10-48-66-3-22-50-25-29
62376.3 7 1-55-64-34-75-35-69-6-62-44-20-10-48-66-3-22-50-25-73
45805.5 9 1-55-64-34-75-35-69-6-62-44-20-10-48-66-3-22-50-17
72240.6 1 1-55-64-34-75-35-69-6-62-44-20-10-48-66-3-22-50-45-73
75800.7 9 1-55-64-34-75-35-69-6-62-44-20-10-48-66-3-22-50-45-29
82153.9 5969 1-55-64-34-75-35-69-6-62-44-20-10-48-66-3-22-50-17-138-141-144-78-117-84-76-124-145-118-113-81-105-120-1
76226.1 5924 1-55-64-34-75-35-69-6-62-44-20-10-48-66-3-22-50-17-138-141-144-78-117-84-76-124-145-118-113-81-103-1
75854.9 5923 1-55-64-34-75-35-69-6-62-44-20-10-48-66-3-22-50-17-138-141-144-78-117-84-76-124-145-118-113-81-143-1
88727.1 5978 1-55-64-34-75-35-69-6-62-44-20-10-48-66-3-22-50-17-138-141-144-78-117-84-76-124-145-118-113-81-112-120-1
74092.5 5877 1-55-64-34-75-35-69-6-62-44-20-10-48-66-3-22-50-17-138-141-144-78-117-84-76-124-145-118-113-81-105-1
79961.1 5945 1-55-64-34-75-35-69-6-62-44-20-10-48-66-3-22-50-17-138-141-144-78-117-84-76-124-145-118-113-81-101-1
77608.1 5969 1-55-64-34-75-35-69-6-62-44-20-10-48-66-3-22-50-17-138-141-144-78-117-84-76-124-145-118-113-81-147-1
77835.5 5950 1-55-64-34-75-35-69-6-62-44-20-10-48-66-3-22-50-17-138-141-144-78-117-84-76-124-145-118-113-81-148-1
84611.9 5960 1-55-64-34-75-35-69-6-62-44-20-10-48-66-3-22-50-17-138-141-144-78-117-84-76-124-145-118-113-81-150-1
94472.5 5936 1-55-64-34-75-35-69-6-62-44-20-10-48-66-3-22-50-17-138-141-144-78-117-84-76-124-145-118-113-81-79-91-1
105999 5964 1-55-64-34-75-35-69-6-62-44-20-10-48-66-3-22-50-17-138-141-144-78-117-84-76-124-145-118-113-81-79-104-1
100517 5984 1-55-64-34-75-35-69-6-62-44-20-10-48-66-3-22-50-17-138-141-144-78-117-84-76-124-145-118-113-81-79-125-1
80527 5886 1-55-64-34-75-35-69-6-62-44-20-10-48-66-3-22-50-17-138-141-144-78-117-84-76-124-145-118-113-81-112-1
85261.9 5969 1-55-64-34-75-35-69-6-62-44-20-10-48-66-3-22-50-17-138-141-144-78-117-84-76-124-145-118-113-81-91-80-1
94893.6 5991 1-55-64-34-75-35-69-6-62-44-20-10-48-66-3-22-50-17-138-141-144-78-117-84-76-124-145-118-113-81-91-133-1
105045 5996 1-55-64-34-75-35-69-6-62-44-20-10-48-66-3-22-50-17-138-141-144-78-117-84-76-124-145-118-113-81-91-120-125-1
113627 5976 1-55-64-34-75-35-69-6-62-44-20-10-48-66-3-22-50-17-138-141-144-78-117-84-76-124-145-118-113-81-91-120-104-1
96363 5904 1-55-64-34-75-35-69-6-62-44-20-10-48-66-3-22-50-17-138-141-144-78-117-84-76-124-145-118-113-81-91-125-1
93931 5936 1-55-64-34-75-35-69-6-62-44-20-10-48-66-3-22-50-17-138-141-144-78-117-84-76-124-145-118-113-81-91-79-1
104067 5973 1-55-64-34-75-35-69-6-62-44-20-10-48-66-3-22-50-17-138-141-144-78-117-84-76-124-145-118-113-81-91-131-1
111782 5979 1-55-64-34-75-35-69-6-62-44-20-10-48-66-3-22-50-17-138-141-144-78-117-84-76-124-145-118-113-81-91-119-1
113098 5884 1-55-64-34-75-35-69-6-62-44-20-10-48-66-3-22-50-17-138-141-144-78-117-84-76-124-145-118-113-81-91-104-1
114261 5935 1-55-64-34-75-35-69-6-62-44-20-10-48-66-3-22-50-17-138-141-144-78-117-84-76-124-145-118-113-81-91-116-1
89707.6 5980 1-55-64-34-75-35-69-6-62-44-20-10-48-66-3-22-50-17-138-141-144-78-117-84-76-124-145-118-113-81-120-92-1
88426 5824 1-55-64-34-75-35-69-6-62-44-20-10-48-66-3-22-50-17-138-141-144-78-117-84-76-124-145-118-113-81-120-79-1
91201.9 5945 1-55-64-34-75-35-69-6-62-44-20-10-48-66-3-22-50-17-138-141-144-78-117-84-76-124-145-118-113-81-120-121-1
92666.8 5916 1-55-64-34-75-35-69-6-62-44-20-10-48-66-3-22-50-17-138-141-144-78-117-84-76-124-145-118-113-81-120-137-1
95958.6 5861 1-55-64-34-75-35-69-6-62-44-20-10-48-66-3-22-50-17-138-141-144-78-117-84-76-124-145-118-113-81-120-131-1
91409.1 5857 1-55-64-34-75-35-69-6-62-44-20-10-48-66-3-22-50-17-138-141-144-78-117-84-76-124-145-118-113-81-120-80-1
89892.6 5969 1-55-64-34-75-35-69-6-62-44-20-10-48-66-3-22-50-17-138-141-144-78-117-84-76-124-145-118-113-81-120-105-1
95760.5 5879 1-55-64-34-75-35-69-6-62-44-20-10-48-66-3-22-50-17-138-141-144-78-117-84-76-124-145-118-113-81-120-133-1
102407 5996 1-55-64-34-75-35-69-6-62-44-20-10-48-66-3-22-50-17-138-141-144-78-117-84-76-124-145-118-113-81-120-125-91-1
123510 5976 1-55-64-34-75-35-69-6-62-44-20-10-48-66-3-22-50-17-138-141-144-78-117-84-76-124-145-118-113-81-120-91-104-1
96932.7 5792 1-55-64-34-75-35-69-6-62-44-20-10-48-66-3-22-50-17-138-141-144-78-117-84-76-124-145-118-113-81-120-125-1
94494 5978 1-55-64-34-75-35-69-6-62-44-20-10-48-66-3-22-50-17-138-141-144-78-117-84-76-124-145-118-113-81-120-112-1
102033 5956 1-55-64-34-75-35-69-6-62-44-20-10-48-66-3-22-50-17-138-141-144-78-117-84-76-124-145-118-113-81-120-94-1
102849 5965 1-55-64-34-75-35-69-6-62-44-20-10-48-66-3-22-50-17-138-141-144-78-117-84-76-124-145-118-113-81-120-151-1
105515 5772 1-55-64-34-75-35-69-6-62-44-20-10-48-66-3-22-50-17-138-141-144-78-117-84-76-124-145-118-113-81-120-104-1
106153 5823 1-55-64-34-75-35-69-6-62-44-20-10-48-66-3-22-50-17-138-141-144-78-117-84-76-124-145-118-113-81-120-116-1
101274 5915 1-55-64-34-75-35-69-6-62-44-20-10-48-66-3-22-50-17-138-141-144-78-117-84-76-124-145-118-113-81-120-135-1
99249.1 5904 1-55-64-34-75-35-69-6-62-44-20-10-48-66-3-22-50-17-138-141-144-78-117-84-76-124-145-118-113-81-120-129-1
102937 5972 1-55-64-34-75-35-69-6-62-44-20-10-48-66-3-22-50-17-138-141-144-78-117-84-76-124-145-118-113-81-120-95-1
108878 5925 1-55-64-34-75-35-69-6-62-44-20-10-48-66-3-22-50-17-138-141-144-78-117-84-76-124-145-118-113-81-120-122-1
109256 5950 1-55-64-34-75-35-69-6-62-44-20-10-48-66-3-22-50-17-138-141-144-78-117-84-76-124-145-118-113-81-120-90-1
39570.9 5 1-11-37-27-51-18-26-52-54-46-60-61-45
56636.7 11 1-11-37-27-51-18-26-52-54-46-60-61-25
70598.5 15 1-11-37-27-51-18-26-52-54-46-60-73-29-45-25
94280 5947 1-11-37-27-51-18-26-52-54-46-60-61-45-108-135-111-110-80-101-91-112-150-129-98-93-77-120-1
97855.8 5936 1-11-37-27-51-18-26-52-54-46-60-61-45-108-135-111-110-80-101-91-112-150-129-98-93-86-120-1
86098.7 5855 1-11-37-27-51-18-26-52-54-46-60-61-45-108-135-111-110-80-101-91-112-150-129-98-93-77-1
81581 5947 1-11-37-27-51-18-26-52-54-46-60-61-45-108-135-111-110-80-101-91-112-150-129-98-93-103-1
80045.8 5946 1-11-37-27-51-18-26-52-54-46-60-61-45-108-135-111-110-80-101-91-112-150-129-98-93-143-1
95802.9 5995 1-11-37-27-51-18-26-52-54-46-60-61-45-108-135-111-110-80-101-91-112-150-129-98-93-95-120-1
89771.3 5844 1-11-37-27-51-18-26-52-54-46-60-61-45-108-135-111-110-80-101-91-112-150-129-98-93-86-1
81605 5973 1-11-37-27-51-18-26-52-54-46-60-61-45-108-135-111-110-80-101-91-112-150-129-98-93-148-1
85038.8 5961 1-11-37-27-51-18-26-52-54-46-60-61-45-108-135-111-110-80-101-91-112-150-129-98-93-82-1
83830.5 5992 1-11-37-27-51-18-26-52-54-46-60-61-45-108-135-111-110-80-101-91-112-150-129-98-93-147-1
90874.5 5903 1-11-37-27-51-18-26-52-54-46-60-61-45-108-135-111-110-80-101-91-112-150-129-98-93-95-1
89395.1 5911 1-11-37-27-51-18-26-52-54-46-60-61-45-108-135-111-110-80-101-91-112-150-129-98-93-92-1
113640 5955 1-11-37-27-51-18-26-52-54-46-60-61-45-108-135-111-110-80-101-91-112-150-129-98-93-125-104-1
94119.7 5847 1-11-37-27-51-18-26-52-54-46-60-61-45-108-135-111-110-80-101-91-112-150-129-98-93-120-79-1
96895.5 5968 1-11-37-27-51-18-26-52-54-46-60-61-45-108-135-111-110-80-101-91-112-150-129-98-93-120-121-1
98360.4 5939 1-11-37-27-51-18-26-52-54-46-60-61-45-108-135-111-110-80-101-91-112-150-129-98-93-120-137-1
101652 5884 1-11-37-27-51-18-26-52-54-46-60-61-45-108-135-111-110-80-101-91-112-150-129-98-93-120-131-1
101454 5902 1-11-37-27-51-18-26-52-54-46-60-61-45-108-135-111-110-80-101-91-112-150-129-98-93-120-133-1
107726 5979 1-11-37-27-51-18-26-52-54-46-60-61-45-108-135-111-110-80-101-91-112-150-129-98-93-120-94-1
108543 5988 1-11-37-27-51-18-26-52-54-46-60-61-45-108-135-111-110-80-101-91-112-150-129-98-93-120-151-1
111209 5795 1-11-37-27-51-18-26-52-54-46-60-61-45-108-135-111-110-80-101-91-112-150-129-98-93-120-104-1
111847 5846 1-11-37-27-51-18-26-52-54-46-60-61-45-108-135-111-110-80-101-91-112-150-129-98-93-120-116-1
108631 5995 1-11-37-27-51-18-26-52-54-46-60-61-45-108-135-111-110-80-101-91-112-150-129-98-93-120-95-1
114572 5948 1-11-37-27-51-18-26-52-54-46-60-61-45-108-135-111-110-80-101-91-112-150-129-98-93-120-122-1
114950 5973 1-11-37-27-51-18-26-52-54-46-60-61-45-108-135-111-110-80-101-91-112-150-129-98-93-120-90-1
114900 5914 1-11-37-27-51-18-26-52-54-46-60-61-45-108-135-111-110-80-101-91-112-150-129-98-93-120-130-1
118287 5890 1-11-37-27-51-18-26-52-54-46-60-61-45-108-135-111-110-80-101-91-112-150-129-98-93-120-119-1
117357 5947 1-11-37-27-51-18-26-52-54-46-60-61-45-108-135-111-110-80-101-91-112-150-129-98-93-120-77-1
122355 5936 1-11-37-27-51-18-26-52-54-46-60-61-45-108-135-111-110-80-101-91-112-150-129-98-93-120-86-1
81597.1 88 1-74-40-23-7-41-72-5-28-12-43-9-25-73
61839.3 72 1-74-40-23-7-41-72-5-28-12-43-9-73-29
64744.9 72 1-74-40-23-7-41-72-5-28-12-43-9-29-73
42668.7 75 1-74-40-23-7-41-72-5-28-12-43-33-39
50039.5 46 1-74-40-23-7-41-72-5-28-12-43-33-59
53552.8 2 1-74-40-23-7-41-72-5-28-12-43-33-30
54676.4 59 1-74-40-23-7-41-72-5-28-12-43-33-14
60712.2 13 1-74-40-23-7-41-72-5-28-12-43-33-57
91157.6 5836 1-74-40-23-7-41-72-5-28-12-43-33-39-86-136-77-103-134-99-147-120-148-82-92-102-1
116201 5955 1-74-40-23-7-41-72-5-28-12-43-33-39-86-136-77-103-134-99-147-120-148-82-92-133-125-104-1
103712 5967 1-74-40-23-7-41-72-5-28-12-43-33-39-86-136-77-103-134-99-147-120-148-82-92-133-107-1
105236 5993 1-74-40-23-7-41-72-5-28-12-43-33-39-86-136-77-103-134-99-147-120-148-82-92-133-142-1
105688 5996 1-74-40-23-7-41-72-5-28-12-43-33-39-86-136-77-103-134-99-147-120-148-82-92-133-83-1
102746 5903 1-74-40-23-7-41-72-5-28-12-43-33-39-86-136-77-103-134-99-147-120-148-82-92-133-95-1
105497 5887 1-74-40-23-7-41-72-5-28-12-43-33-39-86-136-77-103-134-99-147-120-148-82-92-133-94-1
108445 5966 1-74-40-23-7-41-72-5-28-12-43-33-39-86-136-77-103-134-99-147-120-148-82-92-133-139-1
109860 5928 1-74-40-23-7-41-72-5-28-12-43-33-39-86-136-77-103-134-99-147-120-148-82-92-133-89-1
108473 5958 1-74-40-23-7-41-72-5-28-12-43-33-39-86-136-77-103-134-99-147-120-148-82-92-133-126-1
127325 5987 1-74-40-23-7-41-72-5-28-12-43-33-39-86-136-77-103-134-99-147-120-148-82-92-133-79-104-1
103432 5755 1-74-40-23-7-41-72-5-28-12-43-33-39-86-136-77-103-134-99-147-120-148-82-92-133-79-1
109271 5792 1-74-40-23-7-41-72-5-28-12-43-33-39-86-136-77-103-134-99-147-120-148-82-92-133-131-1
109179 5991 1-74-40-23-7-41-72-5-28-12-43-33-39-86-136-77-103-134-99-147-120-148-82-92-133-115-1
106321 5876 1-74-40-23-7-41-72-5-28-12-43-33-39-86-136-77-103-134-99-147-120-148-82-92-133-121-1
121543 5986 1-74-40-23-7-41-72-5-28-12-43-33-39-86-136-77-103-134-99-147-120-148-82-92-133-104-116-1
118742 5987 1-74-40-23-7-41-72-5-28-12-43-33-39-86-136-77-103-134-99-147-120-148-82-92-133-104-79-1
29327.6 5 1-68-53-38-71-70-4-36-67-65-2-73-29
50079.9 21 1-68-53-38-71-70-4-36-67-65-2-73-25
50734.6 29 1-68-53-38-71-70-4-36-67-65-2-29-25
25149.7 96 1-68-53-38-71-70-4-36-67-65-2-73
71056.6 21 1-68-53-38-71-70-4-36-67-65-2-25-73
30315.2 5 1-68-53-38-71-70-4-36-67-65-2-29-73
80942.3 5971 1-68-53-38-71-70-4-36-67-65-2-73-128-114-97-104-149-90-122-123-126-131-115-151-125-1
66094.4 5891 1-68-53-38-71-70-4-36-67-65-2-73-128-114-97-104-149-90-122-123-126-131-115-106-1
61330.1 5983 1-68-53-38-71-70-4-36-67-65-2-73-128-114-97-104-149-90-122-123-126-131-115-121-79-1
79585.9 5982 1-68-53-38-71-70-4-36-67-65-2-73-128-114-97-104-149-90-122-123-126-131-115-121-116-1
78626.3 5951 1-68-53-38-71-70-4-36-67-65-2-73-128-114-97-104-149-90-122-123-126-131-115-121-125-1
67127.3 5719 1-68-53-38-71-70-4-36-67-65-2-73-128-114-97-104-149-90-122-123-126-131-115-151-1
64560.9 5773 1-68-53-38-71-70-4-36-67-65-2-73-128-114-97-104-149-90-122-123-126-131-115-96-1
73595.2 5953 1-68-53-38-71-70-4-36-67-65-2-73-128-114-97-104-149-90-122-123-126-131-115-116-137-1
72061.6 5861 1-68-53-38-71-70-4-36-67-65-2-73-128-114-97-104-149-90-122-123-126-131-115-116-79-1
83319.5 5993 1-68-53-38-71-70-4-36-67-65-2-73-128-114-97-104-149-90-122-123-126-131-115-116-94-1
82584.8 5916 1-68-53-38-71-70-4-36-67-65-2-73-128-114-97-104-149-90-122-123-126-131-115-116-133-1
83315.1 5829 1-68-53-38-71-70-4-36-67-65-2-73-128-114-97-104-149-90-122-123-126-131-115-116-125-1
92156 5928 1-68-53-38-71-70-4-36-67-65-2-73-128-114-97-104-149-90-122-123-126-131-115-116-130-1
94841.6 5904 1-68-53-38-71-70-4-36-67-65-2-73-128-114-97-104-149-90-122-123-126-131-115-116-119-1
61161.3 5699 1-68-53-38-71-70-4-36-67-65-2-73-128-114-97-104-149-90-122-123-126-131-115-121-1
63090.2 5954 1-68-53-38-71-70-4-36-67-65-2-73-128-114-97-104-149-90-122-123-126-131-115-137-79-1
84952.3 5997 1-68-53-38-71-70-4-36-67-65-2-73-128-114-97-104-149-90-122-123-126-131-115-137-119-1
81385.6 5922 1-68-53-38-71-70-4-36-67-65-2-73-128-114-97-104-149-90-122-123-126-131-115-137-125-1
72066.6 5982 1-68-53-38-71-70-4-36-67-65-2-73-128-114-97-104-149-90-122-123-126-131-115-116-121-1
62999.4 5670 1-68-53-38-71-70-4-36-67-65-2-73-128-114-97-104-149-90-122-123-126-131-115-137-1
64853.2 5983 1-68-53-38-71-70-4-36-67-65-2-73-128-114-97-104-149-90-122-123-126-131-115-79-121-1
65345.3 5954 1-68-53-38-71-70-4-36-67-65-2-73-128-114-97-104-149-90-122-123-126-131-115-79-137-1
82664.6 5929 1-68-53-38-71-70-4-36-67-65-2-73-128-114-97-104-149-90-122-123-126-131-115-79-130-1
78113.8 5917 1-68-53-38-71-70-4-36-67-65-2-73-128-114-97-104-149-90-122-123-126-131-115-79-133-1
79339.4 5830 1-68-53-38-71-70-4-36-67-65-2-73-128-114-97-104-149-90-122-123-126-131-115-79-125-1
85860.7 5905 1-68-53-38-71-70-4-36-67-65-2-73-128-114-97-104-149-90-122-123-126-131-115-79-119-1
84139.3 5994 1-68-53-38-71-70-4-36-67-65-2-73-128-114-97-104-149-90-122-123-126-131-115-79-94-1
58185.8 42 1-47-56-49-8-59-30-14-63-25-31-16-29
41771.9 133 1-47-56-49-8-59-30-14-63-25-31-16
47809.1 40 1-47-56-49-8-59-30-14-63-25-31-9
58323 21 1-47-56-49-8-59-30-14-63-25-31-57-29-15
58268.4 112 1-47-56-49-8-59-30-14-63-25-31-57-15
57419.2 22 1-47-56-49-8-59-30-14-63-25-31-58-15
60910.8 21 1-47-56-49-8-59-30-14-63-25-31-29-15-57
56048.2 231 1-47-56-49-8-59-30-14-63-25-31-29-58
56945.5 321 1-47-56-49-8-59-30-14-63-25-31-29-57
57824.3 235 1-47-56-49-8-59-30-14-63-25-31-29-42
59606.7 198 1-47-56-49-8-59-30-14-63-25-31-29-19
60474.4 184 1-47-56-49-8-59-30-14-63-25-31-29-13
61024.3 162 1-47-56-49-8-59-30-14-63-25-31-29-32
69366.5 42 1-47-56-49-8-59-30-14-63-25-31-29-16
69677.3 125 1-47-56-49-8-59-30-14-63-25-31-29-24
70854.6 116 1-47-56-49-8-59-30-14-63-25-31-29-21
59120.5 22 1-47-56-49-8-59-30-14-63-25-31-15-58
60009.1 112 1-47-56-49-8-59-30-14-63-25-31-15-57
60053.7 26 1-47-56-49-8-59-30-14-63-25-31-15-42
99302.2 5791 1-47-56-49-8-59-30-14-63-25-31-16-85-96-106-151-116-137-140-79-87-132-100-1
98956.2 5751 1-47-56-49-8-59-30-14-63-25-31-16-85-96-106-151-116-137-140-79-87-132-109-1
104307 5798 1-47-56-49-8-59-30-14-63-25-31-16-85-96-106-151-116-137-140-79-87-132-130-119-1
119464 5810 1-47-56-49-8-59-30-14-63-25-31-16-85-96-106-151-116-137-140-79-87-132-130-133-1
123485 5903 1-47-56-49-8-59-30-14-63-25-31-16-85-96-106-151-116-137-140-79-87-132-130-95-1
127549 5887 1-47-56-49-8-59-30-14-63-25-31-16-85-96-106-151-116-137-140-79-87-132-130-94-1
128989 5967 1-47-56-49-8-59-30-14-63-25-31-16-85-96-106-151-116-137-140-79-87-132-130-107-1
130469 5993 1-47-56-49-8-59-30-14-63-25-31-16-85-96-106-151-116-137-140-79-87-132-130-142-1
130973 5996 1-47-56-49-8-59-30-14-63-25-31-16-85-96-106-151-116-137-140-79-87-132-130-83-1
133687 5966 1-47-56-49-8-59-30-14-63-25-31-16-85-96-106-151-116-137-140-79-87-132-130-139-1
135103 5928 1-47-56-49-8-59-30-14-63-25-31-16-85-96-106-151-116-137-140-79-87-132-130-89-1
101048 5752 1-47-56-49-8-59-30-14-63-25-31-16-85-96-106-151-116-137-140-79-87-132-146-1
103703 5976 1-47-56-49-8-59-30-14-63-25-31-16-85-96-106-151-116-137-140-79-87-132-127-119-1
120668 5988 1-47-56-49-8-59-30-14-63-25-31-16-85-96-106-151-116-137-140-79-87-132-127-133-1
122080 5901 1-47-56-49-8-59-30-14-63-25-31-16-85-96-106-151-116-137-140-79-87-132-127-125-1
101838 5649 1-47-56-49-8-59-30-14-63-25-31-16-85-96-106-151-116-137-140-79-87-132-127-1
121736 5941 1-47-56-49-8-59-30-14-63-25-31-16-85-96-106-151-116-137-140-79-87-132-88-125-1
103706 5976 1-47-56-49-8-59-30-14-63-25-31-16-85-96-106-151-116-137-140-79-87-132-119-127-1
103778 5798 1-47-56-49-8-59-30-14-63-25-31-16-85-96-106-151-116-137-140-79-87-132-119-130-1
122499 5786 1-47-56-49-8-59-30-14-63-25-31-16-85-96-106-151-116-137-140-79-87-132-119-133-1
126588 5879 1-47-56-49-8-59-30-14-63-25-31-16-85-96-106-151-116-137-140-79-87-132-119-95-1
130422 5863 1-47-56-49-8-59-30-14-63-25-31-16-85-96-106-151-116-137-140-79-87-132-119-94-1
132029 5943 1-47-56-49-8-59-30-14-63-25-31-16-85-96-106-151-116-137-140-79-87-132-119-107-1
133517 5969 1-47-56-49-8-59-30-14-63-25-31-16-85-96-106-151-116-137-140-79-87-132-119-142-1
134004 5972 1-47-56-49-8-59-30-14-63-25-31-16-85-96-106-151-116-137-140-79-87-132-119-83-1
136706 5942 1-47-56-49-8-59-30-14-63-25-31-16-85-96-106-151-116-137-140-79-87-132-119-139-1
138151 5904 1-47-56-49-8-59-30-14-63-25-31-16-85-96-106-151-116-137-140-79-87-132-119-89-1
101674 5689 1-47-56-49-8-59-30-14-63-25-31-16-85-96-106-151-116-137-140-79-87-132-88-1
117461 5955 1-47-56-49-8-59-30-14-63-25-31-16-85-96-106-151-116-137-140-79-87-132-133-107-1
118985 5981 1-47-56-49-8-59-30-14-63-25-31-16-85-96-106-151-116-137-140-79-87-132-133-142-1
119437 5984 1-47-56-49-8-59-30-14-63-25-31-16-85-96-106-151-116-137-140-79-87-132-133-83-1
116495 5891 1-47-56-49-8-59-30-14-63-25-31-16-85-96-106-151-116-137-140-79-87-132-133-95-1
119246 5875 1-47-56-49-8-59-30-14-63-25-31-16-85-96-106-151-116-137-140-79-87-132-133-94-1
122194 5954 1-47-56-49-8-59-30-14-63-25-31-16-85-96-106-151-116-137-140-79-87-132-133-139-1
123609 5916 1-47-56-49-8-59-30-14-63-25-31-16-85-96-106-151-116-137-140-79-87-132-133-89-1
136253 5810 1-47-56-49-8-59-30-14-63-25-31-16-85-96-106-151-116-137-140-79-87-132-133-130-1
137989 5988 1-47-56-49-8-59-30-14-63-25-31-16-85-96-106-151-116-137-140-79-87-132-133-127-1
139817 5786 1-47-56-49-8-59-30-14-63-25-31-16-85-96-106-151-116-137-140-79-87-132-133-119-1
117418 5868 1-47-56-49-8-59-30-14-63-25-31-16-85-96-106-151-116-137-140-79-87-132-125-107-1
118979 5894 1-47-56-49-8-59-30-14-63-25-31-16-85-96-106-151-116-137-140-79-87-132-125-142-1
119358 5897 1-47-56-49-8-59-30-14-63-25-31-16-85-96-106-151-116-137-140-79-87-132-125-83-1
117412 5804 1-47-56-49-8-59-30-14-63-25-31-16-85-96-106-151-116-137-140-79-87-132-125-95-1
122084 5867 1-47-56-49-8-59-30-14-63-25-31-16-85-96-106-151-116-137-140-79-87-132-125-139-1
119315 5788 1-47-56-49-8-59-30-14-63-25-31-16-85-96-106-151-116-137-140-79-87-132-125-94-1
123582 5829 1-47-56-49-8-59-30-14-63-25-31-16-85-96-106-151-116-137-140-79-87-132-125-89-1
137320 5941 1-47-56-49-8-59-30-14-63-25-31-16-85-96-106-151-116-137-140-79-87-132-125-88-1
137621 5723 1-47-56-49-8-59-30-14-63-25-31-16-85-96-106-151-116-137-140-79-87-132-125-130-1
139347 5901 1-47-56-49-8-59-30-14-63-25-31-16-85-96-106-151-116-137-140-79-87-132-125-127-1
141178 5699 1-47-56-49-8-59-30-14-63-25-31-16-85-96-106-151-116-137-140-79-87-132-125-119-1
116482 5891 1-47-56-49-8-59-30-14-63-25-31-16-85-96-106-151-116-137-140-79-87-132-95-133-1
127293 5968 1-47-56-49-8-59-30-14-63-25-31-16-85-96-106-151-116-137-140-79-87-132-95-94-1
140262 5903 1-47-56-49-8-59-30-14-63-25-31-16-85-96-106-151-116-137-140-79-87-132-95-130-1
143893 5879 1-47-56-49-8-59-30-14-63-25-31-16-85-96-106-151-116-137-140-79-87-132-95-119-1
109355 5711 1-47-56-49-8-59-30-14-63-25-31-16-85-96-106-151-116-137-140-79-87-132-125-133-1
148263 5708 1-57-58-29-15-19-13-42-32-9-21-24-100-127-119-146-130-88-133-125-107-142-83-139-1
149764 5670 1-57-58-29-15-19-13-42-32-9-21-24-100-127-119-146-130-88-133-125-107-142-83-89-1
150611 5629 1-57-58-29-15-19-13-42-32-9-21-24-100-127-119-146-130-88-133-125-107-142-83-94-1
150195 5645 1-57-58-29-15-19-13-42-32-9-21-24-100-127-119-146-130-88-133-125-107-142-83-95-1
149948 5640 1-57-58-29-15-19-13-42-32-9-21-24-100-127-119-146-130-88-133-125-107-142-89-139-1
166261 5993 1-57-58-29-15-19-13-42-32-9-21-24-100-127-119-146-130-88-133-125-107-142-89-95-94-1
148934 5670 1-57-58-29-15-19-13-42-32-9-21-24-100-127-119-146-130-88-133-125-107-142-89-83-1
152227 5577 1-57-58-29-15-19-13-42-32-9-21-24-100-127-119-146-130-88-133-125-107-142-89-95-1
164746 5993 1-57-58-29-15-19-13-42-32-9-21-24-100-127-119-146-130-88-133-125-107-142-89-94-95-1
150809 5640 1-57-58-29-15-19-13-42-32-9-21-24-100-127-119-146-130-88-133-125-107-142-139-89-1
151998 5599 1-57-58-29-15-19-13-42-32-9-21-24-100-127-119-146-130-88-133-125-107-142-139-94-1
153039 5615 1-57-58-29-15-19-13-42-32-9-21-24-100-127-119-146-130-88-133-125-107-142-139-95-1
16514.5 6000 1-139
53287.8 1305 1-139-89-95-94-1
