39916.2 43 1-77-52-60-11-65-48-57-73-63-70-69-26
47222.4 23 1-77-52-60-11-65-48-57-73-63-70-69-90
47752.8 45 1-77-52-60-11-65-48-57-73-63-70-69-100
45464.7 5 1-77-52-60-11-65-48-57-73-63-70-45-26
46848.8 7 1-77-52-60-11-65-48-57-73-63-70-45-100
22759.1 95 1-77-52-60-11-65-48-57-73-63-70-69
31534.1 5 1-77-52-60-11-65-48-57-73-63-70-96
31732 5 1-77-52-60-11-65-48-57-73-63-70-16
46941 3 1-77-52-60-11-65-48-57-73-63-70-67-100
51944.9 1 1-77-52-60-11-65-48-57-73-63-70-67-26
26357.3 57 1-77-52-60-11-65-48-57-73-63-70-45
40803.2 19 1-77-52-60-11-65-48-57-73-63-70-24-90
40898.5 41 1-77-52-60-11-65-48-57-73-63-70-24-100
46152 39 1-77-52-60-11-65-48-57-73-63-70-24-26
31812 53 1-77-52-60-11-65-48-57-73-63-70-67
46881.1 39 1-77-52-60-11-65-48-57-73-63-70-26-24
49855.6 43 1-77-52-60-11-65-48-57-73-63-70-26-69
51805.9 5 1-77-52-60-11-65-48-57-73-63-70-26-45
52831.4 1 1-77-52-60-11-65-48-57-73-63-70-26-67
55052.4 30 1-77-52-60-11-65-48-57-73-63-70-26-80
31969.4 91 1-77-52-60-11-65-48-57-73-63-70-24
42521.5 1 1-77-52-60-11-65-48-57-73-63-70-75-100
34276.5 51 1-77-52-60-11-65-48-57-73-63-70-75
34491.8 17 1-77-52-60-11-65-48-57-73-63-70-46
48839 32 1-77-52-60-11-65-48-57-73-63-70-80-100
50009 10 1-77-52-60-11-65-48-57-73-63-70-80-90
48663.2 19 1-77-52-60-11-65-48-57-73-63-70-90-24
52381.2 10 1-77-52-60-11-65-48-57-73-63-70-90-80
72816.9 5093 1-77-52-60-11-65-48-57-73-63-70-69-124-115-102-101-117-122-110-121-114-104-1
84042.7 5160 1-77-52-60-11-65-48-57-73-63-70-69-124-115-102-101-117-122-110-121-114-125-112-1
76938.3 5146 1-77-52-60-11-65-48-57-73-63-70-69-124-115-102-101-117-122-110-121-114-111-123-1
87982.9 5196 1-77-52-60-11-65-48-57-73-63-70-69-124-115-102-101-117-122-110-121-114-111-106-112-1
82184.1 5090 1-77-52-60-11-65-48-57-73-63-70-69-124-115-102-101-117-122-110-121-114-111-118-1
82789.2 5180 1-77-52-60-11-65-48-57-73-63-70-69-124-115-102-101-117-122-110-121-114-111-109-1
79436.9 5049 1-77-52-60-11-65-48-57-73-63-70-69-124-115-102-101-117-122-110-121-114-111-106-1
75754.1 5013 1-77-52-60-11-65-48-57-73-63-70-69-124-115-102-101-117-122-110-121-114-125-1
77168.1 5067 1-77-52-60-11-65-48-57-73-63-70-69-124-115-102-101-117-122-110-121-114-123-106-1
79829 5108 1-77-52-60-11-65-48-57-73-63-70-69-124-115-102-101-117-122-110-121-114-123-118-1
81236.1 5198 1-77-52-60-11-65-48-57-73-63-70-69-124-115-102-101-117-122-110-121-114-123-109-1
81073.1 5146 1-77-52-60-11-65-48-57-73-63-70-69-124-115-102-101-117-122-110-121-114-123-111-1
103104 5196 1-77-52-60-11-65-48-57-73-63-70-69-124-115-102-101-117-122-110-121-114-111-112-106-1
80251.5 5067 1-77-52-60-11-65-48-57-73-63-70-69-124-115-102-101-117-122-110-121-114-106-123-1
87544.9 5158 1-77-52-60-11-65-48-57-73-63-70-69-124-115-102-101-117-122-110-121-114-106-118-112-1
95143.6 5196 1-77-52-60-11-65-48-57-73-63-70-69-124-115-102-101-117-122-110-121-114-106-111-112-1
79561.5 5011 1-77-52-60-11-65-48-57-73-63-70-69-124-115-102-101-117-122-110-121-114-106-118-1
89948.7 5166 1-77-52-60-11-65-48-57-73-63-70-69-124-115-102-101-117-122-110-121-114-106-107-1
86401.4 5129 1-77-52-60-11-65-48-57-73-63-70-69-124-115-102-101-117-122-110-121-114-106-108-1
92856.6 5165 1-77-52-60-11-65-48-57-73-63-70-69-124-115-102-101-117-122-110-121-114-106-113-1
82671.2 5101 1-77-52-60-11-65-48-57-73-63-70-69-124-115-102-101-117-122-110-121-114-106-109-1
101336 5158 1-77-52-60-11-65-48-57-73-63-70-69-124-115-102-101-117-122-110-121-114-106-112-118-1
86655.1 5049 1-77-52-60-11-65-48-57-73-63-70-69-124-115-102-101-117-122-110-121-114-106-111-1
76335.5 4937 1-77-52-60-11-65-48-57-73-63-70-69-124-115-102-101-117-122-110-121-114-112-109-1
80945 5093 1-77-52-60-11-65-48-57-73-63-70-69-124-115-102-101-117-122-110-121-114-112-116-1
89345.5 5092 1-77-52-60-11-65-48-57-73-63-70-69-124-115-102-101-117-122-110-121-114-112-126-1
94423.6 5105 1-77-52-60-11-65-48-57-73-63-70-69-124-115-102-101-117-122-110-121-114-112-120-1
94176.8 5038 1-77-52-60-11-65-48-57-73-63-70-69-124-115-102-101-117-122-110-121-114-112-119-1
90007.6 4965 1-77-52-60-11-65-48-57-73-63-70-69-124-115-102-101-117-122-110-121-114-112-108-1
96530.4 5187 1-77-52-60-11-65-48-57-73-63-70-69-124-115-102-101-117-122-110-121-114-112-103-1
94035.9 5137 1-77-52-60-11-65-48-57-73-63-70-69-124-115-102-101-117-122-110-121-114-112-105-1
102699 5196 1-77-52-60-11-65-48-57-73-63-70-69-124-115-102-101-117-122-110-121-114-112-106-111-1
17555.3 49 1-24-16-35-75-83-50-98-4-36-85-68-3-100
18110.2 27 1-24-16-35-75-83-50-98-4-36-85-68-3-90
32583.5 47 1-24-16-35-75-83-50-98-4-36-85-68-3-26
26735.6 43 1-24-16-35-75-83-50-98-4-36-85-68-100-90-58
35367.6 6 1-24-16-35-75-83-50-98-4-36-85-68-100-90-96-26
29550.5 58 1-24-16-35-75-83-50-98-4-36-85-68-100-90-96
34440.7 45 1-24-16-35-75-83-50-98-4-36-85-68-100-90-92
40498.4 6 1-24-16-35-75-83-50-98-4-36-85-68-100-90-26-96
53788.7 58 1-24-16-35-75-83-50-98-4-36-85-68-100-90-26-45
57035.1 83 1-24-16-35-75-83-50-98-4-36-85-68-100-90-26-80
57772.3 18 1-24-16-35-75-83-50-98-4-36-85-68-100-90-26-46
35926.8 70 1-24-16-35-75-83-50-98-4-36-85-68-100-90-46
37176.5 1 1-24-16-35-75-83-50-98-4-36-85-68-100-90-72
39201.1 110 1-24-16-35-75-83-50-98-4-36-85-68-100-90-45
18449 49 1-24-16-35-75-83-50-98-4-36-85-68-100-3
42600.3 4 1-24-16-35-75-83-50-98-4-36-85-68-100-56-26
54814.2 54 1-24-16-35-75-83-50-98-4-36-85-68-100-90-26-67
34360.1 106 1-24-16-35-75-83-50-98-4-36-85-68-100-90-67
21027.2 56 1-24-16-35-75-83-50-98-4-36-85-68-100-56
22480.6 23 1-24-16-35-75-83-50-98-4-36-85-68-100-89
24962.6 27 1-24-16-35-75-83-50-98-4-36-85-68-100-40
34570.2 43 1-24-16-35-75-83-50-98-4-36-85-68-100-58-90
34759.9 7 1-24-16-35-75-83-50-98-4-36-85-68-100-80-67
41986.2 11 1-24-16-35-75-83-50-98-4-36-85-68-100-80-45
50918 6 1-24-16-35-75-83-50-98-4-36-85-68-100-96-26-90
39970.1 58 1-24-16-35-75-83-50-98-4-36-85-68-100-96-90
79904.4 4996 1-24-16-35-75-83-50-98-4-36-85-68-3-100-108-105-113-107-118-106-123-111-125-112-116-1
88304.8 4995 1-24-16-35-75-83-50-98-4-36-85-68-3-100-108-105-113-107-118-106-123-111-125-112-126-1
93383 5008 1-24-16-35-75-83-50-98-4-36-85-68-3-100-108-105-113-107-118-106-123-111-125-112-120-1
93136.2 4941 1-24-16-35-75-83-50-98-4-36-85-68-3-100-108-105-113-107-118-106-123-111-125-112-119-1
95489.7 5090 1-24-16-35-75-83-50-98-4-36-85-68-3-100-108-105-113-107-118-106-123-111-125-112-103-1
79238.7 4849 1-24-16-35-75-83-50-98-4-36-85-68-3-100-108-105-113-107-118-106-123-111-125-116-1
88272.1 4848 1-24-16-35-75-83-50-98-4-36-85-68-3-100-108-105-113-107-118-106-123-111-125-126-1
91994.8 4794 1-24-16-35-75-83-50-98-4-36-85-68-3-100-108-105-113-107-118-106-123-111-125-119-1
93880.7 4943 1-24-16-35-75-83-50-98-4-36-85-68-3-100-108-105-113-107-118-106-123-111-125-103-1
93343.9 4861 1-24-16-35-75-83-50-98-4-36-85-68-3-100-108-105-113-107-118-106-123-111-125-120-1
92414.9 4785 1-24-16-35-75-83-50-98-4-36-85-68-3-100-108-105-113-107-118-106-123-111-109-112-120-1
94521.7 4867 1-24-16-35-75-83-50-98-4-36-85-68-3-100-108-105-113-107-118-106-123-111-109-112-103-1
98981.5 4840 1-24-16-35-75-83-50-98-4-36-85-68-3-100-108-105-113-107-118-106-123-111-109-112-125-1
89029.9 5169 1-24-16-35-75-83-50-98-4-36-85-68-3-100-108-105-113-107-118-106-123-111-109-116-119-1
94488.6 5168 1-24-16-35-75-83-50-98-4-36-85-68-3-100-108-105-113-107-118-106-123-111-109-126-119-1
88738.3 5169 1-24-16-35-75-83-50-98-4-36-85-68-3-100-108-105-113-107-118-106-123-111-109-119-116-1
93572.3 5168 1-24-16-35-75-83-50-98-4-36-85-68-3-100-108-105-113-107-118-106-123-111-109-119-126-1
96369.4 5181 1-24-16-35-75-83-50-98-4-36-85-68-3-100-108-105-113-107-118-106-123-111-109-119-120-1
43533.2 43 1-42-96-71-87-22-79-88-2-58-59-90-26
106111 3031 1-42-96-71-87-22-79-88-2-58-59-90-26-109-112-126-120-103-119-1
37376.9 163 1-39-78-94-45-51-82-27-64-31-17-67
38060.3 102 1-39-78-94-45-51-82-27-64-31-17-92
39442.8 127 1-39-78-94-45-51-82-27-64-31-17-46
40004.4 19 1-39-78-94-45-51-82-27-64-31-17-28
41222.7 58 1-39-78-94-45-51-82-27-64-31-17-72
44709.6 40 1-39-78-94-45-51-82-27-64-31-17-84
46141.4 12 1-39-78-94-45-51-82-27-64-31-17-40
46611.4 31 1-39-78-94-45-51-82-27-64-31-17-32
49997.9 8 1-39-78-94-45-51-82-27-64-31-17-89
51198.8 41 1-39-78-94-45-51-82-27-64-31-17-56
32025.1 17 1-39-78-94-45-51-82-27-64-31-38-28
38707 29 1-39-78-94-45-51-82-27-64-31-38-32
39352.2 161 1-39-78-94-45-51-82-27-64-31-38-67
40121.9 100 1-39-78-94-45-51-82-27-64-31-38-92
42317.3 125 1-39-78-94-45-51-82-27-64-31-38-46
44493.2 56 1-39-78-94-45-51-82-27-64-31-38-72
44842.6 10 1-39-78-94-45-51-82-27-64-31-38-40
47474.1 6 1-39-78-94-45-51-82-27-64-31-38-89
47915.4 39 1-39-78-94-45-51-82-27-64-31-38-56
48505.5 38 1-39-78-94-45-51-82-27-64-31-38-84
43775.6 12 1-39-78-94-45-51-82-27-64-31-74-67-80
37949.2 122 1-39-78-94-45-51-82-27-64-31-74-92
39239.3 147 1-39-78-94-45-51-82-27-64-31-74-46
40973 78 1-39-78-94-45-51-82-27-64-31-74-72
41226.5 39 1-39-78-94-45-51-82-27-64-31-74-28
37289.8 183 1-39-78-94-45-51-82-27-64-31-74-67
44411.1 60 1-39-78-94-45-51-82-27-64-31-74-84
45941.4 1 1-39-78-94-45-51-82-27-64-31-74-30
46231.5 32 1-39-78-94-45-51-82-27-64-31-74-40
47906.5 51 1-39-78-94-45-51-82-27-64-31-74-32
50183.3 28 1-39-78-94-45-51-82-27-64-31-74-89
51461.7 61 1-39-78-94-45-51-82-27-64-31-74-56
26782.3 170 1-39-78-94-45-51-82-27-64-31-21
48115.7 12 1-39-78-94-45-51-82-27-64-31-43-80
50193.8 12 1-39-78-94-45-51-82-27-64-31-74-80-67
27673.2 183 1-39-78-94-45-51-82-27-64-31-43
29594.8 119 1-39-78-94-45-51-82-27-64-31-14
44588.2 71 1-39-78-94-45-51-82-27-64-31-6-67
45292.8 10 1-39-78-94-45-51-82-27-64-31-6-92
47598.9 35 1-39-78-94-45-51-82-27-64-31-6-46
47867.4 100 1-39-78-94-45-51-82-27-64-31-6-80
30453.3 271 1-39-78-94-45-51-82-27-64-31-6
41418.9 58 1-39-78-94-45-51-82-27-64-31-5-67
42396.2 22 1-39-78-94-45-51-82-27-64-31-5-46
47809.9 87 1-39-78-94-45-51-82-27-64-31-5-80
31289.2 38 1-39-78-94-45-51-82-27-64-31-15
34130.6 8 1-39-78-94-45-51-82-27-64-31-95-28
40237.4 20 1-39-78-94-45-51-82-27-64-31-95-32
45135.5 152 1-39-78-94-45-51-82-27-64-31-95-67
45806.7 91 1-39-78-94-45-51-82-27-64-31-95-92
47826.8 1 1-39-78-94-45-51-82-27-64-31-95-40
48118.9 116 1-39-78-94-45-51-82-27-64-31-95-46
49445.3 30 1-39-78-94-45-51-82-27-64-31-95-56
50265.8 47 1-39-78-94-45-51-82-27-64-31-95-72
17608.4 103 1-61-95-15-86-62-6-93
35395.2 28 1-61-95-15-86-62-6-12-28-67
38479.4 57 1-61-95-15-86-62-6-12-28-80
21341 42 1-61-95-15-86-62-6-12-41
23177.8 83 1-61-95-15-86-62-6-12-38
24310.9 147 1-61-95-15-86-62-6-12-18
48240.8 40 1-61-95-15-86-62-6-12-32-67
50335.2 69 1-61-95-15-86-62-6-12-32-80
51194.8 4 1-61-95-15-86-62-6-12-32-46
19078.1 228 1-61-95-15-86-62-6-12-28
25755.4 158 1-61-95-15-86-62-6-12-13
28481.4 43 1-61-95-15-86-62-6-12-55
31584.2 85 1-61-95-15-86-62-6-12-17
32159.4 105 1-61-95-15-86-62-6-12-74
33096.6 32 1-61-95-15-86-62-6-12-66
44346 14 1-61-95-15-86-62-6-12-25-80
25602.3 240 1-61-95-15-86-62-6-12-32
35262.8 111 1-61-95-15-86-62-6-12-67-92
37498.4 136 1-61-95-15-86-62-6-12-67-46
39681.6 67 1-61-95-15-86-62-6-12-67-72
43710.3 49 1-61-95-15-86-62-6-12-67-84
43957.1 21 1-61-95-15-86-62-6-12-67-40
48344.9 17 1-61-95-15-86-62-6-12-67-89
50098.4 50 1-61-95-15-86-62-6-12-67-56
50798.4 28 1-61-95-15-86-62-6-12-67-28
57119.7 40 1-61-95-15-86-62-6-12-67-32
34357.2 185 1-61-95-15-86-62-6-12-25
37508.3 75 1-61-95-15-86-62-6-12-92-46
39673.2 6 1-61-95-15-86-62-6-12-92-72
41145.5 140 1-61-95-15-86-62-6-12-92-80
35472.1 129 1-61-95-15-86-62-6-12-10
36815.5 129 1-61-95-15-86-62-6-12-54
37229.7 70 1-61-95-15-86-62-6-12-97
37325.2 127 1-61-95-15-86-62-6-12-9
39682.4 31 1-61-95-15-86-62-6-12-46-72
40513.7 136 1-61-95-15-86-62-6-12-46-67
43448.3 165 1-61-95-15-86-62-6-12-46-80
43711.8 13 1-61-95-15-86-62-6-12-46-84
53649.8 14 1-61-95-15-86-62-6-12-46-56
63089 4 1-61-95-15-86-62-6-12-46-32
35977.6 111 1-61-95-15-86-62-6-12-92-67
25977.8 95 1-91-66-67-92-76-46-54-47-72-37-23
35909.1 24 1-91-66-67-92-76-46-54-47-72-37-10-84
43715 3 1-91-66-67-92-76-46-54-47-72-37-10-28
45582.1 25 1-91-66-67-92-76-46-54-47-72-37-10-56
50380.5 15 1-91-66-67-92-76-46-54-47-72-37-10-32
39176.7 86 1-91-66-67-92-76-46-54-47-72-37-99-80
26837.8 257 1-91-66-67-92-76-46-54-47-72-37-99
26910.5 65 1-91-66-67-92-76-46-54-47-72-37-34
37901.8 80 1-91-66-67-92-76-46-54-47-72-37-25-84
39744.8 21 1-91-66-67-92-76-46-54-47-72-37-25-30
40334.9 52 1-91-66-67-92-76-46-54-47-72-37-25-40
43656.8 59 1-91-66-67-92-76-46-54-47-72-37-25-28
44690.6 48 1-91-66-67-92-76-46-54-47-72-37-25-89
46375.3 81 1-91-66-67-92-76-46-54-47-72-37-25-56
50334.8 71 1-91-66-67-92-76-46-54-47-72-37-25-32
38022.3 86 1-91-66-67-92-76-46-54-47-72-37-33-80
27684.5 257 1-91-66-67-92-76-46-54-47-72-37-33
32615.7 85 1-91-66-67-92-76-46-54-47-72-37-84-30
39880 24 1-91-66-67-92-76-46-54-47-72-37-84-10
40821.3 80 1-91-66-67-92-76-46-54-47-72-37-84-25
42259.5 116 1-91-66-67-92-76-46-54-47-72-37-84-40
46369.8 112 1-91-66-67-92-76-46-54-47-72-37-84-89
48717.4 145 1-91-66-67-92-76-46-54-47-72-37-84-56
54181.6 63 1-91-66-67-92-76-46-54-47-72-37-84-29
55718.4 123 1-91-66-67-92-76-46-54-47-72-37-84-28
56878.9 22 1-91-66-67-92-76-46-54-47-72-37-84-9
58540.9 53 1-91-66-67-92-76-46-54-47-72-37-84-13
59909 42 1-91-66-67-92-76-46-54-47-72-37-84-18
61870.2 135 1-91-66-67-92-76-46-54-47-72-37-84-32
31054.2 123 1-91-66-67-92-76-46-54-47-72-37-53
34309.8 85 1-91-66-67-92-76-46-54-47-72-37-30-84
44358.4 21 1-91-66-67-92-76-46-54-47-72-37-30-25
46143.6 57 1-91-66-67-92-76-46-54-47-72-37-30-40
50094 53 1-91-66-67-92-76-46-54-47-72-37-30-89
52465.9 86 1-91-66-67-92-76-46-54-47-72-37-30-56
58019 4 1-91-66-67-92-76-46-54-47-72-37-30-29
59677.1 64 1-91-66-67-92-76-46-54-47-72-37-30-28
65894.1 76 1-91-66-67-92-76-46-54-47-72-37-30-32
36036.1 268 1-91-66-67-92-76-46-54-47-72-37-80-40
40563.7 264 1-91-66-67-92-76-46-54-47-72-37-80-89
40982.5 296 1-91-66-67-92-76-46-54-47-72-37-80-84
42198.3 176 1-91-66-67-92-76-46-54-47-72-37-80-10
42317.9 232 1-91-66-67-92-76-46-54-47-72-37-80-25
42666.9 86 1-91-66-67-92-76-46-54-47-72-37-80-33
42722.1 297 1-91-66-67-92-76-46-54-47-72-37-80-56
44667.9 86 1-91-66-67-92-76-46-54-47-72-37-80-99
47847.3 215 1-91-66-67-92-76-46-54-47-72-37-80-29
49214.9 27 1-91-66-67-92-76-46-54-47-72-37-80-5
49267.7 152 1-91-66-67-92-76-46-54-47-72-37-80-74
49735.2 130 1-91-66-67-92-76-46-54-47-72-37-80-38
49974.4 132 1-91-66-67-92-76-46-54-47-72-37-80-17
50101.6 117 1-91-66-67-92-76-46-54-47-72-37-80-97
50356.8 174 1-91-66-67-92-76-46-54-47-72-37-80-9
51730.4 275 1-91-66-67-92-76-46-54-47-72-37-80-28
51845.5 112 1-91-66-67-92-76-46-54-47-72-37-80-12
53119.4 205 1-91-66-67-92-76-46-54-47-72-37-80-13
54815.9 89 1-91-66-67-92-76-46-54-47-72-37-80-41
55018.3 194 1-91-66-67-92-76-46-54-47-72-37-80-18
56557.6 32 1-91-66-67-92-76-46-54-47-72-37-80-8
57062 287 1-91-66-67-92-76-46-54-47-72-37-80-32
58940.2 90 1-91-66-67-92-76-46-54-47-72-37-80-55
32375.9 198 1-91-66-67-92-76-46-54-47-72-37-5
58849.1 1 1-91-66-67-92-76-46-54-47-72-37-74-56
43289.9 237 1-91-66-67-92-76-46-54-47-72-37-80-30
34156.8 323 1-91-66-67-92-76-46-54-47-72-37-74
35129.1 303 1-91-66-67-92-76-46-54-47-72-37-17
40476.1 84 1-91-66-67-92-76-46-54-47-72-37-40-89
42604.8 117 1-91-66-67-92-76-46-54-47-72-37-40-56
47850.1 35 1-91-66-67-92-76-46-54-47-72-37-40-29
47959.2 116 1-91-66-67-92-76-46-54-47-72-37-40-84
48954.1 52 1-91-66-67-92-76-46-54-47-72-37-40-25
50149.2 57 1-91-66-67-92-76-46-54-47-72-37-40-30
55169.2 95 1-91-66-67-92-76-46-54-47-72-37-40-28
55336.4 25 1-91-66-67-92-76-46-54-47-72-37-40-13
57653.9 14 1-91-66-67-92-76-46-54-47-72-37-40-18
59710 107 1-91-66-67-92-76-46-54-47-72-37-40-32
61514.9 54 1-38-43-12-28-41-8-32-18-13-55-56
62587.9 21 1-38-43-12-28-41-8-32-18-13-55-89
62687.7 25 1-38-43-12-28-41-8-32-18-13-55-40
71245.1 53 1-38-43-12-28-41-8-32-18-13-55-84
43012.3 129 1-38-43-12-28-41-8-32-18-13-7
53992.3 81 1-38-43-12-28-41-8-32-18-13-97-56
56177.3 48 1-38-43-12-28-41-8-32-18-13-97-89
59320.5 52 1-38-43-12-28-41-8-32-18-13-97-40
68765.5 16 1-38-43-12-28-41-8-32-18-13-97-25
71271.7 80 1-38-43-12-28-41-8-32-18-13-97-84
73521.9 21 1-38-43-12-28-41-8-32-18-13-97-30
48931.5 56 1-38-43-12-28-41-8-32-18-13-9-29
54247.9 138 1-38-43-12-28-41-8-32-18-13-9-56
56440.6 105 1-38-43-12-28-41-8-32-18-13-9-89
59594 109 1-38-43-12-28-41-8-32-18-13-9-40
69012.7 73 1-38-43-12-28-41-8-32-18-13-9-25
69638.3 17 1-38-43-12-28-41-8-32-18-13-9-10
71544.9 137 1-38-43-12-28-41-8-32-18-13-9-84
73795.4 78 1-38-43-12-28-41-8-32-18-13-9-30
63838.6 8 1-38-43-12-28-41-8-32-18-13-29-56-80
51725.8 56 1-38-43-12-28-41-8-32-18-13-29-9
55798.9 146 1-38-43-12-28-41-8-32-18-13-29-89
59610.8 150 1-38-43-12-28-41-8-32-18-13-29-40
71850.3 7 1-38-43-12-28-41-8-32-18-13-29-80-84
53445.6 179 1-38-43-12-28-41-8-32-18-13-29-56
70620.6 114 1-38-43-12-28-41-8-32-18-13-29-25
71088.6 58 1-38-43-12-28-41-8-32-18-13-29-10
71642 178 1-38-43-12-28-41-8-32-18-13-29-84
73785.3 119 1-38-43-12-28-41-8-32-18-13-29-30
75160.1 34 1-38-43-12-28-41-8-32-18-13-29-74
75384.3 14 1-38-43-12-28-41-8-32-18-13-29-17
73589.9 8 1-38-43-12-28-41-8-32-18-13-29-80-56
47854.5 107 1-38-43-12-28-41-8-32-18-13-20
60533.7 57 1-38-43-12-28-41-8-32-18-13-56-89-80
71196.7 8 1-38-43-12-28-41-8-32-18-13-56-29-80
52299.1 228 1-38-43-12-28-41-8-32-18-13-56-89
60305.3 61 1-38-43-12-28-41-8-32-18-13-56-40-80
55678.5 179 1-38-43-12-28-41-8-32-18-13-56-29
59037.2 81 1-38-43-12-28-41-8-32-18-13-56-97
59275.2 138 1-38-43-12-28-41-8-32-18-13-56-9
68539.3 57 1-38-43-12-28-41-8-32-18-13-56-80-89
68958.1 89 1-38-43-12-28-41-8-32-18-13-56-80-84
70293.4 25 1-38-43-12-28-41-8-32-18-13-56-80-25
71265.5 30 1-38-43-12-28-41-8-32-18-13-56-80-30
75822.8 8 1-38-43-12-28-41-8-32-18-13-56-80-29
56598.3 232 1-38-43-12-28-41-8-32-18-13-56-40
68410.7 260 1-38-43-12-28-41-8-32-18-13-56-84
68988 196 1-38-43-12-28-41-8-32-18-13-56-25
69246.4 140 1-38-43-12-28-41-8-32-18-13-56-10
70465.1 201 1-38-43-12-28-41-8-32-18-13-56-30
70609.3 50 1-38-43-12-28-41-8-32-18-13-56-33
72207.5 50 1-38-43-12-28-41-8-32-18-13-56-99
74070.7 54 1-38-43-12-28-41-8-32-18-13-56-55
74603.9 116 1-38-43-12-28-41-8-32-18-13-56-74
75018.3 96 1-38-43-12-28-41-8-32-18-13-56-17
64011.7 61 1-38-43-12-28-41-8-32-18-13-56-80-40
59115.4 28 1-38-43-12-28-41-8-32-18-13-89-40-80
63630.9 57 1-38-43-12-28-41-8-32-18-13-89-56-80
55408.5 199 1-38-43-12-28-41-8-32-18-13-89-40
58970.6 146 1-38-43-12-28-41-8-32-18-13-89-29
62792.1 28 1-38-43-12-28-41-8-32-18-13-89-80-40
67738.5 56 1-38-43-12-28-41-8-32-18-13-89-80-84
53237.9 228 1-38-43-12-28-41-8-32-18-13-89-56
62161 48 1-38-43-12-28-41-8-32-18-13-89-97
62406.7 105 1-38-43-12-28-41-8-32-18-13-89-9
67001.9 227 1-38-43-12-28-41-8-32-18-13-89-84
68242.2 163 1-38-43-12-28-41-8-32-18-13-89-25
68402.1 107 1-38-43-12-28-41-8-32-18-13-89-10
69032 168 1-38-43-12-28-41-8-32-18-13-89-30
69308.6 17 1-38-43-12-28-41-8-32-18-13-89-33
71225.9 17 1-38-43-12-28-41-8-32-18-13-89-99
74264.3 83 1-38-43-12-28-41-8-32-18-13-89-74
74756.2 63 1-38-43-12-28-41-8-32-18-13-89-17
76082.5 21 1-38-43-12-28-41-8-32-18-13-89-55
63219 60 1-38-43-12-28-41-8-32-18-13-40-80-84
64958.6 61 1-38-43-12-28-41-8-32-18-13-40-80-56
65526.4 1 1-38-43-12-28-41-8-32-18-13-40-80-30
55416.6 199 1-38-43-12-28-41-8-32-18-13-40-89
57545.3 232 1-38-43-12-28-41-8-32-18-13-40-56
62790.6 150 1-38-43-12-28-41-8-32-18-13-40-29
62899.7 231 1-38-43-12-28-41-8-32-18-13-40-84
63894.6 167 1-38-43-12-28-41-8-32-18-13-40-25
63967.5 111 1-38-43-12-28-41-8-32-18-13-40-10
64880.9 21 1-38-43-12-28-41-8-32-18-13-40-33
65089.7 172 1-38-43-12-28-41-8-32-18-13-40-30
65312.3 52 1-38-43-12-28-41-8-32-18-13-40-97
65568.1 109 1-38-43-12-28-41-8-32-18-13-40-9
66701.3 21 1-38-43-12-28-41-8-32-18-13-40-99
70320.6 87 1-38-43-12-28-41-8-32-18-13-40-74
70907.8 67 1-38-43-12-28-41-8-32-18-13-40-17
76190.4 25 1-38-43-12-28-41-8-32-18-13-40-55
59852.3 31 1-38-43-12-28-41-8-32-18-13-17-25
70189 95 1-38-43-12-28-41-8-32-18-13-17-84
71620.8 67 1-38-43-12-28-41-8-32-18-13-17-40
71746.3 36 1-38-43-12-28-41-8-32-18-13-17-30
75477.4 63 1-38-43-12-28-41-8-32-18-13-17-89
59989.1 2 1-40-80-89-56-29-44-20-19-9-25
62521.3 66 1-40-80-89-56-29-44-20-19-9-84
64771.8 7 1-40-80-89-56-29-44-20-19-9-30
62269.5 9 1-40-80-89-56-29-44-20-19-97-84
35860.8 389 1-40-80-89-56-29-44-20-19-9
53833.1 305 1-40-80-89-56-29-44-20-19-55
59892.9 4 1-40-80-89-56-29-44-20-19-25-10
69376.7 124 1-40-80-89-56-29-44-20-19-25-84
71219.7 65 1-40-80-89-56-29-44-20-19-25-30
82902 2 1-40-80-89-56-29-44-20-19-25-9
35864.6 332 1-40-80-89-56-29-44-20-19-97
68986.2 68 1-40-80-89-56-29-44-20-19-10-84
70752.2 9 1-40-80-89-56-29-44-20-19-10-30
59324.6 391 1-40-80-89-56-29-44-20-19-10
62856.9 129 1-40-80-89-56-29-44-20-19-84-30
70121.2 68 1-40-80-89-56-29-44-20-19-84-10
78101.1 44 1-40-80-89-56-29-44-20-19-84-74
79076.9 24 1-40-80-89-56-29-44-20-19-84-17
86864.4 9 1-40-80-89-56-29-44-20-19-84-97
87120 66 1-40-80-89-56-29-44-20-19-84-9
48450.7 148 1-25-10-34-99-33-84-53-30-5-74
49333.5 128 1-25-10-34-99-33-84-53-30-5-17
72300 86 1-25-10-34-99-33-84-53-30-5-55
74134.9 113 1-25-10-34-99-33-84-53-30-5-97
47830.8 253 1-25-10-34-99-33-84-53-30-74-17
51935.6 9 1-25-10-34-99-33-84-53-30-74-14
70844.9 211 1-25-10-34-99-33-84-53-30-74-55
74309.8 238 1-25-10-34-99-33-84-53-30-74-97
15865.2 5200 1-5
