34313.9 32 1-77-52-60-11-65-48-57-73-63-38-21-70-26
41444.8 12 1-77-52-60-11-65-48-57-73-63-38-21-70-90
42078.6 34 1-77-52-60-11-65-48-57-73-63-38-21-70-100
58871.9 18 1-77-52-60-11-65-48-57-73-63-38-21-69-26-100
48620.4 48 1-77-52-60-11-65-48-57-73-63-38-21-69-90
100837 6183 1-77-52-60-11-65-48-57-73-63-38-21-70-26-104-125-111-123-106-118-108-105-113-107-109-112-116-1
102386 6128 1-77-52-60-11-65-48-57-73-63-38-21-70-26-104-125-111-123-106-118-108-105-113-107-109-112-101-1
99550.5 6081 1-77-52-60-11-65-48-57-73-63-38-21-70-26-104-125-111-123-106-118-108-105-113-107-109-112-122-1
103930 6012 1-77-52-60-11-65-48-57-73-63-38-21-70-26-104-125-111-123-106-118-108-105-113-107-109-112-117-1
109237 6182 1-77-52-60-11-65-48-57-73-63-38-21-70-26-104-125-111-123-106-118-108-105-113-107-109-112-126-1
109947 6114 1-77-52-60-11-65-48-57-73-63-38-21-70-26-104-125-111-123-106-118-108-105-113-107-109-112-115-1
107244 6146 1-77-52-60-11-65-48-57-73-63-38-21-70-26-104-125-111-123-106-118-108-105-113-107-109-112-110-1
114315 6195 1-77-52-60-11-65-48-57-73-63-38-21-70-26-104-125-111-123-106-118-108-105-113-107-109-112-120-1
108292 6004 1-77-52-60-11-65-48-57-73-63-38-21-70-26-104-125-111-123-106-118-108-105-113-107-109-112-121-1
114017 6161 1-77-52-60-11-65-48-57-73-63-38-21-70-26-104-125-111-123-106-118-108-105-113-107-109-112-124-1
114068 6128 1-77-52-60-11-65-48-57-73-63-38-21-70-26-104-125-111-123-106-118-108-105-113-107-109-112-119-1
114539 6163 1-77-52-60-11-65-48-57-73-63-38-21-70-26-104-125-111-123-106-118-108-105-113-107-109-112-114-1
97688.1 6036 1-77-52-60-11-65-48-57-73-63-38-21-70-26-104-125-111-123-106-118-108-105-113-107-109-116-1
110761 6153 1-77-52-60-11-65-48-57-73-63-38-21-70-26-104-125-111-123-106-118-108-105-113-107-109-122-102-1
97784.9 5934 1-77-52-60-11-65-48-57-73-63-38-21-70-26-104-125-111-123-106-118-108-105-113-107-109-122-1
102304 5981 1-77-52-60-11-65-48-57-73-63-38-21-70-26-104-125-111-123-106-118-108-105-113-107-109-101-1
110269 6186 1-77-52-60-11-65-48-57-73-63-38-21-70-26-104-125-111-123-106-118-108-105-113-107-109-102-115-1
108854 6084 1-77-52-60-11-65-48-57-73-63-38-21-70-26-104-125-111-123-106-118-108-105-113-107-109-102-117-1
107551 6153 1-77-52-60-11-65-48-57-73-63-38-21-70-26-104-125-111-123-106-118-108-105-113-107-109-102-122-1
115302 6076 1-77-52-60-11-65-48-57-73-63-38-21-70-26-104-125-111-123-106-118-108-105-113-107-109-102-121-1
107730 6182 1-77-52-60-11-65-48-57-73-63-38-21-70-26-104-125-111-123-106-118-108-105-113-107-109-126-112-1
107647 6035 1-77-52-60-11-65-48-57-73-63-38-21-70-26-104-125-111-123-106-118-108-105-113-107-109-126-1
111259 6084 1-77-52-60-11-65-48-57-73-63-38-21-70-26-104-125-111-123-106-118-108-105-113-107-109-117-102-1
111645 6128 1-77-52-60-11-65-48-57-73-63-38-21-70-26-104-125-111-123-106-118-108-105-113-107-109-119-112-1
110319 5981 1-77-52-60-11-65-48-57-73-63-38-21-70-26-104-125-111-123-106-118-108-105-113-107-109-119-1
111618 6146 1-77-52-60-11-65-48-57-73-63-38-21-70-26-104-125-111-123-106-118-108-105-113-107-109-110-112-1
109917 6186 1-77-52-60-11-65-48-57-73-63-38-21-70-26-104-125-111-123-106-118-108-105-113-107-109-115-102-1
110579 6114 1-77-52-60-11-65-48-57-73-63-38-21-70-26-104-125-111-123-106-118-108-105-113-107-109-115-112-1
105677 5999 1-77-52-60-11-65-48-57-73-63-38-21-70-26-104-125-111-123-106-118-108-105-113-107-109-110-1
119020 6076 1-77-52-60-11-65-48-57-73-63-38-21-70-26-104-125-111-123-106-118-108-105-113-107-109-121-102-1
109863 5967 1-77-52-60-11-65-48-57-73-63-38-21-70-26-104-125-111-123-106-118-108-105-113-107-109-115-1
112713 6195 1-77-52-60-11-65-48-57-73-63-38-21-70-26-104-125-111-123-106-118-108-105-113-107-109-120-112-1
112622 6048 1-77-52-60-11-65-48-57-73-63-38-21-70-26-104-125-111-123-106-118-108-105-113-107-109-120-1
115367 6161 1-77-52-60-11-65-48-57-73-63-38-21-70-26-104-125-111-123-106-118-108-105-113-107-109-124-112-1
115909 6130 1-77-52-60-11-65-48-57-73-63-38-21-70-26-104-125-111-123-106-118-108-105-113-107-109-103-1
119391 6163 1-77-52-60-11-65-48-57-73-63-38-21-70-26-104-125-111-123-106-118-108-105-113-107-109-114-112-1
114015 6014 1-77-52-60-11-65-48-57-73-63-38-21-70-26-104-125-111-123-106-118-108-105-113-107-109-124-1
107702 6138 1-77-52-60-11-65-48-57-73-63-38-21-70-26-104-125-111-123-106-118-108-105-113-107-122-117-102-1
103763 6066 1-77-52-60-11-65-48-57-73-63-38-21-70-26-104-125-111-123-106-118-108-105-113-107-122-117-112-1
100947 6053 1-77-52-60-11-65-48-57-73-63-38-21-70-26-104-125-111-123-106-118-108-105-113-107-122-110-1
108586 6058 1-77-52-60-11-65-48-57-73-63-38-21-70-26-104-125-111-123-106-118-108-105-113-107-122-121-112-1
114611 6130 1-77-52-60-11-65-48-57-73-63-38-21-70-26-104-125-111-123-106-118-108-105-113-107-122-121-102-1
99603.2 5919 1-77-52-60-11-65-48-57-73-63-38-21-70-26-104-125-111-123-106-118-108-105-113-107-122-117-1
104033 6182 1-77-52-60-11-65-48-57-73-63-38-21-70-26-104-125-111-123-106-118-108-105-113-107-122-101-112-1
101799 5911 1-77-52-60-11-65-48-57-73-63-38-21-70-26-104-125-111-123-106-118-108-105-113-107-122-121-1
101461 6081 1-77-52-60-11-65-48-57-73-63-38-21-70-26-104-125-111-123-106-118-108-105-113-107-122-112-109-1
107620 6182 1-77-52-60-11-65-48-57-73-63-38-21-70-26-104-125-111-123-106-118-108-105-113-107-122-112-101-1
109164 6066 1-77-52-60-11-65-48-57-73-63-38-21-70-26-104-125-111-123-106-118-108-105-113-107-122-112-117-1
115180 6168 1-77-52-60-11-65-48-57-73-63-38-21-70-26-104-125-111-123-106-118-108-105-113-107-122-112-115-1
113526 6058 1-77-52-60-11-65-48-57-73-63-38-21-70-26-104-125-111-123-106-118-108-105-113-107-122-112-121-1
119302 6182 1-77-52-60-11-65-48-57-73-63-38-21-70-26-104-125-111-123-106-118-108-105-113-107-122-112-119-1
102172 6035 1-77-52-60-11-65-48-57-73-63-38-21-70-26-104-125-111-123-106-118-108-105-113-107-122-101-1
114489 6153 1-77-52-60-11-65-48-57-73-63-38-21-70-26-104-125-111-123-106-118-108-105-113-107-122-109-102-1
99695.2 5934 1-77-52-60-11-65-48-57-73-63-38-21-70-26-104-125-111-123-106-118-108-105-113-107-122-109-1
110059 6138 1-77-52-60-11-65-48-57-73-63-38-21-70-26-104-125-111-123-106-118-108-105-113-107-122-102-117-1
109461 6153 1-77-52-60-11-65-48-57-73-63-38-21-70-26-104-125-111-123-106-118-108-105-113-107-122-102-109-1
116507 6130 1-77-52-60-11-65-48-57-73-63-38-21-70-26-104-125-111-123-106-118-108-105-113-107-122-102-121-1
108100 6070 1-77-52-60-11-65-48-57-73-63-38-21-70-26-104-125-111-123-106-118-108-105-113-107-122-114-1
106025 6090 1-77-52-60-11-65-48-57-73-63-38-21-70-26-104-125-111-123-106-118-108-105-113-107-122-116-1
112132 6168 1-77-52-60-11-65-48-57-73-63-38-21-70-26-104-125-111-123-106-118-108-105-113-107-122-115-112-1
111416 6021 1-77-52-60-11-65-48-57-73-63-38-21-70-26-104-125-111-123-106-118-108-105-113-107-122-115-1
113906 6068 1-77-52-60-11-65-48-57-73-63-38-21-70-26-104-125-111-123-106-118-108-105-113-107-122-124-1
113955 6089 1-77-52-60-11-65-48-57-73-63-38-21-70-26-104-125-111-123-106-118-108-105-113-107-122-126-1
119260 6184 1-77-52-60-11-65-48-57-73-63-38-21-70-26-104-125-111-123-106-118-108-105-113-107-122-103-1
118974 6102 1-77-52-60-11-65-48-57-73-63-38-21-70-26-104-125-111-123-106-118-108-105-113-107-122-120-1
120592 6182 1-77-52-60-11-65-48-57-73-63-38-21-70-26-104-125-111-123-106-118-108-105-113-107-122-119-112-1
119266 6035 1-77-52-60-11-65-48-57-73-63-38-21-70-26-104-125-111-123-106-118-108-105-113-107-122-119-1
112106 6016 1-77-52-60-11-65-48-57-73-63-38-21-70-26-104-125-111-123-106-118-108-105-113-107-109-114-1
28122.6 71 1-24-16-35-75-83-50-98-4-36-85-68-3-100-90-29-97
28308.4 128 1-24-16-35-75-83-50-98-4-36-85-68-3-100-90-29-9
40421.2 80 1-24-16-35-75-83-50-98-4-36-85-68-3-100-90-29-56-80
45645.3 51 1-24-16-35-75-83-50-98-4-36-85-68-3-100-90-29-56-67
46119.5 3 1-24-16-35-75-83-50-98-4-36-85-68-3-100-90-29-56-96
46181.5 15 1-24-16-35-75-83-50-98-4-36-85-68-3-100-90-29-56-46
51955.4 55 1-24-16-35-75-83-50-98-4-36-85-68-3-100-90-29-56-45
57402.5 93 1-24-16-35-75-83-50-98-4-36-85-68-3-100-90-29-56-69
40616 47 1-24-16-35-75-83-50-98-4-36-85-68-3-100-90-29-89-80
46245.1 18 1-24-16-35-75-83-50-98-4-36-85-68-3-100-90-29-89-67
52881.9 22 1-24-16-35-75-83-50-98-4-36-85-68-3-100-90-29-89-45
58798.7 60 1-24-16-35-75-83-50-98-4-36-85-68-3-100-90-29-89-69
30028.2 251 1-24-16-35-75-83-50-98-4-36-85-68-3-100-90-29-56
35746.8 58 1-24-16-35-75-83-50-98-4-36-85-68-3-100-90-29-2
39900.3 51 1-24-16-35-75-83-50-98-4-36-85-68-3-100-90-29-40-80
45669.2 22 1-24-16-35-75-83-50-98-4-36-85-68-3-100-90-29-40-67
52589.5 26 1-24-16-35-75-83-50-98-4-36-85-68-3-100-90-29-40-45
59061.1 64 1-24-16-35-75-83-50-98-4-36-85-68-3-100-90-29-40-69
32381.4 218 1-24-16-35-75-83-50-98-4-36-85-68-3-100-90-29-89
39898.4 62 1-24-16-35-75-83-50-98-4-36-85-68-3-100-90-29-58-96
52714.2 110 1-24-16-35-75-83-50-98-4-36-85-68-3-100-90-29-58-67
52791.9 139 1-24-16-35-75-83-50-98-4-36-85-68-3-100-90-29-58-80
53157 49 1-24-16-35-75-83-50-98-4-36-85-68-3-100-90-29-58-92
54673.2 114 1-24-16-35-75-83-50-98-4-36-85-68-3-100-90-29-58-45
55279.6 74 1-24-16-35-75-83-50-98-4-36-85-68-3-100-90-29-58-46
56063.5 152 1-24-16-35-75-83-50-98-4-36-85-68-3-100-90-29-58-69
57146.7 5 1-24-16-35-75-83-50-98-4-36-85-68-3-100-90-29-58-72
36193.3 222 1-24-16-35-75-83-50-98-4-36-85-68-3-100-90-29-40
37029.5 91 1-24-16-35-75-83-50-98-4-36-85-68-3-100-90-29-88
37815.7 94 1-24-16-35-75-83-50-98-4-36-85-68-3-100-90-29-79
38354.1 8 1-24-16-35-75-83-50-98-4-36-85-68-3-100-90-29-87
38946.4 41 1-24-16-35-75-83-50-98-4-36-85-68-3-100-90-29-22
54728.3 125 1-24-16-35-75-83-50-98-4-36-85-68-3-100-90-29-96-67
55296.5 64 1-24-16-35-75-83-50-98-4-36-85-68-3-100-90-29-96-92
55373.6 129 1-24-16-35-75-83-50-98-4-36-85-68-3-100-90-29-96-45
55636 3 1-24-16-35-75-83-50-98-4-36-85-68-3-100-90-29-96-56
43115.1 62 1-24-16-35-75-83-50-98-4-36-85-68-3-100-90-29-96-58
56213.1 154 1-24-16-35-75-83-50-98-4-36-85-68-3-100-90-29-96-80
57557.9 89 1-24-16-35-75-83-50-98-4-36-85-68-3-100-90-29-96-46
59597.3 20 1-24-16-35-75-83-50-98-4-36-85-68-3-100-90-29-96-72
63438.6 2 1-24-16-35-75-83-50-98-4-36-85-68-3-100-90-29-96-84
113454 5940 1-24-16-35-75-83-50-98-4-36-85-68-3-100-90-29-97-112-101-102-115-124-103-120-126-119-122-117-110-1
115468 5798 1-24-16-35-75-83-50-98-4-36-85-68-3-100-90-29-97-112-101-102-115-124-103-120-126-119-122-117-121-1
121776 5957 1-24-16-35-75-83-50-98-4-36-85-68-3-100-90-29-97-112-101-102-115-124-103-120-126-119-122-117-114-1
112461 5932 1-24-16-35-75-83-50-98-4-36-85-68-3-100-90-29-97-112-101-102-115-124-103-120-126-119-122-110-121-1
118600 6091 1-24-16-35-75-83-50-98-4-36-85-68-3-100-90-29-97-112-101-102-115-124-103-120-126-119-122-110-114-1
34408.2 35 1-42-96-71-87-22-79-88-2-58-59-61-28
35726.6 57 1-42-96-71-87-22-79-88-2-58-59-61-56
36347.6 28 1-42-96-71-87-22-79-88-2-58-59-61-40
36377.2 24 1-42-96-71-87-22-79-88-2-58-59-61-89
36959.8 31 1-42-96-71-87-22-79-88-2-58-59-61-78
37079.5 47 1-42-96-71-87-22-79-88-2-58-59-61-32
44598.4 8 1-42-96-71-87-22-79-88-2-58-59-61-80-67
51824.7 12 1-42-96-71-87-22-79-88-2-58-59-61-80-45
58914.9 50 1-42-96-71-87-22-79-88-2-58-59-61-80-69
53249.4 21 1-42-96-71-87-22-79-88-2-58-59-61-67-69
38604.7 179 1-42-96-71-87-22-79-88-2-58-59-61-67
38967.5 118 1-42-96-71-87-22-79-88-2-58-59-61-92
39800.8 50 1-42-96-71-87-22-79-88-2-58-59-61-51
40984.7 143 1-42-96-71-87-22-79-88-2-58-59-61-46
49410.1 25 1-42-96-71-87-22-79-88-2-58-59-61-45-69
41545.2 183 1-42-96-71-87-22-79-88-2-58-59-61-45
42751.1 74 1-42-96-71-87-22-79-88-2-58-59-61-72
52005.2 25 1-42-96-71-87-22-79-88-2-58-59-61-69-45
58785 21 1-42-96-71-87-22-79-88-2-58-59-61-69-67
52479 1005 1-42-96-71-87-22-79-88-2-58-59-61-28-114-117-1
29582.4 35 1-39-78-94-45-51-82-27-64-31-17-74-81
39732.5 146 1-39-78-94-45-51-82-27-64-31-17-74-5-69
41801.1 104 1-39-78-94-45-51-82-27-64-31-17-74-5-67
42251.1 43 1-39-78-94-45-51-82-27-64-31-17-74-5-92
42778.4 68 1-39-78-94-45-51-82-27-64-31-17-74-5-46
48192.1 133 1-39-78-94-45-51-82-27-64-31-17-74-5-80
36070.1 7 1-39-78-94-45-51-82-27-64-31-17-74-69-14
39520.4 71 1-39-78-94-45-51-82-27-64-31-17-74-69-43
43757.5 159 1-39-78-94-45-51-82-27-64-31-17-74-69-6
47400 151 1-39-78-94-45-51-82-27-64-31-17-74-69-25-67
47876.5 90 1-39-78-94-45-51-82-27-64-31-17-74-69-25-92
48910.3 115 1-39-78-94-45-51-82-27-64-31-17-74-69-25-46
50730.9 46 1-39-78-94-45-51-82-27-64-31-17-74-69-25-72
54439.3 28 1-39-78-94-45-51-82-27-64-31-17-74-69-25-84
62912.8 29 1-39-78-94-45-51-82-27-64-31-17-74-69-25-56
66872.3 19 1-39-78-94-45-51-82-27-64-31-17-74-69-25-32
40355.5 146 1-39-78-94-45-51-82-27-64-31-17-74-69-5
60383.4 31 1-39-78-94-45-51-82-27-64-31-17-74-69-12-67
63715.2 60 1-39-78-94-45-51-82-27-64-31-17-74-69-12-80
44198.8 231 1-39-78-94-45-51-82-27-64-31-17-74-69-12
48382.9 95 1-39-78-94-45-51-82-27-64-31-17-74-69-10-67
48660 34 1-39-78-94-45-51-82-27-64-31-17-74-69-10-92
49160.4 59 1-39-78-94-45-51-82-27-64-31-17-74-69-10-46
54532.5 124 1-39-78-94-45-51-82-27-64-31-17-74-69-10-80
44694.9 13 1-39-78-94-45-51-82-27-64-31-17-74-69-34
58612.8 40 1-39-78-94-45-51-82-27-64-31-17-74-69-95-67
61443.3 69 1-39-78-94-45-51-82-27-64-31-17-74-69-95-80
61596.2 4 1-39-78-94-45-51-82-27-64-31-17-74-69-95-46
44663.3 295 1-39-78-94-45-51-82-27-64-31-17-74-69-10
45269.8 43 1-39-78-94-45-51-82-27-64-31-17-74-69-62
52366.2 5 1-39-78-94-45-51-82-27-64-31-17-74-69-99-67
57823.5 34 1-39-78-94-45-51-82-27-64-31-17-74-69-99-80
44820 240 1-39-78-94-45-51-82-27-64-31-17-74-69-95
65005.3 8 1-39-78-94-45-51-82-27-64-31-17-74-69-41-67
68270.8 37 1-39-78-94-45-51-82-27-64-31-17-74-69-41-80
45484.7 205 1-39-78-94-45-51-82-27-64-31-17-74-69-99
52737.6 27 1-39-78-94-45-51-82-27-64-31-17-74-69-66-80
45784 208 1-39-78-94-45-51-82-27-64-31-17-74-69-41
49668 41 1-39-78-94-45-51-82-27-64-31-17-74-69-67-92-46
53305.2 106 1-39-78-94-45-51-82-27-64-31-17-74-69-67-92-80
49380.4 95 1-39-78-94-45-51-82-27-64-31-17-74-69-67-54
55543.1 131 1-39-78-94-45-51-82-27-64-31-17-74-69-67-46-80
40467.5 68 1-91-66-67-92-76-46-54-47-72-37-23-33-84-80
54178.1 81 1-91-66-67-92-76-46-54-47-72-37-23-33-84-69
43563.2 9 1-91-66-67-92-76-46-54-47-72-37-23-33-30-80
56558.2 22 1-91-66-67-92-76-46-54-47-72-37-23-33-30-69
31814.1 239 1-91-66-67-92-76-46-54-47-72-37-23-33-84
33957.2 29 1-91-66-67-92-76-46-54-47-72-37-23-33-99
35089.8 119 1-91-66-67-92-76-46-54-47-72-37-23-33-10
46168.1 4 1-91-66-67-92-76-46-54-47-72-37-23-33-25-80
48086.3 17 1-91-66-67-92-76-46-54-47-72-37-23-33-25-69
32602.4 180 1-91-66-67-92-76-46-54-47-72-37-23-33-30
41995.8 40 1-91-66-67-92-76-46-54-47-72-37-23-33-80-40
46523.4 36 1-91-66-67-92-76-46-54-47-72-37-23-33-80-89
46942.2 68 1-91-66-67-92-76-46-54-47-72-37-23-33-80-84
48681.8 69 1-91-66-67-92-76-46-54-47-72-37-23-33-80-56
49249.6 9 1-91-66-67-92-76-46-54-47-72-37-23-33-80-30
48277.6 4 1-91-66-67-92-76-46-54-47-72-37-23-33-80-25
63021.7 59 1-91-66-67-92-76-46-54-47-72-37-23-33-80-32
36179.3 175 1-91-66-67-92-76-46-54-47-72-37-23-33-25
64841.1 53 1-91-66-67-92-76-46-54-47-72-37-23-33-40-69
41973.3 211 1-91-66-67-92-76-46-54-47-72-37-23-33-40
72826.4 49 1-91-66-67-92-76-46-54-47-72-37-23-33-89-69
59246.9 17 1-91-66-67-92-76-46-54-47-72-37-23-33-69-25
66424.5 72 1-91-66-67-92-76-46-54-47-72-37-23-33-69-32
69703.9 81 1-91-66-67-92-76-46-54-47-72-37-23-33-69-84
70207.6 53 1-91-66-67-92-76-46-54-47-72-37-23-33-69-40
71295.6 22 1-91-66-67-92-76-46-54-47-72-37-23-33-69-30
73757.1 49 1-91-66-67-92-76-46-54-47-72-37-23-33-69-89
74714.2 82 1-91-66-67-92-76-46-54-47-72-37-23-33-69-56
54643.8 36 1-91-66-67-92-76-46-54-47-72-37-23-33-89-80
46409.2 207 1-91-66-67-92-76-46-54-47-72-37-23-33-89
59041.7 69 1-91-66-67-92-76-46-54-47-72-37-23-33-56-80
49801.3 64 1-91-66-67-92-76-46-54-47-72-37-23-33-95
51986.8 55 1-91-66-67-92-76-46-54-47-72-37-23-33-12
54979.7 32 1-91-66-67-92-76-46-54-47-72-37-23-33-41
55859.4 148 1-91-66-67-92-76-46-54-47-72-37-23-33-13
56049.1 117 1-91-66-67-92-76-46-54-47-72-37-23-33-9
56819.4 137 1-91-66-67-92-76-46-54-47-72-37-23-33-18
77772.6 72 1-91-66-67-92-76-46-54-47-72-37-23-33-32-69
83420.9 59 1-91-66-67-92-76-46-54-47-72-37-23-33-32-80
76023.1 82 1-91-66-67-92-76-46-54-47-72-37-23-33-56-69
58688 230 1-91-66-67-92-76-46-54-47-72-37-23-33-32
61134.3 33 1-91-66-67-92-76-46-54-47-72-37-23-33-55
33487.2 119 1-91-66-67-92-76-46-54-47-72-37-23-99-10
44365.1 4 1-91-66-67-92-76-46-54-47-72-37-23-99-25-80
46283.3 17 1-91-66-67-92-76-46-54-47-72-37-23-99-25-69
36080.3 29 1-91-66-67-92-76-46-54-47-72-37-23-99-33
48240.2 68 1-91-66-67-92-76-46-54-47-72-37-23-99-84-80
61950.8 81 1-91-66-67-92-76-46-54-47-72-37-23-99-84-69
34376.3 175 1-91-66-67-92-76-46-54-47-72-37-23-99-25
51692.2 9 1-91-66-67-92-76-46-54-47-72-37-23-99-30-80
64687.2 22 1-91-66-67-92-76-46-54-47-72-37-23-99-30-69
39586.7 239 1-91-66-67-92-76-46-54-47-72-37-23-99-84
46119.9 40 1-91-66-67-92-76-46-54-47-72-37-23-99-80-40
50647.5 36 1-91-66-67-92-76-46-54-47-72-37-23-99-80-89
51066.3 68 1-91-66-67-92-76-46-54-47-72-37-23-99-80-84
52401.7 4 1-91-66-67-92-76-46-54-47-72-37-23-99-80-25
52805.9 69 1-91-66-67-92-76-46-54-47-72-37-23-99-80-56
53373.7 9 1-91-66-67-92-76-46-54-47-72-37-23-99-80-30
67145.8 59 1-91-66-67-92-76-46-54-47-72-37-23-99-80-32
40731.4 180 1-91-66-67-92-76-46-54-47-72-37-23-99-30
55536.4 17 1-91-66-67-92-76-46-54-47-72-37-23-99-69-25
62714 72 1-91-66-67-92-76-46-54-47-72-37-23-99-69-32
65993.5 81 1-91-66-67-92-76-46-54-47-72-37-23-99-69-84
66497.1 53 1-91-66-67-92-76-46-54-47-72-37-23-99-69-40
67585.2 22 1-91-66-67-92-76-46-54-47-72-37-23-99-69-30
70046.7 49 1-91-66-67-92-76-46-54-47-72-37-23-99-69-89
71003.8 82 1-91-66-67-92-76-46-54-47-72-37-23-99-69-56
36882.8 109 1-15-95-86-62-6-93-12-41-8-69
43592.9 96 1-15-95-86-62-6-93-12-41-8-80
22532.4 97 1-15-95-86-62-6-93-12-41-18-32
23759.8 15 1-15-95-86-62-6-93-12-41-18-13
59461.7 100 1-15-95-86-62-6-93-12-41-18-69-80
41757.1 42 1-15-95-86-62-6-93-12-41-18-25
41894.3 107 1-15-95-86-62-6-93-12-41-18-56
42210.7 78 1-15-95-86-62-6-93-12-41-18-40
42656.5 74 1-15-95-86-62-6-93-12-41-18-89
55005 16 1-40-80-89-56-44-20-19-9-7-13-8
55328 74 1-40-80-89-56-44-20-19-9-7-13-55
80933.1 58 1-40-80-89-56-44-20-19-9-7-13-69-25
81760 2 1-40-80-89-56-44-20-19-9-7-13-69-10
92981.8 63 1-40-80-89-56-44-20-19-9-7-13-69-30
70216.9 216 1-40-80-89-56-44-20-19-9-7-13-25
71249.2 160 1-40-80-89-56-44-20-19-9-7-13-10
73623.9 11 1-40-80-89-56-44-20-19-9-7-13-5
74472.2 70 1-40-80-89-56-44-20-19-9-7-13-99
80115.3 221 1-40-80-89-56-44-20-19-9-7-13-30
59732.4 74 1-40-80-89-56-44-20-19-9-7-55-13
79467.2 101 1-40-80-89-56-44-20-19-9-7-55-25
80550.3 45 1-40-80-89-56-44-20-19-9-7-55-10
90063.8 106 1-40-80-89-56-44-20-19-9-7-55-30
60585.5 16 1-40-80-89-56-44-20-19-9-7-8-13
76936.1 43 1-40-80-89-56-44-20-19-9-7-8-25
88152.7 48 1-40-80-89-56-44-20-19-9-7-8-30
75558.9 29 1-40-80-89-56-44-20-19-9-7-25-10-69
66008 97 1-40-80-89-56-44-20-19-9-7-25-99
68637.3 38 1-40-80-89-56-44-20-19-9-7-25-5
93226.6 58 1-40-80-89-56-44-20-19-9-7-25-69-13
97568.6 90 1-40-80-89-56-44-20-19-9-7-25-69-30
62825 187 1-40-80-89-56-44-20-19-9-7-25-10
74151.7 248 1-40-80-89-56-44-20-19-9-7-25-30
82510.4 216 1-40-80-89-56-44-20-19-9-7-25-13
83649.2 43 1-40-80-89-56-44-20-19-9-7-25-8
87356.2 101 1-40-80-89-56-44-20-19-9-7-25-55
65819.1 41 1-40-80-89-56-44-20-19-9-7-10-99
97789.4 34 1-40-80-89-56-44-20-19-9-7-10-30-69
75432.2 29 1-40-80-89-56-44-20-19-9-7-10-25-69
73833.6 192 1-40-80-89-56-44-20-19-9-7-10-30
94753.7 2 1-40-80-89-56-44-20-19-9-7-10-69-13
99095.7 34 1-40-80-89-56-44-20-19-9-7-10-69-30
63525.2 187 1-40-80-89-56-44-20-19-9-7-10-25
84243 160 1-40-80-89-56-44-20-19-9-7-10-13
89139.6 45 1-40-80-89-56-44-20-19-9-7-10-55
77888.8 134 1-40-80-89-56-44-20-19-9-7-34-69
69826 128 1-40-80-89-56-44-20-19-9-7-69-14
73276.2 192 1-40-80-89-56-44-20-19-9-7-69-43
74111.3 267 1-40-80-89-56-44-20-19-9-7-69-5
78711.4 29 1-40-80-89-56-44-20-19-9-7-69-25-10
90038.1 90 1-40-80-89-56-44-20-19-9-7-69-25-30
98396.8 58 1-40-80-89-56-44-20-19-9-7-69-25-13
89846.7 34 1-40-80-89-56-44-20-19-9-7-69-10-30
100256 2 1-40-80-89-56-44-20-19-9-7-69-10-13
78419.1 416 1-40-80-89-56-44-20-19-9-7-69-10
78450.7 134 1-40-80-89-56-44-20-19-9-7-69-34
79240.5 326 1-40-80-89-56-44-20-19-9-7-69-99
83203.6 272 1-40-80-89-56-44-20-19-9-7-69-8
107136 2 1-40-80-89-56-44-20-19-9-7-69-13-10
116002 63 1-40-80-89-56-44-20-19-9-7-69-13-30
91943.3 81 1-25-10-34-99-5-49-14-69-43-55-30
67111.2 325 1-25-10-34-99-5-49-14-69-43-53
55696.2 463 1-25-10-34-99-5-49-14-69-43-55
91947.9 81 1-25-10-34-99-5-49-14-69-55-53-30
96953.9 81 1-25-10-34-99-5-49-14-69-55-43-30
90881.9 463 1-25-10-34-99-5-49-14-69-55-53
93009.2 81 1-25-10-34-99-5-49-14-69-55-30-53
70138.3 463 1-25-10-34-99-5-49-14-69-55-43
82687 325 1-25-10-34-99-5-49-14-69-53-43
92015.6 463 1-25-10-34-99-5-49-14-69-53-55
98876.5 81 1-25-10-34-99-5-49-14-69-30-43-55
93870.5 81 1-25-10-34-99-5-49-14-69-30-53-55
108308 81 1-25-10-34-99-5-49-14-69-30-55-43
129052 81 1-25-10-34-99-5-49-14-69-30-55-53
91942.6 239 1-25-10-34-99-5-49-14-43-55-30
72011.3 325 1-25-10-34-99-5-49-14-43-69-53
70877.6 463 1-25-10-34-99-5-49-14-43-69-55
68176.5 101 1-25-10-34-99-5-49-14-43-53-30
101684 81 1-25-10-34-99-5-49-14-43-55-69-30
69135 101 1-25-10-34-99-5-49-14-43-30-53
104316 239 1-25-10-34-99-5-49-14-43-30-55
99137.9 81 1-25-10-34-99-5-49-14-53-30-69-55
79964.6 101 1-25-10-34-99-5-49-14-53-30-43
89396 239 1-25-10-34-99-5-49-14-53-30-55
82840.9 325 1-25-10-34-99-5-49-14-53-69-43
97283 463 1-25-10-34-99-5-49-14-53-69-55
