29140.2 39 1-77-52-60-11-65-48-57-73-63-38-21-43-93-28-26
40294.8 19 1-77-52-60-11-65-48-57-73-63-38-21-43-93-28-90
41589.7 41 1-77-52-60-11-65-48-57-73-63-38-21-43-93-28-100
52046.3 13 1-77-52-60-11-65-48-57-73-63-38-21-43-93-96-26-90-100
50227.9 63 1-77-52-60-11-65-48-57-73-63-38-21-43-93-96-26-90
36975.4 25 1-77-52-60-11-65-48-57-73-63-38-21-43-93-96-24
117435 7933 1-77-52-60-11-65-48-57-73-63-38-21-43-93-28-26-104-125-111-123-106-118-108-105-113-107-109-112-116-126-120-119-1
117274 7919 1-77-52-60-11-65-48-57-73-63-38-21-43-93-28-26-104-125-111-123-106-118-108-105-113-107-109-112-116-126-120-115-1
115450 7933 1-77-52-60-11-65-48-57-73-63-38-21-43-93-28-26-104-125-111-123-106-118-108-105-113-107-109-112-116-126-120-101-1
122073 7966 1-77-52-60-11-65-48-57-73-63-38-21-43-93-28-26-104-125-111-123-106-118-108-105-113-107-109-112-116-126-120-124-1
118904 7817 1-77-52-60-11-65-48-57-73-63-38-21-43-93-28-26-104-125-111-123-106-118-108-105-113-107-109-112-116-126-120-117-1
116251 7886 1-77-52-60-11-65-48-57-73-63-38-21-43-93-28-26-104-125-111-123-106-118-108-105-113-107-109-112-116-126-120-122-1
123228 7951 1-77-52-60-11-65-48-57-73-63-38-21-43-93-28-26-104-125-111-123-106-118-108-105-113-107-109-112-116-126-120-110-1
124812 7809 1-77-52-60-11-65-48-57-73-63-38-21-43-93-28-26-104-125-111-123-106-118-108-105-113-107-109-112-116-126-120-121-1
131216 7968 1-77-52-60-11-65-48-57-73-63-38-21-43-93-28-26-104-125-111-123-106-118-108-105-113-107-109-112-116-126-120-114-1
120734 7899 1-77-52-60-11-65-48-57-73-63-38-21-43-93-28-26-104-125-111-123-106-118-108-105-113-107-109-112-116-126-103-117-1
119438 7968 1-77-52-60-11-65-48-57-73-63-38-21-43-93-28-26-104-125-111-123-106-118-108-105-113-107-109-112-116-126-103-122-1
127244 7891 1-77-52-60-11-65-48-57-73-63-38-21-43-93-28-26-104-125-111-123-106-118-108-105-113-107-109-112-116-126-103-121-1
122580 7933 1-77-52-60-11-65-48-57-73-63-38-21-43-93-28-26-104-125-111-123-106-118-108-105-113-107-109-112-116-126-119-120-1
127894 7969 1-77-52-60-11-65-48-57-73-63-38-21-43-93-28-26-104-125-111-123-106-118-108-105-113-107-109-112-116-126-119-102-117-1
134342 7961 1-77-52-60-11-65-48-57-73-63-38-21-43-93-28-26-104-125-111-123-106-118-108-105-113-107-109-112-116-126-119-102-121-1
127126 7852 1-77-52-60-11-65-48-57-73-63-38-21-43-93-28-26-104-125-111-123-106-118-108-105-113-107-109-112-116-126-119-115-1
123091 7866 1-77-52-60-11-65-48-57-73-63-38-21-43-93-28-26-104-125-111-123-106-118-108-105-113-107-109-112-116-126-119-101-1
121688 7819 1-77-52-60-11-65-48-57-73-63-38-21-43-93-28-26-104-125-111-123-106-118-108-105-113-107-109-112-116-126-119-122-1
132104 7899 1-77-52-60-11-65-48-57-73-63-38-21-43-93-28-26-104-125-111-123-106-118-108-105-113-107-109-112-116-126-119-124-1
125823 7750 1-77-52-60-11-65-48-57-73-63-38-21-43-93-28-26-104-125-111-123-106-118-108-105-113-107-109-112-116-126-119-117-1
129417 7884 1-77-52-60-11-65-48-57-73-63-38-21-43-93-28-26-104-125-111-123-106-118-108-105-113-107-109-112-116-126-119-110-1
130401 7742 1-77-52-60-11-65-48-57-73-63-38-21-43-93-28-26-104-125-111-123-106-118-108-105-113-107-109-112-116-126-119-121-1
136530 7901 1-77-52-60-11-65-48-57-73-63-38-21-43-93-28-26-104-125-111-123-106-118-108-105-113-107-109-112-116-126-119-114-1
117502 7955 1-77-52-60-11-65-48-57-73-63-38-21-43-93-28-26-104-125-111-123-106-118-108-105-113-107-109-112-116-126-115-102-117-1
123949 7947 1-77-52-60-11-65-48-57-73-63-38-21-43-93-28-26-104-125-111-123-106-118-108-105-113-107-109-112-116-126-115-102-121-1
118398 7885 1-77-52-60-11-65-48-57-73-63-38-21-43-93-28-26-104-125-111-123-106-118-108-105-113-107-109-112-116-126-115-124-1
113960 7852 1-77-52-60-11-65-48-57-73-63-38-21-43-93-28-26-104-125-111-123-106-118-108-105-113-107-109-112-116-126-115-101-1
117080 7736 1-77-52-60-11-65-48-57-73-63-38-21-43-93-28-26-104-125-111-123-106-118-108-105-113-107-109-112-116-126-115-117-1
124721 7919 1-77-52-60-11-65-48-57-73-63-38-21-43-93-28-26-104-125-111-123-106-118-108-105-113-107-109-112-116-126-115-120-1
116140 7805 1-77-52-60-11-65-48-57-73-63-38-21-43-93-28-26-104-125-111-123-106-118-108-105-113-107-109-112-116-126-115-122-1
121592 7870 1-77-52-60-11-65-48-57-73-63-38-21-43-93-28-26-104-125-111-123-106-118-108-105-113-107-109-112-116-126-115-110-1
123622 7728 1-77-52-60-11-65-48-57-73-63-38-21-43-93-28-26-104-125-111-123-106-118-108-105-113-107-109-112-116-126-115-121-1
129428 7852 1-77-52-60-11-65-48-57-73-63-38-21-43-93-28-26-104-125-111-123-106-118-108-105-113-107-109-112-116-126-115-119-1
129927 7887 1-77-52-60-11-65-48-57-73-63-38-21-43-93-28-26-104-125-111-123-106-118-108-105-113-107-109-112-116-126-115-114-1
114952 7969 1-77-52-60-11-65-48-57-73-63-38-21-43-93-28-26-104-125-111-123-106-118-108-105-113-107-109-112-116-126-102-101-117-1
121318 7961 1-77-52-60-11-65-48-57-73-63-38-21-43-93-28-26-104-125-111-123-106-118-108-105-113-107-109-112-116-126-102-101-121-1
119930 7955 1-77-52-60-11-65-48-57-73-63-38-21-43-93-28-26-104-125-111-123-106-118-108-105-113-107-109-112-116-126-102-115-117-1
126472 7947 1-77-52-60-11-65-48-57-73-63-38-21-43-93-28-26-104-125-111-123-106-118-108-105-113-107-109-112-116-126-102-115-121-1
128320 7994 1-77-52-60-11-65-48-57-73-63-38-21-43-93-28-26-104-125-111-123-106-118-108-105-113-107-109-112-116-126-102-124-121-1
115222 7922 1-77-52-60-11-65-48-57-73-63-38-21-43-93-28-26-104-125-111-123-106-118-108-105-113-107-109-112-116-126-102-117-122-1
119387 7987 1-77-52-60-11-65-48-57-73-63-38-21-43-93-28-26-104-125-111-123-106-118-108-105-113-107-109-112-116-126-102-117-110-1
119132 7969 1-77-52-60-11-65-48-57-73-63-38-21-43-93-28-26-104-125-111-123-106-118-108-105-113-107-109-112-116-126-102-117-101-1
121401 7845 1-77-52-60-11-65-48-57-73-63-38-21-43-93-28-26-104-125-111-123-106-118-108-105-113-107-109-112-116-126-102-117-121-1
127975 7955 1-77-52-60-11-65-48-57-73-63-38-21-43-93-28-26-104-125-111-123-106-118-108-105-113-107-109-112-116-126-102-117-115-1
139019 7969 1-77-52-60-11-65-48-57-73-63-38-21-43-93-28-26-104-125-111-123-106-118-108-105-113-107-109-112-116-126-102-117-119-1
120028 7575 1-77-52-60-11-65-48-57-73-63-38-21-43-93-28-26-104-125-111-123-106-118-108-105-113-107-109-112-116-126-102-124-1
124133 7691 1-77-52-60-11-65-48-57-73-63-38-21-43-93-28-26-104-125-111-123-106-118-108-105-113-107-109-112-116-126-102-103-1
122294 7914 1-77-52-60-11-65-48-57-73-63-38-21-43-93-28-26-104-125-111-123-106-118-108-105-113-107-109-112-116-126-102-122-121-1
30078.2 105 1-24-16-35-75-83-50-98-4-36-85-68-3-100-90-29-44-20-97
59026 4 1-24-16-35-75-83-50-98-4-36-85-68-3-100-90-29-44-20-9-69
45697.7 114 1-24-16-35-75-83-50-98-4-36-85-68-3-100-90-29-44-20-56-80
49034 22 1-24-16-35-75-83-50-98-4-36-85-68-3-100-90-29-44-20-56-58
50706.9 24 1-24-16-35-75-83-50-98-4-36-85-68-3-100-90-29-44-20-56-92
50921.8 85 1-24-16-35-75-83-50-98-4-36-85-68-3-100-90-29-44-20-56-67
51396 37 1-24-16-35-75-83-50-98-4-36-85-68-3-100-90-29-44-20-56-96
51458 49 1-24-16-35-75-83-50-98-4-36-85-68-3-100-90-29-44-20-56-46
57231.9 89 1-24-16-35-75-83-50-98-4-36-85-68-3-100-90-29-44-20-56-45
59424.7 91 1-24-16-35-75-83-50-98-4-36-85-68-3-100-90-29-44-20-56-70
62679 127 1-24-16-35-75-83-50-98-4-36-85-68-3-100-90-29-44-20-56-69
30109.4 162 1-24-16-35-75-83-50-98-4-36-85-68-3-100-90-29-44-20-9
45910.8 81 1-24-16-35-75-83-50-98-4-36-85-68-3-100-90-29-44-20-89-80
51539.9 52 1-24-16-35-75-83-50-98-4-36-85-68-3-100-90-29-44-20-89-67
51787.8 16 1-24-16-35-75-83-50-98-4-36-85-68-3-100-90-29-44-20-89-46
54223.9 4 1-24-16-35-75-83-50-98-4-36-85-68-3-100-90-29-44-20-89-96
58176.7 56 1-24-16-35-75-83-50-98-4-36-85-68-3-100-90-29-44-20-89-45
61024.4 58 1-24-16-35-75-83-50-98-4-36-85-68-3-100-90-29-44-20-89-70
64093.4 94 1-24-16-35-75-83-50-98-4-36-85-68-3-100-90-29-44-20-89-69
35304.7 285 1-24-16-35-75-83-50-98-4-36-85-68-3-100-90-29-44-20-56
39056.3 92 1-24-16-35-75-83-50-98-4-36-85-68-3-100-90-29-44-20-2
43354.7 96 1-24-16-35-75-83-50-98-4-36-85-68-3-100-90-29-44-20-58-96
49417.4 12 1-24-16-35-75-83-50-98-4-36-85-68-3-100-90-29-44-20-58-32
53513.6 22 1-24-16-35-75-83-50-98-4-36-85-68-3-100-90-29-44-20-58-56
55719.6 150 1-24-16-35-75-83-50-98-4-36-85-68-3-100-90-29-44-20-58-70
56072.1 15 1-24-16-35-75-83-50-98-4-36-85-68-3-100-90-29-44-20-58-51
56170.5 144 1-24-16-35-75-83-50-98-4-36-85-68-3-100-90-29-44-20-58-67
77050.6 15 1-24-16-35-75-83-50-98-4-36-85-68-3-100-90-29-44-20-58-80-69
56613.3 83 1-24-16-35-75-83-50-98-4-36-85-68-3-100-90-29-44-20-58-92
58129.5 148 1-24-16-35-75-83-50-98-4-36-85-68-3-100-90-29-44-20-58-45
58736 108 1-24-16-35-75-83-50-98-4-36-85-68-3-100-90-29-44-20-58-46
114491 5121 1-24-16-35-75-83-50-98-4-36-85-68-3-100-90-29-44-20-97-122-117-110-121-114-102-124-103-120-119-1
33614.4 120 1-42-96-71-87-22-79-88-2-58-59-61-95-15-86
47030.5 16 1-42-96-71-87-22-79-88-2-58-59-61-95-15-62-69
51502.6 3 1-42-96-71-87-22-79-88-2-58-59-61-95-15-62-80
41805.7 96 1-42-96-71-87-22-79-88-2-58-59-61-95-15-6-70
45546.2 132 1-42-96-71-87-22-79-88-2-58-59-61-95-15-6-69
46397.3 94 1-42-96-71-87-22-79-88-2-58-59-61-95-15-6-45
47853 90 1-42-96-71-87-22-79-88-2-58-59-61-95-15-6-67
48557.5 29 1-42-96-71-87-22-79-88-2-58-59-61-95-15-6-92
50863.6 54 1-42-96-71-87-22-79-88-2-58-59-61-95-15-6-46
51132.1 119 1-42-96-71-87-22-79-88-2-58-59-61-95-15-6-80
33690 174 1-42-96-71-87-22-79-88-2-58-59-61-95-15-62
42770.8 30 1-42-96-71-87-22-79-88-2-58-59-61-95-15-12-32
48007 10 1-42-96-71-87-22-79-88-2-58-59-61-95-15-12-70-69
47061.7 33 1-42-96-71-87-22-79-88-2-58-59-61-95-15-12-51
47166.1 14 1-42-96-71-87-22-79-88-2-58-59-61-95-15-12-78
55599.5 8 1-42-96-71-87-22-79-88-2-58-59-61-95-15-12-69-45
62379.4 4 1-42-96-71-87-22-79-88-2-58-59-61-95-15-12-69-67
68536.9 33 1-42-96-71-87-22-79-88-2-58-59-61-95-15-12-69-80
44206.5 168 1-42-96-71-87-22-79-88-2-58-59-61-95-15-12-70
49700.4 166 1-42-96-71-87-22-79-88-2-58-59-61-95-15-12-45
51649.7 162 1-42-96-71-87-22-79-88-2-58-59-61-95-15-12-67
52364.5 101 1-42-96-71-87-22-79-88-2-58-59-61-95-15-12-92
54664.9 126 1-42-96-71-87-22-79-88-2-58-59-61-95-15-12-46
54976.2 11 1-42-96-71-87-22-79-88-2-58-59-61-95-15-12-40
51535.1 10 1-42-96-71-87-22-79-88-2-58-59-61-95-15-12-69-70
43747.2 124 1-39-78-94-45-51-82-27-64-31-70-69-17-74-49-81-25
44265.2 68 1-39-78-94-45-51-82-27-64-31-70-69-17-74-49-81-10
47873.3 50 1-39-78-94-45-51-82-27-64-31-70-69-17-74-49-81-67-92
50108.9 75 1-39-78-94-45-51-82-27-64-31-70-69-17-74-49-81-67-46
52292.1 6 1-39-78-94-45-51-82-27-64-31-70-69-17-74-49-81-67-72
53577.5 140 1-39-78-94-45-51-82-27-64-31-70-69-17-74-49-81-67-80
50011.6 14 1-39-78-94-45-51-82-27-64-31-70-69-17-74-49-81-92-46
53648.8 79 1-39-78-94-45-51-82-27-64-31-70-69-17-74-49-81-92-80
47699.3 250 1-39-78-94-45-51-82-27-64-31-70-69-17-74-49-81-92
51060.8 14 1-39-78-94-45-51-82-27-64-31-70-69-17-74-49-81-46-92
54700.3 104 1-39-78-94-45-51-82-27-64-31-70-69-17-74-49-81-46-80
48288.6 14 1-91-66-67-92-76-46-54-47-72-37-23-33-84-53-30-99-10
60718.2 106 1-91-66-67-92-76-46-54-47-72-37-23-33-84-53-30-99-40
65251 102 1-91-66-67-92-76-46-54-47-72-37-23-33-84-53-30-99-89
67171.4 135 1-91-66-67-92-76-46-54-47-72-37-23-33-84-53-30-99-56
69935.4 43 1-91-66-67-92-76-46-54-47-72-37-23-33-84-53-30-99-13
70281.1 32 1-91-66-67-92-76-46-54-47-72-37-23-33-84-53-30-99-18
71973 125 1-91-66-67-92-76-46-54-47-72-37-23-33-84-53-30-99-32
72975.3 12 1-91-66-67-92-76-46-54-47-72-37-23-33-84-53-30-99-9
53444 113 1-91-66-67-92-76-46-54-47-72-37-23-33-84-53-30-80-40-89
55572.7 146 1-91-66-67-92-76-46-54-47-72-37-23-33-84-53-30-80-40-56
61994.9 25 1-91-66-67-92-76-46-54-47-72-37-23-33-84-53-30-80-40-10
63595.5 23 1-91-66-67-92-76-46-54-47-72-37-23-33-84-53-30-80-40-9
68304.3 54 1-91-66-67-92-76-46-54-47-72-37-23-33-84-53-30-80-40-13
70621.8 43 1-91-66-67-92-76-46-54-47-72-37-23-33-84-53-30-80-40-18
72677.9 136 1-91-66-67-92-76-46-54-47-72-37-23-33-84-53-30-80-40-32
55801 142 1-91-66-67-92-76-46-54-47-72-37-23-33-84-53-30-80-89-56
64969.8 19 1-91-66-67-92-76-46-54-47-72-37-23-33-84-53-30-80-89-9
70965.2 21 1-91-66-67-92-76-46-54-47-72-37-23-33-84-53-30-80-89-10
72823.9 50 1-91-66-67-92-76-46-54-47-72-37-23-33-84-53-30-80-89-13
75595.2 39 1-91-66-67-92-76-46-54-47-72-37-23-33-84-53-30-80-89-18
77595.6 132 1-91-66-67-92-76-46-54-47-72-37-23-33-84-53-30-80-89-32
66765.7 156 1-6-62-12-41-8-32-18-13-55-7-9-19-56-89-40
71064.9 156 1-6-62-12-41-8-32-18-13-55-7-9-19-56-40-89
78447.9 336 1-6-62-12-41-8-32-18-13-55-7-9-19-56-80-89
87099 99 1-6-62-12-41-8-32-18-13-55-7-9-19-56-80-5
