33232.9 19 1-38-13-56-83-75-35-61-78-79-87-19
14658.7 5 1-38-13-56-83-75-35-61-78-79-17
32340.6 14 1-38-13-56-83-75-35-61-78-79-49-19
14592.5 128 1-38-13-56-83-75-35-61-78-79-87
26845.7 37 1-38-13-56-83-75-35-61-78-79-81-8
28764.4 45 1-38-13-56-83-75-35-61-78-79-81-6
35433.9 100 1-38-13-56-83-75-35-61-78-79-81-84
14723.1 123 1-38-13-56-83-75-35-61-78-79-49
31956.8 58 1-38-13-56-83-75-35-61-78-79-18-19
37687.8 35 1-38-13-56-83-75-35-61-78-79-18-84
15966.6 167 1-38-13-56-83-75-35-61-78-79-18
17058.2 54 1-38-13-56-83-75-35-61-78-79-71
45454.1 14 1-38-13-56-83-75-35-61-78-79-100-84
47363.8 37 1-38-13-56-83-75-35-61-78-79-100-19
24150.6 25 1-38-13-56-83-75-35-61-78-79-8-6
32557.6 103 1-38-13-56-83-75-35-61-78-79-8-19
33761.1 37 1-38-13-56-83-75-35-61-78-79-8-81
36994.1 80 1-38-13-56-83-75-35-61-78-79-8-84
21780.1 146 1-38-13-56-83-75-35-61-78-79-100
22114.8 79 1-38-13-56-83-75-35-61-78-79-15
36561.1 26 1-38-13-56-83-75-35-61-78-79-50-84
46676.2 49 1-38-13-56-83-75-35-61-78-79-50-19
22180.2 158 1-38-13-56-83-75-35-61-78-79-50
22348.6 50 1-38-13-56-83-75-35-61-78-79-9
26072.2 25 1-38-13-56-83-75-35-61-78-79-6-8
37601.3 45 1-38-13-56-83-75-35-61-78-79-6-81
37797.6 88 1-38-13-56-83-75-35-61-78-79-6-84
31445.5 25 1-38-13-56-83-75-35-61-78-79-11-84
66576.7 5653 1-38-13-56-83-75-35-61-78-79-87-123-106-136-150-148-137-121-101-151-114-104-105-108-149-1
87169.2 5695 1-38-13-56-83-75-35-61-78-79-87-123-106-136-150-148-137-121-101-151-114-104-105-108-113-125-146-1
62379.1 5632 1-38-13-56-83-75-35-61-78-79-87-123-106-136-150-148-137-121-101-151-114-104-105-108-113-133-1
65792 5591 1-38-13-56-83-75-35-61-78-79-87-123-106-136-150-148-137-121-101-151-114-104-105-108-113-107-1
88784.2 5633 1-38-13-56-83-75-35-61-78-79-87-123-106-136-150-148-137-121-101-151-114-104-105-108-113-120-146-1
63022.6 5548 1-38-13-56-83-75-35-61-78-79-87-123-106-136-150-148-137-121-101-151-114-104-105-108-113-125-1
72610.5 5690 1-38-13-56-83-75-35-61-78-79-87-123-106-136-150-148-137-121-101-151-114-104-105-108-113-132-1
73197.4 5571 1-38-13-56-83-75-35-61-78-79-87-123-106-136-150-148-137-121-101-151-114-104-105-108-113-103-1
70831.9 5676 1-38-13-56-83-75-35-61-78-79-87-123-106-136-150-148-137-121-101-151-114-104-105-108-113-126-1
80760.3 5572 1-38-13-56-83-75-35-61-78-79-87-123-106-136-150-148-137-121-101-151-114-104-105-108-113-134-1
73369.1 5621 1-38-13-56-83-75-35-61-78-79-87-123-106-136-150-148-137-121-101-151-114-104-105-108-113-119-1
77051.1 5614 1-38-13-56-83-75-35-61-78-79-87-123-106-136-150-148-137-121-101-151-114-104-105-108-113-131-1
76596 5614 1-38-13-56-83-75-35-61-78-79-87-123-106-136-150-148-137-121-101-151-114-104-105-108-113-147-1
78590.8 5615 1-38-13-56-83-75-35-61-78-79-87-123-106-136-150-148-137-121-101-151-114-104-105-108-113-115-1
81008.7 5674 1-38-13-56-83-75-35-61-78-79-87-123-106-136-150-148-137-121-101-151-114-104-105-108-113-116-1
84370.5 5691 1-38-13-56-83-75-35-61-78-79-87-123-106-136-150-148-137-121-101-151-114-104-105-108-113-146-130-1
94589.9 5695 1-38-13-56-83-75-35-61-78-79-87-123-106-136-150-148-137-121-101-151-114-104-105-108-113-146-125-1
22212.5 14 1-6-86-62-5-60-59-52-45-63-19-37
29777.6 109 1-6-86-62-5-60-59-52-45-63-19-8
35245.7 64 1-6-86-62-5-60-59-52-45-63-19-18
36872.9 20 1-6-86-62-5-60-59-52-45-63-19-49
38093.4 129 1-6-86-62-5-60-59-52-45-63-19-81
39591.7 54 1-6-86-62-5-60-59-52-45-63-19-11
40919.9 28 1-6-86-62-5-60-59-52-45-63-19-58
43751.4 55 1-6-86-62-5-60-59-52-45-63-19-50
44839.1 43 1-6-86-62-5-60-59-52-45-63-19-100
20739.8 123 1-6-86-62-5-60-59-52-45-63-37
35488.4 43 1-6-86-62-5-60-59-52-45-63-8-81
38721.4 86 1-6-86-62-5-60-59-52-45-63-8-84
27481.7 31 1-6-86-62-5-60-59-52-45-63-53
31854.3 7 1-6-86-62-5-60-59-52-45-63-23
47847.2 64 1-6-86-62-5-60-59-52-45-63-18-19
53578.1 41 1-6-86-62-5-60-59-52-45-63-18-84
34284.9 109 1-6-86-62-5-60-59-52-45-63-8-19
31856.9 173 1-6-86-62-5-60-59-52-45-63-18
32001.9 11 1-6-86-62-5-60-59-52-45-63-17
32373.9 84 1-6-86-62-5-60-59-52-45-63-65
39827 31 1-6-86-62-5-60-59-52-45-63-11-84
53223.9 54 1-6-86-62-5-60-59-52-45-63-11-19
32887.6 163 1-6-86-62-5-60-59-52-45-63-11
50718 20 1-6-86-62-5-60-59-52-45-63-49-19
33100.5 129 1-6-86-62-5-60-59-52-45-63-49
39959.4 5 1-6-86-62-5-60-59-52-45-63-58-84
55769.2 28 1-6-86-62-5-60-59-52-45-63-58-19
34104.8 137 1-6-86-62-5-60-59-52-45-63-58
45882.9 43 1-6-86-62-5-60-59-52-45-63-81-8
54471.1 106 1-6-86-62-5-60-59-52-45-63-81-84
35831.5 60 1-6-86-62-5-60-59-52-45-63-71
72362.5 5520 1-6-86-62-5-60-59-52-45-63-37-146-130-117-141-122-110-147-119-127-138-116-109-120-1
79465.3 5605 1-6-86-62-5-60-59-52-45-63-37-146-130-117-141-122-110-147-119-127-138-116-109-103-1
76185.8 5625 1-6-86-62-5-60-59-52-45-63-37-146-130-117-141-122-110-147-119-127-138-116-109-107-1
87545 5649 1-6-86-62-5-60-59-52-45-63-37-146-130-117-141-122-110-147-119-127-138-116-109-115-1
87187.5 5648 1-6-86-62-5-60-59-52-45-63-37-146-130-117-141-122-110-147-119-127-138-116-109-131-1
83159.7 5582 1-6-86-62-5-60-59-52-45-63-37-146-130-117-141-122-110-147-119-127-138-116-109-125-1
97508.7 5606 1-6-86-62-5-60-59-52-45-63-37-146-130-117-141-122-110-147-119-127-138-116-109-134-1
70687.8 5620 1-6-86-62-5-60-59-52-45-63-37-146-130-117-141-122-110-147-119-127-138-116-112-126-1
82242 5698 1-6-86-62-5-60-59-52-45-63-37-146-130-117-141-122-110-147-119-127-138-116-112-120-125-1
76931.1 5515 1-6-86-62-5-60-59-52-45-63-37-146-130-117-141-122-110-147-119-127-138-116-112-103-1
74263.3 5535 1-6-86-62-5-60-59-52-45-63-37-146-130-117-141-122-110-147-119-127-138-116-112-107-1
72416.4 5658 1-6-86-62-5-60-59-52-45-63-37-146-130-117-141-122-110-147-119-127-138-116-112-142-1
80783 5634 1-6-86-62-5-60-59-52-45-63-37-146-130-117-141-122-110-147-119-127-138-116-112-132-1
73425 5675 1-6-86-62-5-60-59-52-45-63-37-146-130-117-141-122-110-147-119-127-138-116-112-145-1
82167 5492 1-6-86-62-5-60-59-52-45-63-37-146-130-117-141-122-110-147-119-127-138-116-112-125-1
88269.4 5559 1-6-86-62-5-60-59-52-45-63-37-146-130-117-141-122-110-147-119-127-138-116-112-115-1
87749.7 5558 1-6-86-62-5-60-59-52-45-63-37-146-130-117-141-122-110-147-119-127-138-116-112-131-1
95006.8 5516 1-6-86-62-5-60-59-52-45-63-37-146-130-117-141-122-110-147-119-127-138-116-112-134-1
71091.9 5314 1-6-86-62-5-60-59-52-45-63-37-146-130-117-141-122-110-147-119-127-138-116-109-1
69487.3 5589 1-6-86-62-5-60-59-52-45-63-37-146-130-117-141-122-110-147-119-127-138-116-126-120-107-1
76043.8 5569 1-6-86-62-5-60-59-52-45-63-37-146-130-117-141-122-110-147-119-127-138-116-126-120-103-1
78496.3 5688 1-6-86-62-5-60-59-52-45-63-37-146-130-117-141-122-110-147-119-127-138-116-126-120-132-1
76049 5546 1-6-86-62-5-60-59-52-45-63-37-146-130-117-141-122-110-147-119-127-138-116-126-120-125-1
84601.8 5612 1-6-86-62-5-60-59-52-45-63-37-146-130-117-141-122-110-147-119-127-138-116-126-120-131-1
85616.9 5613 1-6-86-62-5-60-59-52-45-63-37-146-130-117-141-122-110-147-119-127-138-116-126-120-115-1
91603.2 5570 1-6-86-62-5-60-59-52-45-63-37-146-130-117-141-122-110-147-119-127-138-116-126-120-134-1
76495.7 5674 1-6-86-62-5-60-59-52-45-63-37-146-130-117-141-122-110-147-119-127-138-116-126-107-103-1
78057.3 5651 1-6-86-62-5-60-59-52-45-63-37-146-130-117-141-122-110-147-119-127-138-116-126-107-125-1
90791.2 5675 1-6-86-62-5-60-59-52-45-63-37-146-130-117-141-122-110-147-119-127-138-116-126-107-134-1
35484.2 104 1-8-32-31-89-41-19-4-36-39-88-18
37396.1 60 1-8-32-31-89-41-19-4-36-39-88-49
59036.5 37 1-8-32-31-89-41-19-4-36-39-88-81-84
44454.1 94 1-8-32-31-89-41-19-4-36-39-88-11
45203.7 83 1-8-32-31-89-41-19-4-36-39-88-100
45900.4 68 1-8-32-31-89-41-19-4-36-39-88-58
46070.2 95 1-8-32-31-89-41-19-4-36-39-88-50
46534 16 1-8-32-31-89-41-19-4-36-39-88-15
48062.4 4 1-8-32-31-89-41-19-4-36-39-88-14
49458.1 15 1-8-32-31-89-41-19-4-36-39-88-65
38722.5 169 1-8-32-31-89-41-19-4-36-39-88-81
35506.5 16 1-8-32-31-89-41-19-4-36-39-57-18
38820.5 81 1-8-32-31-89-41-19-4-36-39-57-81
46144.9 6 1-8-32-31-89-41-19-4-36-39-57-11
46663.9 7 1-8-32-31-89-41-19-4-36-39-57-50
52315.6 124 1-8-32-31-89-41-19-4-36-39-57-84
70446.8 37 1-8-32-31-89-41-19-4-36-39-88-84-81
29191 256 1-8-32-31-89-41-19-4-36-39-57
35512.5 76 1-8-32-31-89-41-19-4-36-39-73-18
37495.1 32 1-8-32-31-89-41-19-4-36-39-73-49
59155.9 9 1-8-32-31-89-41-19-4-36-39-73-81-84
45220.7 55 1-8-32-31-89-41-19-4-36-39-73-100
46442.6 66 1-8-32-31-89-41-19-4-36-39-73-11
46772.5 67 1-8-32-31-89-41-19-4-36-39-73-50
47882.5 40 1-8-32-31-89-41-19-4-36-39-73-58
38841.9 141 1-8-32-31-89-41-19-4-36-39-73-81
72995.9 9 1-8-32-31-89-41-19-4-36-39-73-84-81
41241.6 18 1-8-32-31-89-41-19-4-36-39-3-81
48261.3 61 1-8-32-31-89-41-19-4-36-39-3-84
29835 193 1-8-32-31-89-41-19-4-36-39-3
38669.6 4 1-8-32-31-89-41-19-4-36-39-96-81
52517.9 47 1-8-32-31-89-41-19-4-36-39-96-84
35076.1 88 1-8-32-31-89-41-19-4-36-39-66
58086 4 1-8-32-31-89-41-19-4-36-39-18-26-84
39295.4 24 1-8-32-31-89-41-19-4-36-39-18-17-81
57378.9 67 1-8-32-31-89-41-19-4-36-39-18-17-84
36397.3 136 1-8-32-31-89-41-19-4-36-39-18-26
85138.6 5521 1-8-32-31-89-41-19-4-36-39-57-131-115-102-124-142-145-125-135-111-128-132-1
87211.4 5688 1-8-32-31-89-41-19-4-36-39-57-131-115-102-124-142-145-125-135-111-128-129-1
87085.6 5601 1-8-32-31-89-41-19-4-36-39-57-131-115-102-124-142-145-125-135-111-128-143-1
104448 5694 1-8-32-31-89-41-19-4-36-39-57-131-115-102-124-142-145-125-135-111-128-103-134-1
90094.9 5602 1-8-32-31-89-41-19-4-36-39-57-131-115-102-124-142-145-125-135-111-128-140-1
43948 65 1-55-70-40-90-91-94-48-81-49-17-18-84
26433.8 84 1-55-70-40-90-91-94-48-81-49-17-71
53693.6 44 1-55-70-40-90-91-94-48-81-49-17-100-84
22226.8 197 1-55-70-40-90-91-94-48-81-49-17-18
31351.4 109 1-55-70-40-90-91-94-48-81-49-17-15
46450.4 56 1-55-70-40-90-91-94-48-81-49-17-50-84
30019.6 176 1-55-70-40-90-91-94-48-81-49-17-100
32313.9 80 1-55-70-40-90-91-94-48-81-49-17-9
41505.5 55 1-55-70-40-90-91-94-48-81-49-17-11-84
32069.5 188 1-55-70-40-90-91-94-48-81-49-17-50
35057.6 97 1-55-70-40-90-91-94-48-81-49-17-14
41701.2 29 1-55-70-40-90-91-94-48-81-49-17-58-84
34566.1 187 1-55-70-40-90-91-94-48-81-49-17-11
35879.2 19 1-55-70-40-90-91-94-48-81-49-17-27
36576 39 1-55-70-40-90-91-94-48-81-49-17-30
38028.2 31 1-55-70-40-90-91-94-48-81-49-17-23
41048.4 73 1-55-70-40-90-91-94-48-81-49-17-85
41156.4 55 1-55-70-40-90-91-94-48-81-49-17-53
48398.9 55 1-55-70-40-90-91-94-48-81-49-17-84-11
55840.3 56 1-55-70-40-90-91-94-48-81-49-17-84-50
63180.6 65 1-55-70-40-90-91-94-48-81-49-17-84-18
65133.4 44 1-55-70-40-90-91-94-48-81-49-17-84-100
35846.6 161 1-55-70-40-90-91-94-48-81-49-17-58
42482 23 1-55-70-40-90-91-94-48-81-49-17-20
44312.9 108 1-55-70-40-90-91-94-48-81-49-17-65
43792.7 2 1-55-70-40-90-91-94-48-81-49-26-18-84
27156 21 1-55-70-40-90-91-94-48-81-49-26-71
29954.1 113 1-55-70-40-90-91-94-48-81-49-26-100
31862.7 46 1-55-70-40-90-91-94-48-81-49-26-15
33040.9 125 1-55-70-40-90-91-94-48-81-49-26-50
33353.4 17 1-55-70-40-90-91-94-48-81-49-26-9
35936.6 124 1-55-70-40-90-91-94-48-81-49-26-11
36171 34 1-55-70-40-90-91-94-48-81-49-26-14
37203.2 98 1-55-70-40-90-91-94-48-81-49-26-58
42394 10 1-55-70-40-90-91-94-48-81-49-26-85
22071.5 134 1-55-70-40-90-91-94-48-81-49-26-18
45704.7 45 1-55-70-40-90-91-94-48-81-49-26-65
47314.1 29 1-55-70-40-90-91-94-48-81-49-17-84-58
64561.9 2 1-55-70-40-90-91-94-48-81-49-26-84-18
43782.5 65 1-55-70-40-90-91-94-48-81-49-18-17-84
44489.6 2 1-55-70-40-90-91-94-48-81-49-18-26-84
23215.6 197 1-55-70-40-90-91-94-48-81-49-18-17
26481.3 20 1-55-70-40-90-91-94-48-81-49-18-44
27750.7 74 1-55-70-40-90-91-94-48-81-49-18-73
47033.8 114 1-55-70-40-90-91-94-48-81-49-18-71-84
112266 5671 1-55-70-40-90-91-94-48-81-49-26-18-139-118-129-140-143-103-112-109-134-144-1
112417 5473 1-55-70-40-90-91-94-48-81-49-26-18-139-118-129-140-143-103-112-109-134-149-1
109569 5181 1-55-70-40-90-91-94-48-81-49-26-18-139-118-129-140-143-103-112-109-149-1
110648 5379 1-55-70-40-90-91-94-48-81-49-26-18-139-118-129-140-143-103-112-109-144-1
134131 5473 1-55-70-40-90-91-94-48-81-49-26-18-139-118-129-140-143-103-112-134-149-109-1
157106 5671 1-55-70-40-90-91-94-48-81-49-26-18-139-118-129-140-143-103-112-134-109-144-1
34344.1 105 1-34-10-47-53-74-65-29-23-7-25-84
30474.9 71 1-34-10-47-53-74-65-29-23-7-16
31496.2 23 1-34-10-47-53-74-65-29-23-7-84-43
33098.4 242 1-34-10-47-53-74-65-29-23-7-84-85
34180.3 192 1-34-10-47-53-74-65-29-23-7-84-20
34983.7 154 1-34-10-47-53-74-65-29-23-7-84-46
37822 80 1-34-10-47-53-74-65-29-23-7-84-58-11
45339.2 81 1-34-10-47-53-74-65-29-23-7-84-58-50
50229.5 2 1-34-10-47-53-74-65-29-23-7-84-58-15
54275.9 69 1-34-10-47-53-74-65-29-23-7-84-58-100
35311.1 105 1-34-10-47-53-74-65-29-23-7-84-25
44407.2 16 1-34-10-47-53-74-65-29-23-7-84-11-14
46153.8 107 1-34-10-47-53-74-65-29-23-7-84-11-50
49087.4 3 1-34-10-47-53-74-65-29-23-7-84-11-71
50861.6 28 1-34-10-47-53-74-65-29-23-7-84-11-15
54618.5 95 1-34-10-47-53-74-65-29-23-7-84-11-100
55519.5 1170 1-34-10-47-53-74-65-29-23-7-16-144-134-1
26527.9 25 1-11-2-58-25-24-54-85-20-46-42-51-14
29307 8 1-11-2-58-25-24-54-85-20-46-42-51-9
30167.6 116 1-11-2-58-25-24-54-85-20-46-42-51-50
35083.9 37 1-11-2-58-25-24-54-85-20-46-42-51-15
35618.8 12 1-11-2-58-25-24-54-85-20-46-42-51-71
39895.9 104 1-11-2-58-25-24-54-85-20-46-42-51-100
28286.9 53 1-11-2-58-25-24-54-85-20-46-42-27-14
30186.1 36 1-11-2-58-25-24-54-85-20-46-42-27-9
45379.9 12 1-11-2-58-25-24-54-85-20-46-42-27-84-50
31139.2 144 1-11-2-58-25-24-54-85-20-46-42-27-50
35646.4 40 1-11-2-58-25-24-54-85-20-46-42-27-71
36146.3 65 1-11-2-58-25-24-54-85-20-46-42-27-15
40565.6 132 1-11-2-58-25-24-54-85-20-46-42-27-100
30838 77 1-11-2-58-25-24-54-85-20-46-42-93-50
40098.5 65 1-11-2-58-25-24-54-85-20-46-42-93-100
25693 15 1-11-2-58-25-24-54-85-20-46-42-21
28555.6 73 1-11-2-58-25-24-54-85-20-46-42-14-30
29390 25 1-11-2-58-25-24-54-85-20-46-42-14-51
29433.7 114 1-11-2-58-25-24-54-85-20-46-42-14-9
44556.8 90 1-11-2-58-25-24-54-85-20-46-42-14-50-84
30350.2 23 1-11-2-58-25-24-54-85-20-46-42-14-33
30807.3 53 1-11-2-58-25-24-54-85-20-46-42-14-27
54364.7 11 1-11-2-58-25-24-54-85-20-46-42-14-15-84
30175.9 222 1-11-2-58-25-24-54-85-20-46-42-14-50
36043.2 118 1-11-2-58-25-24-54-85-20-46-42-14-71
52058.4 90 1-11-2-58-25-24-54-85-20-46-42-14-84-50
61351.5 78 1-11-2-58-25-24-54-85-20-46-42-14-84-100
34980.7 143 1-11-2-58-25-24-54-85-20-46-42-14-15
39881.7 210 1-11-2-58-25-24-54-85-20-46-42-14-100
40564 69 1-11-2-58-25-24-54-85-20-46-42-14-17
49322.9 15 1-11-2-58-25-24-54-85-20-46-42-14-82
57061.5 11 1-11-2-58-25-24-54-85-20-46-42-14-84-15
31896 56 1-11-2-58-25-24-54-85-20-46-42-30-9
46647.2 32 1-11-2-58-25-24-54-85-20-46-42-30-50-84
29790.5 73 1-11-2-58-25-24-54-85-20-46-42-30-14
36277.6 85 1-11-2-58-25-24-54-85-20-46-42-30-15
38398.8 60 1-11-2-58-25-24-54-85-20-46-42-30-71
63832.6 20 1-11-2-58-25-24-54-85-20-46-42-30-84-100
32266.3 164 1-11-2-58-25-24-54-85-20-46-42-30-50
41409.3 152 1-11-2-58-25-24-54-85-20-46-42-30-100
43317.3 11 1-11-2-58-25-24-54-85-20-46-42-30-17
54539.5 32 1-11-2-58-25-24-54-85-20-46-42-30-84-50
39827.1 98 1-11-2-58-25-24-54-85-20-46-42-80-84
27761.8 230 1-11-2-58-25-24-54-85-20-46-42-80
30737.7 6 1-11-2-58-25-24-54-85-20-46-42-33-9
31348.1 114 1-11-2-58-25-24-54-85-20-46-42-33-50
32841.9 23 1-11-2-58-25-24-54-85-20-46-42-33-14
34974 10 1-11-2-58-25-24-54-85-20-46-42-33-71
35751.5 35 1-11-2-58-25-24-54-85-20-46-42-33-15
39803.3 102 1-11-2-58-25-24-54-85-20-46-42-33-100
44284 73 1-11-2-58-25-24-54-85-20-46-42-9-50-84
30794 6 1-11-2-58-25-24-54-85-20-46-42-9-33
31981.7 114 1-11-2-58-25-24-54-85-20-46-42-9-14
33209 56 1-11-2-58-25-24-54-85-20-46-42-9-30
34717 8 1-11-2-58-25-24-54-85-20-46-42-9-51
34909.7 126 1-11-2-58-25-24-54-85-20-46-42-9-15
35254.5 36 1-11-2-58-25-24-54-85-20-46-42-9-27
35587.3 101 1-11-2-58-25-24-54-85-20-46-42-9-71
63217.9 61 1-11-2-58-25-24-54-85-20-46-42-9-100-84
29903.1 205 1-11-2-58-25-24-54-85-20-46-42-9-50
40368.2 52 1-11-2-58-25-24-54-85-20-46-42-9-17
56754.9 73 1-11-2-58-25-24-54-85-20-46-42-9-84-50
39543.9 193 1-11-2-58-25-24-54-85-20-46-42-9-100
46064.2 60 1-76-92-3-96-73-88-17-44-71-100
46291.7 72 1-76-92-3-96-73-88-17-44-71-50
45467 85 1-76-92-3-96-73-88-17-44-100-15
64405.9 32 1-76-92-3-96-73-88-17-44-100-50-84
46198.3 60 1-76-92-3-96-73-88-17-44-100-71
50890.4 56 1-76-92-3-96-73-88-17-44-100-9
53776.1 73 1-76-92-3-96-73-88-17-44-100-14
54068.8 15 1-76-92-3-96-73-88-17-44-100-30
50025 164 1-76-92-3-96-73-88-17-44-100-50
61491.6 37 1-76-92-3-96-73-88-17-44-64-84
78348.2 32 1-76-92-3-96-73-88-17-44-100-84-50
41690.6 169 1-76-92-3-96-73-88-17-44-64
41997.9 72 1-76-92-3-96-73-88-17-44-68
58678.8 47 1-76-92-3-96-73-88-17-44-77-84
42233.1 179 1-76-92-3-96-73-88-17-44-77
43496.9 60 1-76-92-3-96-73-88-17-44-95
48522.2 97 1-76-92-3-96-73-88-17-44-15-50
52087.9 6 1-76-92-3-96-73-88-17-44-15-14
48679.8 85 1-76-92-3-96-73-88-17-44-15-100
47154.1 68 1-76-92-3-96-73-88-17-44-50-9
49974.8 85 1-76-92-3-96-73-88-17-44-50-14
50830.3 27 1-76-92-3-96-73-88-17-44-50-30
52330.3 72 1-76-92-3-96-73-88-17-44-50-71
53458.5 7 1-76-92-3-96-73-88-17-44-50-27
79603.4 32 1-76-92-3-96-73-88-17-44-50-100-84
51213.9 97 1-76-92-3-96-73-88-17-44-50-15
55929.4 164 1-76-92-3-96-73-88-17-44-50-100
84252.7 32 1-76-92-3-96-73-88-17-44-50-84-100
58978.8 94 1-76-92-3-96-73-88-17-44-33-84
46212 226 1-76-92-3-96-73-88-17-44-33
57371.6 56 1-76-92-3-96-73-88-17-44-9-100
47730.8 68 1-76-92-3-96-73-88-17-44-9-50
47516.7 93 1-76-92-3-96-73-88-17-44-80
53570.5 85 1-76-92-3-96-73-88-17-44-14-50
58375.3 6 1-76-92-3-96-73-88-17-44-14-15
63276.2 73 1-76-92-3-96-73-88-17-44-14-100
58805.6 57 1-76-92-3-96-73-88-17-44-93-84
55439.5 27 1-76-92-3-96-73-88-17-44-30-50
64582.5 15 1-76-92-3-96-73-88-17-44-30-100
49808.9 189 1-76-92-3-96-73-88-17-44-93
58897.6 124 1-76-92-3-96-73-88-17-44-27-84
59037.8 7 1-76-92-3-96-73-88-17-44-27-50
51777.1 256 1-76-92-3-96-73-88-17-44-27
60684.4 96 1-76-92-3-96-73-88-17-44-51-84
65258.1 124 1-76-92-3-96-73-88-17-44-84-27
67134.3 57 1-76-92-3-96-73-88-17-44-84-93
69416.1 202 1-76-92-3-96-73-88-17-44-84-14
70662.4 144 1-76-92-3-96-73-88-17-44-84-30
70904.4 94 1-76-92-3-96-73-88-17-44-84-33
71564.8 185 1-76-92-3-96-73-88-17-44-84-9
72323.4 86 1-76-92-3-96-73-88-17-44-84-82
82250.1 32 1-76-92-3-96-73-88-17-44-84-50-100
66593.8 96 1-76-92-3-96-73-88-17-44-84-51
74114.4 17 1-76-92-3-96-73-88-17-44-84-12
74583.2 47 1-76-92-3-96-73-88-17-44-84-77
76548.5 189 1-76-92-3-96-73-88-17-44-84-71
77375.1 23 1-76-92-3-96-73-88-17-44-84-72
77521.6 214 1-76-92-3-96-73-88-17-44-84-15
77938.6 37 1-76-92-3-96-73-88-17-44-84-64
33854.4 53 1-93-27-51-14-30-97-9-50-98-80-33-71
34631.9 78 1-93-27-51-14-30-97-9-50-98-80-33-15
62357.7 13 1-93-27-51-14-30-97-9-50-98-80-33-100-84
38683.7 145 1-93-27-51-14-30-97-9-50-98-80-33-100
44292.7 12 1-93-27-51-14-30-97-9-50-98-80-67-84
64211.8 13 1-93-27-51-14-30-97-9-50-98-80-33-84-100
29630.2 144 1-93-27-51-14-30-97-9-50-98-80-67
33689.8 6 1-93-27-51-14-30-97-9-50-98-80-77-71
36542.1 31 1-93-27-51-14-30-97-9-50-98-80-77-15
39034.7 98 1-93-27-51-14-30-97-9-50-98-80-77-100
38578.1 31 1-93-27-51-14-30-97-9-50-98-80-15-77
57105.4 41 1-93-27-51-14-30-97-9-50-98-80-15-71-84
38694.5 173 1-93-27-51-14-30-97-9-50-98-80-15-71
40498.7 78 1-93-27-51-14-30-97-9-50-98-80-15-33
71432.7 41 1-93-27-51-14-30-97-9-50-98-80-15-84-71
62387 1 1-93-27-51-14-30-97-9-50-98-80-15-12
62400.1 70 1-93-27-51-14-30-97-9-50-98-80-15-82
62558 7 1-93-27-51-14-30-97-9-50-98-80-15-72
35764.9 6 1-93-27-51-14-30-97-9-50-98-80-71-77
63255.8 108 1-93-27-51-14-30-97-9-50-98-80-71-100-84
58117.6 41 1-93-27-51-14-30-97-9-50-98-80-71-15-84
39581.9 240 1-93-27-51-14-30-97-9-50-98-80-71-100
39760.2 53 1-93-27-51-14-30-97-9-50-98-80-71-33
75761.8 108 1-93-27-51-14-30-97-9-50-98-80-71-84-100
38733.6 173 1-93-27-51-14-30-97-9-50-98-80-71-15
59144.7 45 1-93-27-51-14-30-97-9-50-98-80-71-82
76695.8 133 1-93-27-51-14-30-97-9-50-98-80-15-84-100
53332.7 108 1-93-27-51-14-30-97-9-50-98-80-95-84
62424.2 108 1-93-27-51-14-30-97-9-50-98-80-100-71-84
45541.3 98 1-93-27-51-14-30-97-9-50-98-80-100-77
61787.8 13 1-93-27-51-14-30-97-9-50-98-80-100-33-84
44013.3 240 1-93-27-51-14-30-97-9-50-98-80-100-71
75968.1 5 1-93-27-51-14-30-97-9-50-98-80-100-84-82
80193.2 108 1-93-27-51-14-30-97-9-50-98-80-100-84-71
81166.3 133 1-93-27-51-14-30-97-9-50-98-80-100-84-15
49021 145 1-93-27-51-14-30-97-9-50-98-80-100-33
62504.3 10 1-93-27-51-14-30-97-9-50-98-80-100-43
68412.7 74 1-93-27-51-14-30-97-9-50-98-80-100-72
69022 68 1-93-27-51-14-30-97-9-50-98-80-100-12
69477.8 137 1-93-27-51-14-30-97-9-50-98-80-100-82
33793.6 240 1-93-27-51-14-30-97-9-50-98-80-95
39359.6 139 1-93-27-51-14-30-97-9-50-98-80-84-43
51148.7 274 1-93-27-51-14-30-97-9-50-98-80-84-33
52567.7 266 1-93-27-51-14-30-97-9-50-98-80-84-82
53044.4 12 1-93-27-51-14-30-97-9-50-98-80-84-67
54233.1 48 1-93-27-51-14-30-97-9-50-98-80-84-69
54358.6 197 1-93-27-51-14-30-97-9-50-98-80-84-12
54827.5 227 1-93-27-51-14-30-97-9-50-98-80-84-77
61849.5 41 1-93-27-51-14-30-97-9-50-98-80-84-71-15
57619.3 203 1-93-27-51-14-30-97-9-50-98-80-84-72
62939.5 133 1-93-27-51-14-30-97-9-50-98-80-84-15-100
62697.7 108 1-93-27-51-14-30-97-9-50-98-80-84-71-100
70105.6 229 1-33-77-71-15-95-68-100-84-43-82-12-69
70598.4 151 1-33-77-71-15-95-68-100-84-43-82-12-28
74152.4 384 1-33-77-71-15-95-68-100-84-43-82-12-72
75089.7 150 1-33-77-71-15-95-68-100-84-43-82-12-66
77125.9 55 1-33-77-71-15-95-68-100-84-43-82-12-99
71425.4 2 1-33-77-71-15-95-68-100-84-43-82-69-28
74185.5 235 1-33-77-71-15-95-68-100-84-43-82-69-72
74865.2 1 1-33-77-71-15-95-68-100-84-43-82-69-66
13343 5700 1-22
