17316.1 41 1-38-13-56-83-75-35-61-78-79-94-87-81
25974.8 21 1-38-13-56-83-75-35-61-78-79-94-87-8
27763.5 29 1-38-13-56-83-75-35-61-78-79-94-87-6
33738.6 84 1-38-13-56-83-75-35-61-78-79-94-87-84
34007.8 107 1-38-13-56-83-75-35-61-78-79-94-87-19
16732.6 75 1-38-13-56-83-75-35-61-78-79-94-48
18506.8 36 1-38-13-56-83-75-35-61-78-79-94-81-49
20645.9 80 1-38-13-56-83-75-35-61-78-79-94-81-18
23949.5 59 1-38-13-56-83-75-35-61-78-79-94-81-100
26513.2 71 1-38-13-56-83-75-35-61-78-79-94-81-50
39396 16 1-38-13-56-83-75-35-61-78-79-94-81-8-19
19096.8 41 1-38-13-56-83-75-35-61-78-79-94-81-87
30526.6 70 1-38-13-56-83-75-35-61-78-79-94-81-11
41575 24 1-38-13-56-83-75-35-61-78-79-94-81-6-19
44633.2 1 1-38-13-56-83-75-35-61-78-79-94-81-6-84
28873.8 125 1-38-13-56-83-75-35-61-78-79-94-81-8
31670.2 44 1-38-13-56-83-75-35-61-78-79-94-81-58
33184 30 1-38-13-56-83-75-35-61-78-79-94-81-37
35748.2 48 1-38-13-56-83-75-35-61-78-79-94-81-52
46508.3 16 1-38-13-56-83-75-35-61-78-79-94-81-19-8
60385.8 79 1-38-13-56-83-75-35-61-78-79-94-81-19-84
30792.5 133 1-38-13-56-83-75-35-61-78-79-94-81-6
51302.8 1 1-38-13-56-83-75-35-61-78-79-94-81-84-6
46768.6 24 1-38-13-56-83-75-35-61-78-79-94-81-19-6
67208.4 6571 1-38-13-56-83-75-35-61-78-79-94-48-136-150-148-137-121-101-151-114-104-105-108-149-144-134-140-129-1
69337.5 6484 1-38-13-56-83-75-35-61-78-79-94-48-136-150-148-137-121-101-151-114-104-105-108-149-144-134-140-143-1
93395.5 6551 1-38-13-56-83-75-35-61-78-79-94-48-136-150-148-137-121-101-151-114-104-105-108-149-144-134-140-132-146-1
71240.8 6596 1-38-13-56-83-75-35-61-78-79-94-48-136-150-148-137-121-101-151-114-104-105-108-149-144-134-140-103-107-1
72085.6 6491 1-38-13-56-83-75-35-61-78-79-94-48-136-150-148-137-121-101-151-114-104-105-108-149-144-134-140-103-120-1
76085.5 6592 1-38-13-56-83-75-35-61-78-79-94-48-136-150-148-137-121-101-151-114-104-105-108-149-144-134-140-103-113-1
80467.2 6553 1-38-13-56-83-75-35-61-78-79-94-48-136-150-148-137-121-101-151-114-104-105-108-149-144-134-140-103-125-1
94697.4 6549 1-38-13-56-83-75-35-61-78-79-94-48-136-150-148-137-121-101-151-114-104-105-108-149-144-134-140-103-130-1
96999.8 6575 1-38-13-56-83-75-35-61-78-79-94-48-136-150-148-137-121-101-151-114-104-105-108-149-144-134-140-103-141-1
68529 6404 1-38-13-56-83-75-35-61-78-79-94-48-136-150-148-137-121-101-151-114-104-105-108-149-144-134-140-132-1
70462.8 6511 1-38-13-56-83-75-35-61-78-79-94-48-136-150-148-137-121-101-151-114-104-105-108-149-144-134-140-107-120-1
77736 6573 1-38-13-56-83-75-35-61-78-79-94-48-136-150-148-137-121-101-151-114-104-105-108-149-144-134-140-107-125-1
92882.1 6569 1-38-13-56-83-75-35-61-78-79-94-48-136-150-148-137-121-101-151-114-104-105-108-149-144-134-140-107-130-1
76174.4 6596 1-38-13-56-83-75-35-61-78-79-94-48-136-150-148-137-121-101-151-114-104-105-108-149-144-134-140-107-103-1
95452.3 6595 1-38-13-56-83-75-35-61-78-79-94-48-136-150-148-137-121-101-151-114-104-105-108-149-144-134-140-107-141-1
73417.1 6569 1-38-13-56-83-75-35-61-78-79-94-48-136-150-148-137-121-101-151-114-104-105-108-149-144-134-140-113-125-1
76459.1 6507 1-38-13-56-83-75-35-61-78-79-94-48-136-150-148-137-121-101-151-114-104-105-108-149-144-134-140-113-120-1
83591.9 6592 1-38-13-56-83-75-35-61-78-79-94-48-136-150-148-137-121-101-151-114-104-105-108-149-144-134-140-113-103-1
94719.7 6565 1-38-13-56-83-75-35-61-78-79-94-48-136-150-148-137-121-101-151-114-104-105-108-149-144-134-140-113-130-1
97818 6591 1-38-13-56-83-75-35-61-78-79-94-48-136-150-148-137-121-101-151-114-104-105-108-149-144-134-140-113-141-1
75244.4 6596 1-38-13-56-83-75-35-61-78-79-94-48-136-150-148-137-121-101-151-114-104-105-108-149-144-134-140-120-126-1
75149.3 6511 1-38-13-56-83-75-35-61-78-79-94-48-136-150-148-137-121-101-151-114-104-105-108-149-144-134-140-120-107-1
81705.8 6491 1-38-13-56-83-75-35-61-78-79-94-48-136-150-148-137-121-101-151-114-104-105-108-149-144-134-140-120-103-1
79793.7 6541 1-38-13-56-83-75-35-61-78-79-94-48-136-150-148-137-121-101-151-114-104-105-108-149-144-134-140-120-119-1
85444.5 6594 1-38-13-56-83-75-35-61-78-79-94-48-136-150-148-137-121-101-151-114-104-105-108-149-144-134-140-120-116-1
80430.3 6552 1-38-13-56-83-75-35-61-78-79-94-48-136-150-148-137-121-101-151-114-104-105-108-149-144-134-140-120-133-1
81711 6468 1-38-13-56-83-75-35-61-78-79-94-48-136-150-148-137-121-101-151-114-104-105-108-149-144-134-140-120-125-1
84935 6534 1-38-13-56-83-75-35-61-78-79-94-48-136-150-148-137-121-101-151-114-104-105-108-149-144-134-140-120-147-1
93919.1 6562 1-38-13-56-83-75-35-61-78-79-94-48-136-150-148-137-121-101-151-114-104-105-108-149-144-134-140-120-110-1
90263.8 6534 1-38-13-56-83-75-35-61-78-79-94-48-136-150-148-137-121-101-151-114-104-105-108-149-144-134-140-120-131-1
93140.6 6464 1-38-13-56-83-75-35-61-78-79-94-48-136-150-148-137-121-101-151-114-104-105-108-149-144-134-140-120-130-1
78572.8 6507 1-38-13-56-83-75-35-61-78-79-94-48-136-150-148-137-121-101-151-114-104-105-108-149-144-134-140-120-113-1
91278.9 6535 1-38-13-56-83-75-35-61-78-79-94-48-136-150-148-137-121-101-151-114-104-105-108-149-144-134-140-120-115-1
95583.2 6490 1-38-13-56-83-75-35-61-78-79-94-48-136-150-148-137-121-101-151-114-104-105-108-149-144-134-140-120-141-1
93526.5 6592 1-38-13-56-83-75-35-61-78-79-94-48-136-150-148-137-121-101-151-114-104-105-108-149-144-134-140-145-146-1
74150 6596 1-38-13-56-83-75-35-61-78-79-94-48-136-150-148-137-121-101-151-114-104-105-108-149-144-134-140-126-120-1
94472.5 6537 1-38-13-56-83-75-35-61-78-79-94-48-136-150-148-137-121-101-151-114-104-105-108-149-144-134-140-126-146-1
67502.4 6445 1-38-13-56-83-75-35-61-78-79-94-48-136-150-148-137-121-101-151-114-104-105-108-149-144-134-140-145-1
76715.8 6569 1-38-13-56-83-75-35-61-78-79-94-48-136-150-148-137-121-101-151-114-104-105-108-149-144-134-140-125-113-1
83607.5 6573 1-38-13-56-83-75-35-61-78-79-94-48-136-150-148-137-121-101-151-114-104-105-108-149-144-134-140-125-107-1
82895.9 6468 1-38-13-56-83-75-35-61-78-79-94-48-136-150-148-137-121-101-151-114-104-105-108-149-144-134-140-125-120-1
88399.3 6596 1-38-13-56-83-75-35-61-78-79-94-48-136-150-148-137-121-101-151-114-104-105-108-149-144-134-140-125-131-1
90087.4 6597 1-38-13-56-83-75-35-61-78-79-94-48-136-150-148-137-121-101-151-114-104-105-108-149-144-134-140-125-115-1
91272.2 6553 1-38-13-56-83-75-35-61-78-79-94-48-136-150-148-137-121-101-151-114-104-105-108-149-144-134-140-125-103-1
90242.6 6596 1-38-13-56-83-75-35-61-78-79-94-48-136-150-148-137-121-101-151-114-104-105-108-149-144-134-140-125-147-1
97372.3 6526 1-38-13-56-83-75-35-61-78-79-94-48-136-150-148-137-121-101-151-114-104-105-108-149-144-134-140-125-130-1
100714 6552 1-38-13-56-83-75-35-61-78-79-94-48-136-150-148-137-121-101-151-114-104-105-108-149-144-134-140-125-141-1
73866 6390 1-38-13-56-83-75-35-61-78-79-94-48-136-150-148-137-121-101-151-114-104-105-108-149-144-134-140-126-1
82618.5 6552 1-38-13-56-83-75-35-61-78-79-94-48-136-150-148-137-121-101-151-114-104-105-108-149-144-134-140-133-120-1
96776.6 6493 1-38-13-56-83-75-35-61-78-79-94-48-136-150-148-137-121-101-151-114-104-105-108-149-144-134-140-133-146-1
72732.8 6346 1-38-13-56-83-75-35-61-78-79-94-48-136-150-148-137-121-101-151-114-104-105-108-149-144-134-140-133-1
76071.6 6583 1-38-13-56-83-75-35-61-78-79-94-48-136-150-148-137-121-101-151-114-104-105-108-149-144-134-140-135-1
76062.8 6588 1-38-13-56-83-75-35-61-78-79-94-48-136-150-148-137-121-101-151-114-104-105-108-149-144-134-140-111-1
92900.1 6575 1-38-13-56-83-75-35-61-78-79-94-48-136-150-148-137-121-101-151-114-104-105-108-149-144-134-140-142-146-1
85252.9 6594 1-38-13-56-83-75-35-61-78-79-94-48-136-150-148-137-121-101-151-114-104-105-108-149-144-134-140-116-120-1
98814.4 6535 1-38-13-56-83-75-35-61-78-79-94-48-136-150-148-137-121-101-151-114-104-105-108-149-144-134-140-116-146-1
72647.4 6428 1-38-13-56-83-75-35-61-78-79-94-48-136-150-148-137-121-101-151-114-104-105-108-149-144-134-140-142-1
87309.3 6542 1-38-13-56-83-75-35-61-78-79-94-48-136-150-148-137-121-101-151-114-104-105-108-149-144-134-140-112-1
84493.1 6541 1-38-13-56-83-75-35-61-78-79-94-48-136-150-148-137-121-101-151-114-104-105-108-149-144-134-140-119-120-1
93638.1 6599 1-38-13-56-83-75-35-61-78-79-94-48-136-150-148-137-121-101-151-114-104-105-108-149-144-134-140-119-130-1
93667 6482 1-38-13-56-83-75-35-61-78-79-94-48-136-150-148-137-121-101-151-114-104-105-108-149-144-134-140-119-146-1
32330.8 66 1-6-86-62-5-60-59-52-45-63-22-19-8
37798.8 21 1-6-86-62-5-60-59-52-45-63-22-19-18
40646.6 86 1-6-86-62-5-60-59-52-45-63-22-19-81
42144.9 11 1-6-86-62-5-60-59-52-45-63-22-19-11
46208.3 129 1-6-86-62-5-60-59-52-45-63-22-19-84
46304.6 12 1-6-86-62-5-60-59-52-45-63-22-19-50
23952.1 80 1-6-86-62-5-60-59-52-45-63-22-37
42239.5 43 1-6-86-62-5-60-59-52-45-63-22-8-84
27280.8 175 1-6-86-62-5-60-59-52-45-63-22-8
34467.1 41 1-6-86-62-5-60-59-52-45-63-22-65
35531.1 130 1-6-86-62-5-60-59-52-45-63-22-18
36077.9 120 1-6-86-62-5-60-59-52-45-63-22-11
36783.9 86 1-6-86-62-5-60-59-52-45-63-22-49
37206.2 91 1-6-86-62-5-60-59-52-45-63-22-87
37239.3 94 1-6-86-62-5-60-59-52-45-63-22-58
58153 63 1-6-86-62-5-60-59-52-45-63-22-81-84
77231.1 6464 1-6-86-62-5-60-59-52-45-63-22-37-146-130-117-141-122-110-147-119-127-138-116-109-112-126-120-1
81096.4 6569 1-6-86-62-5-60-59-52-45-63-22-37-146-130-117-141-122-110-147-119-127-138-116-109-112-126-107-1
86045.2 6549 1-6-86-62-5-60-59-52-45-63-22-37-146-130-117-141-122-110-147-119-127-138-116-109-112-126-103-1
85326.9 6565 1-6-86-62-5-60-59-52-45-63-22-37-146-130-117-141-122-110-147-119-127-138-116-109-112-126-113-1
88479.4 6526 1-6-86-62-5-60-59-52-45-63-22-37-146-130-117-141-122-110-147-119-127-138-116-109-112-126-125-1
96058.1 6592 1-6-86-62-5-60-59-52-45-63-22-37-146-130-117-141-122-110-147-119-127-138-116-109-112-126-131-1
96921.9 6593 1-6-86-62-5-60-59-52-45-63-22-37-146-130-117-141-122-110-147-119-127-138-116-109-112-126-115-1
81939.7 6379 1-6-86-62-5-60-59-52-45-63-22-37-146-130-117-141-122-110-147-119-127-138-116-109-112-120-107-1
79753.1 6519 1-6-86-62-5-60-59-52-45-63-22-37-146-130-117-141-122-110-147-119-127-138-116-109-112-120-145-1
80942.4 6502 1-6-86-62-5-60-59-52-45-63-22-37-146-130-117-141-122-110-147-119-127-138-116-109-112-120-142-1
88496.2 6359 1-6-86-62-5-60-59-52-45-63-22-37-146-130-117-141-122-110-147-119-127-138-116-109-112-120-103-1
85363.2 6375 1-6-86-62-5-60-59-52-45-63-22-37-146-130-117-141-122-110-147-119-127-138-116-109-112-120-113-1
90948.7 6478 1-6-86-62-5-60-59-52-45-63-22-37-146-130-117-141-122-110-147-119-127-138-116-109-112-120-132-1
92624.2 6558 1-6-86-62-5-60-59-52-45-63-22-37-146-130-117-141-122-110-147-119-127-138-116-109-112-120-143-1
87220.7 6420 1-6-86-62-5-60-59-52-45-63-22-37-146-130-117-141-122-110-147-119-127-138-116-109-112-120-133-1
88501.4 6336 1-6-86-62-5-60-59-52-45-63-22-37-146-130-117-141-122-110-147-119-127-138-116-109-112-120-125-1
97054.2 6402 1-6-86-62-5-60-59-52-45-63-22-37-146-130-117-141-122-110-147-119-127-138-116-109-112-120-131-1
98069.2 6403 1-6-86-62-5-60-59-52-45-63-22-37-146-130-117-141-122-110-147-119-127-138-116-109-112-120-115-1
76947.2 6258 1-6-86-62-5-60-59-52-45-63-22-37-146-130-117-141-122-110-147-119-127-138-116-109-112-126-1
87042.4 6563 1-6-86-62-5-60-59-52-45-63-22-37-146-130-117-141-122-110-147-119-127-138-116-109-112-103-132-1
83285.3 6464 1-6-86-62-5-60-59-52-45-63-22-37-146-130-117-141-122-110-147-119-127-138-116-109-112-103-107-1
86482.8 6549 1-6-86-62-5-60-59-52-45-63-22-37-146-130-117-141-122-110-147-119-127-138-116-109-112-103-126-1
88130 6460 1-6-86-62-5-60-59-52-45-63-22-37-146-130-117-141-122-110-147-119-127-138-116-109-112-103-113-1
87689.3 6587 1-6-86-62-5-60-59-52-45-63-22-37-146-130-117-141-122-110-147-119-127-138-116-109-112-103-142-1
91563.7 6505 1-6-86-62-5-60-59-52-45-63-22-37-146-130-117-141-122-110-147-119-127-138-116-109-112-103-133-1
92511.7 6421 1-6-86-62-5-60-59-52-45-63-22-37-146-130-117-141-122-110-147-119-127-138-116-109-112-103-125-1
103583 6487 1-6-86-62-5-60-59-52-45-63-22-37-146-130-117-141-122-110-147-119-127-138-116-109-112-103-131-1
104718 6488 1-6-86-62-5-60-59-52-45-63-22-37-146-130-117-141-122-110-147-119-127-138-116-109-112-103-115-1
82034.8 6464 1-6-86-62-5-60-59-52-45-63-22-37-146-130-117-141-122-110-147-119-127-138-116-109-112-120-126-1
52683.1 2 1-8-32-31-89-41-19-4-36-39-88-57-73-84
34953.7 11 1-8-32-31-89-41-19-4-36-39-88-57-3
36841.7 17 1-8-32-31-89-41-19-4-36-39-88-57-18-17
58306.3 3 1-8-32-31-89-41-19-4-36-39-88-57-18-49-84
59319.3 112 1-8-32-31-89-41-19-4-36-39-88-57-18-81-84
37663.8 135 1-8-32-31-89-41-19-4-36-39-88-57-18-49
58512 8 1-8-32-31-89-41-19-4-36-39-88-57-18-87-84
40140.9 140 1-8-32-31-89-41-19-4-36-39-88-57-18-87
42249 66 1-8-32-31-89-41-19-4-36-39-88-57-18-71
68902.1 26 1-8-32-31-89-41-19-4-36-39-88-57-18-100-84
45228.1 158 1-8-32-31-89-41-19-4-36-39-88-57-18-100
47051.8 91 1-8-32-31-89-41-19-4-36-39-88-57-18-15
62377.3 38 1-8-32-31-89-41-19-4-36-39-88-57-18-50-84
47996.4 170 1-8-32-31-89-41-19-4-36-39-88-57-18-50
48255.6 62 1-8-32-31-89-41-19-4-36-39-88-57-18-9
57308.7 37 1-8-32-31-89-41-19-4-36-39-88-57-18-11-84
50369.3 169 1-8-32-31-89-41-19-4-36-39-88-57-18-11
51006.7 79 1-8-32-31-89-41-19-4-36-39-88-57-18-14
57529.9 11 1-8-32-31-89-41-19-4-36-39-88-57-18-58-84
51675.3 143 1-8-32-31-89-41-19-4-36-39-88-57-18-58
51777.5 1 1-8-32-31-89-41-19-4-36-39-88-57-18-27
52517.4 21 1-8-32-31-89-41-19-4-36-39-88-57-18-30
53691.4 13 1-8-32-31-89-41-19-4-36-39-88-57-18-23
56450.3 37 1-8-32-31-89-41-19-4-36-39-88-57-18-53
56890.5 55 1-8-32-31-89-41-19-4-36-39-88-57-18-85
63083.4 11 1-8-32-31-89-41-19-4-36-39-88-57-18-84-58
64168.1 37 1-8-32-31-89-41-19-4-36-39-88-57-18-84-11
71609.6 38 1-8-32-31-89-41-19-4-36-39-88-57-18-84-50
75599.9 8 1-8-32-31-89-41-19-4-36-39-88-57-18-84-87
77871.3 3 1-8-32-31-89-41-19-4-36-39-88-57-18-84-49
80902.7 26 1-8-32-31-89-41-19-4-36-39-88-57-18-84-100
101215 6587 1-8-32-31-89-41-19-4-36-39-88-57-3-124-131-115-102-142-145-113-125-133-111-135-123-106-120-1
101547 6582 1-8-32-31-89-41-19-4-36-39-88-57-3-124-131-115-102-142-145-113-125-133-111-135-123-128-120-1
90646.7 6381 1-8-32-31-89-41-19-4-36-39-88-57-3-124-131-115-102-142-145-113-125-133-111-135-123-106-1
107740 6475 1-8-32-31-89-41-19-4-36-39-88-57-3-124-131-115-102-142-145-113-125-133-111-135-123-120-107-103-1
109104 6594 1-8-32-31-89-41-19-4-36-39-88-57-3-124-131-115-102-142-145-113-125-133-111-135-123-120-107-132-1
110296 6574 1-8-32-31-89-41-19-4-36-39-88-57-3-124-131-115-102-142-145-113-125-133-111-135-123-120-103-132-1
22125.5 25 1-55-70-40-90-91-77-67-33-80-9-97
37762 118 1-55-70-40-90-91-77-67-33-80-9-50-14-84
39163.5 75 1-55-70-40-90-91-77-67-33-80-9-50-14-81
41982.6 10 1-55-70-40-90-91-77-67-33-80-9-50-14-18
39863.7 60 1-55-70-40-90-91-77-67-33-80-9-50-30-84
41317.3 17 1-55-70-40-90-91-77-67-33-80-9-50-30-81
26483.4 250 1-55-70-40-90-91-77-67-33-80-9-50-14
32896.2 1 1-55-70-40-90-91-77-67-33-80-9-50-15-100
35769.5 87 1-55-70-40-90-91-77-67-33-80-9-50-15-81
39266.8 22 1-55-70-40-90-91-77-67-33-80-9-50-15-18
41126.3 12 1-55-70-40-90-91-77-67-33-80-9-50-15-11
47106.6 130 1-55-70-40-90-91-77-67-33-80-9-50-15-84
27338.9 192 1-55-70-40-90-91-77-67-33-80-9-50-30
28166.3 105 1-55-70-40-90-91-77-67-33-80-9-50-93
28447.9 85 1-55-70-40-90-91-77-67-33-80-9-50-64
32180.4 62 1-55-70-40-90-91-77-67-33-80-9-50-71-81
47249.8 105 1-55-70-40-90-91-77-67-33-80-9-50-71-84
27722.6 262 1-55-70-40-90-91-77-67-33-80-9-50-15
37793.3 12 1-55-70-40-90-91-77-67-33-80-9-50-51-84
28838.9 237 1-55-70-40-90-91-77-67-33-80-9-50-71
37087.6 40 1-55-70-40-90-91-77-67-33-80-9-50-27-84
29337.2 144 1-55-70-40-90-91-77-67-33-80-9-50-51
30381.5 121 1-55-70-40-90-91-77-67-33-80-9-50-42
52824.7 4 1-55-70-40-90-91-77-67-33-80-9-50-87-81-84
33233.2 27 1-55-70-40-90-91-77-67-33-80-9-50-87-49
35195.3 71 1-55-70-40-90-91-77-67-33-80-9-50-87-18
38174.9 50 1-55-70-40-90-91-77-67-33-80-9-50-87-100
42000.6 61 1-55-70-40-90-91-77-67-33-80-9-50-87-11
43136.1 35 1-55-70-40-90-91-77-67-33-80-9-50-87-58
32510.7 136 1-55-70-40-90-91-77-67-33-80-9-50-87-81
29967.1 172 1-55-70-40-90-91-77-67-33-80-9-50-27
32851.2 64 1-55-70-40-90-91-77-67-33-80-9-50-11-58
58655.7 33 1-55-70-40-90-91-77-67-33-80-9-50-11-84-81
42840.9 61 1-55-70-40-90-91-77-67-33-80-9-50-11-87
43460.6 11 1-55-70-40-90-91-77-67-33-80-9-50-11-65
44780.8 165 1-55-70-40-90-91-77-67-33-80-9-50-11-81
44806 12 1-55-70-40-90-91-77-67-33-80-9-50-11-15
45112.7 56 1-55-70-40-90-91-77-67-33-80-9-50-11-49
46264.1 100 1-55-70-40-90-91-77-67-33-80-9-50-11-18
48562.9 79 1-55-70-40-90-91-77-67-33-80-9-50-11-100
69247.2 4 1-55-70-40-90-91-77-67-33-80-9-50-87-84-81
33121.3 64 1-55-70-40-90-91-77-67-33-80-9-50-58-11
57841.1 7 1-55-70-40-90-91-77-67-33-80-9-50-58-84-81
44246.6 35 1-55-70-40-90-91-77-67-33-80-9-50-58-87
46194.6 139 1-55-70-40-90-91-77-67-33-80-9-50-58-81
46603.9 30 1-55-70-40-90-91-77-67-33-80-9-50-58-49
47840.2 74 1-55-70-40-90-91-77-67-33-80-9-50-58-18
49575.2 53 1-55-70-40-90-91-77-67-33-80-9-50-58-100
33430.3 131 1-55-70-40-90-91-77-67-33-80-9-50-81-49
52391.4 4 1-55-70-40-90-91-77-67-33-80-9-50-81-87-84
65163 3883 1-55-70-40-90-91-77-67-33-80-9-97-128-139-107-120-103-132-143-118-1
38662.2 21 1-34-10-47-53-74-65-29-23-7-25-2-11-84
31770 127 1-34-10-47-53-74-65-29-23-7-25-2-58
36511.3 39 1-34-10-47-53-74-65-29-23-7-25-2-85
51082 22 1-34-10-47-53-74-65-29-23-7-25-2-84-50
57015.1 96 1-34-10-47-53-74-65-29-23-7-25-2-84-81
58422.3 31 1-34-10-47-53-74-65-29-23-7-25-2-84-18
60375.1 10 1-34-10-47-53-74-65-29-23-7-25-2-84-100
31722.8 153 1-34-10-47-53-74-65-29-23-7-25-2-11
38181.2 63 1-34-10-47-53-74-65-29-23-7-25-2-14
40108.4 5 1-34-10-47-53-74-65-29-23-7-25-2-30
40224.8 154 1-34-10-47-53-74-65-29-23-7-25-2-50
43158.1 124 1-34-10-47-53-74-65-29-23-7-25-2-87
43344.8 50 1-34-10-47-53-74-65-29-23-7-25-2-71
45009 75 1-34-10-47-53-74-65-29-23-7-25-2-15
43640.5 21 1-34-10-47-53-74-65-29-23-7-25-2-84-11
33328.5 55 1-76-92-96-73-18-26-17-49-81-87-71-64-15-95
38094.1 67 1-76-92-96-73-18-26-17-49-81-87-71-64-15-68
41963.2 80 1-76-92-96-73-18-26-17-49-81-87-71-64-15-50-14
42818.6 22 1-76-92-96-73-18-26-17-49-81-87-71-64-15-50-30
45446.8 2 1-76-92-96-73-18-26-17-49-81-87-71-64-15-50-27
53006.9 12 1-76-92-96-73-18-26-17-49-81-87-71-64-15-50-58-84
71591.8 27 1-76-92-96-73-18-26-17-49-81-87-71-64-15-50-100-84
47152.2 144 1-76-92-96-73-18-26-17-49-81-87-71-64-15-50-58
50905.8 56 1-76-92-96-73-18-26-17-49-81-87-71-64-15-50-85
51756 6 1-76-92-96-73-18-26-17-49-81-87-71-64-15-50-20
58421.7 12 1-76-92-96-73-18-26-17-49-81-87-71-64-15-50-84-58
47917.8 159 1-76-92-96-73-18-26-17-49-81-87-71-64-15-50-100
51826.4 68 1-76-92-96-73-18-26-17-49-81-87-71-64-15-100-14
52119.2 10 1-76-92-96-73-18-26-17-49-81-87-71-64-15-100-30
56246.4 132 1-76-92-96-73-18-26-17-49-81-87-71-64-15-100-58
60632 44 1-76-92-96-73-18-26-17-49-81-87-71-64-15-100-85
48075.3 159 1-76-92-96-73-18-26-17-49-81-87-71-64-15-100-50
45528.8 80 1-76-92-96-73-18-26-17-49-81-87-71-64-15-14-50
48378.1 53 1-76-92-96-73-18-26-17-49-81-87-71-64-15-14-58
55234.6 68 1-76-92-96-73-18-26-17-49-81-87-71-64-15-14-100
41766 90 1-76-92-96-73-18-26-17-49-81-87-71-64-15-44
46446.3 22 1-76-92-96-73-18-26-17-49-81-87-71-64-15-30-50
55589.3 10 1-76-92-96-73-18-26-17-49-81-87-71-64-15-30-100
52582.3 52 1-76-92-96-73-18-26-17-49-81-87-71-64-15-93-84
53173.3 91 1-76-92-96-73-18-26-17-49-81-87-71-64-15-51-84
43585.6 184 1-76-92-96-73-18-26-17-49-81-87-71-64-15-93
52558.3 119 1-76-92-96-73-18-26-17-49-81-87-71-64-15-27-84
52698.5 2 1-76-92-96-73-18-26-17-49-81-87-71-64-15-27-50
44717.1 223 1-76-92-96-73-18-26-17-49-81-87-71-64-15-51
52944.7 68 1-76-92-96-73-18-26-17-49-81-87-71-64-15-42-84
45437.8 251 1-76-92-96-73-18-26-17-49-81-87-71-64-15-27
52254.6 29 1-76-92-96-73-18-26-17-49-81-87-71-64-15-58-85
67261.9 12 1-76-92-96-73-18-26-17-49-81-87-71-64-15-58-84-50
53652.6 53 1-76-92-96-73-18-26-17-49-81-87-71-64-15-58-14
55992.5 144 1-76-92-96-73-18-26-17-49-81-87-71-64-15-58-50
64929.1 132 1-76-92-96-73-18-26-17-49-81-87-71-64-15-58-100
45830.1 200 1-76-92-96-73-18-26-17-49-81-87-71-64-15-42
48276.6 2 1-76-92-96-73-18-26-17-49-81-87-71-64-15-16
54165.6 85 1-76-92-96-73-18-26-17-49-81-87-71-64-15-46-84
49700.4 217 1-76-92-96-73-18-26-17-49-81-87-71-64-15-46
49900.5 17 1-76-92-96-73-18-26-17-49-81-87-71-64-15-54
56127 29 1-76-92-96-73-18-26-17-49-81-87-71-64-15-85-58
63618.5 56 1-76-92-96-73-18-26-17-49-81-87-71-64-15-85-50
73187.1 44 1-76-92-96-73-18-26-17-49-81-87-71-64-15-85-100
55363.2 123 1-76-92-96-73-18-26-17-49-81-87-71-64-15-20-84
65271.2 6 1-76-92-96-73-18-26-17-49-81-87-71-64-15-20-50
51701.4 255 1-76-92-96-73-18-26-17-49-81-87-71-64-15-20
56215.8 123 1-76-92-96-73-18-26-17-49-81-87-71-64-15-84-20
57019.2 85 1-76-92-96-73-18-26-17-49-81-87-71-64-15-84-46
67374.8 12 1-76-92-96-73-18-26-17-49-81-87-71-64-15-84-58-50
55134 173 1-76-92-96-73-18-26-17-49-81-87-71-64-15-84-85
59668.7 68 1-76-92-96-73-18-26-17-49-81-87-71-64-15-84-42
59674.5 119 1-76-92-96-73-18-26-17-49-81-87-71-64-15-84-27
61010.3 91 1-76-92-96-73-18-26-17-49-81-87-71-64-15-84-51
61550.8 52 1-76-92-96-73-18-26-17-49-81-87-71-64-15-84-93
63832.6 197 1-76-92-96-73-18-26-17-49-81-87-71-64-15-84-14
65078.9 139 1-76-92-96-73-18-26-17-49-81-87-71-64-15-84-30
66739.9 81 1-76-92-96-73-18-26-17-49-81-87-71-64-15-84-82
76666.6 27 1-76-92-96-73-18-26-17-49-81-87-71-64-15-84-50-100
58408.7 261 1-76-92-96-73-18-26-17-49-81-87-71-64-15-84-58
68530.9 12 1-76-92-96-73-18-26-17-49-81-87-71-64-15-84-12
71791.5 18 1-76-92-96-73-18-26-17-49-81-87-71-64-15-84-72
75901 12 1-76-92-96-73-18-26-17-49-81-87-71-64-15-84-50-58
41775.9 39 1-58-24-16-54-85-20-46-42-51-21-14-30-50-100
32888.6 64 1-58-24-16-54-85-20-46-42-51-21-14-30-93
33560.6 131 1-58-24-16-54-85-20-46-42-51-21-14-30-27
63610.6 156 1-58-24-16-54-85-20-46-42-51-21-14-30-84-100
50918.9 39 1-58-24-16-54-85-20-46-42-51-21-14-30-100-50
54317.5 168 1-58-24-16-54-85-20-46-42-51-21-14-30-84-50
80496.5 89 1-27-84-43-82-12-69-28-72-99-66-50-68
81932 112 1-27-84-43-82-12-69-28-72-99-66-50-44
70872.9 182 1-27-84-43-82-12-69-28-72-99-66-98
76773.5 100 1-27-84-43-82-12-69-28-72-99-66-44-100
71390.3 361 1-27-84-43-82-12-69-28-72-99-66-44
76964.8 77 1-27-84-43-82-12-69-28-72-99-66-100-68
80643.1 100 1-27-84-43-82-12-69-28-72-99-66-100-44
86460.5 89 1-27-84-43-82-12-69-28-72-99-66-68-50
76608.4 338 1-27-84-43-82-12-69-28-72-99-66-68
86407.7 2 1-27-84-43-82-12-69-28-72-99-44-100-68-50
76555.5 251 1-27-84-43-82-12-69-28-72-99-44-100-68
84641.6 95 1-27-84-43-82-12-69-28-72-99-44-100-98
101852 100 1-27-84-43-82-12-69-28-72-99-44-100-66
78260.1 251 1-27-84-43-82-12-69-28-72-99-44-68-100
81018.6 107 1-27-84-43-82-12-69-28-72-99-44-50-98
90607.3 263 1-27-84-43-82-12-69-28-72-99-44-50-68
103141 112 1-27-84-43-82-12-69-28-72-99-44-50-66
90719.7 95 1-27-84-43-82-12-69-28-72-99-44-98-100
92191.6 2 1-27-84-43-82-12-69-28-72-99-44-50-100-68
80928.8 356 1-27-84-43-82-12-69-28-72-99-44-98
119601 100 1-27-84-43-82-12-69-28-72-99-44-66-100
92599.6 361 1-27-84-43-82-12-69-28-72-99-44-66
