38775.5 21 1-38-13-56-83-75-35-61-78-79-94-87-48-81-49-17-26-18-19
27869.7 17 1-38-13-56-83-75-35-61-78-79-94-87-48-81-49-17-26-71
30667.8 109 1-38-13-56-83-75-35-61-78-79-94-87-48-81-49-17-26-100
32576.4 42 1-38-13-56-83-75-35-61-78-79-94-87-48-81-49-17-26-15
43520.7 66 1-38-13-56-83-75-35-61-78-79-94-87-48-81-49-17-26-8-19
47957.2 43 1-38-13-56-83-75-35-61-78-79-94-87-48-81-49-17-26-8-84
22785.2 130 1-38-13-56-83-75-35-61-78-79-94-87-48-81-49-17-26-18
58250.7 12 1-38-13-56-83-75-35-61-78-79-94-87-48-81-49-17-26-50-19
32998.5 175 1-38-13-56-83-75-35-61-78-79-94-87-48-81-49-17-26-8
34067.1 13 1-38-13-56-83-75-35-61-78-79-94-87-48-81-49-17-26-9
45844.9 74 1-38-13-56-83-75-35-61-78-79-94-87-48-81-49-17-26-6-19
48903 51 1-38-13-56-83-75-35-61-78-79-94-87-48-81-49-17-26-6-84
33754.6 121 1-38-13-56-83-75-35-61-78-79-94-87-48-81-49-17-26-50
35859.9 80 1-38-13-56-83-75-35-61-78-79-94-87-48-81-49-17-26-37
56986.6 11 1-38-13-56-83-75-35-61-78-79-94-87-48-81-49-17-26-11-19
35062.4 183 1-38-13-56-83-75-35-61-78-79-94-87-48-81-49-17-26-6
36884.7 30 1-38-13-56-83-75-35-61-78-79-94-87-48-81-49-17-26-14
37916.9 94 1-38-13-56-83-75-35-61-78-79-94-87-48-81-49-17-26-58
49271.1 66 1-38-13-56-83-75-35-61-78-79-94-87-48-81-49-17-26-19-8
49531.4 74 1-38-13-56-83-75-35-61-78-79-94-87-48-81-49-17-26-19-6
54739.1 21 1-38-13-56-83-75-35-61-78-79-94-87-48-81-49-17-26-19-18
63148.6 129 1-38-13-56-83-75-35-61-78-79-94-87-48-81-49-17-26-19-84
63244.9 12 1-38-13-56-83-75-35-61-78-79-94-87-48-81-49-17-26-19-50
36650.3 120 1-38-13-56-83-75-35-61-78-79-94-87-48-81-49-17-26-11
39482.6 98 1-38-13-56-83-75-35-61-78-79-94-87-48-81-49-17-26-52
43107.7 6 1-38-13-56-83-75-35-61-78-79-94-87-48-81-49-17-26-85
57395.1 51 1-38-13-56-83-75-35-61-78-79-94-87-48-81-49-17-26-84-6
58513.1 43 1-38-13-56-83-75-35-61-78-79-94-87-48-81-49-17-26-84-8
59085.2 11 1-38-13-56-83-75-35-61-78-79-94-87-48-81-49-17-26-19-11
100012 8499 1-38-13-56-83-75-35-61-78-79-94-87-48-81-49-17-26-18-106-123-111-135-125-133-104-105-108-149-144-134-140-129-118-132-103-146-1
74045.3 8372 1-38-13-56-83-75-35-61-78-79-94-87-48-81-49-17-26-18-106-123-111-135-125-133-104-105-108-149-144-134-140-129-118-132-107-1
98698.4 8414 1-38-13-56-83-75-35-61-78-79-94-87-48-81-49-17-26-18-106-123-111-135-125-133-104-105-108-149-144-134-140-129-118-132-120-146-1
101601 8457 1-38-13-56-83-75-35-61-78-79-94-87-48-81-49-17-26-18-106-123-111-135-125-133-104-105-108-149-144-134-140-129-118-132-120-137-1
76438.6 8352 1-38-13-56-83-75-35-61-78-79-94-87-48-81-49-17-26-18-106-123-111-135-125-133-104-105-108-149-144-134-140-129-118-132-103-1
76939.2 8368 1-38-13-56-83-75-35-61-78-79-94-87-48-81-49-17-26-18-106-123-111-135-125-133-104-105-108-149-144-134-140-129-118-132-113-1
79135.8 8457 1-38-13-56-83-75-35-61-78-79-94-87-48-81-49-17-26-18-106-123-111-135-125-133-104-105-108-149-144-134-140-129-118-132-126-1
78844.8 8495 1-38-13-56-83-75-35-61-78-79-94-87-48-81-49-17-26-18-106-123-111-135-125-133-104-105-108-149-144-134-140-129-118-132-142-1
89053 8455 1-38-13-56-83-75-35-61-78-79-94-87-48-81-49-17-26-18-106-123-111-135-125-133-104-105-108-149-144-134-140-129-118-132-116-1
89485 8443 1-38-13-56-83-75-35-61-78-79-94-87-48-81-49-17-26-18-106-123-111-135-125-133-104-105-108-149-144-134-140-129-118-132-114-1
85314.6 8402 1-38-13-56-83-75-35-61-78-79-94-87-48-81-49-17-26-18-106-123-111-135-125-133-104-105-108-149-144-134-140-129-118-132-119-1
89399.6 8481 1-38-13-56-83-75-35-61-78-79-94-87-48-81-49-17-26-18-106-123-111-135-125-133-104-105-108-149-144-134-140-129-118-132-148-1
94262.7 8490 1-38-13-56-83-75-35-61-78-79-94-87-48-81-49-17-26-18-106-123-111-135-125-133-104-105-108-149-144-134-140-129-118-132-151-137-1
116439 8447 1-38-13-56-83-75-35-61-78-79-94-87-48-81-49-17-26-18-106-123-111-135-125-133-104-105-108-149-144-134-140-129-118-132-151-146-1
92225.9 8300 1-38-13-56-83-75-35-61-78-79-94-87-48-81-49-17-26-18-106-123-111-135-125-133-104-105-108-149-144-134-140-129-118-132-151-1
95790.5 8490 1-38-13-56-83-75-35-61-78-79-94-87-48-81-49-17-26-18-106-123-111-135-125-133-104-105-108-149-144-134-140-129-118-132-137-151-1
116715 8398 1-38-13-56-83-75-35-61-78-79-94-87-48-81-49-17-26-18-106-123-111-135-125-133-104-105-108-149-144-134-140-129-118-132-137-146-1
35724.2 41 1-6-86-62-5-60-59-52-45-63-22-99-72-66-19
43407.7 18 1-6-86-62-5-60-59-52-45-63-22-99-72-66-84
41905.5 42 1-6-86-62-5-60-59-52-45-63-22-99-72-28-19
44375.2 19 1-6-86-62-5-60-59-52-45-63-22-99-72-28-84
26288.8 150 1-6-86-62-5-60-59-52-45-63-22-99-72-66
39795.3 34 1-6-86-62-5-60-59-52-45-63-22-99-72-69-8
43148.5 97 1-6-86-62-5-60-59-52-45-63-22-99-72-69-84
27176.9 151 1-6-86-62-5-60-59-52-45-63-22-99-72-28
36647.6 49 1-6-86-62-5-60-59-52-45-63-22-99-72-12-65
51461 74 1-6-86-62-5-60-59-52-45-63-22-99-72-12-8-19
55897.5 51 1-6-86-62-5-60-59-52-45-63-22-99-72-12-8-84
63013.9 19 1-6-86-62-5-60-59-52-45-63-22-99-72-12-19-11
53199.7 74 1-6-86-62-5-60-59-52-45-63-22-99-72-12-19-8
67173.5 20 1-6-86-62-5-60-59-52-45-63-22-99-72-12-19-50
68261.2 8 1-6-86-62-5-60-59-52-45-63-22-99-72-12-19-100
40938.9 183 1-6-86-62-5-60-59-52-45-63-22-99-72-12-8
58684.2 51 1-6-86-62-5-60-59-52-45-63-22-99-72-12-84-8
94454.4 8455 1-6-86-62-5-60-59-52-45-63-22-99-72-66-138-119-127-147-117-130-146-141-122-110-102-115-131-124-142-145-113-128-120-1
108210 8488 1-6-86-62-5-60-59-52-45-63-22-99-72-66-138-119-127-147-117-130-146-141-122-110-102-115-131-124-142-145-113-128-151-1
109139 8439 1-6-86-62-5-60-59-52-45-63-22-99-72-66-138-119-127-147-117-130-146-141-122-110-102-115-131-124-142-145-113-128-137-1
94460.4 8457 1-6-86-62-5-60-59-52-45-63-22-99-72-66-138-119-127-147-117-130-146-141-122-110-102-115-131-124-142-145-113-139-120-1
110304 8490 1-6-86-62-5-60-59-52-45-63-22-99-72-66-138-119-127-147-117-130-146-141-122-110-102-115-131-124-142-145-113-139-151-1
111178 8441 1-6-86-62-5-60-59-52-45-63-22-99-72-66-138-119-127-147-117-130-146-141-122-110-102-115-131-124-142-145-113-139-137-1
90263.9 8249 1-6-86-62-5-60-59-52-45-63-22-99-72-66-138-119-127-147-117-130-146-141-122-110-102-115-131-124-142-145-113-128-1
103669 8389 1-6-86-62-5-60-59-52-45-63-22-99-72-66-138-119-127-147-117-130-146-141-122-110-102-115-131-124-142-145-113-148-137-151-1
106665 8404 1-6-86-62-5-60-59-52-45-63-22-99-72-66-138-119-127-147-117-130-146-141-122-110-102-115-131-124-142-145-113-148-137-101-1
105445 8418 1-6-86-62-5-60-59-52-45-63-22-99-72-66-138-119-127-147-117-130-146-141-122-110-102-115-131-124-142-145-113-148-137-136-1
110439 8356 1-6-86-62-5-60-59-52-45-63-22-99-72-66-138-119-127-147-117-130-146-141-122-110-102-115-131-124-142-145-113-148-137-120-1
117331 8441 1-6-86-62-5-60-59-52-45-63-22-99-72-66-138-119-127-147-117-130-146-141-122-110-102-115-131-124-142-145-113-148-137-103-1
100381 8342 1-6-86-62-5-60-59-52-45-63-22-99-72-66-138-119-127-147-117-130-146-141-122-110-102-115-131-124-142-145-113-148-114-1
107138 8453 1-6-86-62-5-60-59-52-45-63-22-99-72-66-138-119-127-147-117-130-146-141-122-110-102-115-131-124-142-145-113-148-151-101-1
108807 8467 1-6-86-62-5-60-59-52-45-63-22-99-72-66-138-119-127-147-117-130-146-141-122-110-102-115-131-124-142-145-113-148-151-136-1
111295 8405 1-6-86-62-5-60-59-52-45-63-22-99-72-66-138-119-127-147-117-130-146-141-122-110-102-115-131-124-142-145-113-148-151-120-1
117485 8490 1-6-86-62-5-60-59-52-45-63-22-99-72-66-138-119-127-147-117-130-146-141-122-110-102-115-131-124-142-145-113-148-151-103-1
55231.1 79 1-8-32-31-89-41-19-4-36-37-39-88-57-73-96-92-84
54874.7 108 1-8-32-31-89-41-19-4-36-37-39-88-57-73-96-76-84
37077 211 1-8-32-31-89-41-19-4-36-37-39-88-57-73-96-92
58810.8 52 1-8-32-31-89-41-19-4-36-37-39-88-57-73-96-3-11-84
51964.5 81 1-8-32-31-89-41-19-4-36-37-39-88-57-73-96-3-71
52318.1 52 1-8-32-31-89-41-19-4-36-37-39-88-57-73-96-3-53
52835.8 28 1-8-32-31-89-41-19-4-36-37-39-88-57-73-96-3-23
59149.6 26 1-8-32-31-89-41-19-4-36-37-39-88-57-73-96-3-58-84
51871.4 184 1-8-32-31-89-41-19-4-36-37-39-88-57-73-96-3-11
54702.5 16 1-8-32-31-89-41-19-4-36-37-39-88-57-73-96-3-27
54827 77 1-8-32-31-89-41-19-4-36-37-39-88-57-73-96-3-9
69521.1 53 1-8-32-31-89-41-19-4-36-37-39-88-57-73-96-3-50-84
53294.9 158 1-8-32-31-89-41-19-4-36-37-39-88-57-73-96-3-58
56411.9 94 1-8-32-31-89-41-19-4-36-37-39-88-57-73-96-3-14
56636.6 105 1-8-32-31-89-41-19-4-36-37-39-88-57-73-96-3-65
56852 106 1-8-32-31-89-41-19-4-36-37-39-88-57-73-96-3-15
80648.3 41 1-8-32-31-89-41-19-4-36-37-39-88-57-73-96-3-100-84
55140.2 185 1-8-32-31-89-41-19-4-36-37-39-88-57-73-96-3-50
63060.2 26 1-8-32-31-89-41-19-4-36-37-39-88-57-73-96-3-84-58
64145 52 1-8-32-31-89-41-19-4-36-37-39-88-57-73-96-3-84-11
71586.5 53 1-8-32-31-89-41-19-4-36-37-39-88-57-73-96-3-84-50
56974.3 173 1-8-32-31-89-41-19-4-36-37-39-88-57-73-96-3-100
57999.3 70 1-8-32-31-89-41-19-4-36-37-39-88-57-73-96-3-85
58488.4 36 1-8-32-31-89-41-19-4-36-37-39-88-57-73-96-3-30
59671.2 20 1-8-32-31-89-41-19-4-36-37-39-88-57-73-96-3-20
37241.5 240 1-8-32-31-89-41-19-4-36-37-39-88-57-73-96-76
66032.3 18 1-8-32-31-89-41-19-4-36-37-39-88-57-73-96-44-71-84
71429.5 110 1-8-32-31-89-41-19-4-36-37-39-88-57-73-96-44-100-84
47621.4 150 1-8-32-31-89-41-19-4-36-37-39-88-57-73-96-44-71
49695.3 8 1-8-32-31-89-41-19-4-36-37-39-88-57-73-96-44-77
70352.3 43 1-8-32-31-89-41-19-4-36-37-39-88-57-73-96-44-15-84
47755.5 242 1-8-32-31-89-41-19-4-36-37-39-88-57-73-96-44-100
51001.1 18 1-8-32-31-89-41-19-4-36-37-39-88-57-73-96-44-91
51940.6 21 1-8-32-31-89-41-19-4-36-37-39-88-57-73-96-44-90
62355.8 4 1-8-32-31-89-41-19-4-36-37-39-88-57-73-96-44-50-11
68040.8 122 1-8-32-31-89-41-19-4-36-37-39-88-57-73-96-44-50-84
50968.3 175 1-8-32-31-89-41-19-4-36-37-39-88-57-73-96-44-15
53674.2 55 1-8-32-31-89-41-19-4-36-37-39-88-57-73-96-44-33
67663.8 14 1-8-32-31-89-41-19-4-36-37-39-88-57-73-96-44-9-84
54236.7 146 1-8-32-31-89-41-19-4-36-37-39-88-57-73-96-44-9
68534.2 31 1-8-32-31-89-41-19-4-36-37-39-88-57-73-96-44-14-84
57255.6 163 1-8-32-31-89-41-19-4-36-37-39-88-57-73-96-44-14
57271 18 1-8-32-31-89-41-19-4-36-37-39-88-57-73-96-44-93
58269.1 105 1-8-32-31-89-41-19-4-36-37-39-88-57-73-96-44-30
65622.8 121 1-8-32-31-89-41-19-4-36-37-39-88-57-73-96-44-11-84
118804 6472 1-8-32-31-89-41-19-4-36-37-39-88-57-73-96-92-136-150-148-137-121-101-151-114-139-143-103-120-126-116-109-112-1
41786 48 1-55-70-40-90-91-77-67-33-80-9-97-98-50-14-30-84
30095.6 132 1-55-70-40-90-91-77-67-33-80-9-97-98-50-14-51
30490.6 93 1-55-70-40-90-91-77-67-33-80-9-97-98-50-14-93
31323.1 109 1-55-70-40-90-91-77-67-33-80-9-97-98-50-14-42
38633.4 28 1-55-70-40-90-91-77-67-33-80-9-97-98-50-14-27-84
29261.2 180 1-55-70-40-90-91-77-67-33-80-9-97-98-50-14-30
35179.6 52 1-55-70-40-90-91-77-67-33-80-9-97-98-50-14-58-11
51633.5 41 1-55-70-40-90-91-77-67-33-80-9-97-98-50-14-58-100
31512.9 160 1-55-70-40-90-91-77-67-33-80-9-97-98-50-14-27
35502.7 52 1-55-70-40-90-91-77-67-33-80-9-97-98-50-14-11-58
51214.5 67 1-55-70-40-90-91-77-67-33-80-9-97-98-50-14-11-100
34967.3 77 1-55-70-40-90-91-77-67-33-80-9-97-98-50-14-25
35085.1 126 1-55-70-40-90-91-77-67-33-80-9-97-98-50-14-46
55070.3 118 1-55-70-40-90-91-77-67-33-80-9-97-98-50-14-15-84
39005.1 82 1-55-70-40-90-91-77-67-33-80-9-97-98-50-14-85-84
35686.3 250 1-55-70-40-90-91-77-67-33-80-9-97-98-50-14-15
36603.5 73 1-55-70-40-90-91-77-67-33-80-9-97-98-50-14-64
36664.5 88 1-55-70-40-90-91-77-67-33-80-9-97-98-50-14-7
55159.7 93 1-55-70-40-90-91-77-67-33-80-9-97-98-50-14-71-84
36425.1 214 1-55-70-40-90-91-77-67-33-80-9-97-98-50-14-85
40748.4 32 1-55-70-40-90-91-77-67-33-80-9-97-98-50-14-20-84
36748.8 225 1-55-70-40-90-91-77-67-33-80-9-97-98-50-14-71
42630.7 40 1-55-70-40-90-91-77-67-33-80-9-97-98-50-14-23-84
37086.6 164 1-55-70-40-90-91-77-67-33-80-9-97-98-50-14-20
40963 82 1-55-70-40-90-91-77-67-33-80-9-97-98-50-14-84-85
42044.8 32 1-55-70-40-90-91-77-67-33-80-9-97-98-50-14-84-20
44237.7 170 1-55-70-40-90-91-77-67-33-80-9-97-98-50-14-84-58
45322.4 196 1-55-70-40-90-91-77-67-33-80-9-97-98-50-14-84-11
45503.5 28 1-55-70-40-90-91-77-67-33-80-9-97-98-50-14-84-27
46577.2 117 1-55-70-40-90-91-77-67-33-80-9-97-98-50-14-84-65
48955.5 64 1-55-70-40-90-91-77-67-33-80-9-97-98-50-14-84-53
50907.8 48 1-55-70-40-90-91-77-67-33-80-9-97-98-50-14-84-30
56793.9 93 1-55-70-40-90-91-77-67-33-80-9-97-98-50-14-84-71
57767 118 1-55-70-40-90-91-77-67-33-80-9-97-98-50-14-84-15
62057 185 1-55-70-40-90-91-77-67-33-80-9-97-98-50-14-84-100
38200.1 172 1-55-70-40-90-91-77-67-33-80-9-97-98-50-14-23
57747.8 67 1-55-70-40-90-91-77-67-33-80-9-97-98-50-14-100-11
58490 41 1-55-70-40-90-91-77-67-33-80-9-97-98-50-14-100-58
42813.6 40 1-55-70-40-90-91-77-67-33-80-9-97-98-50-14-84-23
50848.8 5 1-34-10-47-53-74-65-29-23-7-25-2-11-58-24-16-15
55252.9 72 1-34-10-47-53-74-65-29-23-7-25-2-11-58-24-16-100
54075.7 20 1-34-10-47-53-74-65-29-23-7-25-2-11-58-24-54-15
58585.2 87 1-34-10-47-53-74-65-29-23-7-25-2-11-58-24-54-100
39934.4 113 1-34-10-47-53-74-65-29-23-7-25-2-11-58-24-27-42
40233.1 97 1-34-10-47-53-74-65-29-23-7-25-2-11-58-24-27-93
49139.7 4 1-34-10-47-53-74-65-29-23-7-25-2-11-58-24-27-51-84
43181.3 130 1-34-10-47-53-74-65-29-23-7-25-2-11-58-24-27-46
46439.2 86 1-34-10-47-53-74-65-29-23-7-25-2-11-58-24-27-85-84
40683.5 136 1-34-10-47-53-74-65-29-23-7-25-2-11-58-24-27-51
48677.6 36 1-34-10-47-53-74-65-29-23-7-25-2-11-58-24-27-20-84
43859.3 218 1-34-10-47-53-74-65-29-23-7-25-2-11-58-24-27-85
47936.7 86 1-34-10-47-53-74-65-29-23-7-25-2-11-58-24-27-84-85
53812.9 4 1-34-10-47-53-74-65-29-23-7-25-2-11-58-24-27-84-51
63767.6 97 1-34-10-47-53-74-65-29-23-7-25-2-11-58-24-27-84-71
64740.7 122 1-34-10-47-53-74-65-29-23-7-25-2-11-58-24-27-84-15
69030.7 189 1-34-10-47-53-74-65-29-23-7-25-2-11-58-24-27-84-100
45015.9 168 1-34-10-47-53-74-65-29-23-7-25-2-11-58-24-27-20
50004.1 229 1-34-10-47-53-74-65-29-23-7-25-2-11-58-24-27-71
50504 254 1-34-10-47-53-74-65-29-23-7-25-2-11-58-24-27-15
50993.9 77 1-34-10-47-53-74-65-29-23-7-25-2-11-58-24-27-64
49018.5 36 1-34-10-47-53-74-65-29-23-7-25-2-11-58-24-27-84-20
72463.6 7 1-76-3-71-64-15-95-68-100-44-93-51-21-16-54-84-43
74065.8 226 1-76-3-71-64-15-95-68-100-44-93-51-21-16-54-84-85
75951 138 1-76-3-71-64-15-95-68-100-44-93-51-21-16-54-84-46
85671.7 134 1-76-3-71-64-15-95-68-100-44-93-51-21-16-54-84-82
87462.6 65 1-76-3-71-64-15-95-68-100-44-93-51-21-16-54-84-12
71837.8 139 1-76-3-71-64-15-95-68-100-44-93-51-21-16-54-43
85175.2 266 1-76-3-71-64-15-95-68-100-44-93-51-21-16-54-82
86485.1 48 1-76-3-71-64-15-95-68-100-44-93-51-21-16-54-69
86696.7 197 1-76-3-71-64-15-95-68-100-44-93-51-21-16-54-12
77705.2 12 1-76-3-71-64-15-95-68-100-44-93-51-21-16-85-20-46-84
74486.9 13 1-76-3-71-64-15-95-68-100-44-93-51-21-16-85-20-43
89085.5 8 1-76-3-71-64-15-95-68-100-44-93-51-21-16-85-20-84-82
73240.1 144 1-76-3-71-64-15-95-68-100-44-93-51-21-16-85-20-46
89055.1 140 1-76-3-71-64-15-95-68-100-44-93-51-21-16-85-20-82
90876.3 71 1-76-3-71-64-15-95-68-100-44-93-51-21-16-85-20-12
79364.8 12 1-76-3-71-64-15-95-68-100-44-93-51-21-16-85-20-84-46
73450.7 144 1-76-3-71-64-15-95-68-100-44-93-51-21-16-85-46-20
89933.7 102 1-76-3-71-64-15-95-68-100-44-93-51-21-16-85-46-82
91517.4 33 1-76-3-71-64-15-95-68-100-44-93-51-21-16-85-46-12
73116.8 295 1-76-3-71-64-15-95-68-100-44-93-51-21-16-85-84-43
75162.3 226 1-76-3-71-64-15-95-68-100-44-93-51-21-16-85-84-54
93618.1 8 1-76-3-71-64-15-95-68-100-44-93-51-21-16-85-84-20-82
76604.3 426 1-76-3-71-64-15-95-68-100-44-93-51-21-16-85-84-46
86324.9 422 1-76-3-71-64-15-95-68-100-44-93-51-21-16-85-84-82
87990.3 204 1-76-3-71-64-15-95-68-100-44-93-51-21-16-85-84-69
88115.9 353 1-76-3-71-64-15-95-68-100-44-93-51-21-16-85-84-12
89337.4 126 1-76-3-71-64-15-95-68-100-44-93-51-21-16-85-84-28
75436.4 13 1-76-3-71-64-15-95-68-100-44-93-51-21-16-85-43-20
77803.1 12 1-76-3-71-64-15-95-68-100-44-93-51-21-16-85-84-20-46
72187.4 427 1-76-3-71-64-15-95-68-100-44-93-51-21-16-85-43
89138.2 29 1-76-3-71-64-15-95-68-100-44-93-51-21-16-85-82-12
104059 140 1-76-3-71-64-15-95-68-100-44-93-51-21-16-85-82-20
104727 102 1-76-3-71-64-15-95-68-100-44-93-51-21-16-85-82-46
104090 8 1-76-3-71-64-15-95-68-100-44-93-51-21-16-85-82-84-20
90811 29 1-76-3-71-64-15-95-68-100-44-93-51-21-16-85-12-82
107553 71 1-76-3-71-64-15-95-68-100-44-93-51-21-16-85-12-20
107984 33 1-76-3-71-64-15-95-68-100-44-93-51-21-16-85-12-46
106336 126 1-76-3-71-64-15-95-68-100-44-93-51-21-16-85-28-84
89137.3 258 1-76-3-71-64-15-95-68-100-44-93-51-21-16-85-28
75147.6 176 1-76-3-71-64-15-95-68-100-44-93-51-21-16-54-84-20
71077.4 308 1-76-3-71-64-15-95-68-100-44-93-51-21-16-54-20
76827.3 12 1-76-3-71-64-15-95-68-100-44-93-51-21-16-46-85-20-84
73165.6 144 1-76-3-71-64-15-95-68-100-44-93-51-21-16-46-85-20
88169.6 102 1-76-3-71-64-15-95-68-100-44-93-51-21-16-46-85-82
89842.5 33 1-76-3-71-64-15-95-68-100-44-93-51-21-16-46-85-12
73278.4 144 1-76-3-71-64-15-95-68-100-44-93-51-21-16-46-20-85
89416.9 52 1-76-3-71-64-15-95-68-100-44-93-51-21-16-46-20-82
75040.3 207 1-76-3-71-64-15-95-68-100-44-93-51-21-16-46-84-43
77085.9 138 1-76-3-71-64-15-95-68-100-44-93-51-21-16-46-84-54
77724.4 376 1-76-3-71-64-15-95-68-100-44-93-51-21-16-46-84-20
88248.5 334 1-76-3-71-64-15-95-68-100-44-93-51-21-16-46-84-82
89913.9 116 1-76-3-71-64-15-95-68-100-44-93-51-21-16-46-84-69
90039.4 265 1-76-3-71-64-15-95-68-100-44-93-51-21-16-46-84-12
91261 38 1-76-3-71-64-15-95-68-100-44-93-51-21-16-46-84-28
74068.9 339 1-76-3-71-64-15-95-68-100-44-93-51-21-16-46-43
104765 102 1-76-3-71-64-15-95-68-100-44-93-51-21-16-46-82-85
105900 52 1-76-3-71-64-15-95-68-100-44-93-51-21-16-46-82-20
78321.3 12 1-76-3-71-64-15-95-68-100-44-93-51-21-16-46-84-85-20
105318 116 1-76-3-71-64-15-95-68-100-44-93-51-21-16-46-69-84
89466.3 248 1-76-3-71-64-15-95-68-100-44-93-51-21-16-46-69
108022 33 1-76-3-71-64-15-95-68-100-44-93-51-21-16-46-12-85
108086 38 1-76-3-71-64-15-95-68-100-44-93-51-21-16-46-28-84
90887.2 170 1-76-3-71-64-15-95-68-100-44-93-51-21-16-46-28
14488.3 8500 1-28
